==========================================================================================
Information: 
Exchange parameters generated by TB2J 0.9.9.9
Generation time: 25/07/03 13:36:15
 Input from non-collinear Wannier90 data.
Tight binding data from ./.
Prefix of wannier function files:wannier90.
Warning: Please check if the noise level of Wannier function Hamiltonian to make sure it is much smaller than the exchange values.
The DMI component parallel to the spin orientation, the Jani which has the component of that orientation should be disregarded
e.g. if the spins are along z, the xz, yz, zz, zx, zy components and the z component of DMI.
If you need these component, try to do three calculations with spin along x, y, z,  or use structure with z rotated to x, y and z. And then use TB2J_merge.py to get the full set of parameters.
==========================================================================================
Cell (Angstrom):
-0.00000000  3.41132197  5.90858298
-0.00000000  -3.41132197  5.90858298
13.83830452  0.00000000  0.00000000

==========================================================================================
Atoms:  
(Note: charge and magmoms only count the wannier functions.)
Atom_number        x             y             z       w_charge    M(x)      M(y)      M(z)   
Cr1             6.91915226   -0.00000000    3.93905532    4.6132    0.0014    0.0011    3.0891
Cr2             6.91915226    0.00000000    7.87811063    4.6132    0.0014    0.0011    3.0891
I1              5.37074519    1.20735472    2.09119973    5.4568   -0.0004   -0.0002   -0.0275
I2              8.46755933    2.20396724    7.99978270    5.4569   -0.0007   -0.0003   -0.0275
I3              5.37074519    0.99661252    5.90858297    5.4562   -0.0000    0.0001   -0.0281
I4              8.46755933   -0.99661252    5.90858298    5.4562   -0.0000    0.0001   -0.0281
I5              5.37074519   -2.20396724    3.81738325    5.4569   -0.0007   -0.0003   -0.0275
I6              8.46755933   -1.20735472    9.72596622    5.4568   -0.0004   -0.0002   -0.0275
Total                                                    41.9661    0.0004    0.0013    6.0119

==========================================================================================
Exchange: 
    i      j          R        J_iso(meV)          vector          distance(A) 
----------------------------------------------------------------------------------------
   Cr1   Cr2   ( -1,   0,   0)  0.3790   ( 0.000, -3.411, -1.970)  3.939 
J_iso:  0.3790 
[Testing!] DMI: (-0.0000  0.0000  0.0000)
[Testing!]J_ani:
[[-0.025  0.038 -0.004]
 [ 0.038 -0.149 -0.252]
 [-0.004 -0.252 -3.872]]
----------------------------------------------------------------------------------------
   Cr1   Cr2   (  0,  -1,   0)  0.3334   ( 0.000,  3.411, -1.970)  3.939 
J_iso:  0.3334 
[Testing!] DMI: (-0.0000  0.0000 -0.0000)
[Testing!]J_ani:
[[-0.04  -0.018 -0.088]
 [-0.018 -0.06  -0.18 ]
 [-0.088 -0.18  -3.846]]
----------------------------------------------------------------------------------------
   Cr2   Cr1   (  0,   1,   0)  0.3334   (-0.000, -3.411,  1.970)  3.939 
J_iso:  0.3334 
[Testing!] DMI: ( 0.0000 -0.0000  0.0000)
[Testing!]J_ani:
[[-0.04  -0.018 -0.088]
 [-0.018 -0.06  -0.18 ]
 [-0.088 -0.18  -3.846]]
----------------------------------------------------------------------------------------
   Cr2   Cr1   (  1,   0,   0)  0.3790   (-0.000,  3.411,  1.970)  3.939 
J_iso:  0.3790 
[Testing!] DMI: ( 0.0000 -0.0000 -0.0000)
[Testing!]J_ani:
[[-0.025  0.038 -0.004]
 [ 0.038 -0.149 -0.252]
 [-0.004 -0.252 -3.872]]
----------------------------------------------------------------------------------------
   Cr1   Cr2   (  0,   0,   0)  0.2367   ( 0.000,  0.000,  3.939)  3.939 
J_iso:  0.2367 
[Testing!] DMI: (-0.0000  0.0000  0.0000)
[Testing!]J_ani:
[[-0.128 -0.052  0.368]
 [-0.052 -0.129  0.676]
 [ 0.368  0.676 -3.684]]
----------------------------------------------------------------------------------------
   Cr2   Cr1   (  0,   0,   0)  0.2367   (-0.000, -0.000, -3.939)  3.939 
J_iso:  0.2367 
[Testing!] DMI: ( 0.0000 -0.0000 -0.0000)
[Testing!]J_ani:
[[-0.128 -0.052  0.368]
 [-0.052 -0.129  0.676]
 [ 0.368  0.676 -3.684]]
----------------------------------------------------------------------------------------
   Cr1   Cr1   ( -1,   1,   0)  0.6990   ( 0.000, -6.823,  0.000)  6.823 
J_iso:  0.6990 
[Testing!] DMI: ( 0.0239  0.0037  0.0026)
[Testing!]J_ani:
[[-0.034  0.001 -0.045]
 [ 0.001 -0.03  -0.006]
 [-0.045 -0.006 -1.691]]
----------------------------------------------------------------------------------------
   Cr2   Cr2   ( -1,   1,   0)  0.6990   ( 0.000, -6.823,  0.000)  6.823 
J_iso:  0.6990 
[Testing!] DMI: (-0.0239 -0.0037 -0.0026)
[Testing!]J_ani:
[[-0.034  0.001 -0.045]
 [ 0.001 -0.03  -0.006]
 [-0.045 -0.006 -1.691]]
----------------------------------------------------------------------------------------
   Cr1   Cr1   (  1,  -1,   0)  0.6990   ( 0.000,  6.823,  0.000)  6.823 
J_iso:  0.6990 
[Testing!] DMI: (-0.0239 -0.0037 -0.0026)
[Testing!]J_ani:
[[-0.034  0.001 -0.045]
 [ 0.001 -0.03  -0.006]
 [-0.045 -0.006 -1.691]]
----------------------------------------------------------------------------------------
   Cr2   Cr2   (  1,  -1,   0)  0.6990   ( 0.000,  6.823,  0.000)  6.823 
J_iso:  0.6990 
[Testing!] DMI: ( 0.0239  0.0037  0.0026)
[Testing!]J_ani:
[[-0.034  0.001 -0.045]
 [ 0.001 -0.03  -0.006]
 [-0.045 -0.006 -1.691]]
----------------------------------------------------------------------------------------
   Cr1   Cr1   ( -1,   0,   0)  0.9854   ( 0.000, -3.411, -5.909)  6.823 
J_iso:  0.9854 
[Testing!] DMI: ( 0.0757 -0.0248 -0.0656)
[Testing!]J_ani:
[[-0.259 -0.001 -0.161]
 [-0.001 -0.342  0.01 ]
 [-0.161  0.01  -1.717]]
----------------------------------------------------------------------------------------
   Cr2   Cr2   ( -1,   0,   0)  0.9854   ( 0.000, -3.411, -5.909)  6.823 
J_iso:  0.9854 
[Testing!] DMI: (-0.0757  0.0248  0.0656)
[Testing!]J_ani:
[[-0.259 -0.001 -0.161]
 [-0.001 -0.342  0.01 ]
 [-0.161  0.01  -1.717]]
----------------------------------------------------------------------------------------
   Cr1   Cr1   (  0,  -1,   0)  0.9440   ( 0.000,  3.411, -5.909)  6.823 
J_iso:  0.9440 
[Testing!] DMI: ( 0.0779 -0.0119 -0.0631)
[Testing!]J_ani:
[[-0.247 -0.007 -0.153]
 [-0.007 -0.272  0.036]
 [-0.153  0.036 -1.72 ]]
----------------------------------------------------------------------------------------
   Cr2   Cr2   (  0,  -1,   0)  0.9440   ( 0.000,  3.411, -5.909)  6.823 
J_iso:  0.9440 
[Testing!] DMI: (-0.0779  0.0119  0.0631)
[Testing!]J_ani:
[[-0.247 -0.007 -0.153]
 [-0.007 -0.272  0.036]
 [-0.153  0.036 -1.72 ]]
----------------------------------------------------------------------------------------
   Cr1   Cr1   (  0,   1,   0)  0.9440   ( 0.000, -3.411,  5.909)  6.823 
J_iso:  0.9440 
[Testing!] DMI: (-0.0779  0.0119  0.0631)
[Testing!]J_ani:
[[-0.247 -0.007 -0.153]
 [-0.007 -0.272  0.036]
 [-0.153  0.036 -1.72 ]]
----------------------------------------------------------------------------------------
   Cr2   Cr2   (  0,   1,   0)  0.9440   ( 0.000, -3.411,  5.909)  6.823 
J_iso:  0.9440 
[Testing!] DMI: ( 0.0779 -0.0119 -0.0631)
[Testing!]J_ani:
[[-0.247 -0.007 -0.153]
 [-0.007 -0.272  0.036]
 [-0.153  0.036 -1.72 ]]
----------------------------------------------------------------------------------------
   Cr1   Cr1   (  1,   0,   0)  0.9854   ( 0.000,  3.411,  5.909)  6.823 
J_iso:  0.9854 
[Testing!] DMI: (-0.0757  0.0248  0.0656)
[Testing!]J_ani:
[[-0.259 -0.001 -0.161]
 [-0.001 -0.342  0.01 ]
 [-0.161  0.01  -1.717]]
----------------------------------------------------------------------------------------
   Cr2   Cr2   (  1,   0,   0)  0.9854   ( 0.000,  3.411,  5.909)  6.823 
J_iso:  0.9854 
[Testing!] DMI: ( 0.0757 -0.0248 -0.0656)
[Testing!]J_ani:
[[-0.259 -0.001 -0.161]
 [-0.001 -0.342  0.01 ]
 [-0.161  0.01  -1.717]]
----------------------------------------------------------------------------------------
   Cr1   Cr2   ( -1,   1,   0) -0.0878   ( 0.000, -6.823,  3.939)  7.878 
J_iso: -0.0878 
[Testing!] DMI: (-0.0000  0.0000 -0.0000)
[Testing!]J_ani:
[[-0.077  0.033 -0.051]
 [ 0.033 -0.044  0.025]
 [-0.051  0.025 -0.169]]
----------------------------------------------------------------------------------------
   Cr2   Cr1   ( -1,   1,   0) -0.0836   (-0.000, -6.823, -3.939)  7.878 
J_iso: -0.0836 
[Testing!] DMI: (-0.0000 -0.0000 -0.0000)
[Testing!]J_ani:
[[-0.055  0.046 -0.06 ]
 [ 0.046 -0.09   0.031]
 [-0.06   0.031 -0.146]]
----------------------------------------------------------------------------------------
   Cr1   Cr2   (  1,  -1,   0) -0.0836   ( 0.000,  6.823,  3.939)  7.878 
J_iso: -0.0836 
[Testing!] DMI: ( 0.0000  0.0000  0.0000)
[Testing!]J_ani:
[[-0.055  0.046 -0.06 ]
 [ 0.046 -0.09   0.031]
 [-0.06   0.031 -0.146]]
----------------------------------------------------------------------------------------
   Cr2   Cr1   (  1,  -1,   0) -0.0878   (-0.000,  6.823, -3.939)  7.878 
J_iso: -0.0878 
[Testing!] DMI: ( 0.0000 -0.0000  0.0000)
[Testing!]J_ani:
[[-0.077  0.033 -0.051]
 [ 0.033 -0.044  0.025]
 [-0.051  0.025 -0.169]]
----------------------------------------------------------------------------------------
   Cr1   Cr2   ( -1,  -1,   0) -0.0337   ( 0.000,  0.000, -7.878)  7.878 
J_iso: -0.0337 
[Testing!] DMI: ( 0.0000  0.0000 -0.0000)
[Testing!]J_ani:
[[-0.132 -0.04  -0.163]
 [-0.04  -0.1   -0.043]
 [-0.163 -0.043 -0.157]]
----------------------------------------------------------------------------------------
   Cr2   Cr1   (  1,   1,   0) -0.0337   (-0.000, -0.000,  7.878)  7.878 
J_iso: -0.0337 
[Testing!] DMI: (-0.0000 -0.0000  0.0000)
[Testing!]J_ani:
[[-0.132 -0.04  -0.163]
 [-0.04  -0.1   -0.043]
 [-0.163 -0.043 -0.157]]
----------------------------------------------------------------------------------------
   Cr1   Cr2   ( -2,   1,   0)  0.0184   ( 0.000, -10.234, -1.970) 10.422 
J_iso:  0.0184 
[Testing!] DMI: (-0.0000  0.0000 -0.0000)
[Testing!]J_ani:
[[-0.002  0.007 -0.01 ]
 [ 0.007 -0.027  0.01 ]
 [-0.01   0.01  -0.098]]
----------------------------------------------------------------------------------------
   Cr2   Cr1   ( -1,   2,   0)  0.0240   (-0.000, -10.234,  1.970) 10.422 
J_iso:  0.0240 
[Testing!] DMI: ( 0.0000  0.0000  0.0000)
[Testing!]J_ani:
[[-0.018  0.003 -0.008]
 [ 0.003 -0.012 -0.001]
 [-0.008 -0.001 -0.099]]
----------------------------------------------------------------------------------------
   Cr1   Cr2   (  1,  -2,   0)  0.0240   ( 0.000, 10.234, -1.970) 10.422 
J_iso:  0.0240 
[Testing!] DMI: (-0.0000 -0.0000 -0.0000)
[Testing!]J_ani:
[[-0.018  0.003 -0.008]
 [ 0.003 -0.012 -0.001]
 [-0.008 -0.001 -0.099]]
----------------------------------------------------------------------------------------
   Cr2   Cr1   (  2,  -1,   0)  0.0184   (-0.000, 10.234,  1.970) 10.422 
J_iso:  0.0184 
[Testing!] DMI: ( 0.0000 -0.0000  0.0000)
[Testing!]J_ani:
[[-0.002  0.007 -0.01 ]
 [ 0.007 -0.027  0.01 ]
 [-0.01   0.01  -0.098]]
----------------------------------------------------------------------------------------
   Cr1   Cr2   ( -2,   0,   0)  0.0791   ( 0.000, -6.823, -7.878) 10.422 
J_iso:  0.0791 
[Testing!] DMI: ( 0.0000  0.0000 -0.0000)
[Testing!]J_ani:
[[-0.084  0.038  0.029]
 [ 0.038 -0.069  0.02 ]
 [ 0.029  0.02  -0.095]]
----------------------------------------------------------------------------------------
   Cr1   Cr2   (  0,  -2,   0)  0.0732   ( 0.000,  6.823, -7.878) 10.422 
J_iso:  0.0732 
[Testing!] DMI: (-0.0000 -0.0000  0.0000)
[Testing!]J_ani:
[[-0.07   0.045  0.031]
 [ 0.045 -0.059  0.009]
 [ 0.031  0.009 -0.104]]
----------------------------------------------------------------------------------------
   Cr2   Cr1   (  0,   2,   0)  0.0732   (-0.000, -6.823,  7.878) 10.422 
J_iso:  0.0732 
[Testing!] DMI: ( 0.0000  0.0000 -0.0000)
[Testing!]J_ani:
[[-0.07   0.045  0.031]
 [ 0.045 -0.059  0.009]
 [ 0.031  0.009 -0.104]]
----------------------------------------------------------------------------------------
   Cr2   Cr1   (  2,   0,   0)  0.0791   (-0.000,  6.823,  7.878) 10.422 
J_iso:  0.0791 
[Testing!] DMI: (-0.0000 -0.0000  0.0000)
[Testing!]J_ani:
[[-0.084  0.038  0.029]
 [ 0.038 -0.069  0.02 ]
 [ 0.029  0.02  -0.095]]
----------------------------------------------------------------------------------------
   Cr2   Cr1   ( -1,   0,   0)  0.0853   (-0.000, -3.411, -9.848) 10.422 
J_iso:  0.0853 
[Testing!] DMI: (-0.0000  0.0000  0.0000)
[Testing!]J_ani:
[[-0.044 -0.029 -0.039]
 [-0.029 -0.121 -0.013]
 [-0.039 -0.013 -0.096]]
----------------------------------------------------------------------------------------
   Cr2   Cr1   (  0,  -1,   0)  0.0672   (-0.000,  3.411, -9.848) 10.422 
J_iso:  0.0672 
[Testing!] DMI: ( 0.0000 -0.0000  0.0000)
[Testing!]J_ani:
[[-0.042 -0.042 -0.024]
 [-0.042 -0.086 -0.017]
 [-0.024 -0.017 -0.101]]
----------------------------------------------------------------------------------------
   Cr1   Cr2   (  0,   1,   0)  0.0672   ( 0.000, -3.411,  9.848) 10.422 
J_iso:  0.0672 
[Testing!] DMI: (-0.0000  0.0000 -0.0000)
[Testing!]J_ani:
[[-0.042 -0.042 -0.024]
 [-0.042 -0.086 -0.017]
 [-0.024 -0.017 -0.101]]
----------------------------------------------------------------------------------------
   Cr1   Cr2   (  1,   0,   0)  0.0853   ( 0.000,  3.411,  9.848) 10.422 
J_iso:  0.0853 
[Testing!] DMI: ( 0.0000 -0.0000 -0.0000)
[Testing!]J_ani:
[[-0.044 -0.029 -0.039]
 [-0.029 -0.121 -0.013]
 [-0.039 -0.013 -0.096]]
----------------------------------------------------------------------------------------
   Cr1   Cr1   ( -2,   1,   0)  0.0257   ( 0.000, -10.234, -5.909) 11.817 
J_iso:  0.0257 
[Testing!] DMI: (-0.0008 -0.0006  0.0032)
[Testing!]J_ani:
[[-0.023 -0.003  0.005]
 [-0.003 -0.072  0.003]
 [ 0.005  0.003 -0.037]]
----------------------------------------------------------------------------------------
   Cr2   Cr2   ( -2,   1,   0)  0.0257   ( 0.000, -10.234, -5.909) 11.817 
J_iso:  0.0257 
[Testing!] DMI: ( 0.0008  0.0006 -0.0032)
[Testing!]J_ani:
[[-0.023 -0.003  0.005]
 [-0.003 -0.072  0.003]
 [ 0.005  0.003 -0.037]]
----------------------------------------------------------------------------------------
   Cr1   Cr1   ( -1,   2,   0)  0.0055   ( 0.000, -10.234,  5.909) 11.817 
J_iso:  0.0055 
[Testing!] DMI: (-0.0016 -0.0004 -0.0021)
[Testing!]J_ani:
[[-0.033  0.001  0.004]
 [ 0.001 -0.024  0.004]
 [ 0.004  0.004 -0.044]]
----------------------------------------------------------------------------------------
   Cr2   Cr2   ( -1,   2,   0)  0.0055   ( 0.000, -10.234,  5.909) 11.817 
J_iso:  0.0055 
[Testing!] DMI: ( 0.0016  0.0004  0.0021)
[Testing!]J_ani:
[[-0.033  0.001  0.004]
 [ 0.001 -0.024  0.004]
 [ 0.004  0.004 -0.044]]
----------------------------------------------------------------------------------------
   Cr1   Cr1   (  1,  -2,   0)  0.0055   ( 0.000, 10.234, -5.909) 11.817 
J_iso:  0.0055 
[Testing!] DMI: ( 0.0016  0.0004  0.0021)
[Testing!]J_ani:
[[-0.033  0.001  0.004]
 [ 0.001 -0.024  0.004]
 [ 0.004  0.004 -0.044]]
----------------------------------------------------------------------------------------
   Cr2   Cr2   (  1,  -2,   0)  0.0055   ( 0.000, 10.234, -5.909) 11.817 
J_iso:  0.0055 
[Testing!] DMI: (-0.0016 -0.0004 -0.0021)
[Testing!]J_ani:
[[-0.033  0.001  0.004]
 [ 0.001 -0.024  0.004]
 [ 0.004  0.004 -0.044]]
----------------------------------------------------------------------------------------
   Cr1   Cr1   (  2,  -1,   0)  0.0257   ( 0.000, 10.234,  5.909) 11.817 
J_iso:  0.0257 
[Testing!] DMI: ( 0.0008  0.0006 -0.0032)
[Testing!]J_ani:
[[-0.023 -0.003  0.005]
 [-0.003 -0.072  0.003]
 [ 0.005  0.003 -0.037]]
----------------------------------------------------------------------------------------
   Cr2   Cr2   (  2,  -1,   0)  0.0257   ( 0.000, 10.234,  5.909) 11.817 
J_iso:  0.0257 
[Testing!] DMI: (-0.0008 -0.0006  0.0032)
[Testing!]J_ani:
[[-0.023 -0.003  0.005]
 [-0.003 -0.072  0.003]
 [ 0.005  0.003 -0.037]]
----------------------------------------------------------------------------------------
   Cr2   Cr2   (  1,   1,   0)  0.0160   (-0.000,  0.000, 11.817) 11.817 
J_iso:  0.0160 
[Testing!] DMI: (-0.0021 -0.0051  0.0026)
[Testing!]J_ani:
[[-0.047  0.004 -0.005]
 [ 0.004 -0.027 -0.   ]
 [-0.005 -0.    -0.039]]
----------------------------------------------------------------------------------------
   Cr1   Cr1   ( -1,  -1,   0)  0.0160   ( 0.000,  0.000, -11.817) 11.817 
J_iso:  0.0160 
[Testing!] DMI: (-0.0021 -0.0051  0.0026)
[Testing!]J_ani:
[[-0.047  0.004 -0.005]
 [ 0.004 -0.027 -0.   ]
 [-0.005 -0.    -0.039]]
----------------------------------------------------------------------------------------
   Cr2   Cr2   ( -1,  -1,   0)  0.0160   ( 0.000,  0.000, -11.817) 11.817 
J_iso:  0.0160 
[Testing!] DMI: ( 0.0021  0.0051 -0.0026)
[Testing!]J_ani:
[[-0.047  0.004 -0.005]
 [ 0.004 -0.027 -0.   ]
 [-0.005 -0.    -0.039]]
----------------------------------------------------------------------------------------
   Cr1   Cr1   (  1,   1,   0)  0.0160   (-0.000,  0.000, 11.817) 11.817 
J_iso:  0.0160 
[Testing!] DMI: ( 0.0021  0.0051 -0.0026)
[Testing!]J_ani:
[[-0.047  0.004 -0.005]
 [ 0.004 -0.027 -0.   ]
 [-0.005 -0.    -0.039]]
----------------------------------------------------------------------------------------
   Cr1   Cr1   ( -2,   2,   0)  0.0060   ( 0.000, -13.645,  0.000) 13.645 
J_iso:  0.0060 
[Testing!] DMI: ( 0.0017 -0.0043  0.0003)
[Testing!]J_ani:
[[-0.021  0.     0.   ]
 [ 0.    -0.015  0.001]
 [ 0.     0.001 -0.005]]
----------------------------------------------------------------------------------------
   Cr2   Cr2   ( -2,   2,   0)  0.0060   ( 0.000, -13.645,  0.000) 13.645 
J_iso:  0.0060 
[Testing!] DMI: (-0.0017  0.0043 -0.0003)
[Testing!]J_ani:
[[-0.021  0.     0.   ]
 [ 0.    -0.015  0.001]
 [ 0.     0.001 -0.005]]
----------------------------------------------------------------------------------------
   Cr1   Cr1   (  2,  -2,   0)  0.0060   ( 0.000, 13.645,  0.000) 13.645 
J_iso:  0.0060 
[Testing!] DMI: (-0.0017  0.0043 -0.0003)
[Testing!]J_ani:
[[-0.021  0.     0.   ]
 [ 0.    -0.015  0.001]
 [ 0.     0.001 -0.005]]
----------------------------------------------------------------------------------------
   Cr2   Cr2   (  2,  -2,   0)  0.0060   ( 0.000, 13.645,  0.000) 13.645 
J_iso:  0.0060 
[Testing!] DMI: ( 0.0017 -0.0043  0.0003)
[Testing!]J_ani:
[[-0.021  0.     0.   ]
 [ 0.    -0.015  0.001]
 [ 0.     0.001 -0.005]]
----------------------------------------------------------------------------------------
   Cr2   Cr2   (  0,   2,   0) -0.0052   (-0.000, -6.823, 11.817) 13.645 
J_iso: -0.0052 
[Testing!] DMI: (-0.0039 -0.0019 -0.0011)
[Testing!]J_ani:
[[-0.019  0.002  0.002]
 [ 0.002 -0.003 -0.001]
 [ 0.002 -0.001 -0.009]]
----------------------------------------------------------------------------------------
   Cr2   Cr2   (  2,   0,   0)  0.0215   (-0.000,  6.823, 11.817) 13.645 
J_iso:  0.0215 
[Testing!] DMI: (-0.0098  0.0030 -0.0007)
[Testing!]J_ani:
[[-0.024  0.005  0.001]
 [ 0.005 -0.029 -0.001]
 [ 0.001 -0.001 -0.001]]
----------------------------------------------------------------------------------------
   Cr1   Cr1   ( -2,   0,   0)  0.0215   ( 0.000, -6.823, -11.817) 13.645 
J_iso:  0.0215 
[Testing!] DMI: (-0.0098  0.0030 -0.0007)
[Testing!]J_ani:
[[-0.024  0.005  0.001]
 [ 0.005 -0.029 -0.001]
 [ 0.001 -0.001 -0.001]]
----------------------------------------------------------------------------------------
   Cr2   Cr2   ( -2,   0,   0)  0.0215   ( 0.000, -6.823, -11.817) 13.645 
J_iso:  0.0215 
[Testing!] DMI: ( 0.0098 -0.0030  0.0007)
[Testing!]J_ani:
[[-0.024  0.005  0.001]
 [ 0.005 -0.029 -0.001]
 [ 0.001 -0.001 -0.001]]
----------------------------------------------------------------------------------------
   Cr1   Cr1   (  0,  -2,   0) -0.0052   ( 0.000,  6.823, -11.817) 13.645 
J_iso: -0.0052 
[Testing!] DMI: (-0.0039 -0.0019 -0.0011)
[Testing!]J_ani:
[[-0.019  0.002  0.002]
 [ 0.002 -0.003 -0.001]
 [ 0.002 -0.001 -0.009]]
----------------------------------------------------------------------------------------
   Cr2   Cr2   (  0,  -2,   0) -0.0052   ( 0.000,  6.823, -11.817) 13.645 
J_iso: -0.0052 
[Testing!] DMI: ( 0.0039  0.0019  0.0011)
[Testing!]J_ani:
[[-0.019  0.002  0.002]
 [ 0.002 -0.003 -0.001]
 [ 0.002 -0.001 -0.009]]
----------------------------------------------------------------------------------------
   Cr1   Cr1   (  0,   2,   0) -0.0052   (-0.000, -6.823, 11.817) 13.645 
J_iso: -0.0052 
[Testing!] DMI: ( 0.0039  0.0019  0.0011)
[Testing!]J_ani:
[[-0.019  0.002  0.002]
 [ 0.002 -0.003 -0.001]
 [ 0.002 -0.001 -0.009]]
----------------------------------------------------------------------------------------
   Cr1   Cr1   (  2,   0,   0)  0.0215   (-0.000,  6.823, 11.817) 13.645 
J_iso:  0.0215 
[Testing!] DMI: ( 0.0098 -0.0030  0.0007)
[Testing!]J_ani:
[[-0.024  0.005  0.001]
 [ 0.005 -0.029 -0.001]
 [ 0.001 -0.001 -0.001]]
----------------------------------------------------------------------------------------
   Cr1   Cr2   ( -2,   2,   0)  0.0103   ( 0.000, -13.645,  3.939) 14.202 
J_iso:  0.0103 
[Testing!] DMI: (-0.0000  0.0000 -0.0000)
[Testing!]J_ani:
[[-0.012  0.005 -0.003]
 [ 0.005 -0.008  0.004]
 [-0.003  0.004 -0.009]]
----------------------------------------------------------------------------------------
   Cr2   Cr1   ( -2,   2,   0)  0.0128   (-0.000, -13.645, -3.939) 14.202 
J_iso:  0.0128 
[Testing!] DMI: (-0.0000  0.0000 -0.0000)
[Testing!]J_ani:
[[-0.002 -0.003 -0.001]
 [-0.003 -0.018  0.003]
 [-0.001  0.003  0.002]]
----------------------------------------------------------------------------------------
   Cr1   Cr2   (  2,  -2,   0)  0.0128   ( 0.000, 13.645,  3.939) 14.202 
J_iso:  0.0128 
[Testing!] DMI: ( 0.0000 -0.0000  0.0000)
[Testing!]J_ani:
[[-0.002 -0.003 -0.001]
 [-0.003 -0.018  0.003]
 [-0.001  0.003  0.002]]
----------------------------------------------------------------------------------------
   Cr2   Cr1   (  2,  -2,   0)  0.0103   (-0.000, 13.645, -3.939) 14.202 
J_iso:  0.0103 
[Testing!] DMI: ( 0.0000 -0.0000  0.0000)
[Testing!]J_ani:
[[-0.012  0.005 -0.003]
 [ 0.005 -0.008  0.004]
 [-0.003  0.004 -0.009]]
----------------------------------------------------------------------------------------
   Cr2   Cr1   ( -2,   1,   0)  0.0210   (-0.000, -10.234, -9.848) 14.202 
J_iso:  0.0210 
[Testing!] DMI: ( 0.0000 -0.0000 -0.0000)
[Testing!]J_ani:
[[-0.033 -0.005 -0.003]
 [-0.005 -0.007 -0.001]
 [-0.003 -0.001  0.005]]
----------------------------------------------------------------------------------------
   Cr1   Cr2   ( -1,   2,   0)  0.0044   ( 0.000, -10.234,  9.848) 14.202 
J_iso:  0.0044 
[Testing!] DMI: ( 0.0000  0.0000 -0.0000)
[Testing!]J_ani:
[[ 0.    -0.004  0.   ]
 [-0.004 -0.007 -0.001]
 [ 0.    -0.001 -0.011]]
----------------------------------------------------------------------------------------
   Cr2   Cr1   (  1,  -2,   0)  0.0044   (-0.000, 10.234, -9.848) 14.202 
J_iso:  0.0044 
[Testing!] DMI: (-0.0000 -0.0000  0.0000)
[Testing!]J_ani:
[[ 0.    -0.004  0.   ]
 [-0.004 -0.007 -0.001]
 [ 0.    -0.001 -0.011]]
----------------------------------------------------------------------------------------
   Cr1   Cr2   (  2,  -1,   0)  0.0210   ( 0.000, 10.234,  9.848) 14.202 
J_iso:  0.0210 
[Testing!] DMI: (-0.0000  0.0000  0.0000)
[Testing!]J_ani:
[[-0.033 -0.005 -0.003]
 [-0.005 -0.007 -0.001]
 [-0.003 -0.001  0.005]]
----------------------------------------------------------------------------------------
   Cr1   Cr2   ( -2,  -1,   0)  0.0322   ( 0.000, -3.411, -13.787) 14.202 
J_iso:  0.0322 
[Testing!] DMI: ( 0.0000 -0.0000 -0.0000)
[Testing!]J_ani:
[[-0.027 -0.009 -0.002]
 [-0.009 -0.032  0.001]
 [-0.002  0.001  0.003]]
----------------------------------------------------------------------------------------
   Cr1   Cr2   ( -1,  -2,   0)  0.0233   ( 0.000,  3.411, -13.787) 14.202 
J_iso:  0.0233 
[Testing!] DMI: ( 0.0000 -0.0000  0.0000)
[Testing!]J_ani:
[[-0.023 -0.013  0.003]
 [-0.013 -0.016  0.003]
 [ 0.003  0.003 -0.003]]
----------------------------------------------------------------------------------------
   Cr2   Cr1   (  1,   2,   0)  0.0233   (-0.000, -3.411, 13.787) 14.202 
J_iso:  0.0233 
[Testing!] DMI: (-0.0000  0.0000 -0.0000)
[Testing!]J_ani:
[[-0.023 -0.013  0.003]
 [-0.013 -0.016  0.003]
 [ 0.003  0.003 -0.003]]
----------------------------------------------------------------------------------------
   Cr2   Cr1   (  2,   1,   0)  0.0322   (-0.000,  3.411, 13.787) 14.202 
J_iso:  0.0322 
[Testing!] DMI: (-0.0000  0.0000  0.0000)
[Testing!]J_ani:
[[-0.027 -0.009 -0.002]
 [-0.009 -0.032  0.001]
 [-0.002  0.001  0.003]]
----------------------------------------------------------------------------------------
   Cr1   Cr2   ( -3,   1,   0) -0.0039   ( 0.000, -13.645, -7.878) 15.756 
J_iso: -0.0039 
[Testing!] DMI: (-0.0000  0.0000  0.0000)
[Testing!]J_ani:
[[-0.016 -0.001 -0.002]
 [-0.001 -0.005 -0.001]
 [-0.002 -0.001 -0.005]]
----------------------------------------------------------------------------------------
   Cr2   Cr1   ( -1,   3,   0) -0.0011   (-0.000, -13.645,  7.878) 15.756 
J_iso: -0.0011 
[Testing!] DMI: (-0.0000  0.0000  0.0000)
[Testing!]J_ani:
[[ 0.     0.01  -0.004]
 [ 0.01  -0.009  0.004]
 [-0.004  0.004 -0.015]]
----------------------------------------------------------------------------------------
   Cr1   Cr2   (  1,  -3,   0) -0.0011   ( 0.000, 13.645, -7.878) 15.756 
J_iso: -0.0011 
[Testing!] DMI: ( 0.0000 -0.0000 -0.0000)
[Testing!]J_ani:
[[ 0.     0.01  -0.004]
 [ 0.01  -0.009  0.004]
 [-0.004  0.004 -0.015]]
----------------------------------------------------------------------------------------
   Cr2   Cr1   (  3,  -1,   0) -0.0039   (-0.000, 13.645,  7.878) 15.756 
J_iso: -0.0039 
[Testing!] DMI: ( 0.0000 -0.0000 -0.0000)
[Testing!]J_ani:
[[-0.016 -0.001 -0.002]
 [-0.001 -0.005 -0.001]
 [-0.002 -0.001 -0.005]]
----------------------------------------------------------------------------------------
   Cr1   Cr2   (  1,   1,   0)  0.0146   ( 0.000,  0.000, 15.756) 15.756 
J_iso:  0.0146 
[Testing!] DMI: (-0.0000  0.0000  0.0000)
[Testing!]J_ani:
[[-0.027 -0.009  0.004]
 [-0.009 -0.021  0.005]
 [ 0.004  0.005 -0.012]]
----------------------------------------------------------------------------------------
   Cr2   Cr1   ( -1,  -1,   0)  0.0146   (-0.000, -0.000, -15.756) 15.756 
J_iso:  0.0146 
[Testing!] DMI: ( 0.0000 -0.0000 -0.0000)
[Testing!]J_ani:
[[-0.027 -0.009  0.004]
 [-0.009 -0.021  0.005]
 [ 0.004  0.005 -0.012]]
----------------------------------------------------------------------------------------
   Cr1   Cr2   ( -3,   2,   0)  0.0082   ( 0.000, -17.057, -1.970) 17.170 
J_iso:  0.0082 
[Testing!] DMI: ( 0.0000  0.0000 -0.0000)
[Testing!]J_ani:
[[-0.005  0.011  0.004]
 [ 0.011 -0.016  0.001]
 [ 0.004  0.001 -0.007]]
----------------------------------------------------------------------------------------
   Cr2   Cr1   ( -2,   3,   0)  0.0197   (-0.000, -17.057,  1.970) 17.170 
J_iso:  0.0197 
[Testing!] DMI: (-0.0000  0.0000 -0.0000)
[Testing!]J_ani:
[[-0.017  0.002 -0.003]
 [ 0.002 -0.014 -0.002]
 [-0.003 -0.002 -0.008]]
----------------------------------------------------------------------------------------
   Cr1   Cr2   (  2,  -3,   0)  0.0197   ( 0.000, 17.057, -1.970) 17.170 
J_iso:  0.0197 
[Testing!] DMI: ( 0.0000 -0.0000  0.0000)
[Testing!]J_ani:
[[-0.017  0.002 -0.003]
 [ 0.002 -0.014 -0.002]
 [-0.003 -0.002 -0.008]]
----------------------------------------------------------------------------------------
   Cr2   Cr1   (  3,  -2,   0)  0.0082   (-0.000, 17.057,  1.970) 17.170 
J_iso:  0.0082 
[Testing!] DMI: (-0.0000 -0.0000  0.0000)
[Testing!]J_ani:
[[-0.005  0.011  0.004]
 [ 0.011 -0.016  0.001]
 [ 0.004  0.001 -0.007]]
----------------------------------------------------------------------------------------
   Cr1   Cr2   ( -3,   0,   0)  0.0144   ( 0.000, -10.234, -13.787) 17.170 
J_iso:  0.0144 
[Testing!] DMI: ( 0.0000  0.0000 -0.0000)
[Testing!]J_ani:
[[-0.031 -0.002 -0.001]
 [-0.002 -0.001 -0.001]
 [-0.001 -0.001  0.002]]
----------------------------------------------------------------------------------------
   Cr1   Cr2   (  0,  -3,   0)  0.0031   ( 0.000, 10.234, -13.787) 17.170 
J_iso:  0.0031 
[Testing!] DMI: ( 0.0000 -0.0000  0.0000)
[Testing!]J_ani:
[[ 0.005 -0.001  0.   ]
 [-0.001 -0.002 -0.   ]
 [ 0.    -0.    -0.013]]
----------------------------------------------------------------------------------------
   Cr2   Cr1   (  0,   3,   0)  0.0031   (-0.000, -10.234, 13.787) 17.170 
J_iso:  0.0031 
[Testing!] DMI: (-0.0000  0.0000 -0.0000)
[Testing!]J_ani:
[[ 0.005 -0.001  0.   ]
 [-0.001 -0.002 -0.   ]
 [ 0.    -0.    -0.013]]
----------------------------------------------------------------------------------------
   Cr2   Cr1   (  3,   0,   0)  0.0144   (-0.000, 10.234, 13.787) 17.170 
J_iso:  0.0144 
[Testing!] DMI: (-0.0000 -0.0000  0.0000)
[Testing!]J_ani:
[[-0.031 -0.002 -0.001]
 [-0.002 -0.001 -0.001]
 [-0.001 -0.001  0.002]]
----------------------------------------------------------------------------------------
   Cr1   Cr2   (  0,   2,   0)  0.0066   ( 0.000, -6.823, 15.756) 17.170 
J_iso:  0.0066 
[Testing!] DMI: ( 0.0000  0.0000 -0.0000)
[Testing!]J_ani:
[[-0.005  0.005  0.   ]
 [ 0.005 -0.006 -0.   ]
 [ 0.    -0.    -0.014]]
----------------------------------------------------------------------------------------
   Cr1   Cr2   (  2,   0,   0)  0.0185   ( 0.000,  6.823, 15.756) 17.170 
J_iso:  0.0185 
[Testing!] DMI: ( 0.0000  0.0000 -0.0000)
[Testing!]J_ani:
[[-0.033  0.006  0.   ]
 [ 0.006 -0.006 -0.   ]
 [ 0.    -0.     0.   ]]
----------------------------------------------------------------------------------------
   Cr2   Cr1   ( -2,   0,   0)  0.0185   (-0.000, -6.823, -15.756) 17.170 
J_iso:  0.0185 
[Testing!] DMI: (-0.0000 -0.0000  0.0000)
[Testing!]J_ani:
[[-0.033  0.006  0.   ]
 [ 0.006 -0.006 -0.   ]
 [ 0.    -0.     0.   ]]
----------------------------------------------------------------------------------------
   Cr2   Cr1   (  0,  -2,   0)  0.0066   (-0.000,  6.823, -15.756) 17.170 
J_iso:  0.0066 
[Testing!] DMI: (-0.0000 -0.0000  0.0000)
[Testing!]J_ani:
[[-0.005  0.005  0.   ]
 [ 0.005 -0.006 -0.   ]
 [ 0.    -0.    -0.014]]
----------------------------------------------------------------------------------------
   Cr1   Cr1   ( -3,   2,   0)  0.0050   ( 0.000, -17.057, -5.909) 18.051 
J_iso:  0.0050 
[Testing!] DMI: ( 0.0011 -0.0010  0.0000)
[Testing!]J_ani:
[[-0.006 -0.    -0.002]
 [-0.    -0.002  0.   ]
 [-0.002  0.    -0.004]]
----------------------------------------------------------------------------------------
   Cr2   Cr2   ( -3,   2,   0)  0.0050   ( 0.000, -17.057, -5.909) 18.051 
J_iso:  0.0050 
[Testing!] DMI: (-0.0011  0.0010 -0.0000)
[Testing!]J_ani:
[[-0.006 -0.    -0.002]
 [-0.    -0.002  0.   ]
 [-0.002  0.    -0.004]]
----------------------------------------------------------------------------------------
   Cr1   Cr1   ( -2,   3,   0)  0.0255   ( 0.000, -17.057,  5.909) 18.051 
J_iso:  0.0255 
[Testing!] DMI: ( 0.0011  0.0006  0.0002)
[Testing!]J_ani:
[[-0.04  -0.     0.002]
 [-0.    -0.026 -0.001]
 [ 0.002 -0.001 -0.009]]
----------------------------------------------------------------------------------------
   Cr2   Cr2   ( -2,   3,   0)  0.0255   ( 0.000, -17.057,  5.909) 18.051 
J_iso:  0.0255 
[Testing!] DMI: (-0.0011 -0.0006 -0.0002)
[Testing!]J_ani:
[[-0.04  -0.     0.002]
 [-0.    -0.026 -0.001]
 [ 0.002 -0.001 -0.009]]
----------------------------------------------------------------------------------------
   Cr1   Cr1   (  2,  -3,   0)  0.0255   ( 0.000, 17.057, -5.909) 18.051 
J_iso:  0.0255 
[Testing!] DMI: (-0.0011 -0.0006 -0.0002)
[Testing!]J_ani:
[[-0.04  -0.     0.002]
 [-0.    -0.026 -0.001]
 [ 0.002 -0.001 -0.009]]
----------------------------------------------------------------------------------------
   Cr2   Cr2   (  2,  -3,   0)  0.0255   ( 0.000, 17.057, -5.909) 18.051 
J_iso:  0.0255 
[Testing!] DMI: ( 0.0011  0.0006  0.0002)
[Testing!]J_ani:
[[-0.04  -0.     0.002]
 [-0.    -0.026 -0.001]
 [ 0.002 -0.001 -0.009]]
----------------------------------------------------------------------------------------
   Cr1   Cr1   (  3,  -2,   0)  0.0050   ( 0.000, 17.057,  5.909) 18.051 
J_iso:  0.0050 
[Testing!] DMI: (-0.0011  0.0010 -0.0000)
[Testing!]J_ani:
[[-0.006 -0.    -0.002]
 [-0.    -0.002  0.   ]
 [-0.002  0.    -0.004]]
----------------------------------------------------------------------------------------
   Cr2   Cr2   (  3,  -2,   0)  0.0050   ( 0.000, 17.057,  5.909) 18.051 
J_iso:  0.0050 
[Testing!] DMI: ( 0.0011 -0.0010  0.0000)
[Testing!]J_ani:
[[-0.006 -0.    -0.002]
 [-0.    -0.002  0.   ]
 [-0.002  0.    -0.004]]
----------------------------------------------------------------------------------------
   Cr1   Cr1   ( -3,   1,   0)  0.0205   ( 0.000, -13.645, -11.817) 18.051 
J_iso:  0.0205 
[Testing!] DMI: (-0.0029 -0.0016  0.0004)
[Testing!]J_ani:
[[-0.013  0.001 -0.   ]
 [ 0.001 -0.019  0.   ]
 [-0.     0.     0.   ]]
----------------------------------------------------------------------------------------
   Cr2   Cr2   ( -3,   1,   0)  0.0205   ( 0.000, -13.645, -11.817) 18.051 
J_iso:  0.0205 
[Testing!] DMI: ( 0.0029  0.0016 -0.0004)
[Testing!]J_ani:
[[-0.013  0.001 -0.   ]
 [ 0.001 -0.019  0.   ]
 [-0.     0.     0.   ]]
----------------------------------------------------------------------------------------
   Cr1   Cr1   ( -1,   3,   0) -0.0132   (-0.000, -13.645, 11.817) 18.051 
J_iso: -0.0132 
[Testing!] DMI: (-0.0020 -0.0003  0.0001)
[Testing!]J_ani:
[[-0.001  0.001  0.   ]
 [ 0.001  0.004  0.   ]
 [ 0.     0.    -0.011]]
----------------------------------------------------------------------------------------
   Cr2   Cr2   ( -1,   3,   0) -0.0132   (-0.000, -13.645, 11.817) 18.051 
J_iso: -0.0132 
[Testing!] DMI: ( 0.0020  0.0003 -0.0001)
[Testing!]J_ani:
[[-0.001  0.001  0.   ]
 [ 0.001  0.004  0.   ]
 [ 0.     0.    -0.011]]
----------------------------------------------------------------------------------------
   Cr1   Cr1   (  1,  -3,   0) -0.0132   ( 0.000, 13.645, -11.817) 18.051 
J_iso: -0.0132 
[Testing!] DMI: ( 0.0020  0.0003 -0.0001)
[Testing!]J_ani:
[[-0.001  0.001  0.   ]
 [ 0.001  0.004  0.   ]
 [ 0.     0.    -0.011]]
----------------------------------------------------------------------------------------
   Cr2   Cr2   (  1,  -3,   0) -0.0132   ( 0.000, 13.645, -11.817) 18.051 
J_iso: -0.0132 
[Testing!] DMI: (-0.0020 -0.0003  0.0001)
[Testing!]J_ani:
[[-0.001  0.001  0.   ]
 [ 0.001  0.004  0.   ]
 [ 0.     0.    -0.011]]
----------------------------------------------------------------------------------------
   Cr1   Cr1   (  3,  -1,   0)  0.0205   (-0.000, 13.645, 11.817) 18.051 
J_iso:  0.0205 
[Testing!] DMI: ( 0.0029  0.0016 -0.0004)
[Testing!]J_ani:
[[-0.013  0.001 -0.   ]
 [ 0.001 -0.019  0.   ]
 [-0.     0.     0.   ]]
----------------------------------------------------------------------------------------
   Cr2   Cr2   (  3,  -1,   0)  0.0205   (-0.000, 13.645, 11.817) 18.051 
J_iso:  0.0205 
[Testing!] DMI: (-0.0029 -0.0016  0.0004)
[Testing!]J_ani:
[[-0.013  0.001 -0.   ]
 [ 0.001 -0.019  0.   ]
 [-0.     0.     0.   ]]
----------------------------------------------------------------------------------------
   Cr1   Cr1   ( -2,  -1,   0)  0.0376   ( 0.000, -3.411, -17.726) 18.051 
J_iso:  0.0376 
[Testing!] DMI: ( 0.0014  0.0033 -0.0001)
[Testing!]J_ani:
[[-0.03  -0.002 -0.001]
 [-0.002 -0.048 -0.001]
 [-0.001 -0.001 -0.002]]
----------------------------------------------------------------------------------------
   Cr2   Cr2   ( -2,  -1,   0)  0.0376   ( 0.000, -3.411, -17.726) 18.051 
J_iso:  0.0376 
[Testing!] DMI: (-0.0014 -0.0033  0.0001)
[Testing!]J_ani:
[[-0.03  -0.002 -0.001]
 [-0.002 -0.048 -0.001]
 [-0.001 -0.001 -0.002]]
----------------------------------------------------------------------------------------
   Cr1   Cr1   ( -1,  -2,   0)  0.0192   ( 0.000,  3.411, -17.726) 18.051 
J_iso:  0.0192 
[Testing!] DMI: ( 0.0026  0.0013 -0.0002)
[Testing!]J_ani:
[[-0.025 -0.004 -0.001]
 [-0.004 -0.021 -0.001]
 [-0.001 -0.001 -0.007]]
----------------------------------------------------------------------------------------
   Cr2   Cr2   ( -1,  -2,   0)  0.0192   ( 0.000,  3.411, -17.726) 18.051 
J_iso:  0.0192 
[Testing!] DMI: (-0.0026 -0.0013  0.0002)
[Testing!]J_ani:
[[-0.025 -0.004 -0.001]
 [-0.004 -0.021 -0.001]
 [-0.001 -0.001 -0.007]]
----------------------------------------------------------------------------------------
   Cr1   Cr1   (  1,   2,   0)  0.0192   (-0.000, -3.411, 17.726) 18.051 
J_iso:  0.0192 
[Testing!] DMI: (-0.0026 -0.0013  0.0002)
[Testing!]J_ani:
[[-0.025 -0.004 -0.001]
 [-0.004 -0.021 -0.001]
 [-0.001 -0.001 -0.007]]
----------------------------------------------------------------------------------------
   Cr2   Cr2   (  1,   2,   0)  0.0192   (-0.000, -3.411, 17.726) 18.051 
J_iso:  0.0192 
[Testing!] DMI: ( 0.0026  0.0013 -0.0002)
[Testing!]J_ani:
[[-0.025 -0.004 -0.001]
 [-0.004 -0.021 -0.001]
 [-0.001 -0.001 -0.007]]
----------------------------------------------------------------------------------------
   Cr1   Cr1   (  2,   1,   0)  0.0376   (-0.000,  3.411, 17.726) 18.051 
J_iso:  0.0376 
[Testing!] DMI: (-0.0014 -0.0033  0.0001)
[Testing!]J_ani:
[[-0.03  -0.002 -0.001]
 [-0.002 -0.048 -0.001]
 [-0.001 -0.001 -0.002]]
----------------------------------------------------------------------------------------
   Cr2   Cr2   (  2,   1,   0)  0.0376   (-0.000,  3.411, 17.726) 18.051 
J_iso:  0.0376 
[Testing!] DMI: ( 0.0014  0.0033 -0.0001)
[Testing!]J_ani:
[[-0.03  -0.002 -0.001]
 [-0.002 -0.048 -0.001]
 [-0.001 -0.001 -0.002]]
----------------------------------------------------------------------------------------
   Cr2   Cr1   ( -3,   2,   0)  0.0100   (-0.000, -17.057, -9.848) 19.695 
J_iso:  0.0100 
[Testing!] DMI: (-0.0000  0.0000 -0.0000)
[Testing!]J_ani:
[[-0.01   0.004 -0.001]
 [ 0.004 -0.007  0.001]
 [-0.001  0.001  0.001]]
----------------------------------------------------------------------------------------
   Cr1   Cr2   ( -2,   3,   0)  0.0039   ( 0.000, -17.057,  9.848) 19.695 
J_iso:  0.0039 
[Testing!] DMI: ( 0.0000  0.0000 -0.0000)
[Testing!]J_ani:
[[ 0.008 -0.006  0.   ]
 [-0.006 -0.008 -0.002]
 [ 0.    -0.002 -0.012]]
----------------------------------------------------------------------------------------
   Cr2   Cr1   (  2,  -3,   0)  0.0039   (-0.000, 17.057, -9.848) 19.695 
J_iso:  0.0039 
[Testing!] DMI: (-0.0000 -0.0000  0.0000)
[Testing!]J_ani:
[[ 0.008 -0.006  0.   ]
 [-0.006 -0.008 -0.002]
 [ 0.    -0.002 -0.012]]
----------------------------------------------------------------------------------------
   Cr1   Cr2   (  3,  -2,   0)  0.0100   ( 0.000, 17.057,  9.848) 19.695 
J_iso:  0.0100 
[Testing!] DMI: ( 0.0000 -0.0000  0.0000)
[Testing!]J_ani:
[[-0.01   0.004 -0.001]
 [ 0.004 -0.007  0.001]
 [-0.001  0.001  0.001]]
----------------------------------------------------------------------------------------
   Cr1   Cr2   ( -2,  -2,   0)  0.0262   ( 0.000,  0.000, -19.695) 19.695 
J_iso:  0.0262 
[Testing!] DMI: (-0.0000 -0.0000 -0.0000)
[Testing!]J_ani:
[[-0.023 -0.008 -0.005]
 [-0.008 -0.02  -0.004]
 [-0.005 -0.004 -0.005]]
----------------------------------------------------------------------------------------
   Cr2   Cr1   (  2,   2,   0)  0.0262   (-0.000, -0.000, 19.695) 19.695 
J_iso:  0.0262 
[Testing!] DMI: ( 0.0000  0.0000  0.0000)
[Testing!]J_ani:
[[-0.023 -0.008 -0.005]
 [-0.008 -0.02  -0.004]
 [-0.005 -0.004 -0.005]]
----------------------------------------------------------------------------------------
   Cr1   Cr1   ( -3,   3,   0)  0.0571   ( 0.000, -20.468,  0.000) 20.468 
J_iso:  0.0571 
[Testing!] DMI: ( 0.0001 -0.0003  0.0003)
[Testing!]J_ani:
[[-0.066  0.001 -0.   ]
 [ 0.001 -0.062  0.   ]
 [-0.     0.    -0.007]]
----------------------------------------------------------------------------------------
   Cr2   Cr2   ( -3,   3,   0)  0.0571   ( 0.000, -20.468,  0.000) 20.468 
J_iso:  0.0571 
[Testing!] DMI: (-0.0001  0.0003 -0.0003)
[Testing!]J_ani:
[[-0.066  0.001 -0.   ]
 [ 0.001 -0.062  0.   ]
 [-0.     0.    -0.007]]
----------------------------------------------------------------------------------------
   Cr1   Cr1   (  3,  -3,   0)  0.0571   ( 0.000, 20.468,  0.000) 20.468 
J_iso:  0.0571 
[Testing!] DMI: (-0.0001  0.0003 -0.0003)
[Testing!]J_ani:
[[-0.066  0.001 -0.   ]
 [ 0.001 -0.062  0.   ]
 [-0.     0.    -0.007]]
----------------------------------------------------------------------------------------
   Cr2   Cr2   (  3,  -3,   0)  0.0571   ( 0.000, 20.468,  0.000) 20.468 
J_iso:  0.0571 
[Testing!] DMI: ( 0.0001 -0.0003  0.0003)
[Testing!]J_ani:
[[-0.066  0.001 -0.   ]
 [ 0.001 -0.062  0.   ]
 [-0.     0.    -0.007]]
----------------------------------------------------------------------------------------
   Cr1   Cr1   ( -3,   0,   0)  0.0242   ( 0.000, -10.234, -17.726) 20.468 
J_iso:  0.0242 
[Testing!] DMI: (-0.0006  0.0001 -0.0001)
[Testing!]J_ani:
[[-0.016 -0.001  0.   ]
 [-0.001 -0.028 -0.   ]
 [ 0.    -0.     0.001]]
----------------------------------------------------------------------------------------
   Cr2   Cr2   ( -3,   0,   0)  0.0242   ( 0.000, -10.234, -17.726) 20.468 
J_iso:  0.0242 
[Testing!] DMI: ( 0.0006 -0.0001  0.0001)
[Testing!]J_ani:
[[-0.016 -0.001  0.   ]
 [-0.001 -0.028 -0.   ]
 [ 0.    -0.     0.001]]
----------------------------------------------------------------------------------------
   Cr1   Cr1   (  0,  -3,   0) -0.0114   ( 0.000, 10.234, -17.726) 20.468 
J_iso: -0.0114 
[Testing!] DMI: ( 0.0013 -0.0002  0.0001)
[Testing!]J_ani:
[[-0.001 -0.    -0.   ]
 [-0.     0.002  0.   ]
 [-0.     0.    -0.011]]
----------------------------------------------------------------------------------------
   Cr2   Cr2   (  0,  -3,   0) -0.0114   ( 0.000, 10.234, -17.726) 20.468 
J_iso: -0.0114 
[Testing!] DMI: (-0.0013  0.0002 -0.0001)
[Testing!]J_ani:
[[-0.001 -0.    -0.   ]
 [-0.     0.002  0.   ]
 [-0.     0.    -0.011]]
----------------------------------------------------------------------------------------
   Cr1   Cr1   (  0,   3,   0) -0.0114   (-0.000, -10.234, 17.726) 20.468 
J_iso: -0.0114 
[Testing!] DMI: (-0.0013  0.0002 -0.0001)
[Testing!]J_ani:
[[-0.001 -0.    -0.   ]
 [-0.     0.002  0.   ]
 [-0.     0.    -0.011]]
----------------------------------------------------------------------------------------
   Cr2   Cr2   (  0,   3,   0) -0.0114   (-0.000, -10.234, 17.726) 20.468 
J_iso: -0.0114 
[Testing!] DMI: ( 0.0013 -0.0002  0.0001)
[Testing!]J_ani:
[[-0.001 -0.    -0.   ]
 [-0.     0.002  0.   ]
 [-0.     0.    -0.011]]
----------------------------------------------------------------------------------------
   Cr1   Cr1   (  3,   0,   0)  0.0242   (-0.000, 10.234, 17.726) 20.468 
J_iso:  0.0242 
[Testing!] DMI: ( 0.0006 -0.0001  0.0001)
[Testing!]J_ani:
[[-0.016 -0.001  0.   ]
 [-0.001 -0.028 -0.   ]
 [ 0.    -0.     0.001]]
----------------------------------------------------------------------------------------
   Cr2   Cr2   (  3,   0,   0)  0.0242   (-0.000, 10.234, 17.726) 20.468 
J_iso:  0.0242 
[Testing!] DMI: (-0.0006  0.0001 -0.0001)
[Testing!]J_ani:
[[-0.016 -0.001  0.   ]
 [-0.001 -0.028 -0.   ]
 [ 0.    -0.     0.001]]
----------------------------------------------------------------------------------------
   Cr1   Cr2   ( -3,   3,   0)  0.0157   ( 0.000, -20.468,  3.939) 20.844 
J_iso:  0.0157 
[Testing!] DMI: ( 0.0000  0.0000 -0.0000)
[Testing!]J_ani:
[[-0.014 -0.009 -0.001]
 [-0.009 -0.012 -0.001]
 [-0.001 -0.001 -0.011]]
----------------------------------------------------------------------------------------
   Cr2   Cr1   ( -3,   3,   0)  0.0121   (-0.000, -20.468, -3.939) 20.844 
J_iso:  0.0121 
[Testing!] DMI: (-0.0000  0.0000 -0.0000)
[Testing!]J_ani:
[[-0.002 -0.01  -0.   ]
 [-0.01  -0.015  0.   ]
 [-0.     0.    -0.006]]
----------------------------------------------------------------------------------------
   Cr1   Cr2   (  3,  -3,   0)  0.0121   ( 0.000, 20.468,  3.939) 20.844 
J_iso:  0.0121 
[Testing!] DMI: ( 0.0000 -0.0000  0.0000)
[Testing!]J_ani:
[[-0.002 -0.01  -0.   ]
 [-0.01  -0.015  0.   ]
 [-0.     0.    -0.006]]
----------------------------------------------------------------------------------------
   Cr2   Cr1   (  3,  -3,   0)  0.0157   (-0.000, 20.468, -3.939) 20.844 
J_iso:  0.0157 
[Testing!] DMI: (-0.0000 -0.0000  0.0000)
[Testing!]J_ani:
[[-0.014 -0.009 -0.001]
 [-0.009 -0.012 -0.001]
 [-0.001 -0.001 -0.011]]
----------------------------------------------------------------------------------------
   Cr2   Cr1   ( -3,   1,   0)  0.0146   (-0.000, -13.645, -15.756) 20.844 
J_iso:  0.0146 
[Testing!] DMI: (-0.0000  0.0000 -0.0000)
[Testing!]J_ani:
[[-0.028  0.    -0.   ]
 [ 0.    -0.001 -0.   ]
 [-0.    -0.     0.004]]
----------------------------------------------------------------------------------------
   Cr1   Cr2   ( -1,   3,   0) -0.0002   ( 0.000, -13.645, 15.756) 20.844 
J_iso: -0.0002 
[Testing!] DMI: ( 0.0000  0.0000  0.0000)
[Testing!]J_ani:
[[ 0.008  0.     0.001]
 [ 0.     0.    -0.   ]
 [ 0.001 -0.    -0.016]]
----------------------------------------------------------------------------------------
   Cr2   Cr1   (  1,  -3,   0) -0.0002   (-0.000, 13.645, -15.756) 20.844 
J_iso: -0.0002 
[Testing!] DMI: (-0.0000 -0.0000 -0.0000)
[Testing!]J_ani:
[[ 0.008  0.     0.001]
 [ 0.     0.    -0.   ]
 [ 0.001 -0.    -0.016]]
----------------------------------------------------------------------------------------
   Cr1   Cr2   (  3,  -1,   0)  0.0146   ( 0.000, 13.645, 15.756) 20.844 
J_iso:  0.0146 
[Testing!] DMI: ( 0.0000 -0.0000  0.0000)
[Testing!]J_ani:
[[-0.028  0.    -0.   ]
 [ 0.    -0.001 -0.   ]
 [-0.    -0.     0.004]]
----------------------------------------------------------------------------------------
   Cr1   Cr2   ( -3,  -1,   0)  0.0194   ( 0.000, -6.823, -19.695) 20.844 
J_iso:  0.0194 
[Testing!] DMI: ( 0.0000 -0.0000 -0.0000)
[Testing!]J_ani:
[[-0.033  0.004  0.   ]
 [ 0.004 -0.004 -0.   ]
 [ 0.    -0.     0.003]]
----------------------------------------------------------------------------------------
   Cr1   Cr2   ( -1,  -3,   0)  0.0078   ( 0.000,  6.823, -19.695) 20.844 
J_iso:  0.0078 
[Testing!] DMI: ( 0.0000 -0.0000  0.0000)
[Testing!]J_ani:
[[-0.003  0.004  0.002]
 [ 0.004 -0.005 -0.001]
 [ 0.002 -0.001 -0.011]]
----------------------------------------------------------------------------------------
   Cr2   Cr1   (  1,   3,   0)  0.0078   (-0.000, -6.823, 19.695) 20.844 
J_iso:  0.0078 
[Testing!] DMI: (-0.0000  0.0000 -0.0000)
[Testing!]J_ani:
[[-0.003  0.004  0.002]
 [ 0.004 -0.005 -0.001]
 [ 0.002 -0.001 -0.011]]
----------------------------------------------------------------------------------------
   Cr2   Cr1   (  3,   1,   0)  0.0194   (-0.000,  6.823, 19.695) 20.844 
J_iso:  0.0194 
[Testing!] DMI: (-0.0000  0.0000  0.0000)
[Testing!]J_ani:
[[-0.033  0.004  0.   ]
 [ 0.004 -0.004 -0.   ]
 [ 0.    -0.     0.003]]
----------------------------------------------------------------------------------------
   Cr2   Cr1   ( -2,  -1,   0)  0.0154   (-0.000, -3.411, -21.665) 21.932 
J_iso:  0.0154 
[Testing!] DMI: ( 0.0000 -0.0000  0.0000)
[Testing!]J_ani:
[[-0.019 -0.004  0.001]
 [-0.004 -0.016  0.001]
 [ 0.001  0.001 -0.007]]
----------------------------------------------------------------------------------------
   Cr2   Cr1   ( -1,  -2,   0)  0.0051   (-0.000,  3.411, -21.665) 21.932 
J_iso:  0.0051 
[Testing!] DMI: ( 0.0000 -0.0000 -0.0000)
[Testing!]J_ani:
[[-0.006 -0.004 -0.   ]
 [-0.004 -0.007 -0.   ]
 [-0.    -0.    -0.013]]
----------------------------------------------------------------------------------------
   Cr1   Cr2   (  1,   2,   0)  0.0051   ( 0.000, -3.411, 21.665) 21.932 
J_iso:  0.0051 
[Testing!] DMI: (-0.0000  0.0000  0.0000)
[Testing!]J_ani:
[[-0.006 -0.004 -0.   ]
 [-0.004 -0.007 -0.   ]
 [-0.    -0.    -0.013]]
----------------------------------------------------------------------------------------
   Cr1   Cr2   (  2,   1,   0)  0.0154   ( 0.000,  3.411, 21.665) 21.932 
J_iso:  0.0154 
[Testing!] DMI: (-0.0000  0.0000 -0.0000)
[Testing!]J_ani:
[[-0.019 -0.004  0.001]
 [-0.004 -0.016  0.001]
 [ 0.001  0.001 -0.007]]
----------------------------------------------------------------------------------------
   Cr1   Cr1   ( -2,  -2,   0)  0.0053   ( 0.000,  0.000, -23.634) 23.634 
J_iso:  0.0053 
[Testing!] DMI: ( 0.0004  0.0018 -0.0001)
[Testing!]J_ani:
[[-0.016 -0.     0.   ]
 [-0.    -0.011 -0.   ]
 [ 0.    -0.    -0.006]]
----------------------------------------------------------------------------------------
   Cr2   Cr2   ( -2,  -2,   0)  0.0053   ( 0.000,  0.000, -23.634) 23.634 
J_iso:  0.0053 
[Testing!] DMI: (-0.0004 -0.0018  0.0001)
[Testing!]J_ani:
[[-0.016 -0.     0.   ]
 [-0.    -0.011 -0.   ]
 [ 0.    -0.    -0.006]]
----------------------------------------------------------------------------------------
   Cr1   Cr1   (  2,   2,   0)  0.0053   (-0.000,  0.000, 23.634) 23.634 
J_iso:  0.0053 
[Testing!] DMI: (-0.0004 -0.0018  0.0001)
[Testing!]J_ani:
[[-0.016 -0.     0.   ]
 [-0.    -0.011 -0.   ]
 [ 0.    -0.    -0.006]]
----------------------------------------------------------------------------------------
   Cr2   Cr2   (  2,   2,   0)  0.0053   (-0.000,  0.000, 23.634) 23.634 
J_iso:  0.0053 
[Testing!] DMI: ( 0.0004  0.0018 -0.0001)
[Testing!]J_ani:
[[-0.016 -0.     0.   ]
 [-0.    -0.011 -0.   ]
 [ 0.    -0.    -0.006]]
----------------------------------------------------------------------------------------
   Cr2   Cr1   ( -3,   0,   0)  0.0153   (-0.000, -10.234, -21.665) 23.960 
J_iso:  0.0153 
[Testing!] DMI: ( 0.0000 -0.0000  0.0000)
[Testing!]J_ani:
[[-0.033 -0.001 -0.001]
 [-0.001 -0.001  0.001]
 [-0.001  0.001  0.002]]
----------------------------------------------------------------------------------------
   Cr2   Cr1   (  0,  -3,   0) -0.0001   (-0.000, 10.234, -21.665) 23.960 
J_iso: -0.0001 
[Testing!] DMI: (-0.0000 -0.0000 -0.0000)
[Testing!]J_ani:
[[ 0.005  0.     0.001]
 [ 0.     0.    -0.   ]
 [ 0.001 -0.    -0.016]]
----------------------------------------------------------------------------------------
   Cr1   Cr2   (  0,   3,   0) -0.0001   ( 0.000, -10.234, 21.665) 23.960 
J_iso: -0.0001 
[Testing!] DMI: ( 0.0000  0.0000  0.0000)
[Testing!]J_ani:
[[ 0.005  0.     0.001]
 [ 0.     0.    -0.   ]
 [ 0.001 -0.    -0.016]]
----------------------------------------------------------------------------------------
   Cr1   Cr2   (  3,   0,   0)  0.0153   ( 0.000, 10.234, 21.665) 23.960 
J_iso:  0.0153 
[Testing!] DMI: (-0.0000  0.0000 -0.0000)
[Testing!]J_ani:
[[-0.033 -0.001 -0.001]
 [-0.001 -0.001  0.001]
 [-0.001  0.001  0.002]]
----------------------------------------------------------------------------------------
   Cr1   Cr1   ( -3,  -1,   0)  0.0165   ( 0.000, -6.823, -23.634) 24.599 
J_iso:  0.0165 
[Testing!] DMI: ( 0.0018  0.0011 -0.0001)
[Testing!]J_ani:
[[-0.012  0.001  0.   ]
 [ 0.001 -0.019 -0.   ]
 [ 0.    -0.    -0.001]]
----------------------------------------------------------------------------------------
   Cr2   Cr2   ( -3,  -1,   0)  0.0165   ( 0.000, -6.823, -23.634) 24.599 
J_iso:  0.0165 
[Testing!] DMI: (-0.0018 -0.0011  0.0001)
[Testing!]J_ani:
[[-0.012  0.001  0.   ]
 [ 0.001 -0.019 -0.   ]
 [ 0.    -0.    -0.001]]
----------------------------------------------------------------------------------------
   Cr1   Cr1   ( -1,  -3,   0) -0.0094   ( 0.000,  6.823, -23.634) 24.599 
J_iso: -0.0094 
[Testing!] DMI: ( 0.0008  0.0000  0.0000)
[Testing!]J_ani:
[[-0.    -0.    -0.001]
 [-0.     0.003  0.   ]
 [-0.001  0.    -0.01 ]]
----------------------------------------------------------------------------------------
   Cr2   Cr2   ( -1,  -3,   0) -0.0094   ( 0.000,  6.823, -23.634) 24.599 
J_iso: -0.0094 
[Testing!] DMI: (-0.0008 -0.0000 -0.0000)
[Testing!]J_ani:
[[-0.    -0.    -0.001]
 [-0.     0.003  0.   ]
 [-0.001  0.    -0.01 ]]
----------------------------------------------------------------------------------------
   Cr1   Cr1   (  1,   3,   0) -0.0094   (-0.000, -6.823, 23.634) 24.599 
J_iso: -0.0094 
[Testing!] DMI: (-0.0008 -0.0000 -0.0000)
[Testing!]J_ani:
[[-0.    -0.    -0.001]
 [-0.     0.003  0.   ]
 [-0.001  0.    -0.01 ]]
----------------------------------------------------------------------------------------
   Cr2   Cr2   (  1,   3,   0) -0.0094   (-0.000, -6.823, 23.634) 24.599 
J_iso: -0.0094 
[Testing!] DMI: ( 0.0008  0.0000  0.0000)
[Testing!]J_ani:
[[-0.    -0.    -0.001]
 [-0.     0.003  0.   ]
 [-0.001  0.    -0.01 ]]
----------------------------------------------------------------------------------------
   Cr1   Cr1   (  3,   1,   0)  0.0165   (-0.000,  6.823, 23.634) 24.599 
J_iso:  0.0165 
[Testing!] DMI: (-0.0018 -0.0011  0.0001)
[Testing!]J_ani:
[[-0.012  0.001  0.   ]
 [ 0.001 -0.019 -0.   ]
 [ 0.    -0.    -0.001]]
----------------------------------------------------------------------------------------
   Cr2   Cr2   (  3,   1,   0)  0.0165   (-0.000,  6.823, 23.634) 24.599 
J_iso:  0.0165 
[Testing!] DMI: ( 0.0018  0.0011 -0.0001)
[Testing!]J_ani:
[[-0.012  0.001  0.   ]
 [ 0.001 -0.019 -0.   ]
 [ 0.    -0.    -0.001]]
----------------------------------------------------------------------------------------
   Cr2   Cr1   (  2,   3,   0)  0.0043   (-0.000, -3.411, 25.604) 25.830 
J_iso:  0.0043 
[Testing!] DMI: (-0.0000  0.0000 -0.0000)
[Testing!]J_ani:
[[-0.     0.     0.001]
 [ 0.    -0.002 -0.   ]
 [ 0.001 -0.    -0.01 ]]
----------------------------------------------------------------------------------------
   Cr2   Cr1   (  3,   2,   0)  0.0159   (-0.000,  3.411, 25.604) 25.830 
J_iso:  0.0159 
[Testing!] DMI: (-0.0000  0.0000 -0.0000)
[Testing!]J_ani:
[[-0.014 -0.003 -0.002]
 [-0.003 -0.01  -0.   ]
 [-0.002 -0.    -0.003]]
----------------------------------------------------------------------------------------
   Cr1   Cr2   ( -3,  -2,   0)  0.0159   ( 0.000, -3.411, -25.604) 25.830 
J_iso:  0.0159 
[Testing!] DMI: ( 0.0000 -0.0000  0.0000)
[Testing!]J_ani:
[[-0.014 -0.003 -0.002]
 [-0.003 -0.01  -0.   ]
 [-0.002 -0.    -0.003]]
----------------------------------------------------------------------------------------
   Cr1   Cr2   ( -2,  -3,   0)  0.0043   ( 0.000,  3.411, -25.604) 25.830 
J_iso:  0.0043 
[Testing!] DMI: ( 0.0000 -0.0000  0.0000)
[Testing!]J_ani:
[[-0.     0.     0.001]
 [ 0.    -0.002 -0.   ]
 [ 0.001 -0.    -0.01 ]]
----------------------------------------------------------------------------------------
   Cr2   Cr1   ( -2,  -2,   0)  0.0039   (-0.000, -0.000, -27.573) 27.573 
J_iso:  0.0039 
[Testing!] DMI: ( 0.0000 -0.0000 -0.0000)
[Testing!]J_ani:
[[-0.002 -0.001  0.002]
 [-0.001 -0.007  0.   ]
 [ 0.002  0.    -0.014]]
----------------------------------------------------------------------------------------
   Cr1   Cr2   (  2,   2,   0)  0.0039   ( 0.000,  0.000, 27.573) 27.573 
J_iso:  0.0039 
[Testing!] DMI: (-0.0000  0.0000  0.0000)
[Testing!]J_ani:
[[-0.002 -0.001  0.002]
 [-0.001 -0.007  0.   ]
 [ 0.002  0.    -0.014]]
----------------------------------------------------------------------------------------
   Cr2   Cr1   ( -3,  -1,   0)  0.0055   (-0.000, -6.823, -27.573) 28.405 
J_iso:  0.0055 
[Testing!] DMI: ( 0.0000 -0.0000  0.0000)
[Testing!]J_ani:
[[-0.018  0.002 -0.001]
 [ 0.002  0.     0.   ]
 [-0.001  0.    -0.003]]
----------------------------------------------------------------------------------------
   Cr2   Cr1   ( -1,  -3,   0) -0.0031   (-0.000,  6.823, -27.573) 28.405 
J_iso: -0.0031 
[Testing!] DMI: (-0.0000 -0.0000 -0.0000)
[Testing!]J_ani:
[[ 0.007  0.     0.   ]
 [ 0.     0.     0.   ]
 [ 0.     0.    -0.015]]
----------------------------------------------------------------------------------------
   Cr1   Cr2   (  1,   3,   0) -0.0031   ( 0.000, -6.823, 27.573) 28.405 
J_iso: -0.0031 
[Testing!] DMI: ( 0.0000  0.0000  0.0000)
[Testing!]J_ani:
[[ 0.007  0.     0.   ]
 [ 0.     0.     0.   ]
 [ 0.     0.    -0.015]]
----------------------------------------------------------------------------------------
   Cr1   Cr2   (  3,   1,   0)  0.0055   ( 0.000,  6.823, 27.573) 28.405 
J_iso:  0.0055 
[Testing!] DMI: (-0.0000  0.0000 -0.0000)
[Testing!]J_ani:
[[-0.018  0.002 -0.001]
 [ 0.002  0.     0.   ]
 [-0.001  0.    -0.003]]
----------------------------------------------------------------------------------------
   Cr1   Cr1   (  2,   3,   0) -0.0072   (-0.000, -3.411, 29.543) 29.739 
J_iso: -0.0072 
[Testing!] DMI: ( 0.0011 -0.0003 -0.0000)
[Testing!]J_ani:
[[-0.001  0.    -0.001]
 [ 0.     0.003  0.   ]
 [-0.001  0.    -0.009]]
----------------------------------------------------------------------------------------
   Cr2   Cr2   (  2,   3,   0) -0.0072   (-0.000, -3.411, 29.543) 29.739 
J_iso: -0.0072 
[Testing!] DMI: (-0.0011  0.0003  0.0000)
[Testing!]J_ani:
[[-0.001  0.    -0.001]
 [ 0.     0.003  0.   ]
 [-0.001  0.    -0.009]]
----------------------------------------------------------------------------------------
   Cr1   Cr1   (  3,   2,   0)  0.0078   (-0.000,  3.411, 29.543) 29.739 
J_iso:  0.0078 
[Testing!] DMI: (-0.0013 -0.0018 -0.0002)
[Testing!]J_ani:
[[-0.008  0.001  0.   ]
 [ 0.001 -0.018 -0.   ]
 [ 0.    -0.    -0.004]]
----------------------------------------------------------------------------------------
   Cr2   Cr2   (  3,   2,   0)  0.0078   (-0.000,  3.411, 29.543) 29.739 
J_iso:  0.0078 
[Testing!] DMI: ( 0.0013  0.0018  0.0002)
[Testing!]J_ani:
[[-0.008  0.001  0.   ]
 [ 0.001 -0.018 -0.   ]
 [ 0.    -0.    -0.004]]
----------------------------------------------------------------------------------------
   Cr1   Cr1   ( -3,  -2,   0)  0.0078   ( 0.000, -3.411, -29.543) 29.739 
J_iso:  0.0078 
[Testing!] DMI: ( 0.0013  0.0018  0.0002)
[Testing!]J_ani:
[[-0.008  0.001  0.   ]
 [ 0.001 -0.018 -0.   ]
 [ 0.    -0.    -0.004]]
----------------------------------------------------------------------------------------
   Cr1   Cr1   ( -2,  -3,   0) -0.0072   ( 0.000,  3.411, -29.543) 29.739 
J_iso: -0.0072 
[Testing!] DMI: (-0.0011  0.0003  0.0000)
[Testing!]J_ani:
[[-0.001  0.    -0.001]
 [ 0.     0.003  0.   ]
 [-0.001  0.    -0.009]]
----------------------------------------------------------------------------------------
   Cr2   Cr2   ( -3,  -2,   0)  0.0078   ( 0.000, -3.411, -29.543) 29.739 
J_iso:  0.0078 
[Testing!] DMI: (-0.0013 -0.0018 -0.0002)
[Testing!]J_ani:
[[-0.008  0.001  0.   ]
 [ 0.001 -0.018 -0.   ]
 [ 0.    -0.    -0.004]]
----------------------------------------------------------------------------------------
   Cr2   Cr2   ( -2,  -3,   0) -0.0072   ( 0.000,  3.411, -29.543) 29.739 
J_iso: -0.0072 
[Testing!] DMI: ( 0.0011 -0.0003 -0.0000)
[Testing!]J_ani:
[[-0.001  0.    -0.001]
 [ 0.     0.003  0.   ]
 [-0.001  0.    -0.009]]
----------------------------------------------------------------------------------------
   Cr1   Cr2   ( -3,  -3,   0)  0.0064   ( 0.000,  0.000, -31.512) 31.512 
J_iso:  0.0064 
[Testing!] DMI: ( 0.0000 -0.0000  0.0000)
[Testing!]J_ani:
[[ 0.004 -0.002 -0.001]
 [-0.002 -0.009 -0.001]
 [-0.001 -0.001 -0.008]]
----------------------------------------------------------------------------------------
   Cr2   Cr1   (  3,   3,   0)  0.0064   (-0.000, -0.000, 31.512) 31.512 
J_iso:  0.0064 
[Testing!] DMI: (-0.0000  0.0000 -0.0000)
[Testing!]J_ani:
[[ 0.004 -0.002 -0.001]
 [-0.002 -0.009 -0.001]
 [-0.001 -0.001 -0.008]]
----------------------------------------------------------------------------------------
   Cr2   Cr1   ( -3,  -2,   0) -0.0001   (-0.000, -3.411, -33.482) 33.655 
J_iso: -0.0001 
[Testing!] DMI: (-0.0000 -0.0000  0.0000)
[Testing!]J_ani:
[[ 0.004  0.004  0.001]
 [ 0.004 -0.007 -0.   ]
 [ 0.001 -0.    -0.009]]
----------------------------------------------------------------------------------------
   Cr2   Cr1   ( -2,  -3,   0)  0.0024   (-0.000,  3.411, -33.482) 33.655 
J_iso:  0.0024 
[Testing!] DMI: (-0.0000 -0.0000 -0.0000)
[Testing!]J_ani:
[[ 0.002  0.007  0.002]
 [ 0.007 -0.007  0.   ]
 [ 0.002  0.    -0.012]]
----------------------------------------------------------------------------------------
   Cr1   Cr2   (  2,   3,   0)  0.0024   ( 0.000, -3.411, 33.482) 33.655 
J_iso:  0.0024 
[Testing!] DMI: ( 0.0000  0.0000  0.0000)
[Testing!]J_ani:
[[ 0.002  0.007  0.002]
 [ 0.007 -0.007  0.   ]
 [ 0.002  0.    -0.012]]
----------------------------------------------------------------------------------------
   Cr1   Cr2   (  3,   2,   0) -0.0001   ( 0.000,  3.411, 33.482) 33.655 
J_iso: -0.0001 
[Testing!] DMI: ( 0.0000  0.0000 -0.0000)
[Testing!]J_ani:
[[ 0.004  0.004  0.001]
 [ 0.004 -0.007 -0.   ]
 [ 0.001 -0.    -0.009]]
----------------------------------------------------------------------------------------
   Cr1   Cr1   ( -3,  -3,   0)  0.0023   ( 0.000,  0.000, -35.451) 35.451 
J_iso:  0.0023 
[Testing!] DMI: (-0.0020  0.0013  0.0000)
[Testing!]J_ani:
[[-0.018 -0.    -0.   ]
 [-0.    -0.002  0.   ]
 [-0.     0.    -0.007]]
----------------------------------------------------------------------------------------
   Cr2   Cr2   ( -3,  -3,   0)  0.0023   ( 0.000,  0.000, -35.451) 35.451 
J_iso:  0.0023 
[Testing!] DMI: ( 0.0020 -0.0013 -0.0000)
[Testing!]J_ani:
[[-0.018 -0.    -0.   ]
 [-0.    -0.002  0.   ]
 [-0.     0.    -0.007]]
----------------------------------------------------------------------------------------
   Cr1   Cr1   (  3,   3,   0)  0.0023   (-0.000,  0.000, 35.451) 35.451 
J_iso:  0.0023 
[Testing!] DMI: ( 0.0020 -0.0013 -0.0000)
[Testing!]J_ani:
[[-0.018 -0.    -0.   ]
 [-0.    -0.002  0.   ]
 [-0.     0.    -0.007]]
----------------------------------------------------------------------------------------
   Cr2   Cr2   (  3,   3,   0)  0.0023   (-0.000,  0.000, 35.451) 35.451 
J_iso:  0.0023 
[Testing!] DMI: (-0.0020  0.0013  0.0000)
[Testing!]J_ani:
[[-0.018 -0.    -0.   ]
 [-0.    -0.002  0.   ]
 [-0.     0.    -0.007]]
----------------------------------------------------------------------------------------
   Cr2   Cr1   ( -3,  -3,   0)  0.0230   (-0.000, -0.000, -39.391) 39.391 
J_iso:  0.0230 
[Testing!] DMI: (-0.0000 -0.0000  0.0000)
[Testing!]J_ani:
[[-0.021  0.022  0.001]
 [ 0.022 -0.022  0.001]
 [ 0.001  0.001 -0.01 ]]
----------------------------------------------------------------------------------------
   Cr1   Cr2   (  3,   3,   0)  0.0230   ( 0.000,  0.000, 39.391) 39.391 
J_iso:  0.0230 
[Testing!] DMI: ( 0.0000  0.0000 -0.0000)
[Testing!]J_ani:
[[-0.021  0.022  0.001]
 [ 0.022 -0.022  0.001]
 [ 0.001  0.001 -0.01 ]]
