==========================================================================================
Information: 
Exchange parameters generated by TB2J 0.9.0.1
Generation time: 25/06/02 22:35:34
 Input from non-collinear Siesta data.
 working directory: /Users/hexu/projects/TB2J_SIESTA_TUTORIAL/CrI3/scf/y
 fdf_fname: siesta.fdf.
Warning: The DMI component parallel to the spin orientation, the Jani which has the component of that orientation should be disregarded
 e.g. if the spins are along z, the xz, yz, zz, zx, zy components and the z component of DMI.
 If you need these component, try to do three calculations with spin along x, y, z,  or use structure with z rotated to x, y and z. And then use TB2J_merge.py to get the full set of parameters.

==========================================================================================
Cell (Angstrom):
-6.01281438  3.47150000  0.00000000
-6.01281438  -3.47150000  0.00000000
0.00000000  0.00000000  13.00000000

==========================================================================================
Atoms:  
(Note: charge and magmoms only count the wannier functions.)
Atom_number        x             y             z       w_charge    M(x)      M(y)      M(z)   
Cr1            -4.00854292    0.00000000    6.50000000   14.6030    0.0000    3.5572   -0.0000
Cr2            -8.01708584    0.00000000    6.50000000   14.6030   -0.0000    3.5572   -0.0000
I1             -8.08994330   -2.27226905    4.89133207    6.7987   -0.0016   -0.1773   -0.0010
I2             -2.07712892   -1.19923094    8.10866793    6.7987    0.0016   -0.1773   -0.0010
I3             -6.01281439    1.07303812    4.89133207    6.7996   -0.0000   -0.1745    0.0020
I4             -6.01281437   -1.07303812    8.10866793    6.7996    0.0000   -0.1745    0.0020
I5             -9.94849984    1.19923094    4.89133207    6.7987    0.0016   -0.1773   -0.0010
I6             -3.93568546    2.27226905    8.10866793    6.7987   -0.0016   -0.1773   -0.0010
Total                                                    70.0000    0.0000    6.0560   -0.0001

==========================================================================================
Exchange: 
    i      j          R        J_iso(meV)          vector          distance(A) 
----------------------------------------------------------------------------------------
   Cr1   Cr2   ( -1,   0,   0)  2.5179   ( 2.004, -3.471,  0.000)  4.009 
J_iso:  2.5179 
[Testing!] DMI: ( 0.0000 -0.0000  0.0000)
[Testing!]J_ani:
[[ -0.759  -0.411   0.437]
 [ -0.411 -10.501   0.132]
 [  0.437   0.132  -0.349]]
----------------------------------------------------------------------------------------
   Cr1   Cr2   (  0,  -1,   0)  2.5180   ( 2.004,  3.471,  0.000)  4.009 
J_iso:  2.5180 
[Testing!] DMI: ( 0.0000  0.0000 -0.0000)
[Testing!]J_ani:
[[ -0.759   0.411  -0.437]
 [  0.411 -10.501   0.132]
 [ -0.437   0.132  -0.349]]
----------------------------------------------------------------------------------------
   Cr2   Cr1   (  0,   1,   0)  2.5180   (-2.004, -3.471, -0.000)  4.009 
J_iso:  2.5180 
[Testing!] DMI: (-0.0000 -0.0000  0.0000)
[Testing!]J_ani:
[[ -0.759   0.411  -0.437]
 [  0.411 -10.501   0.132]
 [ -0.437   0.132  -0.349]]
----------------------------------------------------------------------------------------
   Cr2   Cr1   (  1,   0,   0)  2.5179   (-2.004,  3.471, -0.000)  4.009 
J_iso:  2.5179 
[Testing!] DMI: (-0.0000  0.0000 -0.0000)
[Testing!]J_ani:
[[ -0.759  -0.411   0.437]
 [ -0.411 -10.501   0.132]
 [  0.437   0.132  -0.349]]
----------------------------------------------------------------------------------------
   Cr1   Cr2   (  0,   0,   0)  2.8074   (-4.009,  0.000,  0.000)  4.009 
J_iso:  2.8074 
[Testing!] DMI: (-0.0000 -0.0000 -0.0000)
[Testing!]J_ani:
[[ -0.295   0.      0.   ]
 [  0.    -10.577  -0.254]
 [  0.     -0.254  -0.654]]
----------------------------------------------------------------------------------------
   Cr2   Cr1   (  0,   0,   0)  2.8074   ( 4.009,  0.000, -0.000)  4.009 
J_iso:  2.8074 
[Testing!] DMI: ( 0.0000  0.0000  0.0000)
[Testing!]J_ani:
[[ -0.295   0.      0.   ]
 [  0.    -10.577  -0.254]
 [  0.     -0.254  -0.654]]
----------------------------------------------------------------------------------------
   Cr1   Cr1   ( -1,   1,   0)  0.9068   ( 0.000, -6.943,  0.000)  6.943 
J_iso:  0.9068 
[Testing!] DMI: ( 0.0000 -0.0855  0.0167)
[Testing!]J_ani:
[[-0.039 -0.     0.   ]
 [-0.    -2.543  0.137]
 [ 0.     0.137 -0.161]]
----------------------------------------------------------------------------------------
   Cr2   Cr2   ( -1,   1,   0)  0.9068   ( 0.000, -6.943,  0.000)  6.943 
J_iso:  0.9068 
[Testing!] DMI: (-0.0000  0.0855 -0.0167)
[Testing!]J_ani:
[[-0.039  0.    -0.   ]
 [ 0.    -2.543  0.137]
 [-0.     0.137 -0.161]]
----------------------------------------------------------------------------------------
   Cr1   Cr1   (  1,  -1,   0)  0.9068   ( 0.000,  6.943,  0.000)  6.943 
J_iso:  0.9068 
[Testing!] DMI: (-0.0000  0.0855 -0.0167)
[Testing!]J_ani:
[[-0.039 -0.     0.   ]
 [-0.    -2.543  0.137]
 [ 0.     0.137 -0.161]]
----------------------------------------------------------------------------------------
   Cr2   Cr2   (  1,  -1,   0)  0.9068   ( 0.000,  6.943,  0.000)  6.943 
J_iso:  0.9068 
[Testing!] DMI: ( 0.0000 -0.0855  0.0167)
[Testing!]J_ani:
[[-0.039  0.    -0.   ]
 [ 0.    -2.543  0.137]
 [-0.     0.137 -0.161]]
----------------------------------------------------------------------------------------
   Cr2   Cr2   (  0,   1,   0)  0.8815   (-6.013, -3.471,  0.000)  6.943 
J_iso:  0.8815 
[Testing!] DMI: ( 0.0538  0.0465  0.0128)
[Testing!]J_ani:
[[-0.109 -0.046  0.048]
 [-0.046 -2.46  -0.071]
 [ 0.048 -0.071 -0.128]]
----------------------------------------------------------------------------------------
   Cr2   Cr2   (  1,   0,   0)  0.8815   (-6.013,  3.471,  0.000)  6.943 
J_iso:  0.8815 
[Testing!] DMI: ( 0.0538 -0.0465 -0.0128)
[Testing!]J_ani:
[[-0.109  0.046 -0.048]
 [ 0.046 -2.46  -0.071]
 [-0.048 -0.071 -0.128]]
----------------------------------------------------------------------------------------
   Cr1   Cr1   ( -1,   0,   0)  0.8815   ( 6.013, -3.471,  0.000)  6.943 
J_iso:  0.8815 
[Testing!] DMI: ( 0.0538 -0.0465 -0.0128)
[Testing!]J_ani:
[[-0.109  0.046 -0.048]
 [ 0.046 -2.46  -0.071]
 [-0.048 -0.071 -0.128]]
----------------------------------------------------------------------------------------
   Cr2   Cr2   ( -1,   0,   0)  0.8815   ( 6.013, -3.471,  0.000)  6.943 
J_iso:  0.8815 
[Testing!] DMI: (-0.0538  0.0465  0.0128)
[Testing!]J_ani:
[[-0.109  0.046 -0.048]
 [ 0.046 -2.46  -0.071]
 [-0.048 -0.071 -0.128]]
----------------------------------------------------------------------------------------
   Cr1   Cr1   (  0,  -1,   0)  0.8815   ( 6.013,  3.471,  0.000)  6.943 
J_iso:  0.8815 
[Testing!] DMI: ( 0.0538  0.0465  0.0128)
[Testing!]J_ani:
[[-0.109 -0.046  0.048]
 [-0.046 -2.46  -0.071]
 [ 0.048 -0.071 -0.128]]
----------------------------------------------------------------------------------------
   Cr2   Cr2   (  0,  -1,   0)  0.8815   ( 6.013,  3.471,  0.000)  6.943 
J_iso:  0.8815 
[Testing!] DMI: (-0.0538 -0.0465 -0.0128)
[Testing!]J_ani:
[[-0.109 -0.046  0.048]
 [-0.046 -2.46  -0.071]
 [ 0.048 -0.071 -0.128]]
----------------------------------------------------------------------------------------
   Cr1   Cr1   (  0,   1,   0)  0.8815   (-6.013, -3.471,  0.000)  6.943 
J_iso:  0.8815 
[Testing!] DMI: (-0.0538 -0.0465 -0.0128)
[Testing!]J_ani:
[[-0.109 -0.046  0.048]
 [-0.046 -2.46  -0.071]
 [ 0.048 -0.071 -0.128]]
----------------------------------------------------------------------------------------
   Cr1   Cr1   (  1,   0,   0)  0.8815   (-6.013,  3.471,  0.000)  6.943 
J_iso:  0.8815 
[Testing!] DMI: (-0.0538  0.0465  0.0128)
[Testing!]J_ani:
[[-0.109  0.046 -0.048]
 [ 0.046 -2.46  -0.071]
 [-0.048 -0.071 -0.128]]
----------------------------------------------------------------------------------------
   Cr1   Cr2   ( -1,   1,   0)  0.0718   (-4.009, -6.943,  0.000)  8.017 
J_iso:  0.0718 
[Testing!] DMI: (-0.0000 -0.0000 -0.0000)
[Testing!]J_ani:
[[-0.065  0.028 -0.022]
 [ 0.028 -0.458 -0.008]
 [-0.022 -0.008 -0.05 ]]
----------------------------------------------------------------------------------------
   Cr2   Cr1   ( -1,   1,   0)  0.0718   ( 4.009, -6.943, -0.000)  8.017 
J_iso:  0.0718 
[Testing!] DMI: ( 0.0000 -0.0000 -0.0000)
[Testing!]J_ani:
[[-0.065 -0.028  0.022]
 [-0.028 -0.458 -0.008]
 [ 0.022 -0.008 -0.05 ]]
----------------------------------------------------------------------------------------
   Cr1   Cr2   (  1,  -1,   0)  0.0718   (-4.009,  6.943,  0.000)  8.017 
J_iso:  0.0718 
[Testing!] DMI: (-0.0000  0.0000  0.0000)
[Testing!]J_ani:
[[-0.065 -0.028  0.022]
 [-0.028 -0.458 -0.008]
 [ 0.022 -0.008 -0.05 ]]
----------------------------------------------------------------------------------------
   Cr2   Cr1   (  1,  -1,   0)  0.0718   ( 4.009,  6.943, -0.000)  8.017 
J_iso:  0.0718 
[Testing!] DMI: ( 0.0000  0.0000  0.0000)
[Testing!]J_ani:
[[-0.065  0.028 -0.022]
 [ 0.028 -0.458 -0.008]
 [-0.022 -0.008 -0.05 ]]
----------------------------------------------------------------------------------------
   Cr1   Cr2   ( -1,  -1,   0)  0.0870   ( 8.017,  0.000,  0.000)  8.017 
J_iso:  0.0870 
[Testing!] DMI: ( 0.0000 -0.0000  0.0000)
[Testing!]J_ani:
[[-0.037 -0.    -0.   ]
 [-0.    -0.455  0.012]
 [-0.     0.012 -0.062]]
----------------------------------------------------------------------------------------
   Cr2   Cr1   (  1,   1,   0)  0.0870   (-8.017,  0.000, -0.000)  8.017 
J_iso:  0.0870 
[Testing!] DMI: (-0.0000  0.0000 -0.0000)
[Testing!]J_ani:
[[-0.037 -0.    -0.   ]
 [-0.    -0.455  0.012]
 [-0.     0.012 -0.062]]
----------------------------------------------------------------------------------------
   Cr1   Cr2   ( -2,   1,   0)  0.0152   ( 2.004, -10.415,  0.000) 10.606 
J_iso:  0.0152 
[Testing!] DMI: ( 0.0000  0.0000  0.0000)
[Testing!]J_ani:
[[-0.008 -0.016  0.001]
 [-0.016 -0.174  0.005]
 [ 0.001  0.005 -0.007]]
----------------------------------------------------------------------------------------
   Cr2   Cr1   ( -1,   2,   0)  0.0152   (-2.004, -10.415, -0.000) 10.606 
J_iso:  0.0152 
[Testing!] DMI: (-0.0000  0.0000  0.0000)
[Testing!]J_ani:
[[-0.008  0.016 -0.001]
 [ 0.016 -0.174  0.005]
 [-0.001  0.005 -0.007]]
----------------------------------------------------------------------------------------
   Cr1   Cr2   (  1,  -2,   0)  0.0152   ( 2.004, 10.415,  0.000) 10.606 
J_iso:  0.0152 
[Testing!] DMI: ( 0.0000 -0.0000 -0.0000)
[Testing!]J_ani:
[[-0.008  0.016 -0.001]
 [ 0.016 -0.174  0.005]
 [-0.001  0.005 -0.007]]
----------------------------------------------------------------------------------------
   Cr2   Cr1   (  2,  -1,   0)  0.0152   (-2.004, 10.415, -0.000) 10.606 
J_iso:  0.0152 
[Testing!] DMI: (-0.0000 -0.0000 -0.0000)
[Testing!]J_ani:
[[-0.008 -0.016  0.001]
 [-0.016 -0.174  0.005]
 [ 0.001  0.005 -0.007]]
----------------------------------------------------------------------------------------
   Cr1   Cr2   ( -2,   0,   0)  0.0229   ( 8.017, -6.943,  0.000) 10.606 
J_iso:  0.0229 
[Testing!] DMI: (-0.0000 -0.0000 -0.0000)
[Testing!]J_ani:
[[-0.011  0.012 -0.001]
 [ 0.012 -0.154  0.007]
 [-0.001  0.007 -0.009]]
----------------------------------------------------------------------------------------
   Cr1   Cr2   (  0,  -2,   0)  0.0229   ( 8.017,  6.943,  0.000) 10.606 
J_iso:  0.0229 
[Testing!] DMI: (-0.0000  0.0000  0.0000)
[Testing!]J_ani:
[[-0.011 -0.012  0.001]
 [-0.012 -0.154  0.007]
 [ 0.001  0.007 -0.009]]
----------------------------------------------------------------------------------------
   Cr2   Cr1   (  0,   2,   0)  0.0229   (-8.017, -6.943, -0.000) 10.606 
J_iso:  0.0229 
[Testing!] DMI: ( 0.0000 -0.0000 -0.0000)
[Testing!]J_ani:
[[-0.011 -0.012  0.001]
 [-0.012 -0.154  0.007]
 [ 0.001  0.007 -0.009]]
----------------------------------------------------------------------------------------
   Cr2   Cr1   (  2,   0,   0)  0.0229   (-8.017,  6.943, -0.000) 10.606 
J_iso:  0.0229 
[Testing!] DMI: ( 0.0000  0.0000  0.0000)
[Testing!]J_ani:
[[-0.011  0.012 -0.001]
 [ 0.012 -0.154  0.007]
 [-0.001  0.007 -0.009]]
----------------------------------------------------------------------------------------
   Cr2   Cr1   ( -1,   0,   0)  0.0176   (10.021, -3.471, -0.000) 10.606 
J_iso:  0.0176 
[Testing!] DMI: (-0.0000  0.0000 -0.0000)
[Testing!]J_ani:
[[-0.006 -0.007  0.   ]
 [-0.007 -0.169 -0.011]
 [ 0.    -0.011 -0.009]]
----------------------------------------------------------------------------------------
   Cr2   Cr1   (  0,  -1,   0)  0.0176   (10.021,  3.471, -0.000) 10.606 
J_iso:  0.0176 
[Testing!] DMI: (-0.0000 -0.0000  0.0000)
[Testing!]J_ani:
[[-0.006  0.007 -0.   ]
 [ 0.007 -0.169 -0.011]
 [-0.    -0.011 -0.009]]
----------------------------------------------------------------------------------------
   Cr1   Cr2   (  0,   1,   0)  0.0176   (-10.021, -3.471,  0.000) 10.606 
J_iso:  0.0176 
[Testing!] DMI: ( 0.0000  0.0000 -0.0000)
[Testing!]J_ani:
[[-0.006  0.007 -0.   ]
 [ 0.007 -0.169 -0.011]
 [-0.    -0.011 -0.009]]
----------------------------------------------------------------------------------------
   Cr1   Cr2   (  1,   0,   0)  0.0176   (-10.021,  3.471,  0.000) 10.606 
J_iso:  0.0176 
[Testing!] DMI: ( 0.0000 -0.0000  0.0000)
[Testing!]J_ani:
[[-0.006 -0.007  0.   ]
 [-0.007 -0.169 -0.011]
 [ 0.    -0.011 -0.009]]
----------------------------------------------------------------------------------------
   Cr1   Cr1   ( -2,   1,   0) -0.0345   ( 6.013, -10.415,  0.000) 12.026 
J_iso: -0.0345 
[Testing!] DMI: (-0.0030  0.0066  0.0007)
[Testing!]J_ani:
[[-0.006  0.001 -0.003]
 [ 0.001 -0.098  0.002]
 [-0.003  0.002 -0.005]]
----------------------------------------------------------------------------------------
   Cr2   Cr2   ( -2,   1,   0) -0.0345   ( 6.013, -10.415,  0.000) 12.026 
J_iso: -0.0345 
[Testing!] DMI: ( 0.0030 -0.0066 -0.0007)
[Testing!]J_ani:
[[-0.006  0.001 -0.003]
 [ 0.001 -0.098  0.002]
 [-0.003  0.002 -0.005]]
----------------------------------------------------------------------------------------
   Cr1   Cr1   ( -1,   2,   0) -0.0345   (-6.013, -10.415,  0.000) 12.026 
J_iso: -0.0345 
[Testing!] DMI: ( 0.0030  0.0066  0.0007)
[Testing!]J_ani:
[[-0.006 -0.001  0.003]
 [-0.001 -0.098  0.002]
 [ 0.003  0.002 -0.005]]
----------------------------------------------------------------------------------------
   Cr2   Cr2   ( -1,   2,   0) -0.0345   (-6.013, -10.415,  0.000) 12.026 
J_iso: -0.0345 
[Testing!] DMI: (-0.0030 -0.0066 -0.0007)
[Testing!]J_ani:
[[-0.006 -0.001  0.003]
 [-0.001 -0.098  0.002]
 [ 0.003  0.002 -0.005]]
----------------------------------------------------------------------------------------
   Cr1   Cr1   (  1,  -2,   0) -0.0345   ( 6.013, 10.415,  0.000) 12.026 
J_iso: -0.0345 
[Testing!] DMI: (-0.0030 -0.0066 -0.0007)
[Testing!]J_ani:
[[-0.006 -0.001  0.003]
 [-0.001 -0.098  0.002]
 [ 0.003  0.002 -0.005]]
----------------------------------------------------------------------------------------
   Cr2   Cr2   (  1,  -2,   0) -0.0345   ( 6.013, 10.415,  0.000) 12.026 
J_iso: -0.0345 
[Testing!] DMI: ( 0.0030  0.0066  0.0007)
[Testing!]J_ani:
[[-0.006 -0.001  0.003]
 [-0.001 -0.098  0.002]
 [ 0.003  0.002 -0.005]]
----------------------------------------------------------------------------------------
   Cr1   Cr1   (  2,  -1,   0) -0.0345   (-6.013, 10.415,  0.000) 12.026 
J_iso: -0.0345 
[Testing!] DMI: ( 0.0030 -0.0066 -0.0007)
[Testing!]J_ani:
[[-0.006  0.001 -0.003]
 [ 0.001 -0.098  0.002]
 [-0.003  0.002 -0.005]]
----------------------------------------------------------------------------------------
   Cr2   Cr2   (  2,  -1,   0) -0.0345   (-6.013, 10.415,  0.000) 12.026 
J_iso: -0.0345 
[Testing!] DMI: (-0.0030  0.0066  0.0007)
[Testing!]J_ani:
[[-0.006  0.001 -0.003]
 [ 0.001 -0.098  0.002]
 [-0.003  0.002 -0.005]]
----------------------------------------------------------------------------------------
   Cr1   Cr1   ( -1,  -1,   0) -0.0327   (12.026,  0.000,  0.000) 12.026 
J_iso: -0.0327 
[Testing!] DMI: (-0.0080 -0.0000 -0.0000)
[Testing!]J_ani:
[[-0.005 -0.    -0.   ]
 [-0.    -0.092 -0.004]
 [-0.    -0.004 -0.005]]
----------------------------------------------------------------------------------------
   Cr2   Cr2   ( -1,  -1,   0) -0.0327   (12.026,  0.000,  0.000) 12.026 
J_iso: -0.0327 
[Testing!] DMI: ( 0.0080  0.0000  0.0000)
[Testing!]J_ani:
[[-0.005  0.    -0.   ]
 [ 0.    -0.092 -0.004]
 [-0.    -0.004 -0.005]]
----------------------------------------------------------------------------------------
   Cr1   Cr1   (  1,   1,   0) -0.0327   (-12.026,  0.000,  0.000) 12.026 
J_iso: -0.0327 
[Testing!] DMI: ( 0.0080  0.0000  0.0000)
[Testing!]J_ani:
[[-0.005 -0.    -0.   ]
 [-0.    -0.092 -0.004]
 [-0.    -0.004 -0.005]]
----------------------------------------------------------------------------------------
   Cr2   Cr2   (  1,   1,   0) -0.0327   (-12.026,  0.000,  0.000) 12.026 
J_iso: -0.0327 
[Testing!] DMI: (-0.0080 -0.0000 -0.0000)
[Testing!]J_ani:
[[-0.005  0.    -0.   ]
 [ 0.    -0.092 -0.004]
 [-0.    -0.004 -0.005]]
----------------------------------------------------------------------------------------
   Cr1   Cr1   ( -2,   2,   0) -0.0060   ( 0.000, -13.886,  0.000) 13.886 
J_iso: -0.0060 
[Testing!] DMI: (-0.0000 -0.0031 -0.0023)
[Testing!]J_ani:
[[-0.002  0.     0.   ]
 [ 0.    -0.008 -0.001]
 [ 0.    -0.001 -0.002]]
----------------------------------------------------------------------------------------
   Cr2   Cr2   ( -2,   2,   0) -0.0060   ( 0.000, -13.886,  0.000) 13.886 
J_iso: -0.0060 
[Testing!] DMI: ( 0.0000  0.0031  0.0023)
[Testing!]J_ani:
[[-0.002  0.     0.   ]
 [ 0.    -0.008 -0.001]
 [ 0.    -0.001 -0.002]]
----------------------------------------------------------------------------------------
   Cr1   Cr1   (  2,  -2,   0) -0.0060   ( 0.000, 13.886,  0.000) 13.886 
J_iso: -0.0060 
[Testing!] DMI: ( 0.0000  0.0031  0.0023)
[Testing!]J_ani:
[[-0.002  0.     0.   ]
 [ 0.    -0.008 -0.001]
 [ 0.    -0.001 -0.002]]
----------------------------------------------------------------------------------------
   Cr2   Cr2   (  2,  -2,   0) -0.0060   ( 0.000, 13.886,  0.000) 13.886 
J_iso: -0.0060 
[Testing!] DMI: (-0.0000 -0.0031 -0.0023)
[Testing!]J_ani:
[[-0.002  0.     0.   ]
 [ 0.    -0.008 -0.001]
 [ 0.    -0.001 -0.002]]
----------------------------------------------------------------------------------------
   Cr1   Cr1   ( -2,   0,   0) -0.0063   (12.026, -6.943,  0.000) 13.886 
J_iso: -0.0063 
[Testing!] DMI: (-0.0007 -0.0015  0.0021)
[Testing!]J_ani:
[[-0.002  0.     0.   ]
 [ 0.    -0.006  0.   ]
 [ 0.     0.    -0.001]]
----------------------------------------------------------------------------------------
   Cr1   Cr1   (  0,  -2,   0) -0.0063   (12.026,  6.943,  0.000) 13.886 
J_iso: -0.0063 
[Testing!] DMI: (-0.0007  0.0015 -0.0021)
[Testing!]J_ani:
[[-0.002 -0.    -0.   ]
 [-0.    -0.006  0.   ]
 [-0.     0.    -0.001]]
----------------------------------------------------------------------------------------
   Cr2   Cr2   ( -2,   0,   0) -0.0063   (12.026, -6.943,  0.000) 13.886 
J_iso: -0.0063 
[Testing!] DMI: ( 0.0007  0.0015 -0.0021)
[Testing!]J_ani:
[[-0.002  0.     0.   ]
 [ 0.    -0.006  0.   ]
 [ 0.     0.    -0.001]]
----------------------------------------------------------------------------------------
   Cr2   Cr2   (  0,  -2,   0) -0.0063   (12.026,  6.943,  0.000) 13.886 
J_iso: -0.0063 
[Testing!] DMI: ( 0.0007 -0.0015  0.0021)
[Testing!]J_ani:
[[-0.002 -0.    -0.   ]
 [-0.    -0.006  0.   ]
 [-0.     0.    -0.001]]
----------------------------------------------------------------------------------------
   Cr1   Cr1   (  0,   2,   0) -0.0063   (-12.026, -6.943,  0.000) 13.886 
J_iso: -0.0063 
[Testing!] DMI: ( 0.0007 -0.0015  0.0021)
[Testing!]J_ani:
[[-0.002 -0.    -0.   ]
 [-0.    -0.006  0.   ]
 [-0.     0.    -0.001]]
----------------------------------------------------------------------------------------
   Cr2   Cr2   (  0,   2,   0) -0.0063   (-12.026, -6.943,  0.000) 13.886 
J_iso: -0.0063 
[Testing!] DMI: (-0.0007  0.0015 -0.0021)
[Testing!]J_ani:
[[-0.002 -0.    -0.   ]
 [-0.    -0.006  0.   ]
 [-0.     0.    -0.001]]
----------------------------------------------------------------------------------------
   Cr1   Cr1   (  2,   0,   0) -0.0063   (-12.026,  6.943,  0.000) 13.886 
J_iso: -0.0063 
[Testing!] DMI: ( 0.0007  0.0015 -0.0021)
[Testing!]J_ani:
[[-0.002  0.     0.   ]
 [ 0.    -0.006  0.   ]
 [ 0.     0.    -0.001]]
----------------------------------------------------------------------------------------
   Cr2   Cr2   (  2,   0,   0) -0.0063   (-12.026,  6.943,  0.000) 13.886 
J_iso: -0.0063 
[Testing!] DMI: (-0.0007 -0.0015  0.0021)
[Testing!]J_ani:
[[-0.002  0.     0.   ]
 [ 0.    -0.006  0.   ]
 [ 0.     0.    -0.001]]
----------------------------------------------------------------------------------------
   Cr1   Cr2   ( -2,   2,   0)  0.0021   (-4.009, -13.886,  0.000) 14.453 
J_iso:  0.0021 
[Testing!] DMI: (-0.0000  0.0000  0.0000)
[Testing!]J_ani:
[[-0.003  0.001 -0.001]
 [ 0.001 -0.009  0.   ]
 [-0.001  0.    -0.001]]
----------------------------------------------------------------------------------------
   Cr2   Cr1   ( -2,   2,   0)  0.0021   ( 4.009, -13.886, -0.000) 14.453 
J_iso:  0.0021 
[Testing!] DMI: ( 0.0000  0.0000  0.0000)
[Testing!]J_ani:
[[-0.003 -0.001  0.001]
 [-0.001 -0.009  0.   ]
 [ 0.001  0.    -0.001]]
----------------------------------------------------------------------------------------
   Cr1   Cr2   (  2,  -2,   0)  0.0021   (-4.009, 13.886,  0.000) 14.453 
J_iso:  0.0021 
[Testing!] DMI: (-0.0000 -0.0000 -0.0000)
[Testing!]J_ani:
[[-0.003 -0.001  0.001]
 [-0.001 -0.009  0.   ]
 [ 0.001  0.    -0.001]]
----------------------------------------------------------------------------------------
   Cr2   Cr1   (  2,  -2,   0)  0.0021   ( 4.009, 13.886, -0.000) 14.453 
J_iso:  0.0021 
[Testing!] DMI: ( 0.0000 -0.0000 -0.0000)
[Testing!]J_ani:
[[-0.003  0.001 -0.001]
 [ 0.001 -0.009  0.   ]
 [-0.001  0.    -0.001]]
----------------------------------------------------------------------------------------
   Cr2   Cr1   ( -2,   1,   0)  0.0018   (10.021, -10.415, -0.000) 14.453 
J_iso:  0.0018 
[Testing!] DMI: (-0.0000 -0.0000 -0.0000)
[Testing!]J_ani:
[[-0.003  0.002  0.   ]
 [ 0.002 -0.01   0.001]
 [ 0.     0.001 -0.   ]]
----------------------------------------------------------------------------------------
   Cr1   Cr2   ( -1,   2,   0)  0.0018   (-10.021, -10.415,  0.000) 14.453 
J_iso:  0.0018 
[Testing!] DMI: ( 0.0000 -0.0000 -0.0000)
[Testing!]J_ani:
[[-0.003 -0.002 -0.   ]
 [-0.002 -0.01   0.001]
 [-0.     0.001 -0.   ]]
----------------------------------------------------------------------------------------
   Cr2   Cr1   (  1,  -2,   0)  0.0018   (10.021, 10.415, -0.000) 14.453 
J_iso:  0.0018 
[Testing!] DMI: (-0.0000  0.0000  0.0000)
[Testing!]J_ani:
[[-0.003 -0.002 -0.   ]
 [-0.002 -0.01   0.001]
 [-0.     0.001 -0.   ]]
----------------------------------------------------------------------------------------
   Cr1   Cr2   (  2,  -1,   0)  0.0018   (-10.021, 10.415,  0.000) 14.453 
J_iso:  0.0018 
[Testing!] DMI: ( 0.0000  0.0000  0.0000)
[Testing!]J_ani:
[[-0.003  0.002  0.   ]
 [ 0.002 -0.01   0.001]
 [ 0.     0.001 -0.   ]]
----------------------------------------------------------------------------------------
   Cr1   Cr2   ( -2,  -1,   0)  0.0016   (14.030, -3.471,  0.000) 14.453 
J_iso:  0.0016 
[Testing!] DMI: (-0.0000  0.0000 -0.0000)
[Testing!]J_ani:
[[-0.002 -0.002 -0.001]
 [-0.002 -0.009 -0.   ]
 [-0.001 -0.    -0.   ]]
----------------------------------------------------------------------------------------
   Cr1   Cr2   ( -1,  -2,   0)  0.0016   (14.030,  3.471,  0.000) 14.453 
J_iso:  0.0016 
[Testing!] DMI: (-0.0000 -0.0000  0.0000)
[Testing!]J_ani:
[[-0.002  0.002  0.001]
 [ 0.002 -0.009 -0.   ]
 [ 0.001 -0.    -0.   ]]
----------------------------------------------------------------------------------------
   Cr2   Cr1   (  1,   2,   0)  0.0016   (-14.030, -3.471, -0.000) 14.453 
J_iso:  0.0016 
[Testing!] DMI: ( 0.0000  0.0000 -0.0000)
[Testing!]J_ani:
[[-0.002  0.002  0.001]
 [ 0.002 -0.009 -0.   ]
 [ 0.001 -0.    -0.   ]]
----------------------------------------------------------------------------------------
   Cr2   Cr1   (  2,   1,   0)  0.0016   (-14.030,  3.471, -0.000) 14.453 
J_iso:  0.0016 
[Testing!] DMI: ( 0.0000 -0.0000  0.0000)
[Testing!]J_ani:
[[-0.002 -0.002 -0.001]
 [-0.002 -0.009 -0.   ]
 [-0.001 -0.    -0.   ]]
----------------------------------------------------------------------------------------
   Cr1   Cr2   ( -3,   1,   0) -0.0055   ( 8.017, -13.886,  0.000) 16.034 
J_iso: -0.0055 
[Testing!] DMI: (-0.0000 -0.0000  0.0000)
[Testing!]J_ani:
[[-0.001 -0.    -0.001]
 [-0.    -0.021  0.001]
 [-0.001  0.001 -0.001]]
----------------------------------------------------------------------------------------
   Cr2   Cr1   ( -1,   3,   0) -0.0055   (-8.017, -13.886, -0.000) 16.034 
J_iso: -0.0055 
[Testing!] DMI: ( 0.0000 -0.0000  0.0000)
[Testing!]J_ani:
[[-0.001  0.     0.001]
 [ 0.    -0.021  0.001]
 [ 0.001  0.001 -0.001]]
----------------------------------------------------------------------------------------
   Cr1   Cr2   (  1,  -3,   0) -0.0055   ( 8.017, 13.886,  0.000) 16.034 
J_iso: -0.0055 
[Testing!] DMI: (-0.0000  0.0000 -0.0000)
[Testing!]J_ani:
[[-0.001  0.     0.001]
 [ 0.    -0.021  0.001]
 [ 0.001  0.001 -0.001]]
----------------------------------------------------------------------------------------
   Cr2   Cr1   (  3,  -1,   0) -0.0055   (-8.017, 13.886, -0.000) 16.034 
J_iso: -0.0055 
[Testing!] DMI: ( 0.0000  0.0000 -0.0000)
[Testing!]J_ani:
[[-0.001 -0.    -0.001]
 [-0.    -0.021  0.001]
 [-0.001  0.001 -0.001]]
----------------------------------------------------------------------------------------
   Cr2   Cr1   ( -1,  -1,   0) -0.0045   (16.034,  0.000, -0.000) 16.034 
J_iso: -0.0045 
[Testing!] DMI: ( 0.0000  0.0000  0.0000)
[Testing!]J_ani:
[[-0.001  0.     0.   ]
 [ 0.    -0.022 -0.002]
 [ 0.    -0.002 -0.002]]
----------------------------------------------------------------------------------------
   Cr1   Cr2   (  1,   1,   0) -0.0045   (-16.034,  0.000,  0.000) 16.034 
J_iso: -0.0045 
[Testing!] DMI: (-0.0000 -0.0000 -0.0000)
[Testing!]J_ani:
[[-0.001  0.     0.   ]
 [ 0.    -0.022 -0.002]
 [ 0.    -0.002 -0.002]]
----------------------------------------------------------------------------------------
   Cr2   Cr1   ( -2,   3,   0) -0.0003   (-2.004, -17.357, -0.000) 17.473 
J_iso: -0.0003 
[Testing!] DMI: ( 0.0000  0.0000 -0.0000)
[Testing!]J_ani:
[[-0.     0.    -0.   ]
 [ 0.    -0.003  0.   ]
 [-0.     0.    -0.   ]]
----------------------------------------------------------------------------------------
   Cr1   Cr2   (  2,  -3,   0) -0.0003   ( 2.004, 17.357,  0.000) 17.473 
J_iso: -0.0003 
[Testing!] DMI: (-0.0000 -0.0000  0.0000)
[Testing!]J_ani:
[[-0.     0.    -0.   ]
 [ 0.    -0.003  0.   ]
 [-0.     0.    -0.   ]]
----------------------------------------------------------------------------------------
   Cr1   Cr2   ( -3,   2,   0) -0.0003   ( 2.004, -17.358,  0.000) 17.473 
J_iso: -0.0003 
[Testing!] DMI: (-0.0000  0.0000 -0.0000)
[Testing!]J_ani:
[[-0.    -0.     0.   ]
 [-0.    -0.003  0.   ]
 [ 0.     0.    -0.   ]]
----------------------------------------------------------------------------------------
   Cr2   Cr1   (  3,  -2,   0) -0.0003   (-2.004, 17.358, -0.000) 17.473 
J_iso: -0.0003 
[Testing!] DMI: ( 0.0000 -0.0000  0.0000)
[Testing!]J_ani:
[[-0.    -0.     0.   ]
 [-0.    -0.003  0.   ]
 [ 0.     0.    -0.   ]]
----------------------------------------------------------------------------------------
   Cr1   Cr2   ( -3,   0,   0) -0.0005   (14.030, -10.415,  0.000) 17.473 
J_iso: -0.0005 
[Testing!] DMI: ( 0.0000 -0.0000  0.0000)
[Testing!]J_ani:
[[-0.     0.    -0.   ]
 [ 0.    -0.002 -0.   ]
 [-0.    -0.    -0.   ]]
----------------------------------------------------------------------------------------
   Cr1   Cr2   (  0,  -3,   0) -0.0005   (14.030, 10.415,  0.000) 17.473 
J_iso: -0.0005 
[Testing!] DMI: ( 0.0000  0.0000 -0.0000)
[Testing!]J_ani:
[[-0.    -0.     0.   ]
 [-0.    -0.002 -0.   ]
 [ 0.    -0.    -0.   ]]
----------------------------------------------------------------------------------------
   Cr2   Cr1   (  0,   3,   0) -0.0005   (-14.030, -10.415, -0.000) 17.473 
J_iso: -0.0005 
[Testing!] DMI: (-0.0000 -0.0000  0.0000)
[Testing!]J_ani:
[[-0.    -0.     0.   ]
 [-0.    -0.002 -0.   ]
 [ 0.    -0.    -0.   ]]
----------------------------------------------------------------------------------------
   Cr2   Cr1   (  3,   0,   0) -0.0005   (-14.030, 10.415, -0.000) 17.473 
J_iso: -0.0005 
[Testing!] DMI: (-0.0000  0.0000 -0.0000)
[Testing!]J_ani:
[[-0.     0.    -0.   ]
 [ 0.    -0.002 -0.   ]
 [-0.    -0.    -0.   ]]
----------------------------------------------------------------------------------------
   Cr2   Cr1   ( -2,   0,   0) -0.0004   (16.034, -6.943, -0.000) 17.473 
J_iso: -0.0004 
[Testing!] DMI: ( 0.0000  0.0000  0.0000)
[Testing!]J_ani:
[[-0.    -0.    -0.   ]
 [-0.    -0.003 -0.   ]
 [-0.    -0.    -0.   ]]
----------------------------------------------------------------------------------------
   Cr2   Cr1   (  0,  -2,   0) -0.0004   (16.034,  6.943, -0.000) 17.473 
J_iso: -0.0004 
[Testing!] DMI: ( 0.0000 -0.0000 -0.0000)
[Testing!]J_ani:
[[-0.     0.     0.   ]
 [ 0.    -0.003 -0.   ]
 [ 0.    -0.    -0.   ]]
----------------------------------------------------------------------------------------
   Cr1   Cr2   (  0,   2,   0) -0.0004   (-16.034, -6.943,  0.000) 17.473 
J_iso: -0.0004 
[Testing!] DMI: (-0.0000  0.0000  0.0000)
[Testing!]J_ani:
[[-0.     0.     0.   ]
 [ 0.    -0.003 -0.   ]
 [ 0.    -0.    -0.   ]]
----------------------------------------------------------------------------------------
   Cr1   Cr2   (  2,   0,   0) -0.0004   (-16.034,  6.943,  0.000) 17.473 
J_iso: -0.0004 
[Testing!] DMI: (-0.0000 -0.0000 -0.0000)
[Testing!]J_ani:
[[-0.    -0.    -0.   ]
 [-0.    -0.003 -0.   ]
 [-0.    -0.    -0.   ]]
----------------------------------------------------------------------------------------
   Cr1   Cr1   ( -2,   3,   0)  0.0005   (-6.013, -17.357,  0.000) 18.369 
J_iso:  0.0005 
[Testing!] DMI: ( 0.0000  0.0000 -0.0002)
[Testing!]J_ani:
[[-0.     0.    -0.   ]
 [ 0.    -0.003  0.   ]
 [-0.     0.    -0.   ]]
----------------------------------------------------------------------------------------
   Cr2   Cr2   ( -2,   3,   0)  0.0005   (-6.013, -17.357,  0.000) 18.369 
J_iso:  0.0005 
[Testing!] DMI: (-0.0000 -0.0000  0.0002)
[Testing!]J_ani:
[[-0.     0.    -0.   ]
 [ 0.    -0.003  0.   ]
 [-0.     0.    -0.   ]]
----------------------------------------------------------------------------------------
   Cr1   Cr1   (  2,  -3,   0)  0.0005   ( 6.013, 17.357,  0.000) 18.369 
J_iso:  0.0005 
[Testing!] DMI: (-0.0000 -0.0000  0.0002)
[Testing!]J_ani:
[[-0.     0.    -0.   ]
 [ 0.    -0.003  0.   ]
 [-0.     0.    -0.   ]]
----------------------------------------------------------------------------------------
   Cr2   Cr2   (  2,  -3,   0)  0.0005   ( 6.013, 17.357,  0.000) 18.369 
J_iso:  0.0005 
[Testing!] DMI: ( 0.0000  0.0000 -0.0002)
[Testing!]J_ani:
[[-0.     0.    -0.   ]
 [ 0.    -0.003  0.   ]
 [-0.     0.    -0.   ]]
----------------------------------------------------------------------------------------
   Cr1   Cr1   ( -3,   2,   0)  0.0005   ( 6.013, -17.358,  0.000) 18.369 
J_iso:  0.0005 
[Testing!] DMI: (-0.0000  0.0000 -0.0002)
[Testing!]J_ani:
[[-0.    -0.     0.   ]
 [-0.    -0.003  0.   ]
 [ 0.     0.    -0.   ]]
----------------------------------------------------------------------------------------
   Cr2   Cr2   ( -3,   2,   0)  0.0005   ( 6.013, -17.358,  0.000) 18.369 
J_iso:  0.0005 
[Testing!] DMI: ( 0.0000 -0.0000  0.0002)
[Testing!]J_ani:
[[-0.    -0.     0.   ]
 [-0.    -0.003  0.   ]
 [ 0.     0.    -0.   ]]
----------------------------------------------------------------------------------------
   Cr1   Cr1   (  3,  -2,   0)  0.0005   (-6.013, 17.358,  0.000) 18.369 
J_iso:  0.0005 
[Testing!] DMI: ( 0.0000 -0.0000  0.0002)
[Testing!]J_ani:
[[-0.    -0.     0.   ]
 [-0.    -0.003  0.   ]
 [ 0.     0.    -0.   ]]
----------------------------------------------------------------------------------------
   Cr2   Cr2   (  3,  -2,   0)  0.0005   (-6.013, 17.358,  0.000) 18.369 
J_iso:  0.0005 
[Testing!] DMI: (-0.0000  0.0000 -0.0002)
[Testing!]J_ani:
[[-0.    -0.     0.   ]
 [-0.    -0.003  0.   ]
 [ 0.     0.    -0.   ]]
----------------------------------------------------------------------------------------
   Cr1   Cr1   (  1,  -3,   0)  0.0005   (12.026, 13.886,  0.000) 18.369 
J_iso:  0.0005 
[Testing!] DMI: (-0.0001 -0.0000 -0.0002)
[Testing!]J_ani:
[[-0.    -0.001 -0.   ]
 [-0.001 -0.003 -0.   ]
 [-0.    -0.    -0.   ]]
----------------------------------------------------------------------------------------
   Cr1   Cr1   ( -3,   1,   0)  0.0005   (12.026, -13.886,  0.000) 18.369 
J_iso:  0.0005 
[Testing!] DMI: (-0.0001  0.0000  0.0002)
[Testing!]J_ani:
[[-0.     0.001  0.   ]
 [ 0.001 -0.003 -0.   ]
 [ 0.    -0.    -0.   ]]
----------------------------------------------------------------------------------------
   Cr2   Cr2   ( -3,   1,   0)  0.0005   (12.026, -13.886,  0.000) 18.369 
J_iso:  0.0005 
[Testing!] DMI: ( 0.0001 -0.0000 -0.0002)
[Testing!]J_ani:
[[-0.     0.001  0.   ]
 [ 0.001 -0.003 -0.   ]
 [ 0.    -0.    -0.   ]]
----------------------------------------------------------------------------------------
   Cr1   Cr1   ( -1,   3,   0)  0.0005   (-12.026, -13.886,  0.000) 18.369 
J_iso:  0.0005 
[Testing!] DMI: ( 0.0001  0.0000  0.0002)
[Testing!]J_ani:
[[-0.    -0.001 -0.   ]
 [-0.001 -0.003 -0.   ]
 [-0.    -0.    -0.   ]]
----------------------------------------------------------------------------------------
   Cr2   Cr2   ( -1,   3,   0)  0.0005   (-12.026, -13.886,  0.000) 18.369 
J_iso:  0.0005 
[Testing!] DMI: (-0.0001 -0.0000 -0.0002)
[Testing!]J_ani:
[[-0.    -0.001 -0.   ]
 [-0.001 -0.003 -0.   ]
 [-0.    -0.    -0.   ]]
----------------------------------------------------------------------------------------
   Cr2   Cr2   (  1,  -3,   0)  0.0005   (12.026, 13.886,  0.000) 18.369 
J_iso:  0.0005 
[Testing!] DMI: ( 0.0001  0.0000  0.0002)
[Testing!]J_ani:
[[-0.    -0.001 -0.   ]
 [-0.001 -0.003 -0.   ]
 [-0.    -0.    -0.   ]]
----------------------------------------------------------------------------------------
   Cr1   Cr1   (  3,  -1,   0)  0.0005   (-12.026, 13.886,  0.000) 18.369 
J_iso:  0.0005 
[Testing!] DMI: ( 0.0001 -0.0000 -0.0002)
[Testing!]J_ani:
[[-0.     0.001  0.   ]
 [ 0.001 -0.003 -0.   ]
 [ 0.    -0.    -0.   ]]
----------------------------------------------------------------------------------------
   Cr2   Cr2   (  3,  -1,   0)  0.0005   (-12.026, 13.886,  0.000) 18.369 
J_iso:  0.0005 
[Testing!] DMI: (-0.0001  0.0000  0.0002)
[Testing!]J_ani:
[[-0.     0.001  0.   ]
 [ 0.001 -0.003 -0.   ]
 [ 0.    -0.    -0.   ]]
----------------------------------------------------------------------------------------
   Cr1   Cr1   ( -2,  -1,   0)  0.0005   (18.038, -3.471,  0.000) 18.369 
J_iso:  0.0005 
[Testing!] DMI: (-0.0001 -0.0000  0.0001)
[Testing!]J_ani:
[[-0.    -0.    -0.   ]
 [-0.    -0.003 -0.   ]
 [-0.    -0.    -0.   ]]
----------------------------------------------------------------------------------------
   Cr2   Cr2   ( -2,  -1,   0)  0.0005   (18.038, -3.471,  0.000) 18.369 
J_iso:  0.0005 
[Testing!] DMI: ( 0.0001  0.0000 -0.0001)
[Testing!]J_ani:
[[-0.    -0.    -0.   ]
 [-0.    -0.003 -0.   ]
 [-0.    -0.    -0.   ]]
----------------------------------------------------------------------------------------
   Cr1   Cr1   ( -1,  -2,   0)  0.0005   (18.038,  3.471,  0.000) 18.369 
J_iso:  0.0005 
[Testing!] DMI: (-0.0001  0.0000 -0.0001)
[Testing!]J_ani:
[[-0.     0.     0.   ]
 [ 0.    -0.003 -0.   ]
 [ 0.    -0.    -0.   ]]
----------------------------------------------------------------------------------------
   Cr2   Cr2   ( -1,  -2,   0)  0.0005   (18.038,  3.471,  0.000) 18.369 
J_iso:  0.0005 
[Testing!] DMI: ( 0.0001 -0.0000  0.0001)
[Testing!]J_ani:
[[-0.     0.     0.   ]
 [ 0.    -0.003 -0.   ]
 [ 0.    -0.    -0.   ]]
----------------------------------------------------------------------------------------
   Cr1   Cr1   (  1,   2,   0)  0.0005   (-18.038, -3.471,  0.000) 18.369 
J_iso:  0.0005 
[Testing!] DMI: ( 0.0001 -0.0000  0.0001)
[Testing!]J_ani:
[[-0.     0.     0.   ]
 [ 0.    -0.003 -0.   ]
 [ 0.    -0.    -0.   ]]
----------------------------------------------------------------------------------------
   Cr2   Cr2   (  1,   2,   0)  0.0005   (-18.038, -3.471,  0.000) 18.369 
J_iso:  0.0005 
[Testing!] DMI: (-0.0001  0.0000 -0.0001)
[Testing!]J_ani:
[[-0.     0.     0.   ]
 [ 0.    -0.003 -0.   ]
 [ 0.    -0.    -0.   ]]
----------------------------------------------------------------------------------------
   Cr1   Cr1   (  2,   1,   0)  0.0005   (-18.038,  3.471,  0.000) 18.369 
J_iso:  0.0005 
[Testing!] DMI: ( 0.0001  0.0000 -0.0001)
[Testing!]J_ani:
[[-0.    -0.    -0.   ]
 [-0.    -0.003 -0.   ]
 [-0.    -0.    -0.   ]]
----------------------------------------------------------------------------------------
   Cr2   Cr2   (  2,   1,   0)  0.0005   (-18.038,  3.471,  0.000) 18.369 
J_iso:  0.0005 
[Testing!] DMI: (-0.0001 -0.0000  0.0001)
[Testing!]J_ani:
[[-0.    -0.    -0.   ]
 [-0.    -0.003 -0.   ]
 [-0.    -0.    -0.   ]]
----------------------------------------------------------------------------------------
   Cr1   Cr2   ( -2,   3,   0)  0.0004   (-10.021, -17.357,  0.000) 20.043 
J_iso:  0.0004 
[Testing!] DMI: ( 0.0000  0.0000  0.0000)
[Testing!]J_ani:
[[-0.     0.     0.   ]
 [ 0.    -0.002  0.   ]
 [ 0.     0.    -0.   ]]
----------------------------------------------------------------------------------------
   Cr2   Cr1   (  2,  -3,   0)  0.0004   (10.021, 17.357, -0.000) 20.043 
J_iso:  0.0004 
[Testing!] DMI: (-0.0000 -0.0000 -0.0000)
[Testing!]J_ani:
[[-0.     0.     0.   ]
 [ 0.    -0.002  0.   ]
 [ 0.     0.    -0.   ]]
----------------------------------------------------------------------------------------
   Cr2   Cr1   ( -3,   2,   0)  0.0004   (10.021, -17.358, -0.000) 20.043 
J_iso:  0.0004 
[Testing!] DMI: (-0.0000  0.0000  0.0000)
[Testing!]J_ani:
[[-0.    -0.    -0.   ]
 [-0.    -0.002  0.   ]
 [-0.     0.    -0.   ]]
----------------------------------------------------------------------------------------
   Cr1   Cr2   (  3,  -2,   0)  0.0004   (-10.021, 17.358,  0.000) 20.043 
J_iso:  0.0004 
[Testing!] DMI: ( 0.0000 -0.0000 -0.0000)
[Testing!]J_ani:
[[-0.    -0.    -0.   ]
 [-0.    -0.002  0.   ]
 [-0.     0.    -0.   ]]
----------------------------------------------------------------------------------------
   Cr1   Cr2   ( -2,  -2,   0)  0.0004   (20.043,  0.000,  0.000) 20.043 
J_iso:  0.0004 
[Testing!] DMI: (-0.0000 -0.0000 -0.0000)
[Testing!]J_ani:
[[-0.    -0.    -0.   ]
 [-0.    -0.002 -0.   ]
 [-0.    -0.    -0.   ]]
----------------------------------------------------------------------------------------
   Cr2   Cr1   (  2,   2,   0)  0.0004   (-20.043,  0.000, -0.000) 20.043 
J_iso:  0.0004 
[Testing!] DMI: ( 0.0000  0.0000  0.0000)
[Testing!]J_ani:
[[-0.    -0.    -0.   ]
 [-0.    -0.002 -0.   ]
 [-0.    -0.    -0.   ]]
----------------------------------------------------------------------------------------
   Cr1   Cr1   ( -3,   3,   0) -0.0001   ( 0.000, -20.829,  0.000) 20.829 
J_iso: -0.0001 
[Testing!] DMI: ( 0.0000  0.0001 -0.0001)
[Testing!]J_ani:
[[-0.    -0.     0.   ]
 [-0.    -0.001  0.   ]
 [ 0.     0.    -0.   ]]
----------------------------------------------------------------------------------------
   Cr2   Cr2   ( -3,   3,   0) -0.0001   ( 0.000, -20.829,  0.000) 20.829 
J_iso: -0.0001 
[Testing!] DMI: (-0.0000 -0.0001  0.0001)
[Testing!]J_ani:
[[-0.     0.    -0.   ]
 [ 0.    -0.001  0.   ]
 [-0.     0.    -0.   ]]
----------------------------------------------------------------------------------------
   Cr1   Cr1   (  3,  -3,   0) -0.0001   (-0.000, 20.829,  0.000) 20.829 
J_iso: -0.0001 
[Testing!] DMI: (-0.0000 -0.0001  0.0001)
[Testing!]J_ani:
[[-0.    -0.     0.   ]
 [-0.    -0.001  0.   ]
 [ 0.     0.    -0.   ]]
----------------------------------------------------------------------------------------
   Cr2   Cr2   (  3,  -3,   0) -0.0001   ( 0.000, 20.829,  0.000) 20.829 
J_iso: -0.0001 
[Testing!] DMI: ( 0.0000  0.0001 -0.0001)
[Testing!]J_ani:
[[-0.     0.    -0.   ]
 [ 0.    -0.001  0.   ]
 [-0.     0.    -0.   ]]
----------------------------------------------------------------------------------------
   Cr1   Cr1   ( -3,   0,   0) -0.0001   (18.038, -10.415,  0.000) 20.829 
J_iso: -0.0001 
[Testing!] DMI: (-0.0000  0.0000  0.0001)
[Testing!]J_ani:
[[-0.    -0.    -0.   ]
 [-0.    -0.001 -0.   ]
 [-0.    -0.    -0.   ]]
----------------------------------------------------------------------------------------
   Cr2   Cr2   ( -3,   0,   0) -0.0001   (18.038, -10.415,  0.000) 20.829 
J_iso: -0.0001 
[Testing!] DMI: ( 0.0000 -0.0000 -0.0001)
[Testing!]J_ani:
[[-0.    -0.    -0.   ]
 [-0.    -0.001 -0.   ]
 [-0.    -0.    -0.   ]]
----------------------------------------------------------------------------------------
   Cr1   Cr1   (  0,  -3,   0) -0.0001   (18.038, 10.415,  0.000) 20.829 
J_iso: -0.0001 
[Testing!] DMI: (-0.0000 -0.0000 -0.0001)
[Testing!]J_ani:
[[-0.     0.     0.   ]
 [ 0.    -0.001 -0.   ]
 [ 0.    -0.    -0.   ]]
----------------------------------------------------------------------------------------
   Cr2   Cr2   (  0,  -3,   0) -0.0001   (18.038, 10.415,  0.000) 20.829 
J_iso: -0.0001 
[Testing!] DMI: ( 0.0000  0.0000  0.0001)
[Testing!]J_ani:
[[-0.     0.     0.   ]
 [ 0.    -0.001 -0.   ]
 [ 0.    -0.    -0.   ]]
----------------------------------------------------------------------------------------
   Cr1   Cr1   (  0,   3,   0) -0.0001   (-18.038, -10.415,  0.000) 20.829 
J_iso: -0.0001 
[Testing!] DMI: ( 0.0000  0.0000  0.0001)
[Testing!]J_ani:
[[-0.     0.     0.   ]
 [ 0.    -0.001 -0.   ]
 [ 0.    -0.    -0.   ]]
----------------------------------------------------------------------------------------
   Cr2   Cr2   (  0,   3,   0) -0.0001   (-18.038, -10.415,  0.000) 20.829 
J_iso: -0.0001 
[Testing!] DMI: (-0.0000 -0.0000 -0.0001)
[Testing!]J_ani:
[[-0.     0.     0.   ]
 [ 0.    -0.001 -0.   ]
 [ 0.    -0.    -0.   ]]
----------------------------------------------------------------------------------------
   Cr1   Cr1   (  3,   0,   0) -0.0001   (-18.038, 10.415,  0.000) 20.829 
J_iso: -0.0001 
[Testing!] DMI: ( 0.0000 -0.0000 -0.0001)
[Testing!]J_ani:
[[-0.    -0.    -0.   ]
 [-0.    -0.001 -0.   ]
 [-0.    -0.    -0.   ]]
----------------------------------------------------------------------------------------
   Cr2   Cr2   (  3,   0,   0) -0.0001   (-18.038, 10.415,  0.000) 20.829 
J_iso: -0.0001 
[Testing!] DMI: (-0.0000  0.0000  0.0001)
[Testing!]J_ani:
[[-0.    -0.    -0.   ]
 [-0.    -0.001 -0.   ]
 [-0.    -0.    -0.   ]]
----------------------------------------------------------------------------------------
   Cr1   Cr2   ( -3,   3,   0) -0.0001   (-4.009, -20.829,  0.000) 21.211 
J_iso: -0.0001 
[Testing!] DMI: (-0.0000  0.0000  0.0000)
[Testing!]J_ani:
[[-0.  0. -0.]
 [ 0. -0. -0.]
 [-0. -0. -0.]]
----------------------------------------------------------------------------------------
   Cr2   Cr1   ( -3,   3,   0) -0.0001   ( 4.009, -20.829, -0.000) 21.211 
J_iso: -0.0001 
[Testing!] DMI: ( 0.0000  0.0000  0.0000)
[Testing!]J_ani:
[[-0. -0.  0.]
 [-0. -0. -0.]
 [ 0. -0. -0.]]
----------------------------------------------------------------------------------------
   Cr1   Cr2   (  3,  -3,   0) -0.0001   (-4.009, 20.829,  0.000) 21.211 
J_iso: -0.0001 
[Testing!] DMI: (-0.0000 -0.0000 -0.0000)
[Testing!]J_ani:
[[-0. -0.  0.]
 [-0. -0. -0.]
 [ 0. -0. -0.]]
----------------------------------------------------------------------------------------
   Cr2   Cr1   (  3,  -3,   0) -0.0001   ( 4.009, 20.829, -0.000) 21.211 
J_iso: -0.0001 
[Testing!] DMI: ( 0.0000 -0.0000 -0.0000)
[Testing!]J_ani:
[[-0.  0. -0.]
 [ 0. -0. -0.]
 [-0. -0. -0.]]
----------------------------------------------------------------------------------------
   Cr2   Cr1   (  1,  -3,   0) -0.0000   (16.034, 13.886, -0.000) 21.211 
J_iso: -0.0000 
[Testing!] DMI: (-0.0000 -0.0000  0.0000)
[Testing!]J_ani:
[[-0. -0.  0.]
 [-0. -0.  0.]
 [ 0.  0. -0.]]
----------------------------------------------------------------------------------------
   Cr2   Cr1   ( -3,   1,   0) -0.0000   (16.034, -13.886, -0.000) 21.211 
J_iso: -0.0000 
[Testing!] DMI: (-0.0000  0.0000 -0.0000)
[Testing!]J_ani:
[[-0.  0. -0.]
 [ 0. -0.  0.]
 [-0.  0. -0.]]
----------------------------------------------------------------------------------------
   Cr1   Cr2   ( -1,   3,   0) -0.0000   (-16.034, -13.886,  0.000) 21.211 
J_iso: -0.0000 
[Testing!] DMI: ( 0.0000  0.0000 -0.0000)
[Testing!]J_ani:
[[-0. -0.  0.]
 [-0. -0.  0.]
 [ 0.  0. -0.]]
----------------------------------------------------------------------------------------
   Cr1   Cr2   (  3,  -1,   0) -0.0000   (-16.034, 13.886,  0.000) 21.211 
J_iso: -0.0000 
[Testing!] DMI: ( 0.0000 -0.0000  0.0000)
[Testing!]J_ani:
[[-0.  0. -0.]
 [ 0. -0.  0.]
 [-0.  0. -0.]]
----------------------------------------------------------------------------------------
   Cr1   Cr2   ( -1,  -3,   0) -0.0001   (20.043,  6.943,  0.000) 21.211 
J_iso: -0.0001 
[Testing!] DMI: ( 0.0000  0.0000  0.0000)
[Testing!]J_ani:
[[-0.  0.  0.]
 [ 0. -0.  0.]
 [ 0.  0. -0.]]
----------------------------------------------------------------------------------------
   Cr2   Cr1   (  1,   3,   0) -0.0001   (-20.043, -6.943, -0.000) 21.211 
J_iso: -0.0001 
[Testing!] DMI: (-0.0000 -0.0000 -0.0000)
[Testing!]J_ani:
[[-0.  0.  0.]
 [ 0. -0.  0.]
 [ 0.  0. -0.]]
----------------------------------------------------------------------------------------
   Cr1   Cr2   ( -3,  -1,   0) -0.0001   (20.043, -6.943,  0.000) 21.211 
J_iso: -0.0001 
[Testing!] DMI: ( 0.0000 -0.0000 -0.0000)
[Testing!]J_ani:
[[-0. -0. -0.]
 [-0. -0.  0.]
 [-0.  0. -0.]]
----------------------------------------------------------------------------------------
   Cr2   Cr1   (  3,   1,   0) -0.0001   (-20.043,  6.943, -0.000) 21.211 
J_iso: -0.0001 
[Testing!] DMI: (-0.0000  0.0000  0.0000)
[Testing!]J_ani:
[[-0. -0. -0.]
 [-0. -0.  0.]
 [-0.  0. -0.]]
----------------------------------------------------------------------------------------
   Cr2   Cr1   ( -2,  -1,   0) -0.0000   (22.047, -3.471, -0.000) 22.319 
J_iso: -0.0000 
[Testing!] DMI: ( 0.0000  0.0000  0.0000)
[Testing!]J_ani:
[[-0.    -0.    -0.   ]
 [-0.    -0.001 -0.   ]
 [-0.    -0.    -0.   ]]
----------------------------------------------------------------------------------------
   Cr2   Cr1   ( -1,  -2,   0) -0.0000   (22.047,  3.471, -0.000) 22.319 
J_iso: -0.0000 
[Testing!] DMI: ( 0.0000  0.0000 -0.0000)
[Testing!]J_ani:
[[-0.     0.     0.   ]
 [ 0.    -0.001 -0.   ]
 [ 0.    -0.    -0.   ]]
----------------------------------------------------------------------------------------
   Cr1   Cr2   (  1,   2,   0) -0.0000   (-22.047, -3.471,  0.000) 22.319 
J_iso: -0.0000 
[Testing!] DMI: (-0.0000 -0.0000  0.0000)
[Testing!]J_ani:
[[-0.     0.     0.   ]
 [ 0.    -0.001 -0.   ]
 [ 0.    -0.    -0.   ]]
----------------------------------------------------------------------------------------
   Cr1   Cr2   (  2,   1,   0) -0.0000   (-22.047,  3.471,  0.000) 22.319 
J_iso: -0.0000 
[Testing!] DMI: (-0.0000 -0.0000 -0.0000)
[Testing!]J_ani:
[[-0.    -0.    -0.   ]
 [-0.    -0.001 -0.   ]
 [-0.    -0.    -0.   ]]
----------------------------------------------------------------------------------------
   Cr1   Cr1   ( -2,  -2,   0)  0.0000   (24.051,  0.000,  0.000) 24.051 
J_iso:  0.0000 
[Testing!] DMI: (-0.0000  0.0000 -0.0000)
[Testing!]J_ani:
[[-0.    -0.     0.   ]
 [-0.    -0.001 -0.   ]
 [ 0.    -0.    -0.   ]]
----------------------------------------------------------------------------------------
   Cr2   Cr2   ( -2,  -2,   0)  0.0000   (24.051,  0.000,  0.000) 24.051 
J_iso:  0.0000 
[Testing!] DMI: ( 0.0000 -0.0000  0.0000)
[Testing!]J_ani:
[[-0.    -0.     0.   ]
 [-0.    -0.001 -0.   ]
 [ 0.    -0.    -0.   ]]
----------------------------------------------------------------------------------------
   Cr1   Cr1   (  2,   2,   0)  0.0000   (-24.051,  0.000,  0.000) 24.051 
J_iso:  0.0000 
[Testing!] DMI: ( 0.0000 -0.0000  0.0000)
[Testing!]J_ani:
[[-0.    -0.     0.   ]
 [-0.    -0.001 -0.   ]
 [ 0.    -0.    -0.   ]]
----------------------------------------------------------------------------------------
   Cr2   Cr2   (  2,   2,   0)  0.0000   (-24.051,  0.000,  0.000) 24.051 
J_iso:  0.0000 
[Testing!] DMI: (-0.0000  0.0000 -0.0000)
[Testing!]J_ani:
[[-0.    -0.     0.   ]
 [-0.    -0.001 -0.   ]
 [ 0.    -0.    -0.   ]]
----------------------------------------------------------------------------------------
   Cr2   Cr1   ( -3,   0,   0)  0.0000   (22.047, -10.415, -0.000) 24.383 
J_iso:  0.0000 
[Testing!] DMI: (-0.0000  0.0000 -0.0000)
[Testing!]J_ani:
[[-0. -0. -0.]
 [-0. -0. -0.]
 [-0. -0. -0.]]
----------------------------------------------------------------------------------------
   Cr2   Cr1   (  0,  -3,   0)  0.0000   (22.047, 10.415, -0.000) 24.383 
J_iso:  0.0000 
[Testing!] DMI: (-0.0000 -0.0000  0.0000)
[Testing!]J_ani:
[[-0.  0.  0.]
 [ 0. -0. -0.]
 [ 0. -0. -0.]]
----------------------------------------------------------------------------------------
   Cr1   Cr2   (  0,   3,   0)  0.0000   (-22.047, -10.415,  0.000) 24.383 
J_iso:  0.0000 
[Testing!] DMI: ( 0.0000  0.0000 -0.0000)
[Testing!]J_ani:
[[-0.  0.  0.]
 [ 0. -0. -0.]
 [ 0. -0. -0.]]
----------------------------------------------------------------------------------------
   Cr1   Cr2   (  3,   0,   0)  0.0000   (-22.047, 10.415,  0.000) 24.383 
J_iso:  0.0000 
[Testing!] DMI: ( 0.0000 -0.0000  0.0000)
[Testing!]J_ani:
[[-0. -0. -0.]
 [-0. -0. -0.]
 [-0. -0. -0.]]
----------------------------------------------------------------------------------------
   Cr1   Cr1   ( -3,  -1,   0)  0.0001   (24.051, -6.943,  0.000) 25.033 
J_iso:  0.0001 
[Testing!] DMI: ( 0.0000  0.0000  0.0000)
[Testing!]J_ani:
[[-0. -0. -0.]
 [-0. -0.  0.]
 [-0.  0. -0.]]
----------------------------------------------------------------------------------------
   Cr2   Cr2   ( -3,  -1,   0)  0.0001   (24.051, -6.943,  0.000) 25.033 
J_iso:  0.0001 
[Testing!] DMI: (-0.0000 -0.0000 -0.0000)
[Testing!]J_ani:
[[-0. -0. -0.]
 [-0. -0.  0.]
 [-0.  0. -0.]]
----------------------------------------------------------------------------------------
   Cr1   Cr1   ( -1,  -3,   0)  0.0001   (24.051,  6.943,  0.000) 25.033 
J_iso:  0.0001 
[Testing!] DMI: ( 0.0000 -0.0000 -0.0000)
[Testing!]J_ani:
[[-0.  0.  0.]
 [ 0. -0.  0.]
 [ 0.  0. -0.]]
----------------------------------------------------------------------------------------
   Cr2   Cr2   ( -1,  -3,   0)  0.0001   (24.051,  6.943,  0.000) 25.033 
J_iso:  0.0001 
[Testing!] DMI: (-0.0000  0.0000  0.0000)
[Testing!]J_ani:
[[-0.  0.  0.]
 [ 0. -0.  0.]
 [ 0.  0. -0.]]
----------------------------------------------------------------------------------------
   Cr1   Cr1   (  1,   3,   0)  0.0001   (-24.051, -6.943,  0.000) 25.033 
J_iso:  0.0001 
[Testing!] DMI: (-0.0000  0.0000  0.0000)
[Testing!]J_ani:
[[-0.  0.  0.]
 [ 0. -0.  0.]
 [ 0.  0. -0.]]
----------------------------------------------------------------------------------------
   Cr2   Cr2   (  1,   3,   0)  0.0001   (-24.051, -6.943,  0.000) 25.033 
J_iso:  0.0001 
[Testing!] DMI: ( 0.0000 -0.0000 -0.0000)
[Testing!]J_ani:
[[-0.  0.  0.]
 [ 0. -0.  0.]
 [ 0.  0. -0.]]
----------------------------------------------------------------------------------------
   Cr1   Cr1   (  3,   1,   0)  0.0001   (-24.051,  6.943,  0.000) 25.033 
J_iso:  0.0001 
[Testing!] DMI: (-0.0000 -0.0000 -0.0000)
[Testing!]J_ani:
[[-0. -0. -0.]
 [-0. -0.  0.]
 [-0.  0. -0.]]
----------------------------------------------------------------------------------------
   Cr2   Cr2   (  3,   1,   0)  0.0001   (-24.051,  6.943,  0.000) 25.033 
J_iso:  0.0001 
[Testing!] DMI: ( 0.0000  0.0000  0.0000)
[Testing!]J_ani:
[[-0. -0. -0.]
 [-0. -0.  0.]
 [-0.  0. -0.]]
----------------------------------------------------------------------------------------
   Cr1   Cr2   ( -2,  -3,   0)  0.0000   (26.056,  3.471,  0.000) 26.286 
J_iso:  0.0000 
[Testing!] DMI: (-0.0000 -0.0000  0.0000)
[Testing!]J_ani:
[[ 0. -0.  0.]
 [-0. -0. -0.]
 [ 0. -0. -0.]]
----------------------------------------------------------------------------------------
   Cr1   Cr2   ( -3,  -2,   0)  0.0000   (26.056, -3.472,  0.000) 26.286 
J_iso:  0.0000 
[Testing!] DMI: (-0.0000  0.0000 -0.0000)
[Testing!]J_ani:
[[ 0.  0. -0.]
 [ 0. -0. -0.]
 [-0. -0. -0.]]
----------------------------------------------------------------------------------------
   Cr2   Cr1   (  2,   3,   0)  0.0000   (-26.056, -3.471, -0.000) 26.286 
J_iso:  0.0000 
[Testing!] DMI: ( 0.0000  0.0000 -0.0000)
[Testing!]J_ani:
[[ 0. -0.  0.]
 [-0. -0. -0.]
 [ 0. -0. -0.]]
----------------------------------------------------------------------------------------
   Cr2   Cr1   (  3,   2,   0)  0.0000   (-26.056,  3.472, -0.000) 26.286 
J_iso:  0.0000 
[Testing!] DMI: ( 0.0000 -0.0000  0.0000)
[Testing!]J_ani:
[[ 0.  0. -0.]
 [ 0. -0. -0.]
 [-0. -0. -0.]]
----------------------------------------------------------------------------------------
   Cr2   Cr1   ( -2,  -2,   0) -0.0001   (28.060,  0.000, -0.000) 28.060 
J_iso: -0.0001 
[Testing!] DMI: (-0.0000 -0.0000  0.0000)
[Testing!]J_ani:
[[ 0.     0.    -0.   ]
 [ 0.    -0.001 -0.   ]
 [-0.    -0.    -0.   ]]
----------------------------------------------------------------------------------------
   Cr1   Cr2   (  2,   2,   0) -0.0001   (-28.060,  0.000,  0.000) 28.060 
J_iso: -0.0001 
[Testing!] DMI: ( 0.0000  0.0000 -0.0000)
[Testing!]J_ani:
[[ 0.     0.    -0.   ]
 [ 0.    -0.001 -0.   ]
 [-0.    -0.    -0.   ]]
----------------------------------------------------------------------------------------
   Cr2   Cr1   ( -3,  -1,   0) -0.0000   (28.060, -6.943, -0.000) 28.906 
J_iso: -0.0000 
[Testing!] DMI: ( 0.0000 -0.0000 -0.0000)
[Testing!]J_ani:
[[-0.     0.     0.   ]
 [ 0.    -0.001 -0.   ]
 [ 0.    -0.    -0.   ]]
----------------------------------------------------------------------------------------
   Cr2   Cr1   ( -1,  -3,   0) -0.0000   (28.060,  6.943, -0.000) 28.906 
J_iso: -0.0000 
[Testing!] DMI: ( 0.0000  0.0000  0.0000)
[Testing!]J_ani:
[[-0.    -0.    -0.   ]
 [-0.    -0.001 -0.   ]
 [-0.    -0.    -0.   ]]
----------------------------------------------------------------------------------------
   Cr1   Cr2   (  1,   3,   0) -0.0000   (-28.060, -6.943,  0.000) 28.906 
J_iso: -0.0000 
[Testing!] DMI: (-0.0000 -0.0000 -0.0000)
[Testing!]J_ani:
[[-0.    -0.    -0.   ]
 [-0.    -0.001 -0.   ]
 [-0.    -0.    -0.   ]]
----------------------------------------------------------------------------------------
   Cr1   Cr2   (  3,   1,   0) -0.0000   (-28.060,  6.943,  0.000) 28.906 
J_iso: -0.0000 
[Testing!] DMI: (-0.0000  0.0000  0.0000)
[Testing!]J_ani:
[[-0.     0.     0.   ]
 [ 0.    -0.001 -0.   ]
 [ 0.    -0.    -0.   ]]
----------------------------------------------------------------------------------------
   Cr1   Cr1   ( -2,  -3,   0)  0.0000   (30.064,  3.471,  0.000) 30.264 
J_iso:  0.0000 
[Testing!] DMI: ( 0.0000 -0.0000 -0.0000)
[Testing!]J_ani:
[[-0.     0.    -0.   ]
 [ 0.    -0.001  0.   ]
 [-0.     0.    -0.   ]]
----------------------------------------------------------------------------------------
   Cr2   Cr2   ( -2,  -3,   0)  0.0000   (30.064,  3.471,  0.000) 30.264 
J_iso:  0.0000 
[Testing!] DMI: (-0.0000  0.0000  0.0000)
[Testing!]J_ani:
[[-0.     0.    -0.   ]
 [ 0.    -0.001  0.   ]
 [-0.     0.    -0.   ]]
----------------------------------------------------------------------------------------
   Cr2   Cr2   (  2,   3,   0)  0.0000   (-30.064, -3.471,  0.000) 30.264 
J_iso:  0.0000 
[Testing!] DMI: ( 0.0000 -0.0000 -0.0000)
[Testing!]J_ani:
[[-0.     0.    -0.   ]
 [ 0.    -0.001  0.   ]
 [-0.     0.    -0.   ]]
----------------------------------------------------------------------------------------
   Cr1   Cr1   ( -3,  -2,   0)  0.0000   (30.064, -3.472,  0.000) 30.264 
J_iso:  0.0000 
[Testing!] DMI: ( 0.0000  0.0000  0.0000)
[Testing!]J_ani:
[[-0.    -0.     0.   ]
 [-0.    -0.001  0.   ]
 [ 0.     0.    -0.   ]]
----------------------------------------------------------------------------------------
   Cr2   Cr2   ( -3,  -2,   0)  0.0000   (30.064, -3.472,  0.000) 30.264 
J_iso:  0.0000 
[Testing!] DMI: (-0.0000 -0.0000 -0.0000)
[Testing!]J_ani:
[[-0.    -0.     0.   ]
 [-0.    -0.001  0.   ]
 [ 0.     0.    -0.   ]]
----------------------------------------------------------------------------------------
   Cr1   Cr1   (  2,   3,   0)  0.0000   (-30.064, -3.471,  0.000) 30.264 
J_iso:  0.0000 
[Testing!] DMI: (-0.0000  0.0000  0.0000)
[Testing!]J_ani:
[[-0.     0.    -0.   ]
 [ 0.    -0.001  0.   ]
 [-0.     0.    -0.   ]]
----------------------------------------------------------------------------------------
   Cr1   Cr1   (  3,   2,   0)  0.0000   (-30.064,  3.472,  0.000) 30.264 
J_iso:  0.0000 
[Testing!] DMI: (-0.0000 -0.0000 -0.0000)
[Testing!]J_ani:
[[-0.    -0.     0.   ]
 [-0.    -0.001  0.   ]
 [ 0.     0.    -0.   ]]
----------------------------------------------------------------------------------------
   Cr2   Cr2   (  3,   2,   0)  0.0000   (-30.064,  3.472,  0.000) 30.264 
J_iso:  0.0000 
[Testing!] DMI: ( 0.0000  0.0000  0.0000)
[Testing!]J_ani:
[[-0.    -0.     0.   ]
 [-0.    -0.001  0.   ]
 [ 0.     0.    -0.   ]]
----------------------------------------------------------------------------------------
   Cr1   Cr2   ( -3,  -3,   0)  0.0000   (32.068, -0.000,  0.000) 32.068 
J_iso:  0.0000 
[Testing!] DMI: ( 0.0000 -0.0000 -0.0000)
[Testing!]J_ani:
[[ 0.  0.  0.]
 [ 0. -0.  0.]
 [ 0.  0. -0.]]
----------------------------------------------------------------------------------------
   Cr2   Cr1   (  3,   3,   0)  0.0000   (-32.068,  0.000, -0.000) 32.068 
J_iso:  0.0000 
[Testing!] DMI: (-0.0000  0.0000  0.0000)
[Testing!]J_ani:
[[ 0.  0.  0.]
 [ 0. -0.  0.]
 [ 0.  0. -0.]]
----------------------------------------------------------------------------------------
   Cr2   Cr1   ( -3,  -2,   0) -0.0000   (34.073, -3.472, -0.000) 34.249 
J_iso: -0.0000 
[Testing!] DMI: (-0.0000 -0.0000  0.0000)
[Testing!]J_ani:
[[-0.    -0.     0.   ]
 [-0.    -0.001  0.   ]
 [ 0.     0.    -0.   ]]
----------------------------------------------------------------------------------------
   Cr2   Cr1   ( -2,  -3,   0) -0.0000   (34.073,  3.471, -0.000) 34.249 
J_iso: -0.0000 
[Testing!] DMI: (-0.0000  0.0000 -0.0000)
[Testing!]J_ani:
[[-0.     0.    -0.   ]
 [ 0.    -0.001  0.   ]
 [-0.     0.    -0.   ]]
----------------------------------------------------------------------------------------
   Cr1   Cr2   (  2,   3,   0) -0.0000   (-34.073, -3.471,  0.000) 34.249 
J_iso: -0.0000 
[Testing!] DMI: ( 0.0000 -0.0000  0.0000)
[Testing!]J_ani:
[[-0.     0.    -0.   ]
 [ 0.    -0.001  0.   ]
 [-0.     0.    -0.   ]]
----------------------------------------------------------------------------------------
   Cr1   Cr2   (  3,   2,   0) -0.0000   (-34.073,  3.472,  0.000) 34.249 
J_iso: -0.0000 
[Testing!] DMI: ( 0.0000  0.0000 -0.0000)
[Testing!]J_ani:
[[-0.    -0.     0.   ]
 [-0.    -0.001  0.   ]
 [ 0.     0.    -0.   ]]
----------------------------------------------------------------------------------------
   Cr1   Cr1   ( -3,  -3,   0)  0.0001   (36.077, -0.000,  0.000) 36.077 
J_iso:  0.0001 
[Testing!] DMI: (-0.0000  0.0000  0.0000)
[Testing!]J_ani:
[[-0.  0.  0.]
 [ 0. -0.  0.]
 [ 0.  0. -0.]]
----------------------------------------------------------------------------------------
   Cr2   Cr2   ( -3,  -3,   0)  0.0001   (36.077, -0.000,  0.000) 36.077 
J_iso:  0.0001 
[Testing!] DMI: ( 0.0000 -0.0000 -0.0000)
[Testing!]J_ani:
[[-0.  0. -0.]
 [ 0. -0.  0.]
 [-0.  0. -0.]]
----------------------------------------------------------------------------------------
   Cr1   Cr1   (  3,   3,   0)  0.0001   (-36.077,  0.000,  0.000) 36.077 
J_iso:  0.0001 
[Testing!] DMI: ( 0.0000 -0.0000 -0.0000)
[Testing!]J_ani:
[[-0.  0.  0.]
 [ 0. -0.  0.]
 [ 0.  0. -0.]]
----------------------------------------------------------------------------------------
   Cr2   Cr2   (  3,   3,   0)  0.0001   (-36.077,  0.000,  0.000) 36.077 
J_iso:  0.0001 
[Testing!] DMI: (-0.0000  0.0000  0.0000)
[Testing!]J_ani:
[[-0.  0. -0.]
 [ 0. -0.  0.]
 [-0.  0. -0.]]
----------------------------------------------------------------------------------------
   Cr2   Cr1   ( -3,  -3,   0)  0.0000   (40.085, -0.000, -0.000) 40.085 
J_iso:  0.0000 
[Testing!] DMI: ( 0.0000 -0.0000  0.0000)
[Testing!]J_ani:
[[-0.  0. -0.]
 [ 0. -0.  0.]
 [-0.  0. -0.]]
----------------------------------------------------------------------------------------
   Cr1   Cr2   (  3,   3,   0)  0.0000   (-40.085,  0.000,  0.000) 40.085 
J_iso:  0.0000 
[Testing!] DMI: (-0.0000  0.0000 -0.0000)
[Testing!]J_ani:
[[-0.  0. -0.]
 [ 0. -0.  0.]
 [-0.  0. -0.]]
