==========================================================================================
Information: 
Exchange parameters generated by TB2J 0.9.9.9
Generation time: 25/06/26 15:15:47
 Input from non-collinear Siesta data.
 working directory: /Users/hexu/projects/TB2J_SIESTA_TUTORIAL/CrI3_SIESTA_split_SOC/DFT
 fdf_fname: siesta.fdf.
Warning: The DMI component parallel to the spin orientation, the Jani which has the component of that orientation should be disregarded
 e.g. if the spins are along z, the xz, yz, zz, zx, zy components and the z component of DMI.
 If you need these component, try to do three calculations with spin along x, y, z,  or use structure with z rotated to x, y and z. And then use TB2J_merge.py to get the full set of parameters.

==========================================================================================
Cell (Angstrom):
-6.01281438  3.47150000  0.00000000
-6.01281438  -3.47150000  0.00000000
0.00000000  0.00000000  13.00000000

==========================================================================================
Atoms:  
(Note: charge and magmoms only count the wannier functions.)
Atom_number        x             y             z       w_charge    M(x)      M(y)      M(z)   
Cr1            -4.00854292    0.00000000    6.50000000   14.6649    0.0000   -0.0000    3.5697
Cr2            -8.01708584    0.00000000    6.50000000   14.6648    0.0000   -0.0000    3.5697
I1             -8.08994330   -2.27226905    4.89133207    6.7784    0.0023   -0.0013   -0.1803
I2             -2.07712892   -1.19923094    8.10866793    6.7784   -0.0023   -0.0013   -0.1803
I3             -6.01281439    1.07303812    4.89133207    6.7784    0.0000    0.0027   -0.1803
I4             -6.01281437   -1.07303812    8.10866793    6.7784   -0.0000    0.0027   -0.1803
I5             -9.94849984    1.19923094    4.89133207    6.7784   -0.0023   -0.0013   -0.1803
I6             -3.93568546    2.27226905    8.10866793    6.7784    0.0023   -0.0013   -0.1803
Total                                                    70.0000    0.0000   -0.0000    6.0577

==========================================================================================
Exchange: 
    i      j          R        J_iso(meV)          vector          distance(A) 
----------------------------------------------------------------------------------------
   Cr1   Cr2   ( -1,   0,   0)  1.7926   ( 2.004, -3.471,  0.000)  4.009 
J_iso:  1.7926 
[Testing!] DMI: ( 0.0000 -0.0000 -0.0000)
[Testing!]J_ani:
[[-0.26  -0.486  0.443]
 [-0.486  0.177  0.256]
 [ 0.443  0.256  0.083]]
----------------------------------------------------------------------------------------
   Cr1   Cr2   (  0,  -1,   0)  1.7926   ( 2.004,  3.471,  0.000)  4.009 
J_iso:  1.7926 
[Testing!] DMI: ( 0.0000  0.0000  0.0000)
[Testing!]J_ani:
[[-0.26   0.486 -0.443]
 [ 0.486  0.177  0.256]
 [-0.443  0.256  0.083]]
----------------------------------------------------------------------------------------
   Cr2   Cr1   (  0,   1,   0)  1.7926   (-2.004, -3.471, -0.000)  4.009 
J_iso:  1.7926 
[Testing!] DMI: (-0.0000 -0.0000 -0.0000)
[Testing!]J_ani:
[[-0.26   0.486 -0.443]
 [ 0.486  0.177  0.256]
 [-0.443  0.256  0.083]]
----------------------------------------------------------------------------------------
   Cr2   Cr1   (  1,   0,   0)  1.7926   (-2.004,  3.471, -0.000)  4.009 
J_iso:  1.7926 
[Testing!] DMI: (-0.0000  0.0000  0.0000)
[Testing!]J_ani:
[[-0.26  -0.486  0.443]
 [-0.486  0.177  0.256]
 [ 0.443  0.256  0.083]]
----------------------------------------------------------------------------------------
   Cr1   Cr2   (  0,   0,   0)  1.7935   (-4.009,  0.000,  0.000)  4.009 
J_iso:  1.7935 
[Testing!] DMI: (-0.0000 -0.0000  0.0000)
[Testing!]J_ani:
[[ 0.395  0.     0.   ]
 [ 0.    -0.478 -0.512]
 [ 0.    -0.512  0.082]]
----------------------------------------------------------------------------------------
   Cr2   Cr1   (  0,   0,   0)  1.7935   ( 4.009,  0.000, -0.000)  4.009 
J_iso:  1.7935 
[Testing!] DMI: ( 0.0000  0.0000 -0.0000)
[Testing!]J_ani:
[[ 0.395  0.     0.   ]
 [ 0.    -0.478 -0.512]
 [ 0.    -0.512  0.082]]
----------------------------------------------------------------------------------------
   Cr1   Cr1   ( -1,   1,   0)  0.8285   ( 0.000, -6.943,  0.000)  6.943 
J_iso:  0.8285 
[Testing!] DMI: ( 0.0000 -0.0506  0.0142)
[Testing!]J_ani:
[[ 0.077 -0.     0.   ]
 [-0.    -0.044 -0.058]
 [ 0.    -0.058 -0.033]]
----------------------------------------------------------------------------------------
   Cr2   Cr2   ( -1,   1,   0)  0.8285   ( 0.000, -6.943,  0.000)  6.943 
J_iso:  0.8285 
[Testing!] DMI: (-0.0000  0.0506 -0.0142)
[Testing!]J_ani:
[[ 0.077  0.    -0.   ]
 [ 0.    -0.044 -0.058]
 [-0.    -0.058 -0.033]]
----------------------------------------------------------------------------------------
   Cr1   Cr1   (  1,  -1,   0)  0.8285   ( 0.000,  6.943,  0.000)  6.943 
J_iso:  0.8285 
[Testing!] DMI: (-0.0000  0.0506 -0.0142)
[Testing!]J_ani:
[[ 0.077 -0.     0.   ]
 [-0.    -0.044 -0.058]
 [ 0.    -0.058 -0.033]]
----------------------------------------------------------------------------------------
   Cr2   Cr2   (  1,  -1,   0)  0.8285   ( 0.000,  6.943,  0.000)  6.943 
J_iso:  0.8285 
[Testing!] DMI: ( 0.0000 -0.0506  0.0142)
[Testing!]J_ani:
[[ 0.077  0.    -0.   ]
 [ 0.    -0.044 -0.058]
 [-0.    -0.058 -0.033]]
----------------------------------------------------------------------------------------
   Cr2   Cr2   (  0,   1,   0)  0.8273   (-6.013, -3.471,  0.000)  6.943 
J_iso:  0.8273 
[Testing!] DMI: ( 0.0427  0.0233  0.0180)
[Testing!]J_ani:
[[-0.014 -0.063  0.05 ]
 [-0.063  0.046  0.029]
 [ 0.05   0.029 -0.031]]
----------------------------------------------------------------------------------------
   Cr2   Cr2   (  1,   0,   0)  0.8273   (-6.013,  3.471,  0.000)  6.943 
J_iso:  0.8273 
[Testing!] DMI: ( 0.0427 -0.0233 -0.0180)
[Testing!]J_ani:
[[-0.014  0.063 -0.05 ]
 [ 0.063  0.046  0.029]
 [-0.05   0.029 -0.031]]
----------------------------------------------------------------------------------------
   Cr1   Cr1   ( -1,   0,   0)  0.8273   ( 6.013, -3.471,  0.000)  6.943 
J_iso:  0.8273 
[Testing!] DMI: ( 0.0427 -0.0233 -0.0180)
[Testing!]J_ani:
[[-0.014  0.063 -0.05 ]
 [ 0.063  0.046  0.029]
 [-0.05   0.029 -0.031]]
----------------------------------------------------------------------------------------
   Cr2   Cr2   ( -1,   0,   0)  0.8273   ( 6.013, -3.471,  0.000)  6.943 
J_iso:  0.8273 
[Testing!] DMI: (-0.0427  0.0233  0.0180)
[Testing!]J_ani:
[[-0.014  0.063 -0.05 ]
 [ 0.063  0.046  0.029]
 [-0.05   0.029 -0.031]]
----------------------------------------------------------------------------------------
   Cr1   Cr1   (  0,  -1,   0)  0.8273   ( 6.013,  3.471,  0.000)  6.943 
J_iso:  0.8273 
[Testing!] DMI: ( 0.0427  0.0233  0.0180)
[Testing!]J_ani:
[[-0.014 -0.063  0.05 ]
 [-0.063  0.046  0.029]
 [ 0.05   0.029 -0.031]]
----------------------------------------------------------------------------------------
   Cr2   Cr2   (  0,  -1,   0)  0.8273   ( 6.013,  3.471,  0.000)  6.943 
J_iso:  0.8273 
[Testing!] DMI: (-0.0427 -0.0233 -0.0180)
[Testing!]J_ani:
[[-0.014 -0.063  0.05 ]
 [-0.063  0.046  0.029]
 [ 0.05   0.029 -0.031]]
----------------------------------------------------------------------------------------
   Cr1   Cr1   (  0,   1,   0)  0.8273   (-6.013, -3.471,  0.000)  6.943 
J_iso:  0.8273 
[Testing!] DMI: (-0.0427 -0.0233 -0.0180)
[Testing!]J_ani:
[[-0.014 -0.063  0.05 ]
 [-0.063  0.046  0.029]
 [ 0.05   0.029 -0.031]]
----------------------------------------------------------------------------------------
   Cr1   Cr1   (  1,   0,   0)  0.8273   (-6.013,  3.471,  0.000)  6.943 
J_iso:  0.8273 
[Testing!] DMI: (-0.0427  0.0233  0.0180)
[Testing!]J_ani:
[[-0.014  0.063 -0.05 ]
 [ 0.063  0.046  0.029]
 [-0.05   0.029 -0.031]]
----------------------------------------------------------------------------------------
   Cr1   Cr2   ( -1,   1,   0)  0.0387   (-4.009, -6.943,  0.000)  8.017 
J_iso:  0.0387 
[Testing!] DMI: ( 0.0000  0.0000  0.0000)
[Testing!]J_ani:
[[-0.011  0.023 -0.021]
 [ 0.023  0.012  0.014]
 [-0.021  0.014 -0.002]]
----------------------------------------------------------------------------------------
   Cr2   Cr1   ( -1,   1,   0)  0.0387   ( 4.009, -6.943, -0.000)  8.017 
J_iso:  0.0387 
[Testing!] DMI: (-0.0000  0.0000  0.0000)
[Testing!]J_ani:
[[-0.011 -0.023  0.021]
 [-0.023  0.012  0.014]
 [ 0.021  0.014 -0.002]]
----------------------------------------------------------------------------------------
   Cr1   Cr2   (  1,  -1,   0)  0.0387   (-4.009,  6.943,  0.000)  8.017 
J_iso:  0.0387 
[Testing!] DMI: ( 0.0000 -0.0000 -0.0000)
[Testing!]J_ani:
[[-0.011 -0.023  0.021]
 [-0.023  0.012  0.014]
 [ 0.021  0.014 -0.002]]
----------------------------------------------------------------------------------------
   Cr2   Cr1   (  1,  -1,   0)  0.0387   ( 4.009,  6.943, -0.000)  8.017 
J_iso:  0.0387 
[Testing!] DMI: (-0.0000 -0.0000 -0.0000)
[Testing!]J_ani:
[[-0.011  0.023 -0.021]
 [ 0.023  0.012  0.014]
 [-0.021  0.014 -0.002]]
----------------------------------------------------------------------------------------
   Cr1   Cr2   ( -1,  -1,   0)  0.0390   ( 8.017,  0.000,  0.000)  8.017 
J_iso:  0.0390 
[Testing!] DMI: (-0.0000  0.0000 -0.0000)
[Testing!]J_ani:
[[ 0.024 -0.    -0.   ]
 [-0.    -0.023 -0.022]
 [-0.    -0.022 -0.002]]
----------------------------------------------------------------------------------------
   Cr2   Cr1   (  1,   1,   0)  0.0390   (-8.017,  0.000, -0.000)  8.017 
J_iso:  0.0390 
[Testing!] DMI: ( 0.0000 -0.0000  0.0000)
[Testing!]J_ani:
[[ 0.024 -0.    -0.   ]
 [-0.    -0.023 -0.022]
 [-0.    -0.022 -0.002]]
----------------------------------------------------------------------------------------
   Cr1   Cr2   ( -2,   1,   0)  0.0145   ( 2.004, -10.415,  0.000) 10.606 
J_iso:  0.0145 
[Testing!] DMI: (-0.0000  0.0000  0.0000)
[Testing!]J_ani:
[[-0.001 -0.     0.001]
 [-0.     0.001 -0.   ]
 [ 0.001 -0.    -0.   ]]
----------------------------------------------------------------------------------------
   Cr2   Cr1   ( -1,   2,   0)  0.0145   (-2.004, -10.415, -0.000) 10.606 
J_iso:  0.0145 
[Testing!] DMI: ( 0.0000  0.0000  0.0000)
[Testing!]J_ani:
[[-0.001  0.    -0.001]
 [ 0.     0.001 -0.   ]
 [-0.001 -0.    -0.   ]]
----------------------------------------------------------------------------------------
   Cr1   Cr2   (  1,  -2,   0)  0.0145   ( 2.004, 10.415,  0.000) 10.606 
J_iso:  0.0145 
[Testing!] DMI: (-0.0000 -0.0000 -0.0000)
[Testing!]J_ani:
[[-0.001  0.    -0.001]
 [ 0.     0.001 -0.   ]
 [-0.001 -0.    -0.   ]]
----------------------------------------------------------------------------------------
   Cr2   Cr1   (  2,  -1,   0)  0.0145   (-2.004, 10.415, -0.000) 10.606 
J_iso:  0.0145 
[Testing!] DMI: ( 0.0000 -0.0000 -0.0000)
[Testing!]J_ani:
[[-0.001 -0.     0.001]
 [-0.     0.001 -0.   ]
 [ 0.001 -0.    -0.   ]]
----------------------------------------------------------------------------------------
   Cr1   Cr2   ( -2,   0,   0)  0.0145   ( 8.017, -6.943,  0.000) 10.606 
J_iso:  0.0145 
[Testing!] DMI: (-0.0000  0.0000 -0.0000)
[Testing!]J_ani:
[[-0.001 -0.002 -0.001]
 [-0.002  0.001  0.   ]
 [-0.001  0.    -0.   ]]
----------------------------------------------------------------------------------------
   Cr1   Cr2   (  0,  -2,   0)  0.0145   ( 8.017,  6.943,  0.000) 10.606 
J_iso:  0.0145 
[Testing!] DMI: (-0.0000 -0.0000  0.0000)
[Testing!]J_ani:
[[-0.001  0.002  0.001]
 [ 0.002  0.001  0.   ]
 [ 0.001  0.    -0.   ]]
----------------------------------------------------------------------------------------
   Cr2   Cr1   (  0,   2,   0)  0.0145   (-8.017, -6.943, -0.000) 10.606 
J_iso:  0.0145 
[Testing!] DMI: ( 0.0000  0.0000 -0.0000)
[Testing!]J_ani:
[[-0.001  0.002  0.001]
 [ 0.002  0.001  0.   ]
 [ 0.001  0.    -0.   ]]
----------------------------------------------------------------------------------------
   Cr2   Cr1   (  2,   0,   0)  0.0145   (-8.017,  6.943, -0.000) 10.606 
J_iso:  0.0145 
[Testing!] DMI: ( 0.0000 -0.0000  0.0000)
[Testing!]J_ani:
[[-0.001 -0.002 -0.001]
 [-0.002  0.001  0.   ]
 [-0.001  0.    -0.   ]]
----------------------------------------------------------------------------------------
   Cr2   Cr1   ( -1,   0,   0)  0.0143   (10.021, -3.471, -0.000) 10.606 
J_iso:  0.0143 
[Testing!] DMI: (-0.0000  0.0000 -0.0000)
[Testing!]J_ani:
[[ 0.002 -0.002  0.   ]
 [-0.002 -0.002  0.   ]
 [ 0.     0.     0.   ]]
----------------------------------------------------------------------------------------
   Cr2   Cr1   (  0,  -1,   0)  0.0143   (10.021,  3.471, -0.000) 10.606 
J_iso:  0.0143 
[Testing!] DMI: (-0.0000 -0.0000  0.0000)
[Testing!]J_ani:
[[ 0.002  0.002 -0.   ]
 [ 0.002 -0.002  0.   ]
 [-0.     0.     0.   ]]
----------------------------------------------------------------------------------------
   Cr1   Cr2   (  0,   1,   0)  0.0143   (-10.021, -3.471,  0.000) 10.606 
J_iso:  0.0143 
[Testing!] DMI: ( 0.0000  0.0000 -0.0000)
[Testing!]J_ani:
[[ 0.002  0.002 -0.   ]
 [ 0.002 -0.002  0.   ]
 [-0.     0.     0.   ]]
----------------------------------------------------------------------------------------
   Cr1   Cr2   (  1,   0,   0)  0.0143   (-10.021,  3.471,  0.000) 10.606 
J_iso:  0.0143 
[Testing!] DMI: ( 0.0000 -0.0000  0.0000)
[Testing!]J_ani:
[[ 0.002 -0.002  0.   ]
 [-0.002 -0.002  0.   ]
 [ 0.     0.     0.   ]]
----------------------------------------------------------------------------------------
   Cr1   Cr1   ( -2,   1,   0) -0.0405   ( 6.013, -10.415,  0.000) 12.026 
J_iso: -0.0405 
[Testing!] DMI: (-0.0069  0.0126 -0.0004)
[Testing!]J_ani:
[[-0.    -0.001 -0.003]
 [-0.001  0.001 -0.002]
 [-0.003 -0.002 -0.   ]]
----------------------------------------------------------------------------------------
   Cr2   Cr2   ( -2,   1,   0) -0.0405   ( 6.013, -10.415,  0.000) 12.026 
J_iso: -0.0405 
[Testing!] DMI: ( 0.0069 -0.0126  0.0004)
[Testing!]J_ani:
[[-0.    -0.001 -0.003]
 [-0.001  0.001 -0.002]
 [-0.003 -0.002 -0.   ]]
----------------------------------------------------------------------------------------
   Cr1   Cr1   ( -1,   2,   0) -0.0405   (-6.013, -10.415,  0.000) 12.026 
J_iso: -0.0405 
[Testing!] DMI: ( 0.0069  0.0126 -0.0004)
[Testing!]J_ani:
[[-0.     0.001  0.003]
 [ 0.001  0.001 -0.002]
 [ 0.003 -0.002 -0.   ]]
----------------------------------------------------------------------------------------
   Cr2   Cr2   ( -1,   2,   0) -0.0405   (-6.013, -10.415,  0.000) 12.026 
J_iso: -0.0405 
[Testing!] DMI: (-0.0069 -0.0126  0.0004)
[Testing!]J_ani:
[[-0.     0.001  0.003]
 [ 0.001  0.001 -0.002]
 [ 0.003 -0.002 -0.   ]]
----------------------------------------------------------------------------------------
   Cr1   Cr1   (  1,  -2,   0) -0.0405   ( 6.013, 10.415,  0.000) 12.026 
J_iso: -0.0405 
[Testing!] DMI: (-0.0069 -0.0126  0.0004)
[Testing!]J_ani:
[[-0.     0.001  0.003]
 [ 0.001  0.001 -0.002]
 [ 0.003 -0.002 -0.   ]]
----------------------------------------------------------------------------------------
   Cr2   Cr2   (  1,  -2,   0) -0.0405   ( 6.013, 10.415,  0.000) 12.026 
J_iso: -0.0405 
[Testing!] DMI: ( 0.0069  0.0126 -0.0004)
[Testing!]J_ani:
[[-0.     0.001  0.003]
 [ 0.001  0.001 -0.002]
 [ 0.003 -0.002 -0.   ]]
----------------------------------------------------------------------------------------
   Cr1   Cr1   (  2,  -1,   0) -0.0405   (-6.013, 10.415,  0.000) 12.026 
J_iso: -0.0405 
[Testing!] DMI: ( 0.0069 -0.0126  0.0004)
[Testing!]J_ani:
[[-0.    -0.001 -0.003]
 [-0.001  0.001 -0.002]
 [-0.003 -0.002 -0.   ]]
----------------------------------------------------------------------------------------
   Cr2   Cr2   (  2,  -1,   0) -0.0405   (-6.013, 10.415,  0.000) 12.026 
J_iso: -0.0405 
[Testing!] DMI: (-0.0069  0.0126 -0.0004)
[Testing!]J_ani:
[[-0.    -0.001 -0.003]
 [-0.001  0.001 -0.002]
 [-0.003 -0.002 -0.   ]]
----------------------------------------------------------------------------------------
   Cr1   Cr1   ( -1,  -1,   0) -0.0405   (12.026,  0.000,  0.000) 12.026 
J_iso: -0.0405 
[Testing!] DMI: (-0.0149 -0.0000 -0.0000)
[Testing!]J_ani:
[[ 0.001 -0.    -0.   ]
 [-0.    -0.     0.004]
 [-0.     0.004 -0.   ]]
----------------------------------------------------------------------------------------
   Cr2   Cr2   ( -1,  -1,   0) -0.0405   (12.026,  0.000,  0.000) 12.026 
J_iso: -0.0405 
[Testing!] DMI: ( 0.0149  0.0000  0.0000)
[Testing!]J_ani:
[[ 0.001 -0.    -0.   ]
 [-0.    -0.     0.004]
 [-0.     0.004 -0.   ]]
----------------------------------------------------------------------------------------
   Cr1   Cr1   (  1,   1,   0) -0.0405   (-12.026,  0.000,  0.000) 12.026 
J_iso: -0.0405 
[Testing!] DMI: ( 0.0149  0.0000  0.0000)
[Testing!]J_ani:
[[ 0.001 -0.    -0.   ]
 [-0.    -0.     0.004]
 [-0.     0.004 -0.   ]]
----------------------------------------------------------------------------------------
   Cr2   Cr2   (  1,   1,   0) -0.0405   (-12.026,  0.000,  0.000) 12.026 
J_iso: -0.0405 
[Testing!] DMI: (-0.0149 -0.0000 -0.0000)
[Testing!]J_ani:
[[ 0.001 -0.    -0.   ]
 [-0.    -0.     0.004]
 [-0.     0.004 -0.   ]]
----------------------------------------------------------------------------------------
   Cr1   Cr1   ( -2,   2,   0) -0.0103   ( 0.000, -13.886,  0.000) 13.886 
J_iso: -0.0103 
[Testing!] DMI: (-0.0000 -0.0006 -0.0032)
[Testing!]J_ani:
[[ 0.  0. -0.]
 [ 0. -0. -0.]
 [-0. -0.  0.]]
----------------------------------------------------------------------------------------
   Cr2   Cr2   ( -2,   2,   0) -0.0103   ( 0.000, -13.886,  0.000) 13.886 
J_iso: -0.0103 
[Testing!] DMI: ( 0.0000  0.0006  0.0032)
[Testing!]J_ani:
[[ 0.  0.  0.]
 [ 0. -0. -0.]
 [ 0. -0.  0.]]
----------------------------------------------------------------------------------------
   Cr1   Cr1   (  2,  -2,   0) -0.0103   ( 0.000, 13.886,  0.000) 13.886 
J_iso: -0.0103 
[Testing!] DMI: ( 0.0000  0.0006  0.0032)
[Testing!]J_ani:
[[ 0.  0. -0.]
 [ 0. -0. -0.]
 [-0. -0.  0.]]
----------------------------------------------------------------------------------------
   Cr2   Cr2   (  2,  -2,   0) -0.0103   ( 0.000, 13.886,  0.000) 13.886 
J_iso: -0.0103 
[Testing!] DMI: (-0.0000 -0.0006 -0.0032)
[Testing!]J_ani:
[[ 0.  0.  0.]
 [ 0. -0. -0.]
 [ 0. -0.  0.]]
----------------------------------------------------------------------------------------
   Cr1   Cr1   ( -2,   0,   0) -0.0103   (12.026, -6.943,  0.000) 13.886 
J_iso: -0.0103 
[Testing!] DMI: ( 0.0006 -0.0004  0.0032)
[Testing!]J_ani:
[[-0.  0. -0.]
 [ 0. -0. -0.]
 [-0. -0.  0.]]
----------------------------------------------------------------------------------------
   Cr1   Cr1   (  0,  -2,   0) -0.0103   (12.026,  6.943,  0.000) 13.886 
J_iso: -0.0103 
[Testing!] DMI: ( 0.0006  0.0004 -0.0032)
[Testing!]J_ani:
[[-0. -0.  0.]
 [-0. -0. -0.]
 [ 0. -0.  0.]]
----------------------------------------------------------------------------------------
   Cr2   Cr2   ( -2,   0,   0) -0.0103   (12.026, -6.943,  0.000) 13.886 
J_iso: -0.0103 
[Testing!] DMI: (-0.0006  0.0004 -0.0032)
[Testing!]J_ani:
[[-0.  0. -0.]
 [ 0. -0. -0.]
 [-0. -0.  0.]]
----------------------------------------------------------------------------------------
   Cr2   Cr2   (  0,  -2,   0) -0.0103   (12.026,  6.943,  0.000) 13.886 
J_iso: -0.0103 
[Testing!] DMI: (-0.0006 -0.0004  0.0032)
[Testing!]J_ani:
[[-0. -0.  0.]
 [-0. -0. -0.]
 [ 0. -0.  0.]]
----------------------------------------------------------------------------------------
   Cr1   Cr1   (  0,   2,   0) -0.0103   (-12.026, -6.943,  0.000) 13.886 
J_iso: -0.0103 
[Testing!] DMI: (-0.0006 -0.0004  0.0032)
[Testing!]J_ani:
[[-0. -0.  0.]
 [-0. -0. -0.]
 [ 0. -0.  0.]]
----------------------------------------------------------------------------------------
   Cr2   Cr2   (  0,   2,   0) -0.0103   (-12.026, -6.943,  0.000) 13.886 
J_iso: -0.0103 
[Testing!] DMI: ( 0.0006  0.0004 -0.0032)
[Testing!]J_ani:
[[-0. -0.  0.]
 [-0. -0. -0.]
 [ 0. -0.  0.]]
----------------------------------------------------------------------------------------
   Cr1   Cr1   (  2,   0,   0) -0.0103   (-12.026,  6.943,  0.000) 13.886 
J_iso: -0.0103 
[Testing!] DMI: (-0.0006  0.0004 -0.0032)
[Testing!]J_ani:
[[-0.  0. -0.]
 [ 0. -0. -0.]
 [-0. -0.  0.]]
----------------------------------------------------------------------------------------
   Cr2   Cr2   (  2,   0,   0) -0.0103   (-12.026,  6.943,  0.000) 13.886 
J_iso: -0.0103 
[Testing!] DMI: ( 0.0006 -0.0004  0.0032)
[Testing!]J_ani:
[[-0.  0. -0.]
 [ 0. -0. -0.]
 [-0. -0.  0.]]
----------------------------------------------------------------------------------------
   Cr1   Cr2   ( -2,   2,   0) -0.0014   (-4.009, -13.886,  0.000) 14.453 
J_iso: -0.0014 
[Testing!] DMI: (-0.0000 -0.0000  0.0000)
[Testing!]J_ani:
[[-0.     0.    -0.001]
 [ 0.    -0.    -0.   ]
 [-0.001 -0.     0.001]]
----------------------------------------------------------------------------------------
   Cr2   Cr1   ( -2,   2,   0) -0.0014   ( 4.009, -13.886, -0.000) 14.453 
J_iso: -0.0014 
[Testing!] DMI: ( 0.0000 -0.0000  0.0000)
[Testing!]J_ani:
[[-0.    -0.     0.001]
 [-0.    -0.    -0.   ]
 [ 0.001 -0.     0.001]]
----------------------------------------------------------------------------------------
   Cr1   Cr2   (  2,  -2,   0) -0.0014   (-4.009, 13.886,  0.000) 14.453 
J_iso: -0.0014 
[Testing!] DMI: (-0.0000  0.0000 -0.0000)
[Testing!]J_ani:
[[-0.    -0.     0.001]
 [-0.    -0.    -0.   ]
 [ 0.001 -0.     0.001]]
----------------------------------------------------------------------------------------
   Cr2   Cr1   (  2,  -2,   0) -0.0014   ( 4.009, 13.886, -0.000) 14.453 
J_iso: -0.0014 
[Testing!] DMI: ( 0.0000  0.0000 -0.0000)
[Testing!]J_ani:
[[-0.     0.    -0.001]
 [ 0.    -0.    -0.   ]
 [-0.001 -0.     0.001]]
----------------------------------------------------------------------------------------
   Cr2   Cr1   ( -2,   1,   0) -0.0014   (10.021, -10.415, -0.000) 14.453 
J_iso: -0.0014 
[Testing!] DMI: (-0.0000 -0.0000 -0.0000)
[Testing!]J_ani:
[[-0.001  0.     0.   ]
 [ 0.    -0.     0.001]
 [ 0.     0.001  0.001]]
----------------------------------------------------------------------------------------
   Cr1   Cr2   ( -1,   2,   0) -0.0014   (-10.021, -10.415,  0.000) 14.453 
J_iso: -0.0014 
[Testing!] DMI: ( 0.0000 -0.0000 -0.0000)
[Testing!]J_ani:
[[-0.001 -0.    -0.   ]
 [-0.    -0.     0.001]
 [-0.     0.001  0.001]]
----------------------------------------------------------------------------------------
   Cr2   Cr1   (  1,  -2,   0) -0.0014   (10.021, 10.415, -0.000) 14.453 
J_iso: -0.0014 
[Testing!] DMI: (-0.0000  0.0000  0.0000)
[Testing!]J_ani:
[[-0.001 -0.    -0.   ]
 [-0.    -0.     0.001]
 [-0.     0.001  0.001]]
----------------------------------------------------------------------------------------
   Cr1   Cr2   (  2,  -1,   0) -0.0014   (-10.021, 10.415,  0.000) 14.453 
J_iso: -0.0014 
[Testing!] DMI: ( 0.0000  0.0000  0.0000)
[Testing!]J_ani:
[[-0.001  0.     0.   ]
 [ 0.    -0.     0.001]
 [ 0.     0.001  0.001]]
----------------------------------------------------------------------------------------
   Cr1   Cr2   ( -2,  -1,   0) -0.0014   (14.030, -3.471,  0.000) 14.453 
J_iso: -0.0014 
[Testing!] DMI: ( 0.0000  0.0000 -0.0000)
[Testing!]J_ani:
[[-0.     0.    -0.001]
 [ 0.    -0.001 -0.001]
 [-0.001 -0.001  0.001]]
----------------------------------------------------------------------------------------
   Cr1   Cr2   ( -1,  -2,   0) -0.0014   (14.030,  3.471,  0.000) 14.453 
J_iso: -0.0014 
[Testing!] DMI: ( 0.0000 -0.0000  0.0000)
[Testing!]J_ani:
[[-0.    -0.     0.001]
 [-0.    -0.001 -0.001]
 [ 0.001 -0.001  0.001]]
----------------------------------------------------------------------------------------
   Cr2   Cr1   (  1,   2,   0) -0.0014   (-14.030, -3.471, -0.000) 14.453 
J_iso: -0.0014 
[Testing!] DMI: (-0.0000  0.0000 -0.0000)
[Testing!]J_ani:
[[-0.    -0.     0.001]
 [-0.    -0.001 -0.001]
 [ 0.001 -0.001  0.001]]
----------------------------------------------------------------------------------------
   Cr2   Cr1   (  2,   1,   0) -0.0014   (-14.030,  3.471, -0.000) 14.453 
J_iso: -0.0014 
[Testing!] DMI: (-0.0000 -0.0000  0.0000)
[Testing!]J_ani:
[[-0.     0.    -0.001]
 [ 0.    -0.001 -0.001]
 [-0.001 -0.001  0.001]]
----------------------------------------------------------------------------------------
   Cr2   Cr1   ( -1,  -1,   0) -0.0077   (16.034,  0.000, -0.000) 16.034 
J_iso: -0.0077 
[Testing!] DMI: ( 0.0000  0.0000  0.0000)
[Testing!]J_ani:
[[ 0.     0.     0.   ]
 [ 0.     0.     0.001]
 [ 0.     0.001 -0.   ]]
----------------------------------------------------------------------------------------
   Cr1   Cr2   (  1,   1,   0) -0.0077   (-16.034,  0.000,  0.000) 16.034 
J_iso: -0.0077 
[Testing!] DMI: (-0.0000 -0.0000 -0.0000)
[Testing!]J_ani:
[[ 0.     0.     0.   ]
 [ 0.     0.     0.001]
 [ 0.     0.001 -0.   ]]
----------------------------------------------------------------------------------------
   Cr2   Cr1   ( -2,   0,   0) -0.0050   (16.034, -6.943, -0.000) 17.473 
J_iso: -0.0050 
[Testing!] DMI: (-0.0000 -0.0000 -0.0000)
[Testing!]J_ani:
[[-0.  0.  0.]
 [ 0.  0. -0.]
 [ 0. -0.  0.]]
----------------------------------------------------------------------------------------
   Cr2   Cr1   (  0,  -2,   0) -0.0050   (16.034,  6.943, -0.000) 17.473 
J_iso: -0.0050 
[Testing!] DMI: (-0.0000  0.0000  0.0000)
[Testing!]J_ani:
[[-0. -0. -0.]
 [-0.  0. -0.]
 [-0. -0.  0.]]
----------------------------------------------------------------------------------------
   Cr1   Cr2   (  0,   2,   0) -0.0050   (-16.034, -6.943,  0.000) 17.473 
J_iso: -0.0050 
[Testing!] DMI: ( 0.0000 -0.0000 -0.0000)
[Testing!]J_ani:
[[-0. -0. -0.]
 [-0.  0. -0.]
 [-0. -0.  0.]]
----------------------------------------------------------------------------------------
   Cr1   Cr2   (  2,   0,   0) -0.0050   (-16.034,  6.943,  0.000) 17.473 
J_iso: -0.0050 
[Testing!] DMI: ( 0.0000  0.0000  0.0000)
[Testing!]J_ani:
[[-0.  0.  0.]
 [ 0.  0. -0.]
 [ 0. -0.  0.]]
----------------------------------------------------------------------------------------
   Cr1   Cr1   ( -2,  -1,   0) -0.0018   (18.038, -3.471,  0.000) 18.369 
J_iso: -0.0018 
[Testing!] DMI: (-0.0001 -0.0002  0.0000)
[Testing!]J_ani:
[[ 0.  0.  0.]
 [ 0.  0. -0.]
 [ 0. -0. -0.]]
----------------------------------------------------------------------------------------
   Cr2   Cr2   ( -2,  -1,   0) -0.0018   (18.038, -3.471,  0.000) 18.369 
J_iso: -0.0018 
[Testing!] DMI: ( 0.0001  0.0002 -0.0000)
[Testing!]J_ani:
[[ 0.  0.  0.]
 [ 0.  0. -0.]
 [ 0. -0. -0.]]
----------------------------------------------------------------------------------------
   Cr1   Cr1   ( -1,  -2,   0) -0.0018   (18.038,  3.471,  0.000) 18.369 
J_iso: -0.0018 
[Testing!] DMI: (-0.0001  0.0002 -0.0000)
[Testing!]J_ani:
[[ 0. -0. -0.]
 [-0.  0. -0.]
 [-0. -0. -0.]]
----------------------------------------------------------------------------------------
   Cr2   Cr2   ( -1,  -2,   0) -0.0018   (18.038,  3.471,  0.000) 18.369 
J_iso: -0.0018 
[Testing!] DMI: ( 0.0001 -0.0002  0.0000)
[Testing!]J_ani:
[[ 0. -0. -0.]
 [-0.  0. -0.]
 [-0. -0. -0.]]
----------------------------------------------------------------------------------------
   Cr1   Cr1   (  1,   2,   0) -0.0018   (-18.038, -3.471,  0.000) 18.369 
J_iso: -0.0018 
[Testing!] DMI: ( 0.0001 -0.0002  0.0000)
[Testing!]J_ani:
[[ 0. -0. -0.]
 [-0.  0. -0.]
 [-0. -0. -0.]]
----------------------------------------------------------------------------------------
   Cr2   Cr2   (  1,   2,   0) -0.0018   (-18.038, -3.471,  0.000) 18.369 
J_iso: -0.0018 
[Testing!] DMI: (-0.0001  0.0002 -0.0000)
[Testing!]J_ani:
[[ 0. -0. -0.]
 [-0.  0. -0.]
 [-0. -0. -0.]]
----------------------------------------------------------------------------------------
   Cr1   Cr1   (  2,   1,   0) -0.0018   (-18.038,  3.471,  0.000) 18.369 
J_iso: -0.0018 
[Testing!] DMI: ( 0.0001  0.0002 -0.0000)
[Testing!]J_ani:
[[ 0.  0.  0.]
 [ 0.  0. -0.]
 [ 0. -0. -0.]]
----------------------------------------------------------------------------------------
   Cr2   Cr2   (  2,   1,   0) -0.0018   (-18.038,  3.471,  0.000) 18.369 
J_iso: -0.0018 
[Testing!] DMI: (-0.0001 -0.0002  0.0000)
[Testing!]J_ani:
[[ 0.  0.  0.]
 [ 0.  0. -0.]
 [ 0. -0. -0.]]
----------------------------------------------------------------------------------------
   Cr1   Cr2   ( -2,  -2,   0)  0.0007   (20.043,  0.000,  0.000) 20.043 
J_iso:  0.0007 
[Testing!] DMI: ( 0.0000  0.0000  0.0000)
[Testing!]J_ani:
[[ 0. -0.  0.]
 [-0.  0.  0.]
 [ 0.  0. -0.]]
----------------------------------------------------------------------------------------
   Cr2   Cr1   (  2,   2,   0)  0.0007   (-20.043,  0.000, -0.000) 20.043 
J_iso:  0.0007 
[Testing!] DMI: (-0.0000 -0.0000 -0.0000)
[Testing!]J_ani:
[[ 0. -0.  0.]
 [-0.  0.  0.]
 [ 0.  0. -0.]]
----------------------------------------------------------------------------------------
   Cr2   Cr1   ( -2,  -1,   0) -0.0077   (22.047, -3.471, -0.000) 22.319 
J_iso: -0.0077 
[Testing!] DMI: (-0.0000  0.0000  0.0000)
[Testing!]J_ani:
[[ 0.    -0.    -0.001]
 [-0.     0.    -0.   ]
 [-0.001 -0.    -0.   ]]
----------------------------------------------------------------------------------------
   Cr2   Cr1   ( -1,  -2,   0) -0.0077   (22.047,  3.471, -0.000) 22.319 
J_iso: -0.0077 
[Testing!] DMI: (-0.0000 -0.0000 -0.0000)
[Testing!]J_ani:
[[ 0.     0.     0.001]
 [ 0.     0.    -0.   ]
 [ 0.001 -0.    -0.   ]]
----------------------------------------------------------------------------------------
   Cr1   Cr2   (  1,   2,   0) -0.0077   (-22.047, -3.471,  0.000) 22.319 
J_iso: -0.0077 
[Testing!] DMI: ( 0.0000  0.0000  0.0000)
[Testing!]J_ani:
[[ 0.     0.     0.001]
 [ 0.     0.    -0.   ]
 [ 0.001 -0.    -0.   ]]
----------------------------------------------------------------------------------------
   Cr1   Cr2   (  2,   1,   0) -0.0077   (-22.047,  3.471,  0.000) 22.319 
J_iso: -0.0077 
[Testing!] DMI: ( 0.0000 -0.0000 -0.0000)
[Testing!]J_ani:
[[ 0.    -0.    -0.001]
 [-0.     0.    -0.   ]
 [-0.001 -0.    -0.   ]]
----------------------------------------------------------------------------------------
   Cr1   Cr1   ( -2,  -2,   0) -0.0018   (24.051,  0.000,  0.000) 24.051 
J_iso: -0.0018 
[Testing!] DMI: ( 0.0002 -0.0000  0.0000)
[Testing!]J_ani:
[[ 0. -0.  0.]
 [-0.  0.  0.]
 [ 0.  0. -0.]]
----------------------------------------------------------------------------------------
   Cr2   Cr2   ( -2,  -2,   0) -0.0018   (24.051,  0.000,  0.000) 24.051 
J_iso: -0.0018 
[Testing!] DMI: (-0.0002  0.0000 -0.0000)
[Testing!]J_ani:
[[ 0. -0. -0.]
 [-0.  0.  0.]
 [-0.  0. -0.]]
----------------------------------------------------------------------------------------
   Cr1   Cr1   (  2,   2,   0) -0.0018   (-24.051,  0.000,  0.000) 24.051 
J_iso: -0.0018 
[Testing!] DMI: (-0.0002  0.0000 -0.0000)
[Testing!]J_ani:
[[ 0. -0.  0.]
 [-0.  0.  0.]
 [ 0.  0. -0.]]
----------------------------------------------------------------------------------------
   Cr2   Cr2   (  2,   2,   0) -0.0018   (-24.051,  0.000,  0.000) 24.051 
J_iso: -0.0018 
[Testing!] DMI: ( 0.0002 -0.0000  0.0000)
[Testing!]J_ani:
[[ 0. -0. -0.]
 [-0.  0.  0.]
 [-0.  0. -0.]]
----------------------------------------------------------------------------------------
   Cr2   Cr1   ( -2,  -2,   0) -0.0050   (28.060,  0.000, -0.000) 28.060 
J_iso: -0.0050 
[Testing!] DMI: ( 0.0000 -0.0000  0.0000)
[Testing!]J_ani:
[[ 0. -0. -0.]
 [-0. -0.  0.]
 [-0.  0.  0.]]
----------------------------------------------------------------------------------------
   Cr1   Cr2   (  2,   2,   0) -0.0050   (-28.060,  0.000,  0.000) 28.060 
J_iso: -0.0050 
[Testing!] DMI: (-0.0000  0.0000 -0.0000)
[Testing!]J_ani:
[[ 0. -0. -0.]
 [-0. -0.  0.]
 [-0.  0.  0.]]
