==========================================================================================
Information: 
Exchange parameters generated by TB2J 0.9.0.1
Generation time: 25/06/02 23:21:28
 Input from non-collinear Siesta data.
 working directory: /Users/hexu/projects/TB2J_SIESTA_TUTORIAL/CrI3_SIESTA_split_SOC/DFT
 fdf_fname: siesta.fdf.
Warning: The DMI component parallel to the spin orientation, the Jani which has the component of that orientation should be disregarded
 e.g. if the spins are along z, the xz, yz, zz, zx, zy components and the z component of DMI.
 If you need these component, try to do three calculations with spin along x, y, z,  or use structure with z rotated to x, y and z. And then use TB2J_merge.py to get the full set of parameters.

==========================================================================================
Cell (Angstrom):
-6.01281438  3.47150000  0.00000000
-6.01281438  -3.47150000  0.00000000
0.00000000  0.00000000  13.00000000

==========================================================================================
Atoms:  
(Note: charge and magmoms only count the wannier functions.)
Atom_number        x             y             z       w_charge    M(x)      M(y)      M(z)   
Cr1            -4.00854292    0.00000000    6.50000000   14.6649    0.0000   -0.0000    3.5696
Cr2            -8.01708584    0.00000000    6.50000000   14.6648    0.0000   -0.0000    3.5696
I1             -8.08994330   -2.27226905    4.89133207    6.7784    0.0023   -0.0013   -0.1803
I2             -2.07712892   -1.19923094    8.10866793    6.7784   -0.0023   -0.0013   -0.1803
I3             -6.01281439    1.07303812    4.89133207    6.7784    0.0000    0.0027   -0.1803
I4             -6.01281437   -1.07303812    8.10866793    6.7784   -0.0000    0.0027   -0.1803
I5             -9.94849984    1.19923094    4.89133207    6.7784   -0.0023   -0.0013   -0.1803
I6             -3.93568546    2.27226905    8.10866793    6.7784    0.0023   -0.0013   -0.1803
Total                                                    70.0000    0.0000   -0.0000    6.0577

==========================================================================================
Exchange: 
    i      j          R        J_iso(meV)          vector          distance(A) 
----------------------------------------------------------------------------------------
   Cr1   Cr2   ( -1,   0,   0)  2.3537   ( 2.004, -3.471,  0.000)  4.009 
J_iso:  2.3537 
[Testing!] DMI: ( 0.0000 -0.0000 -0.0000)
[Testing!]J_ani:
[[-0.82  -0.487  0.445]
 [-0.487 -0.383  0.257]
 [ 0.445  0.257 -0.476]]
----------------------------------------------------------------------------------------
   Cr1   Cr2   (  0,  -1,   0)  2.3537   ( 2.004,  3.471,  0.000)  4.009 
J_iso:  2.3537 
[Testing!] DMI: ( 0.0000  0.0000  0.0000)
[Testing!]J_ani:
[[-0.82   0.487 -0.445]
 [ 0.487 -0.383  0.257]
 [-0.445  0.257 -0.476]]
----------------------------------------------------------------------------------------
   Cr2   Cr1   (  0,   1,   0)  2.3537   (-2.004, -3.471, -0.000)  4.009 
J_iso:  2.3537 
[Testing!] DMI: (-0.0000 -0.0000 -0.0000)
[Testing!]J_ani:
[[-0.82   0.487 -0.445]
 [ 0.487 -0.383  0.257]
 [-0.445  0.257 -0.476]]
----------------------------------------------------------------------------------------
   Cr2   Cr1   (  1,   0,   0)  2.3537   (-2.004,  3.471, -0.000)  4.009 
J_iso:  2.3537 
[Testing!] DMI: (-0.0000  0.0000  0.0000)
[Testing!]J_ani:
[[-0.82  -0.487  0.445]
 [-0.487 -0.383  0.257]
 [ 0.445  0.257 -0.476]]
----------------------------------------------------------------------------------------
   Cr1   Cr2   (  0,   0,   0)  2.3552   (-4.009,  0.000,  0.000)  4.009 
J_iso:  2.3552 
[Testing!] DMI: (-0.0000 -0.0000  0.0000)
[Testing!]J_ani:
[[-0.164  0.     0.   ]
 [ 0.    -1.039 -0.513]
 [ 0.    -0.513 -0.478]]
----------------------------------------------------------------------------------------
   Cr2   Cr1   (  0,   0,   0)  2.3552   ( 4.009,  0.000, -0.000)  4.009 
J_iso:  2.3552 
[Testing!] DMI: ( 0.0000  0.0000 -0.0000)
[Testing!]J_ani:
[[-0.164  0.     0.   ]
 [ 0.    -1.039 -0.513]
 [ 0.    -0.513 -0.478]]
----------------------------------------------------------------------------------------
   Cr1   Cr1   ( -1,   1,   0)  0.9467   ( 0.000, -6.943,  0.000)  6.943 
J_iso:  0.9467 
[Testing!] DMI: ( 0.0000 -0.0506  0.0148)
[Testing!]J_ani:
[[-0.042 -0.     0.   ]
 [-0.    -0.163 -0.058]
 [ 0.    -0.058 -0.151]]
----------------------------------------------------------------------------------------
   Cr2   Cr2   ( -1,   1,   0)  0.9467   ( 0.000, -6.943,  0.000)  6.943 
J_iso:  0.9467 
[Testing!] DMI: (-0.0000  0.0506 -0.0148)
[Testing!]J_ani:
[[-0.042  0.    -0.   ]
 [ 0.    -0.163 -0.058]
 [-0.    -0.058 -0.151]]
----------------------------------------------------------------------------------------
   Cr1   Cr1   (  1,  -1,   0)  0.9467   ( 0.000,  6.943,  0.000)  6.943 
J_iso:  0.9467 
[Testing!] DMI: (-0.0000  0.0506 -0.0148)
[Testing!]J_ani:
[[-0.042 -0.     0.   ]
 [-0.    -0.163 -0.058]
 [ 0.    -0.058 -0.151]]
----------------------------------------------------------------------------------------
   Cr2   Cr2   (  1,  -1,   0)  0.9467   ( 0.000,  6.943,  0.000)  6.943 
J_iso:  0.9467 
[Testing!] DMI: ( 0.0000 -0.0506  0.0148)
[Testing!]J_ani:
[[-0.042  0.    -0.   ]
 [ 0.    -0.163 -0.058]
 [-0.    -0.058 -0.151]]
----------------------------------------------------------------------------------------
   Cr2   Cr2   (  0,   1,   0)  0.9462   (-6.013, -3.471,  0.000)  6.943 
J_iso:  0.9462 
[Testing!] DMI: ( 0.0427  0.0233  0.0186)
[Testing!]J_ani:
[[-0.134 -0.063  0.05 ]
 [-0.063 -0.073  0.029]
 [ 0.05   0.029 -0.15 ]]
----------------------------------------------------------------------------------------
   Cr2   Cr2   (  1,   0,   0)  0.9462   (-6.013,  3.471,  0.000)  6.943 
J_iso:  0.9462 
[Testing!] DMI: ( 0.0427 -0.0233 -0.0186)
[Testing!]J_ani:
[[-0.134  0.063 -0.05 ]
 [ 0.063 -0.073  0.029]
 [-0.05   0.029 -0.15 ]]
----------------------------------------------------------------------------------------
   Cr1   Cr1   ( -1,   0,   0)  0.9462   ( 6.013, -3.471,  0.000)  6.943 
J_iso:  0.9462 
[Testing!] DMI: ( 0.0427 -0.0233 -0.0186)
[Testing!]J_ani:
[[-0.134  0.063 -0.05 ]
 [ 0.063 -0.073  0.029]
 [-0.05   0.029 -0.15 ]]
----------------------------------------------------------------------------------------
   Cr2   Cr2   ( -1,   0,   0)  0.9462   ( 6.013, -3.471,  0.000)  6.943 
J_iso:  0.9462 
[Testing!] DMI: (-0.0427  0.0233  0.0186)
[Testing!]J_ani:
[[-0.134  0.063 -0.05 ]
 [ 0.063 -0.073  0.029]
 [-0.05   0.029 -0.15 ]]
----------------------------------------------------------------------------------------
   Cr1   Cr1   (  0,  -1,   0)  0.9462   ( 6.013,  3.471,  0.000)  6.943 
J_iso:  0.9462 
[Testing!] DMI: ( 0.0427  0.0233  0.0186)
[Testing!]J_ani:
[[-0.134 -0.063  0.05 ]
 [-0.063 -0.073  0.029]
 [ 0.05   0.029 -0.15 ]]
----------------------------------------------------------------------------------------
   Cr2   Cr2   (  0,  -1,   0)  0.9462   ( 6.013,  3.471,  0.000)  6.943 
J_iso:  0.9462 
[Testing!] DMI: (-0.0427 -0.0233 -0.0186)
[Testing!]J_ani:
[[-0.134 -0.063  0.05 ]
 [-0.063 -0.073  0.029]
 [ 0.05   0.029 -0.15 ]]
----------------------------------------------------------------------------------------
   Cr1   Cr1   (  0,   1,   0)  0.9462   (-6.013, -3.471,  0.000)  6.943 
J_iso:  0.9462 
[Testing!] DMI: (-0.0427 -0.0233 -0.0186)
[Testing!]J_ani:
[[-0.134 -0.063  0.05 ]
 [-0.063 -0.073  0.029]
 [ 0.05   0.029 -0.15 ]]
----------------------------------------------------------------------------------------
   Cr1   Cr1   (  1,   0,   0)  0.9462   (-6.013,  3.471,  0.000)  6.943 
J_iso:  0.9462 
[Testing!] DMI: (-0.0427  0.0233  0.0186)
[Testing!]J_ani:
[[-0.134  0.063 -0.05 ]
 [ 0.063 -0.073  0.029]
 [-0.05   0.029 -0.15 ]]
----------------------------------------------------------------------------------------
   Cr1   Cr2   ( -1,   1,   0)  0.0930   (-4.009, -6.943,  0.000)  8.017 
J_iso:  0.0930 
[Testing!] DMI: ( 0.0000  0.0000  0.0000)
[Testing!]J_ani:
[[-0.066  0.023 -0.021]
 [ 0.023 -0.043  0.015]
 [-0.021  0.015 -0.057]]
----------------------------------------------------------------------------------------
   Cr2   Cr1   ( -1,   1,   0)  0.0930   ( 4.009, -6.943, -0.000)  8.017 
J_iso:  0.0930 
[Testing!] DMI: (-0.0000  0.0000  0.0000)
[Testing!]J_ani:
[[-0.066 -0.023  0.021]
 [-0.023 -0.043  0.015]
 [ 0.021  0.015 -0.057]]
----------------------------------------------------------------------------------------
   Cr1   Cr2   (  1,  -1,   0)  0.0930   (-4.009,  6.943,  0.000)  8.017 
J_iso:  0.0930 
[Testing!] DMI: ( 0.0000 -0.0000 -0.0000)
[Testing!]J_ani:
[[-0.066 -0.023  0.021]
 [-0.023 -0.043  0.015]
 [ 0.021  0.015 -0.057]]
----------------------------------------------------------------------------------------
   Cr2   Cr1   (  1,  -1,   0)  0.0930   ( 4.009,  6.943, -0.000)  8.017 
J_iso:  0.0930 
[Testing!] DMI: (-0.0000 -0.0000 -0.0000)
[Testing!]J_ani:
[[-0.066  0.023 -0.021]
 [ 0.023 -0.043  0.015]
 [-0.021  0.015 -0.057]]
----------------------------------------------------------------------------------------
   Cr1   Cr2   ( -1,  -1,   0)  0.0930   ( 8.017,  0.000,  0.000)  8.017 
J_iso:  0.0930 
[Testing!] DMI: (-0.0000  0.0000 -0.0000)
[Testing!]J_ani:
[[-0.031 -0.    -0.   ]
 [-0.    -0.078 -0.022]
 [-0.    -0.022 -0.057]]
----------------------------------------------------------------------------------------
   Cr2   Cr1   (  1,   1,   0)  0.0930   (-8.017,  0.000, -0.000)  8.017 
J_iso:  0.0930 
[Testing!] DMI: ( 0.0000 -0.0000  0.0000)
[Testing!]J_ani:
[[-0.031 -0.    -0.   ]
 [-0.    -0.078 -0.022]
 [-0.    -0.022 -0.057]]
----------------------------------------------------------------------------------------
   Cr1   Cr2   ( -2,   1,   0)  0.0225   ( 2.004, -10.415,  0.000) 10.606 
J_iso:  0.0225 
[Testing!] DMI: (-0.0000  0.0000  0.0000)
[Testing!]J_ani:
[[-0.01   0.     0.001]
 [ 0.    -0.008 -0.   ]
 [ 0.001 -0.    -0.01 ]]
----------------------------------------------------------------------------------------
   Cr2   Cr1   ( -1,   2,   0)  0.0225   (-2.004, -10.415, -0.000) 10.606 
J_iso:  0.0225 
[Testing!] DMI: ( 0.0000  0.0000  0.0000)
[Testing!]J_ani:
[[-0.01  -0.    -0.001]
 [-0.    -0.008 -0.   ]
 [-0.001 -0.    -0.01 ]]
----------------------------------------------------------------------------------------
   Cr1   Cr2   (  1,  -2,   0)  0.0225   ( 2.004, 10.415,  0.000) 10.606 
J_iso:  0.0225 
[Testing!] DMI: (-0.0000 -0.0000 -0.0000)
[Testing!]J_ani:
[[-0.01  -0.    -0.001]
 [-0.    -0.008 -0.   ]
 [-0.001 -0.    -0.01 ]]
----------------------------------------------------------------------------------------
   Cr2   Cr1   (  2,  -1,   0)  0.0225   (-2.004, 10.415, -0.000) 10.606 
J_iso:  0.0225 
[Testing!] DMI: ( 0.0000 -0.0000 -0.0000)
[Testing!]J_ani:
[[-0.01   0.     0.001]
 [ 0.    -0.008 -0.   ]
 [ 0.001 -0.    -0.01 ]]
----------------------------------------------------------------------------------------
   Cr1   Cr2   ( -2,   0,   0)  0.0225   ( 8.017, -6.943,  0.000) 10.606 
J_iso:  0.0225 
[Testing!] DMI: (-0.0000  0.0000 -0.0000)
[Testing!]J_ani:
[[-0.01  -0.003 -0.001]
 [-0.003 -0.008  0.   ]
 [-0.001  0.    -0.009]]
----------------------------------------------------------------------------------------
   Cr1   Cr2   (  0,  -2,   0)  0.0225   ( 8.017,  6.943,  0.000) 10.606 
J_iso:  0.0225 
[Testing!] DMI: (-0.0000 -0.0000  0.0000)
[Testing!]J_ani:
[[-0.01   0.003  0.001]
 [ 0.003 -0.008  0.   ]
 [ 0.001  0.    -0.009]]
----------------------------------------------------------------------------------------
   Cr2   Cr1   (  0,   2,   0)  0.0225   (-8.017, -6.943, -0.000) 10.606 
J_iso:  0.0225 
[Testing!] DMI: ( 0.0000  0.0000 -0.0000)
[Testing!]J_ani:
[[-0.01   0.003  0.001]
 [ 0.003 -0.008  0.   ]
 [ 0.001  0.    -0.009]]
----------------------------------------------------------------------------------------
   Cr2   Cr1   (  2,   0,   0)  0.0225   (-8.017,  6.943, -0.000) 10.606 
J_iso:  0.0225 
[Testing!] DMI: ( 0.0000 -0.0000  0.0000)
[Testing!]J_ani:
[[-0.01  -0.003 -0.001]
 [-0.003 -0.008  0.   ]
 [-0.001  0.    -0.009]]
----------------------------------------------------------------------------------------
   Cr2   Cr1   ( -1,   0,   0)  0.0225   (10.021, -3.471, -0.000) 10.606 
J_iso:  0.0225 
[Testing!] DMI: (-0.0000  0.0000 -0.0000)
[Testing!]J_ani:
[[-0.007 -0.003  0.   ]
 [-0.003 -0.012 -0.   ]
 [ 0.    -0.    -0.009]]
----------------------------------------------------------------------------------------
   Cr2   Cr1   (  0,  -1,   0)  0.0225   (10.021,  3.471, -0.000) 10.606 
J_iso:  0.0225 
[Testing!] DMI: (-0.0000 -0.0000  0.0000)
[Testing!]J_ani:
[[-0.007  0.003 -0.   ]
 [ 0.003 -0.012 -0.   ]
 [-0.    -0.    -0.009]]
----------------------------------------------------------------------------------------
   Cr1   Cr2   (  0,   1,   0)  0.0225   (-10.021, -3.471,  0.000) 10.606 
J_iso:  0.0225 
[Testing!] DMI: ( 0.0000  0.0000 -0.0000)
[Testing!]J_ani:
[[-0.007  0.003 -0.   ]
 [ 0.003 -0.012 -0.   ]
 [-0.    -0.    -0.009]]
----------------------------------------------------------------------------------------
   Cr1   Cr2   (  1,   0,   0)  0.0225   (-10.021,  3.471,  0.000) 10.606 
J_iso:  0.0225 
[Testing!] DMI: ( 0.0000 -0.0000  0.0000)
[Testing!]J_ani:
[[-0.007 -0.003  0.   ]
 [-0.003 -0.012 -0.   ]
 [ 0.    -0.    -0.009]]
----------------------------------------------------------------------------------------
   Cr1   Cr1   ( -2,   1,   0) -0.0367   ( 6.013, -10.415,  0.000) 12.026 
J_iso: -0.0367 
[Testing!] DMI: (-0.0070  0.0128 -0.0004)
[Testing!]J_ani:
[[-0.006 -0.001 -0.003]
 [-0.001 -0.005 -0.002]
 [-0.003 -0.002 -0.006]]
----------------------------------------------------------------------------------------
   Cr2   Cr2   ( -2,   1,   0) -0.0367   ( 6.013, -10.415,  0.000) 12.026 
J_iso: -0.0367 
[Testing!] DMI: ( 0.0070 -0.0128  0.0004)
[Testing!]J_ani:
[[-0.006 -0.001 -0.003]
 [-0.001 -0.005 -0.002]
 [-0.003 -0.002 -0.006]]
----------------------------------------------------------------------------------------
   Cr1   Cr1   ( -1,   2,   0) -0.0367   (-6.013, -10.415,  0.000) 12.026 
J_iso: -0.0367 
[Testing!] DMI: ( 0.0070  0.0128 -0.0004)
[Testing!]J_ani:
[[-0.006  0.001  0.003]
 [ 0.001 -0.005 -0.002]
 [ 0.003 -0.002 -0.006]]
----------------------------------------------------------------------------------------
   Cr2   Cr2   ( -1,   2,   0) -0.0367   (-6.013, -10.415,  0.000) 12.026 
J_iso: -0.0367 
[Testing!] DMI: (-0.0070 -0.0128  0.0004)
[Testing!]J_ani:
[[-0.006  0.001  0.003]
 [ 0.001 -0.005 -0.002]
 [ 0.003 -0.002 -0.006]]
----------------------------------------------------------------------------------------
   Cr1   Cr1   (  1,  -2,   0) -0.0367   ( 6.013, 10.415,  0.000) 12.026 
J_iso: -0.0367 
[Testing!] DMI: (-0.0070 -0.0128  0.0004)
[Testing!]J_ani:
[[-0.006  0.001  0.003]
 [ 0.001 -0.005 -0.002]
 [ 0.003 -0.002 -0.006]]
----------------------------------------------------------------------------------------
   Cr2   Cr2   (  1,  -2,   0) -0.0367   ( 6.013, 10.415,  0.000) 12.026 
J_iso: -0.0367 
[Testing!] DMI: ( 0.0070  0.0128 -0.0004)
[Testing!]J_ani:
[[-0.006  0.001  0.003]
 [ 0.001 -0.005 -0.002]
 [ 0.003 -0.002 -0.006]]
----------------------------------------------------------------------------------------
   Cr1   Cr1   (  2,  -1,   0) -0.0367   (-6.013, 10.415,  0.000) 12.026 
J_iso: -0.0367 
[Testing!] DMI: ( 0.0070 -0.0128  0.0004)
[Testing!]J_ani:
[[-0.006 -0.001 -0.003]
 [-0.001 -0.005 -0.002]
 [-0.003 -0.002 -0.006]]
----------------------------------------------------------------------------------------
   Cr2   Cr2   (  2,  -1,   0) -0.0367   (-6.013, 10.415,  0.000) 12.026 
J_iso: -0.0367 
[Testing!] DMI: (-0.0070  0.0128 -0.0004)
[Testing!]J_ani:
[[-0.006 -0.001 -0.003]
 [-0.001 -0.005 -0.002]
 [-0.003 -0.002 -0.006]]
----------------------------------------------------------------------------------------
   Cr1   Cr1   ( -1,  -1,   0) -0.0367   (12.026,  0.000,  0.000) 12.026 
J_iso: -0.0367 
[Testing!] DMI: (-0.0152 -0.0000 -0.0000)
[Testing!]J_ani:
[[-0.005 -0.    -0.   ]
 [-0.    -0.006  0.004]
 [-0.     0.004 -0.006]]
----------------------------------------------------------------------------------------
   Cr2   Cr2   ( -1,  -1,   0) -0.0367   (12.026,  0.000,  0.000) 12.026 
J_iso: -0.0367 
[Testing!] DMI: ( 0.0152  0.0000  0.0000)
[Testing!]J_ani:
[[-0.005 -0.    -0.   ]
 [-0.    -0.006  0.004]
 [-0.     0.004 -0.006]]
----------------------------------------------------------------------------------------
   Cr1   Cr1   (  1,   1,   0) -0.0367   (-12.026,  0.000,  0.000) 12.026 
J_iso: -0.0367 
[Testing!] DMI: ( 0.0152  0.0000  0.0000)
[Testing!]J_ani:
[[-0.005 -0.    -0.   ]
 [-0.    -0.006  0.004]
 [-0.     0.004 -0.006]]
----------------------------------------------------------------------------------------
   Cr2   Cr2   (  1,   1,   0) -0.0367   (-12.026,  0.000,  0.000) 12.026 
J_iso: -0.0367 
[Testing!] DMI: (-0.0152 -0.0000 -0.0000)
[Testing!]J_ani:
[[-0.005 -0.    -0.   ]
 [-0.    -0.006  0.004]
 [-0.     0.004 -0.006]]
----------------------------------------------------------------------------------------
   Cr1   Cr1   ( -2,   2,   0) -0.0072   ( 0.000, -13.886,  0.000) 13.886 
J_iso: -0.0072 
[Testing!] DMI: (-0.0000 -0.0001 -0.0028)
[Testing!]J_ani:
[[-0.002  0.     0.   ]
 [ 0.    -0.002 -0.   ]
 [ 0.    -0.    -0.002]]
----------------------------------------------------------------------------------------
   Cr2   Cr2   ( -2,   2,   0) -0.0072   ( 0.000, -13.886,  0.000) 13.886 
J_iso: -0.0072 
[Testing!] DMI: ( 0.0000  0.0001  0.0028)
[Testing!]J_ani:
[[-0.002  0.     0.   ]
 [ 0.    -0.002 -0.   ]
 [ 0.    -0.    -0.002]]
----------------------------------------------------------------------------------------
   Cr1   Cr1   (  2,  -2,   0) -0.0072   ( 0.000, 13.886,  0.000) 13.886 
J_iso: -0.0072 
[Testing!] DMI: ( 0.0000  0.0001  0.0028)
[Testing!]J_ani:
[[-0.002  0.     0.   ]
 [ 0.    -0.002 -0.   ]
 [ 0.    -0.    -0.002]]
----------------------------------------------------------------------------------------
   Cr2   Cr2   (  2,  -2,   0) -0.0072   ( 0.000, 13.886,  0.000) 13.886 
J_iso: -0.0072 
[Testing!] DMI: (-0.0000 -0.0001 -0.0028)
[Testing!]J_ani:
[[-0.002  0.     0.   ]
 [ 0.    -0.002 -0.   ]
 [ 0.    -0.    -0.002]]
----------------------------------------------------------------------------------------
   Cr1   Cr1   ( -2,   0,   0) -0.0072   (12.026, -6.943,  0.000) 13.886 
J_iso: -0.0072 
[Testing!] DMI: ( 0.0002 -0.0002  0.0028)
[Testing!]J_ani:
[[-0.002  0.     0.   ]
 [ 0.    -0.002 -0.   ]
 [ 0.    -0.    -0.002]]
----------------------------------------------------------------------------------------
   Cr1   Cr1   (  0,  -2,   0) -0.0072   (12.026,  6.943,  0.000) 13.886 
J_iso: -0.0072 
[Testing!] DMI: ( 0.0002  0.0002 -0.0028)
[Testing!]J_ani:
[[-0.002 -0.    -0.   ]
 [-0.    -0.002 -0.   ]
 [-0.    -0.    -0.002]]
----------------------------------------------------------------------------------------
   Cr2   Cr2   ( -2,   0,   0) -0.0072   (12.026, -6.943,  0.000) 13.886 
J_iso: -0.0072 
[Testing!] DMI: (-0.0002  0.0002 -0.0028)
[Testing!]J_ani:
[[-0.002  0.     0.   ]
 [ 0.    -0.002 -0.   ]
 [ 0.    -0.    -0.002]]
----------------------------------------------------------------------------------------
   Cr2   Cr2   (  0,  -2,   0) -0.0072   (12.026,  6.943,  0.000) 13.886 
J_iso: -0.0072 
[Testing!] DMI: (-0.0002 -0.0002  0.0028)
[Testing!]J_ani:
[[-0.002 -0.    -0.   ]
 [-0.    -0.002 -0.   ]
 [-0.    -0.    -0.002]]
----------------------------------------------------------------------------------------
   Cr1   Cr1   (  0,   2,   0) -0.0072   (-12.026, -6.943,  0.000) 13.886 
J_iso: -0.0072 
[Testing!] DMI: (-0.0002 -0.0002  0.0028)
[Testing!]J_ani:
[[-0.002 -0.    -0.   ]
 [-0.    -0.002 -0.   ]
 [-0.    -0.    -0.002]]
----------------------------------------------------------------------------------------
   Cr2   Cr2   (  0,   2,   0) -0.0072   (-12.026, -6.943,  0.000) 13.886 
J_iso: -0.0072 
[Testing!] DMI: ( 0.0002  0.0002 -0.0028)
[Testing!]J_ani:
[[-0.002 -0.    -0.   ]
 [-0.    -0.002 -0.   ]
 [-0.    -0.    -0.002]]
----------------------------------------------------------------------------------------
   Cr1   Cr1   (  2,   0,   0) -0.0072   (-12.026,  6.943,  0.000) 13.886 
J_iso: -0.0072 
[Testing!] DMI: (-0.0002  0.0002 -0.0028)
[Testing!]J_ani:
[[-0.002  0.     0.   ]
 [ 0.    -0.002 -0.   ]
 [ 0.    -0.    -0.002]]
----------------------------------------------------------------------------------------
   Cr2   Cr2   (  2,   0,   0) -0.0072   (-12.026,  6.943,  0.000) 13.886 
J_iso: -0.0072 
[Testing!] DMI: ( 0.0002 -0.0002  0.0028)
[Testing!]J_ani:
[[-0.002  0.     0.   ]
 [ 0.    -0.002 -0.   ]
 [ 0.    -0.    -0.002]]
----------------------------------------------------------------------------------------
   Cr1   Cr2   ( -2,   2,   0)  0.0015   (-4.009, -13.886,  0.000) 14.453 
J_iso:  0.0015 
[Testing!] DMI: (-0.0000  0.0000  0.0000)
[Testing!]J_ani:
[[-0.002  0.    -0.001]
 [ 0.    -0.002 -0.   ]
 [-0.001 -0.    -0.001]]
----------------------------------------------------------------------------------------
   Cr2   Cr1   ( -2,   2,   0)  0.0015   ( 4.009, -13.886, -0.000) 14.453 
J_iso:  0.0015 
[Testing!] DMI: ( 0.0000  0.0000  0.0000)
[Testing!]J_ani:
[[-0.002 -0.     0.001]
 [-0.    -0.002 -0.   ]
 [ 0.001 -0.    -0.001]]
----------------------------------------------------------------------------------------
   Cr1   Cr2   (  2,  -2,   0)  0.0015   (-4.009, 13.886,  0.000) 14.453 
J_iso:  0.0015 
[Testing!] DMI: (-0.0000 -0.0000 -0.0000)
[Testing!]J_ani:
[[-0.002 -0.     0.001]
 [-0.    -0.002 -0.   ]
 [ 0.001 -0.    -0.001]]
----------------------------------------------------------------------------------------
   Cr2   Cr1   (  2,  -2,   0)  0.0015   ( 4.009, 13.886, -0.000) 14.453 
J_iso:  0.0015 
[Testing!] DMI: ( 0.0000 -0.0000 -0.0000)
[Testing!]J_ani:
[[-0.002  0.    -0.001]
 [ 0.    -0.002 -0.   ]
 [-0.001 -0.    -0.001]]
----------------------------------------------------------------------------------------
   Cr2   Cr1   ( -2,   1,   0)  0.0014   (10.021, -10.415, -0.000) 14.453 
J_iso:  0.0014 
[Testing!] DMI: (-0.0000 -0.0000 -0.0000)
[Testing!]J_ani:
[[-0.002  0.     0.   ]
 [ 0.    -0.002  0.001]
 [ 0.     0.001 -0.001]]
----------------------------------------------------------------------------------------
   Cr1   Cr2   ( -1,   2,   0)  0.0014   (-10.021, -10.415,  0.000) 14.453 
J_iso:  0.0014 
[Testing!] DMI: ( 0.0000 -0.0000 -0.0000)
[Testing!]J_ani:
[[-0.002 -0.    -0.   ]
 [-0.    -0.002  0.001]
 [-0.     0.001 -0.001]]
----------------------------------------------------------------------------------------
   Cr2   Cr1   (  1,  -2,   0)  0.0014   (10.021, 10.415, -0.000) 14.453 
J_iso:  0.0014 
[Testing!] DMI: (-0.0000  0.0000  0.0000)
[Testing!]J_ani:
[[-0.002 -0.    -0.   ]
 [-0.    -0.002  0.001]
 [-0.     0.001 -0.001]]
----------------------------------------------------------------------------------------
   Cr1   Cr2   (  2,  -1,   0)  0.0014   (-10.021, 10.415,  0.000) 14.453 
J_iso:  0.0014 
[Testing!] DMI: ( 0.0000  0.0000  0.0000)
[Testing!]J_ani:
[[-0.002  0.     0.   ]
 [ 0.    -0.002  0.001]
 [ 0.     0.001 -0.001]]
----------------------------------------------------------------------------------------
   Cr1   Cr2   ( -2,  -1,   0)  0.0014   (14.030, -3.471,  0.000) 14.453 
J_iso:  0.0014 
[Testing!] DMI: ( 0.0000  0.0000 -0.0000)
[Testing!]J_ani:
[[-0.002  0.    -0.001]
 [ 0.    -0.002 -0.001]
 [-0.001 -0.001 -0.001]]
----------------------------------------------------------------------------------------
   Cr1   Cr2   ( -1,  -2,   0)  0.0014   (14.030,  3.471,  0.000) 14.453 
J_iso:  0.0014 
[Testing!] DMI: ( 0.0000 -0.0000  0.0000)
[Testing!]J_ani:
[[-0.002 -0.     0.001]
 [-0.    -0.002 -0.001]
 [ 0.001 -0.001 -0.001]]
----------------------------------------------------------------------------------------
   Cr2   Cr1   (  1,   2,   0)  0.0014   (-14.030, -3.471, -0.000) 14.453 
J_iso:  0.0014 
[Testing!] DMI: (-0.0000  0.0000 -0.0000)
[Testing!]J_ani:
[[-0.002 -0.     0.001]
 [-0.    -0.002 -0.001]
 [ 0.001 -0.001 -0.001]]
----------------------------------------------------------------------------------------
   Cr2   Cr1   (  2,   1,   0)  0.0014   (-14.030,  3.471, -0.000) 14.453 
J_iso:  0.0014 
[Testing!] DMI: (-0.0000 -0.0000  0.0000)
[Testing!]J_ani:
[[-0.002  0.    -0.001]
 [ 0.    -0.002 -0.001]
 [-0.001 -0.001 -0.001]]
----------------------------------------------------------------------------------------
   Cr1   Cr2   ( -3,   1,   0) -0.0058   ( 8.017, -13.886,  0.000) 16.034 
J_iso: -0.0058 
[Testing!] DMI: ( 0.0000 -0.0000 -0.0000)
[Testing!]J_ani:
[[-0.001 -0.    -0.001]
 [-0.    -0.001 -0.   ]
 [-0.001 -0.    -0.002]]
----------------------------------------------------------------------------------------
   Cr2   Cr1   ( -1,   3,   0) -0.0058   (-8.017, -13.886, -0.000) 16.034 
J_iso: -0.0058 
[Testing!] DMI: (-0.0000 -0.0000 -0.0000)
[Testing!]J_ani:
[[-0.001  0.     0.001]
 [ 0.    -0.001 -0.   ]
 [ 0.001 -0.    -0.002]]
----------------------------------------------------------------------------------------
   Cr1   Cr2   (  1,  -3,   0) -0.0058   ( 8.017, 13.886,  0.000) 16.034 
J_iso: -0.0058 
[Testing!] DMI: ( 0.0000  0.0000  0.0000)
[Testing!]J_ani:
[[-0.001  0.     0.001]
 [ 0.    -0.001 -0.   ]
 [ 0.001 -0.    -0.002]]
----------------------------------------------------------------------------------------
   Cr2   Cr1   (  3,  -1,   0) -0.0058   (-8.017, 13.886, -0.000) 16.034 
J_iso: -0.0058 
[Testing!] DMI: (-0.0000  0.0000  0.0000)
[Testing!]J_ani:
[[-0.001 -0.    -0.001]
 [-0.    -0.001 -0.   ]
 [-0.001 -0.    -0.002]]
----------------------------------------------------------------------------------------
   Cr2   Cr1   ( -1,  -1,   0) -0.0058   (16.034,  0.000, -0.000) 16.034 
J_iso: -0.0058 
[Testing!] DMI: ( 0.0000  0.0000  0.0000)
[Testing!]J_ani:
[[-0.001  0.     0.   ]
 [ 0.    -0.001  0.001]
 [ 0.     0.001 -0.002]]
----------------------------------------------------------------------------------------
   Cr1   Cr2   (  1,   1,   0) -0.0058   (-16.034,  0.000,  0.000) 16.034 
J_iso: -0.0058 
[Testing!] DMI: (-0.0000 -0.0000 -0.0000)
[Testing!]J_ani:
[[-0.001  0.     0.   ]
 [ 0.    -0.001  0.001]
 [ 0.     0.001 -0.002]]
----------------------------------------------------------------------------------------
   Cr2   Cr1   ( -2,   3,   0) -0.0004   (-2.004, -17.357, -0.000) 17.473 
J_iso: -0.0004 
[Testing!] DMI: ( 0.0000 -0.0000 -0.0000)
[Testing!]J_ani:
[[-0. -0. -0.]
 [-0. -0. -0.]
 [-0. -0. -0.]]
----------------------------------------------------------------------------------------
   Cr1   Cr2   (  2,  -3,   0) -0.0004   ( 2.004, 17.357,  0.000) 17.473 
J_iso: -0.0004 
[Testing!] DMI: (-0.0000  0.0000  0.0000)
[Testing!]J_ani:
[[-0. -0. -0.]
 [-0. -0. -0.]
 [-0. -0. -0.]]
----------------------------------------------------------------------------------------
   Cr1   Cr2   ( -3,   2,   0) -0.0004   ( 2.004, -17.358,  0.000) 17.473 
J_iso: -0.0004 
[Testing!] DMI: (-0.0000 -0.0000 -0.0000)
[Testing!]J_ani:
[[-0.  0.  0.]
 [ 0. -0. -0.]
 [ 0. -0. -0.]]
----------------------------------------------------------------------------------------
   Cr2   Cr1   (  3,  -2,   0) -0.0004   (-2.004, 17.358, -0.000) 17.473 
J_iso: -0.0004 
[Testing!] DMI: ( 0.0000  0.0000  0.0000)
[Testing!]J_ani:
[[-0.  0.  0.]
 [ 0. -0. -0.]
 [ 0. -0. -0.]]
----------------------------------------------------------------------------------------
   Cr1   Cr2   ( -3,   0,   0) -0.0004   (14.030, -10.415,  0.000) 17.473 
J_iso: -0.0004 
[Testing!] DMI: ( 0.0000  0.0000  0.0000)
[Testing!]J_ani:
[[-0.  0. -0.]
 [ 0. -0.  0.]
 [-0.  0. -0.]]
----------------------------------------------------------------------------------------
   Cr1   Cr2   (  0,  -3,   0) -0.0004   (14.030, 10.415,  0.000) 17.473 
J_iso: -0.0004 
[Testing!] DMI: ( 0.0000 -0.0000 -0.0000)
[Testing!]J_ani:
[[-0. -0.  0.]
 [-0. -0.  0.]
 [ 0.  0. -0.]]
----------------------------------------------------------------------------------------
   Cr2   Cr1   (  0,   3,   0) -0.0004   (-14.030, -10.415, -0.000) 17.473 
J_iso: -0.0004 
[Testing!] DMI: (-0.0000  0.0000  0.0000)
[Testing!]J_ani:
[[-0. -0.  0.]
 [-0. -0.  0.]
 [ 0.  0. -0.]]
----------------------------------------------------------------------------------------
   Cr2   Cr1   (  3,   0,   0) -0.0004   (-14.030, 10.415, -0.000) 17.473 
J_iso: -0.0004 
[Testing!] DMI: (-0.0000 -0.0000 -0.0000)
[Testing!]J_ani:
[[-0.  0. -0.]
 [ 0. -0.  0.]
 [-0.  0. -0.]]
----------------------------------------------------------------------------------------
   Cr2   Cr1   ( -2,   0,   0) -0.0004   (16.034, -6.943, -0.000) 17.473 
J_iso: -0.0004 
[Testing!] DMI: (-0.0000 -0.0000  0.0000)
[Testing!]J_ani:
[[-0.  0. -0.]
 [ 0. -0. -0.]
 [-0. -0. -0.]]
----------------------------------------------------------------------------------------
   Cr2   Cr1   (  0,  -2,   0) -0.0004   (16.034,  6.943, -0.000) 17.473 
J_iso: -0.0004 
[Testing!] DMI: (-0.0000  0.0000 -0.0000)
[Testing!]J_ani:
[[-0. -0.  0.]
 [-0. -0. -0.]
 [ 0. -0. -0.]]
----------------------------------------------------------------------------------------
   Cr1   Cr2   (  0,   2,   0) -0.0004   (-16.034, -6.943,  0.000) 17.473 
J_iso: -0.0004 
[Testing!] DMI: ( 0.0000 -0.0000  0.0000)
[Testing!]J_ani:
[[-0. -0.  0.]
 [-0. -0. -0.]
 [ 0. -0. -0.]]
----------------------------------------------------------------------------------------
   Cr1   Cr2   (  2,   0,   0) -0.0004   (-16.034,  6.943,  0.000) 17.473 
J_iso: -0.0004 
[Testing!] DMI: ( 0.0000  0.0000 -0.0000)
[Testing!]J_ani:
[[-0.  0. -0.]
 [ 0. -0. -0.]
 [-0. -0. -0.]]
----------------------------------------------------------------------------------------
   Cr1   Cr1   ( -2,   3,   0)  0.0006   (-6.013, -17.357,  0.000) 18.369 
J_iso:  0.0006 
[Testing!] DMI: ( 0.0001  0.0001 -0.0002)
[Testing!]J_ani:
[[-0.  0. -0.]
 [ 0. -0.  0.]
 [-0.  0. -0.]]
----------------------------------------------------------------------------------------
   Cr2   Cr2   ( -2,   3,   0)  0.0006   (-6.013, -17.357,  0.000) 18.369 
J_iso:  0.0006 
[Testing!] DMI: (-0.0001 -0.0001  0.0002)
[Testing!]J_ani:
[[-0.  0. -0.]
 [ 0. -0.  0.]
 [-0.  0. -0.]]
----------------------------------------------------------------------------------------
   Cr1   Cr1   (  2,  -3,   0)  0.0006   ( 6.013, 17.357,  0.000) 18.369 
J_iso:  0.0006 
[Testing!] DMI: (-0.0001 -0.0001  0.0002)
[Testing!]J_ani:
[[-0.  0. -0.]
 [ 0. -0.  0.]
 [-0.  0. -0.]]
----------------------------------------------------------------------------------------
   Cr2   Cr2   (  2,  -3,   0)  0.0006   ( 6.013, 17.357,  0.000) 18.369 
J_iso:  0.0006 
[Testing!] DMI: ( 0.0001  0.0001 -0.0002)
[Testing!]J_ani:
[[-0.  0. -0.]
 [ 0. -0.  0.]
 [-0.  0. -0.]]
----------------------------------------------------------------------------------------
   Cr1   Cr1   ( -3,   2,   0)  0.0006   ( 6.013, -17.358,  0.000) 18.369 
J_iso:  0.0006 
[Testing!] DMI: (-0.0001  0.0001 -0.0002)
[Testing!]J_ani:
[[-0. -0.  0.]
 [-0. -0.  0.]
 [ 0.  0. -0.]]
----------------------------------------------------------------------------------------
   Cr2   Cr2   ( -3,   2,   0)  0.0006   ( 6.013, -17.358,  0.000) 18.369 
J_iso:  0.0006 
[Testing!] DMI: ( 0.0001 -0.0001  0.0002)
[Testing!]J_ani:
[[-0. -0.  0.]
 [-0. -0.  0.]
 [ 0.  0. -0.]]
----------------------------------------------------------------------------------------
   Cr1   Cr1   (  3,  -2,   0)  0.0006   (-6.013, 17.358,  0.000) 18.369 
J_iso:  0.0006 
[Testing!] DMI: ( 0.0001 -0.0001  0.0002)
[Testing!]J_ani:
[[-0. -0.  0.]
 [-0. -0.  0.]
 [ 0.  0. -0.]]
----------------------------------------------------------------------------------------
   Cr2   Cr2   (  3,  -2,   0)  0.0006   (-6.013, 17.358,  0.000) 18.369 
J_iso:  0.0006 
[Testing!] DMI: (-0.0001  0.0001 -0.0002)
[Testing!]J_ani:
[[-0. -0.  0.]
 [-0. -0.  0.]
 [ 0.  0. -0.]]
----------------------------------------------------------------------------------------
   Cr1   Cr1   (  1,  -3,   0)  0.0006   (12.026, 13.886,  0.000) 18.369 
J_iso:  0.0006 
[Testing!] DMI: (-0.0000 -0.0001 -0.0002)
[Testing!]J_ani:
[[-0.  0. -0.]
 [ 0. -0.  0.]
 [-0.  0. -0.]]
----------------------------------------------------------------------------------------
   Cr1   Cr1   ( -3,   1,   0)  0.0006   (12.026, -13.886,  0.000) 18.369 
J_iso:  0.0006 
[Testing!] DMI: (-0.0000  0.0001  0.0002)
[Testing!]J_ani:
[[-0. -0.  0.]
 [-0. -0.  0.]
 [ 0.  0. -0.]]
----------------------------------------------------------------------------------------
   Cr2   Cr2   ( -3,   1,   0)  0.0006   (12.026, -13.886,  0.000) 18.369 
J_iso:  0.0006 
[Testing!] DMI: ( 0.0000 -0.0001 -0.0002)
[Testing!]J_ani:
[[-0. -0.  0.]
 [-0. -0.  0.]
 [ 0.  0. -0.]]
----------------------------------------------------------------------------------------
   Cr1   Cr1   ( -1,   3,   0)  0.0006   (-12.026, -13.886,  0.000) 18.369 
J_iso:  0.0006 
[Testing!] DMI: ( 0.0000  0.0001  0.0002)
[Testing!]J_ani:
[[-0.  0. -0.]
 [ 0. -0.  0.]
 [-0.  0. -0.]]
----------------------------------------------------------------------------------------
   Cr2   Cr2   ( -1,   3,   0)  0.0006   (-12.026, -13.886,  0.000) 18.369 
J_iso:  0.0006 
[Testing!] DMI: (-0.0000 -0.0001 -0.0002)
[Testing!]J_ani:
[[-0.  0. -0.]
 [ 0. -0.  0.]
 [-0.  0. -0.]]
----------------------------------------------------------------------------------------
   Cr2   Cr2   (  1,  -3,   0)  0.0006   (12.026, 13.886,  0.000) 18.369 
J_iso:  0.0006 
[Testing!] DMI: ( 0.0000  0.0001  0.0002)
[Testing!]J_ani:
[[-0.  0. -0.]
 [ 0. -0.  0.]
 [-0.  0. -0.]]
----------------------------------------------------------------------------------------
   Cr1   Cr1   (  3,  -1,   0)  0.0006   (-12.026, 13.886,  0.000) 18.369 
J_iso:  0.0006 
[Testing!] DMI: ( 0.0000 -0.0001 -0.0002)
[Testing!]J_ani:
[[-0. -0.  0.]
 [-0. -0.  0.]
 [ 0.  0. -0.]]
----------------------------------------------------------------------------------------
   Cr2   Cr2   (  3,  -1,   0)  0.0006   (-12.026, 13.886,  0.000) 18.369 
J_iso:  0.0006 
[Testing!] DMI: (-0.0000  0.0001  0.0002)
[Testing!]J_ani:
[[-0. -0.  0.]
 [-0. -0.  0.]
 [ 0.  0. -0.]]
----------------------------------------------------------------------------------------
   Cr1   Cr1   ( -2,  -1,   0)  0.0006   (18.038, -3.471,  0.000) 18.369 
J_iso:  0.0006 
[Testing!] DMI: (-0.0001 -0.0001  0.0002)
[Testing!]J_ani:
[[-0.  0. -0.]
 [ 0. -0. -0.]
 [-0. -0. -0.]]
----------------------------------------------------------------------------------------
   Cr2   Cr2   ( -2,  -1,   0)  0.0006   (18.038, -3.471,  0.000) 18.369 
J_iso:  0.0006 
[Testing!] DMI: ( 0.0001  0.0001 -0.0002)
[Testing!]J_ani:
[[-0.  0. -0.]
 [ 0. -0. -0.]
 [-0. -0. -0.]]
----------------------------------------------------------------------------------------
   Cr1   Cr1   ( -1,  -2,   0)  0.0006   (18.038,  3.471,  0.000) 18.369 
J_iso:  0.0006 
[Testing!] DMI: (-0.0001  0.0001 -0.0002)
[Testing!]J_ani:
[[-0. -0.  0.]
 [-0. -0. -0.]
 [ 0. -0. -0.]]
----------------------------------------------------------------------------------------
   Cr2   Cr2   ( -1,  -2,   0)  0.0006   (18.038,  3.471,  0.000) 18.369 
J_iso:  0.0006 
[Testing!] DMI: ( 0.0001 -0.0001  0.0002)
[Testing!]J_ani:
[[-0. -0.  0.]
 [-0. -0. -0.]
 [ 0. -0. -0.]]
----------------------------------------------------------------------------------------
   Cr1   Cr1   (  1,   2,   0)  0.0006   (-18.038, -3.471,  0.000) 18.369 
J_iso:  0.0006 
[Testing!] DMI: ( 0.0001 -0.0001  0.0002)
[Testing!]J_ani:
[[-0. -0.  0.]
 [-0. -0. -0.]
 [ 0. -0. -0.]]
----------------------------------------------------------------------------------------
   Cr2   Cr2   (  1,   2,   0)  0.0006   (-18.038, -3.471,  0.000) 18.369 
J_iso:  0.0006 
[Testing!] DMI: (-0.0001  0.0001 -0.0002)
[Testing!]J_ani:
[[-0. -0.  0.]
 [-0. -0. -0.]
 [ 0. -0. -0.]]
----------------------------------------------------------------------------------------
   Cr1   Cr1   (  2,   1,   0)  0.0006   (-18.038,  3.471,  0.000) 18.369 
J_iso:  0.0006 
[Testing!] DMI: ( 0.0001  0.0001 -0.0002)
[Testing!]J_ani:
[[-0.  0. -0.]
 [ 0. -0. -0.]
 [-0. -0. -0.]]
----------------------------------------------------------------------------------------
   Cr2   Cr2   (  2,   1,   0)  0.0006   (-18.038,  3.471,  0.000) 18.369 
J_iso:  0.0006 
[Testing!] DMI: (-0.0001 -0.0001  0.0002)
[Testing!]J_ani:
[[-0.  0. -0.]
 [ 0. -0. -0.]
 [-0. -0. -0.]]
----------------------------------------------------------------------------------------
   Cr1   Cr2   ( -2,   3,   0)  0.0005   (-10.021, -17.357,  0.000) 20.043 
J_iso:  0.0005 
[Testing!] DMI: ( 0.0000  0.0000  0.0000)
[Testing!]J_ani:
[[-0. -0.  0.]
 [-0. -0. -0.]
 [ 0. -0. -0.]]
----------------------------------------------------------------------------------------
   Cr2   Cr1   (  2,  -3,   0)  0.0005   (10.021, 17.357, -0.000) 20.043 
J_iso:  0.0005 
[Testing!] DMI: (-0.0000 -0.0000 -0.0000)
[Testing!]J_ani:
[[-0. -0.  0.]
 [-0. -0. -0.]
 [ 0. -0. -0.]]
----------------------------------------------------------------------------------------
   Cr2   Cr1   ( -3,   2,   0)  0.0005   (10.021, -17.358, -0.000) 20.043 
J_iso:  0.0005 
[Testing!] DMI: (-0.0000  0.0000  0.0000)
[Testing!]J_ani:
[[-0.  0. -0.]
 [ 0. -0. -0.]
 [-0. -0. -0.]]
----------------------------------------------------------------------------------------
   Cr1   Cr2   (  3,  -2,   0)  0.0005   (-10.021, 17.358,  0.000) 20.043 
J_iso:  0.0005 
[Testing!] DMI: ( 0.0000 -0.0000 -0.0000)
[Testing!]J_ani:
[[-0.  0. -0.]
 [ 0. -0. -0.]
 [-0. -0. -0.]]
----------------------------------------------------------------------------------------
   Cr1   Cr2   ( -2,  -2,   0)  0.0005   (20.043,  0.000,  0.000) 20.043 
J_iso:  0.0005 
[Testing!] DMI: (-0.0000 -0.0000 -0.0000)
[Testing!]J_ani:
[[-0.  0. -0.]
 [ 0. -0.  0.]
 [-0.  0. -0.]]
----------------------------------------------------------------------------------------
   Cr2   Cr1   (  2,   2,   0)  0.0005   (-20.043,  0.000, -0.000) 20.043 
J_iso:  0.0005 
[Testing!] DMI: ( 0.0000  0.0000  0.0000)
[Testing!]J_ani:
[[-0.  0. -0.]
 [ 0. -0.  0.]
 [-0.  0. -0.]]
----------------------------------------------------------------------------------------
   Cr1   Cr1   ( -3,   3,   0) -0.0001   ( 0.000, -20.829,  0.000) 20.829 
J_iso: -0.0001 
[Testing!] DMI: (-0.0000  0.0000 -0.0002)
[Testing!]J_ani:
[[-0.  0.  0.]
 [ 0. -0. -0.]
 [ 0. -0. -0.]]
----------------------------------------------------------------------------------------
   Cr2   Cr2   ( -3,   3,   0) -0.0001   ( 0.000, -20.829,  0.000) 20.829 
J_iso: -0.0001 
[Testing!] DMI: (-0.0000 -0.0000  0.0002)
[Testing!]J_ani:
[[-0.  0. -0.]
 [ 0. -0. -0.]
 [-0. -0. -0.]]
----------------------------------------------------------------------------------------
   Cr1   Cr1   (  3,  -3,   0) -0.0001   (-0.000, 20.829,  0.000) 20.829 
J_iso: -0.0001 
[Testing!] DMI: ( 0.0000 -0.0000  0.0002)
[Testing!]J_ani:
[[-0.  0.  0.]
 [ 0. -0. -0.]
 [ 0. -0. -0.]]
----------------------------------------------------------------------------------------
   Cr2   Cr2   (  3,  -3,   0) -0.0001   ( 0.000, 20.829,  0.000) 20.829 
J_iso: -0.0001 
[Testing!] DMI: ( 0.0000  0.0000 -0.0002)
[Testing!]J_ani:
[[-0.  0. -0.]
 [ 0. -0. -0.]
 [-0. -0. -0.]]
----------------------------------------------------------------------------------------
   Cr1   Cr1   ( -3,   0,   0) -0.0001   (18.038, -10.415,  0.000) 20.829 
J_iso: -0.0001 
[Testing!] DMI: (-0.0000  0.0000  0.0002)
[Testing!]J_ani:
[[-0.  0. -0.]
 [ 0. -0.  0.]
 [-0.  0. -0.]]
----------------------------------------------------------------------------------------
   Cr2   Cr2   ( -3,   0,   0) -0.0001   (18.038, -10.415,  0.000) 20.829 
J_iso: -0.0001 
[Testing!] DMI: ( 0.0000 -0.0000 -0.0002)
[Testing!]J_ani:
[[-0.  0. -0.]
 [ 0. -0.  0.]
 [-0.  0. -0.]]
----------------------------------------------------------------------------------------
   Cr1   Cr1   (  0,  -3,   0) -0.0001   (18.038, 10.415,  0.000) 20.829 
J_iso: -0.0001 
[Testing!] DMI: (-0.0000 -0.0000 -0.0002)
[Testing!]J_ani:
[[-0. -0.  0.]
 [-0. -0.  0.]
 [ 0.  0. -0.]]
----------------------------------------------------------------------------------------
   Cr2   Cr2   (  0,  -3,   0) -0.0001   (18.038, 10.415,  0.000) 20.829 
J_iso: -0.0001 
[Testing!] DMI: ( 0.0000  0.0000  0.0002)
[Testing!]J_ani:
[[-0. -0.  0.]
 [-0. -0.  0.]
 [ 0.  0. -0.]]
----------------------------------------------------------------------------------------
   Cr1   Cr1   (  0,   3,   0) -0.0001   (-18.038, -10.415,  0.000) 20.829 
J_iso: -0.0001 
[Testing!] DMI: ( 0.0000  0.0000  0.0002)
[Testing!]J_ani:
[[-0. -0.  0.]
 [-0. -0.  0.]
 [ 0.  0. -0.]]
----------------------------------------------------------------------------------------
   Cr2   Cr2   (  0,   3,   0) -0.0001   (-18.038, -10.415,  0.000) 20.829 
J_iso: -0.0001 
[Testing!] DMI: (-0.0000 -0.0000 -0.0002)
[Testing!]J_ani:
[[-0. -0.  0.]
 [-0. -0.  0.]
 [ 0.  0. -0.]]
----------------------------------------------------------------------------------------
   Cr1   Cr1   (  3,   0,   0) -0.0001   (-18.038, 10.415,  0.000) 20.829 
J_iso: -0.0001 
[Testing!] DMI: ( 0.0000 -0.0000 -0.0002)
[Testing!]J_ani:
[[-0.  0. -0.]
 [ 0. -0.  0.]
 [-0.  0. -0.]]
----------------------------------------------------------------------------------------
   Cr2   Cr2   (  3,   0,   0) -0.0001   (-18.038, 10.415,  0.000) 20.829 
J_iso: -0.0001 
[Testing!] DMI: (-0.0000  0.0000  0.0002)
[Testing!]J_ani:
[[-0.  0. -0.]
 [ 0. -0.  0.]
 [-0.  0. -0.]]
----------------------------------------------------------------------------------------
   Cr1   Cr2   ( -3,   3,   0) -0.0001   (-4.009, -20.829,  0.000) 21.211 
J_iso: -0.0001 
[Testing!] DMI: (-0.0000  0.0000  0.0000)
[Testing!]J_ani:
[[-0. -0. -0.]
 [-0. -0. -0.]
 [-0. -0. -0.]]
----------------------------------------------------------------------------------------
   Cr2   Cr1   ( -3,   3,   0) -0.0001   ( 4.009, -20.829, -0.000) 21.211 
J_iso: -0.0001 
[Testing!] DMI: ( 0.0000  0.0000  0.0000)
[Testing!]J_ani:
[[-0.  0.  0.]
 [ 0. -0. -0.]
 [ 0. -0. -0.]]
----------------------------------------------------------------------------------------
   Cr1   Cr2   (  3,  -3,   0) -0.0001   (-4.009, 20.829,  0.000) 21.211 
J_iso: -0.0001 
[Testing!] DMI: (-0.0000 -0.0000 -0.0000)
[Testing!]J_ani:
[[-0.  0.  0.]
 [ 0. -0. -0.]
 [ 0. -0. -0.]]
----------------------------------------------------------------------------------------
   Cr2   Cr1   (  3,  -3,   0) -0.0001   ( 4.009, 20.829, -0.000) 21.211 
J_iso: -0.0001 
[Testing!] DMI: ( 0.0000 -0.0000 -0.0000)
[Testing!]J_ani:
[[-0. -0. -0.]
 [-0. -0. -0.]
 [-0. -0. -0.]]
----------------------------------------------------------------------------------------
   Cr2   Cr1   (  1,  -3,   0) -0.0001   (16.034, 13.886, -0.000) 21.211 
J_iso: -0.0001 
[Testing!] DMI: (-0.0000  0.0000  0.0000)
[Testing!]J_ani:
[[-0. -0.  0.]
 [-0. -0.  0.]
 [ 0.  0. -0.]]
----------------------------------------------------------------------------------------
   Cr2   Cr1   ( -3,   1,   0) -0.0001   (16.034, -13.886, -0.000) 21.211 
J_iso: -0.0001 
[Testing!] DMI: (-0.0000 -0.0000 -0.0000)
[Testing!]J_ani:
[[-0.  0. -0.]
 [ 0. -0.  0.]
 [-0.  0. -0.]]
----------------------------------------------------------------------------------------
   Cr1   Cr2   ( -1,   3,   0) -0.0001   (-16.034, -13.886,  0.000) 21.211 
J_iso: -0.0001 
[Testing!] DMI: ( 0.0000 -0.0000 -0.0000)
[Testing!]J_ani:
[[-0. -0.  0.]
 [-0. -0.  0.]
 [ 0.  0. -0.]]
----------------------------------------------------------------------------------------
   Cr1   Cr2   (  3,  -1,   0) -0.0001   (-16.034, 13.886,  0.000) 21.211 
J_iso: -0.0001 
[Testing!] DMI: ( 0.0000  0.0000  0.0000)
[Testing!]J_ani:
[[-0.  0. -0.]
 [ 0. -0.  0.]
 [-0.  0. -0.]]
----------------------------------------------------------------------------------------
   Cr1   Cr2   ( -1,  -3,   0) -0.0001   (20.043,  6.943,  0.000) 21.211 
J_iso: -0.0001 
[Testing!] DMI: (-0.0000 -0.0000  0.0000)
[Testing!]J_ani:
[[-0.  0.  0.]
 [ 0. -0.  0.]
 [ 0.  0. -0.]]
----------------------------------------------------------------------------------------
   Cr2   Cr1   (  1,   3,   0) -0.0001   (-20.043, -6.943, -0.000) 21.211 
J_iso: -0.0001 
[Testing!] DMI: ( 0.0000  0.0000 -0.0000)
[Testing!]J_ani:
[[-0.  0.  0.]
 [ 0. -0.  0.]
 [ 0.  0. -0.]]
----------------------------------------------------------------------------------------
   Cr1   Cr2   ( -3,  -1,   0) -0.0001   (20.043, -6.943,  0.000) 21.211 
J_iso: -0.0001 
[Testing!] DMI: (-0.0000  0.0000 -0.0000)
[Testing!]J_ani:
[[-0. -0. -0.]
 [-0. -0.  0.]
 [-0.  0. -0.]]
----------------------------------------------------------------------------------------
   Cr2   Cr1   (  3,   1,   0) -0.0001   (-20.043,  6.943, -0.000) 21.211 
J_iso: -0.0001 
[Testing!] DMI: ( 0.0000 -0.0000  0.0000)
[Testing!]J_ani:
[[-0. -0. -0.]
 [-0. -0.  0.]
 [-0.  0. -0.]]
----------------------------------------------------------------------------------------
   Cr2   Cr1   ( -2,  -1,   0) -0.0000   (22.047, -3.471, -0.000) 22.319 
J_iso: -0.0000 
[Testing!] DMI: ( 0.0000  0.0000  0.0000)
[Testing!]J_ani:
[[-0.  0. -0.]
 [ 0. -0. -0.]
 [-0. -0. -0.]]
----------------------------------------------------------------------------------------
   Cr2   Cr1   ( -1,  -2,   0) -0.0000   (22.047,  3.471, -0.000) 22.319 
J_iso: -0.0000 
[Testing!] DMI: ( 0.0000 -0.0000 -0.0000)
[Testing!]J_ani:
[[-0. -0.  0.]
 [-0. -0. -0.]
 [ 0. -0. -0.]]
----------------------------------------------------------------------------------------
   Cr1   Cr2   (  1,   2,   0) -0.0000   (-22.047, -3.471,  0.000) 22.319 
J_iso: -0.0000 
[Testing!] DMI: (-0.0000  0.0000  0.0000)
[Testing!]J_ani:
[[-0. -0.  0.]
 [-0. -0. -0.]
 [ 0. -0. -0.]]
----------------------------------------------------------------------------------------
   Cr1   Cr2   (  2,   1,   0) -0.0000   (-22.047,  3.471,  0.000) 22.319 
J_iso: -0.0000 
[Testing!] DMI: (-0.0000 -0.0000 -0.0000)
[Testing!]J_ani:
[[-0.  0. -0.]
 [ 0. -0. -0.]
 [-0. -0. -0.]]
----------------------------------------------------------------------------------------
   Cr1   Cr1   ( -2,  -2,   0)  0.0000   (24.051,  0.000,  0.000) 24.051 
J_iso:  0.0000 
[Testing!] DMI: (-0.0000 -0.0000 -0.0000)
[Testing!]J_ani:
[[-0.  0.  0.]
 [ 0. -0. -0.]
 [ 0. -0. -0.]]
----------------------------------------------------------------------------------------
   Cr2   Cr2   ( -2,  -2,   0)  0.0000   (24.051,  0.000,  0.000) 24.051 
J_iso:  0.0000 
[Testing!] DMI: ( 0.0000  0.0000  0.0000)
[Testing!]J_ani:
[[-0.  0.  0.]
 [ 0. -0. -0.]
 [ 0. -0. -0.]]
----------------------------------------------------------------------------------------
   Cr1   Cr1   (  2,   2,   0)  0.0000   (-24.051,  0.000,  0.000) 24.051 
J_iso:  0.0000 
[Testing!] DMI: ( 0.0000  0.0000  0.0000)
[Testing!]J_ani:
[[-0.  0.  0.]
 [ 0. -0. -0.]
 [ 0. -0. -0.]]
----------------------------------------------------------------------------------------
   Cr2   Cr2   (  2,   2,   0)  0.0000   (-24.051,  0.000,  0.000) 24.051 
J_iso:  0.0000 
[Testing!] DMI: (-0.0000 -0.0000 -0.0000)
[Testing!]J_ani:
[[-0.  0.  0.]
 [ 0. -0. -0.]
 [ 0. -0. -0.]]
----------------------------------------------------------------------------------------
   Cr2   Cr1   ( -3,   0,   0)  0.0001   (22.047, -10.415, -0.000) 24.383 
J_iso:  0.0001 
[Testing!] DMI: ( 0.0000  0.0000  0.0000)
[Testing!]J_ani:
[[-0.  0.  0.]
 [ 0. -0. -0.]
 [ 0. -0. -0.]]
----------------------------------------------------------------------------------------
   Cr2   Cr1   (  0,  -3,   0)  0.0001   (22.047, 10.415, -0.000) 24.383 
J_iso:  0.0001 
[Testing!] DMI: ( 0.0000 -0.0000 -0.0000)
[Testing!]J_ani:
[[-0. -0. -0.]
 [-0. -0. -0.]
 [-0. -0. -0.]]
----------------------------------------------------------------------------------------
   Cr1   Cr2   (  0,   3,   0)  0.0001   (-22.047, -10.415,  0.000) 24.383 
J_iso:  0.0001 
[Testing!] DMI: (-0.0000  0.0000  0.0000)
[Testing!]J_ani:
[[-0. -0. -0.]
 [-0. -0. -0.]
 [-0. -0. -0.]]
----------------------------------------------------------------------------------------
   Cr1   Cr2   (  3,   0,   0)  0.0001   (-22.047, 10.415,  0.000) 24.383 
J_iso:  0.0001 
[Testing!] DMI: (-0.0000 -0.0000 -0.0000)
[Testing!]J_ani:
[[-0.  0.  0.]
 [ 0. -0. -0.]
 [ 0. -0. -0.]]
----------------------------------------------------------------------------------------
   Cr1   Cr1   ( -3,  -1,   0)  0.0001   (24.051, -6.943,  0.000) 25.033 
J_iso:  0.0001 
[Testing!] DMI: ( 0.0000  0.0000 -0.0000)
[Testing!]J_ani:
[[-0. -0. -0.]
 [-0. -0.  0.]
 [-0.  0. -0.]]
----------------------------------------------------------------------------------------
   Cr2   Cr2   ( -3,  -1,   0)  0.0001   (24.051, -6.943,  0.000) 25.033 
J_iso:  0.0001 
[Testing!] DMI: (-0.0000 -0.0000  0.0000)
[Testing!]J_ani:
[[-0. -0. -0.]
 [-0. -0.  0.]
 [-0.  0. -0.]]
----------------------------------------------------------------------------------------
   Cr1   Cr1   ( -1,  -3,   0)  0.0001   (24.051,  6.943,  0.000) 25.033 
J_iso:  0.0001 
[Testing!] DMI: ( 0.0000 -0.0000  0.0000)
[Testing!]J_ani:
[[-0.  0.  0.]
 [ 0. -0.  0.]
 [ 0.  0. -0.]]
----------------------------------------------------------------------------------------
   Cr2   Cr2   ( -1,  -3,   0)  0.0001   (24.051,  6.943,  0.000) 25.033 
J_iso:  0.0001 
[Testing!] DMI: (-0.0000  0.0000 -0.0000)
[Testing!]J_ani:
[[-0.  0.  0.]
 [ 0. -0.  0.]
 [ 0.  0. -0.]]
----------------------------------------------------------------------------------------
   Cr1   Cr1   (  1,   3,   0)  0.0001   (-24.051, -6.943,  0.000) 25.033 
J_iso:  0.0001 
[Testing!] DMI: (-0.0000  0.0000 -0.0000)
[Testing!]J_ani:
[[-0.  0.  0.]
 [ 0. -0.  0.]
 [ 0.  0. -0.]]
----------------------------------------------------------------------------------------
   Cr2   Cr2   (  1,   3,   0)  0.0001   (-24.051, -6.943,  0.000) 25.033 
J_iso:  0.0001 
[Testing!] DMI: ( 0.0000 -0.0000  0.0000)
[Testing!]J_ani:
[[-0.  0.  0.]
 [ 0. -0.  0.]
 [ 0.  0. -0.]]
----------------------------------------------------------------------------------------
   Cr1   Cr1   (  3,   1,   0)  0.0001   (-24.051,  6.943,  0.000) 25.033 
J_iso:  0.0001 
[Testing!] DMI: (-0.0000 -0.0000  0.0000)
[Testing!]J_ani:
[[-0. -0. -0.]
 [-0. -0.  0.]
 [-0.  0. -0.]]
----------------------------------------------------------------------------------------
   Cr2   Cr2   (  3,   1,   0)  0.0001   (-24.051,  6.943,  0.000) 25.033 
J_iso:  0.0001 
[Testing!] DMI: ( 0.0000  0.0000 -0.0000)
[Testing!]J_ani:
[[-0. -0. -0.]
 [-0. -0.  0.]
 [-0.  0. -0.]]
----------------------------------------------------------------------------------------
   Cr1   Cr2   ( -2,  -3,   0)  0.0000   (26.056,  3.471,  0.000) 26.286 
J_iso:  0.0000 
[Testing!] DMI: (-0.0000  0.0000 -0.0000)
[Testing!]J_ani:
[[-0. -0.  0.]
 [-0. -0.  0.]
 [ 0.  0. -0.]]
----------------------------------------------------------------------------------------
   Cr1   Cr2   ( -3,  -2,   0)  0.0000   (26.056, -3.472,  0.000) 26.286 
J_iso:  0.0000 
[Testing!] DMI: (-0.0000 -0.0000  0.0000)
[Testing!]J_ani:
[[-0.  0. -0.]
 [ 0. -0.  0.]
 [-0.  0. -0.]]
----------------------------------------------------------------------------------------
   Cr2   Cr1   (  2,   3,   0)  0.0000   (-26.056, -3.471, -0.000) 26.286 
J_iso:  0.0000 
[Testing!] DMI: ( 0.0000 -0.0000  0.0000)
[Testing!]J_ani:
[[-0. -0.  0.]
 [-0. -0.  0.]
 [ 0.  0. -0.]]
----------------------------------------------------------------------------------------
   Cr2   Cr1   (  3,   2,   0)  0.0000   (-26.056,  3.472, -0.000) 26.286 
J_iso:  0.0000 
[Testing!] DMI: ( 0.0000  0.0000 -0.0000)
[Testing!]J_ani:
[[-0.  0. -0.]
 [ 0. -0.  0.]
 [-0.  0. -0.]]
----------------------------------------------------------------------------------------
   Cr2   Cr1   ( -2,  -2,   0) -0.0001   (28.060,  0.000, -0.000) 28.060 
J_iso: -0.0001 
[Testing!] DMI: ( 0.0000  0.0000  0.0000)
[Testing!]J_ani:
[[ 0.  0.  0.]
 [ 0.  0. -0.]
 [ 0. -0. -0.]]
----------------------------------------------------------------------------------------
   Cr1   Cr2   (  2,   2,   0) -0.0001   (-28.060,  0.000,  0.000) 28.060 
J_iso: -0.0001 
[Testing!] DMI: (-0.0000 -0.0000 -0.0000)
[Testing!]J_ani:
[[ 0.  0.  0.]
 [ 0.  0. -0.]
 [ 0. -0. -0.]]
----------------------------------------------------------------------------------------
   Cr2   Cr1   ( -3,  -1,   0) -0.0000   (28.060, -6.943, -0.000) 28.906 
J_iso: -0.0000 
[Testing!] DMI: ( 0.0000  0.0000 -0.0000)
[Testing!]J_ani:
[[-0.  0.  0.]
 [ 0. -0.  0.]
 [ 0.  0. -0.]]
----------------------------------------------------------------------------------------
   Cr2   Cr1   ( -1,  -3,   0) -0.0000   (28.060,  6.943, -0.000) 28.906 
J_iso: -0.0000 
[Testing!] DMI: ( 0.0000 -0.0000  0.0000)
[Testing!]J_ani:
[[-0. -0. -0.]
 [-0. -0.  0.]
 [-0.  0. -0.]]
----------------------------------------------------------------------------------------
   Cr1   Cr2   (  1,   3,   0) -0.0000   (-28.060, -6.943,  0.000) 28.906 
J_iso: -0.0000 
[Testing!] DMI: (-0.0000  0.0000 -0.0000)
[Testing!]J_ani:
[[-0. -0. -0.]
 [-0. -0.  0.]
 [-0.  0. -0.]]
----------------------------------------------------------------------------------------
   Cr1   Cr2   (  3,   1,   0) -0.0000   (-28.060,  6.943,  0.000) 28.906 
J_iso: -0.0000 
[Testing!] DMI: (-0.0000 -0.0000  0.0000)
[Testing!]J_ani:
[[-0.  0.  0.]
 [ 0. -0.  0.]
 [ 0.  0. -0.]]
----------------------------------------------------------------------------------------
   Cr1   Cr1   ( -2,  -3,   0)  0.0000   (30.064,  3.471,  0.000) 30.264 
J_iso:  0.0000 
[Testing!] DMI: ( 0.0000  0.0000  0.0000)
[Testing!]J_ani:
[[-0.  0. -0.]
 [ 0. -0.  0.]
 [-0.  0. -0.]]
----------------------------------------------------------------------------------------
   Cr2   Cr2   ( -2,  -3,   0)  0.0000   (30.064,  3.471,  0.000) 30.264 
J_iso:  0.0000 
[Testing!] DMI: (-0.0000 -0.0000 -0.0000)
[Testing!]J_ani:
[[-0.  0. -0.]
 [ 0. -0.  0.]
 [-0.  0. -0.]]
----------------------------------------------------------------------------------------
   Cr2   Cr2   (  2,   3,   0)  0.0000   (-30.064, -3.471,  0.000) 30.264 
J_iso:  0.0000 
[Testing!] DMI: ( 0.0000  0.0000  0.0000)
[Testing!]J_ani:
[[-0.  0. -0.]
 [ 0. -0.  0.]
 [-0.  0. -0.]]
----------------------------------------------------------------------------------------
   Cr1   Cr1   ( -3,  -2,   0)  0.0000   (30.064, -3.472,  0.000) 30.264 
J_iso:  0.0000 
[Testing!] DMI: ( 0.0000 -0.0000 -0.0000)
[Testing!]J_ani:
[[-0. -0.  0.]
 [-0. -0.  0.]
 [ 0.  0. -0.]]
----------------------------------------------------------------------------------------
   Cr2   Cr2   ( -3,  -2,   0)  0.0000   (30.064, -3.472,  0.000) 30.264 
J_iso:  0.0000 
[Testing!] DMI: (-0.0000  0.0000  0.0000)
[Testing!]J_ani:
[[-0. -0.  0.]
 [-0. -0.  0.]
 [ 0.  0. -0.]]
----------------------------------------------------------------------------------------
   Cr1   Cr1   (  2,   3,   0)  0.0000   (-30.064, -3.471,  0.000) 30.264 
J_iso:  0.0000 
[Testing!] DMI: (-0.0000 -0.0000 -0.0000)
[Testing!]J_ani:
[[-0.  0. -0.]
 [ 0. -0.  0.]
 [-0.  0. -0.]]
----------------------------------------------------------------------------------------
   Cr1   Cr1   (  3,   2,   0)  0.0000   (-30.064,  3.472,  0.000) 30.264 
J_iso:  0.0000 
[Testing!] DMI: (-0.0000  0.0000  0.0000)
[Testing!]J_ani:
[[-0. -0.  0.]
 [-0. -0.  0.]
 [ 0.  0. -0.]]
----------------------------------------------------------------------------------------
   Cr2   Cr2   (  3,   2,   0)  0.0000   (-30.064,  3.472,  0.000) 30.264 
J_iso:  0.0000 
[Testing!] DMI: ( 0.0000 -0.0000 -0.0000)
[Testing!]J_ani:
[[-0. -0.  0.]
 [-0. -0.  0.]
 [ 0.  0. -0.]]
----------------------------------------------------------------------------------------
   Cr1   Cr2   ( -3,  -3,   0)  0.0000   (32.068, -0.000,  0.000) 32.068 
J_iso:  0.0000 
[Testing!] DMI: ( 0.0000 -0.0000  0.0000)
[Testing!]J_ani:
[[ 0.  0.  0.]
 [ 0. -0. -0.]
 [ 0. -0. -0.]]
----------------------------------------------------------------------------------------
   Cr2   Cr1   (  3,   3,   0)  0.0000   (-32.068,  0.000, -0.000) 32.068 
J_iso:  0.0000 
[Testing!] DMI: (-0.0000  0.0000 -0.0000)
[Testing!]J_ani:
[[ 0.  0.  0.]
 [ 0. -0. -0.]
 [ 0. -0. -0.]]
----------------------------------------------------------------------------------------
   Cr2   Cr1   ( -3,  -2,   0) -0.0000   (34.073, -3.472, -0.000) 34.249 
J_iso: -0.0000 
[Testing!] DMI: (-0.0000 -0.0000  0.0000)
[Testing!]J_ani:
[[-0. -0.  0.]
 [-0. -0.  0.]
 [ 0.  0. -0.]]
----------------------------------------------------------------------------------------
   Cr2   Cr1   ( -2,  -3,   0) -0.0000   (34.073,  3.471, -0.000) 34.249 
J_iso: -0.0000 
[Testing!] DMI: (-0.0000  0.0000 -0.0000)
[Testing!]J_ani:
[[-0.  0. -0.]
 [ 0. -0.  0.]
 [-0.  0. -0.]]
----------------------------------------------------------------------------------------
   Cr1   Cr2   (  2,   3,   0) -0.0000   (-34.073, -3.471,  0.000) 34.249 
J_iso: -0.0000 
[Testing!] DMI: ( 0.0000 -0.0000  0.0000)
[Testing!]J_ani:
[[-0.  0. -0.]
 [ 0. -0.  0.]
 [-0.  0. -0.]]
----------------------------------------------------------------------------------------
   Cr1   Cr2   (  3,   2,   0) -0.0000   (-34.073,  3.472,  0.000) 34.249 
J_iso: -0.0000 
[Testing!] DMI: ( 0.0000  0.0000 -0.0000)
[Testing!]J_ani:
[[-0. -0.  0.]
 [-0. -0.  0.]
 [ 0.  0. -0.]]
----------------------------------------------------------------------------------------
   Cr1   Cr1   ( -3,  -3,   0)  0.0001   (36.077, -0.000,  0.000) 36.077 
J_iso:  0.0001 
[Testing!] DMI: (-0.0000  0.0000  0.0000)
[Testing!]J_ani:
[[-0. -0.  0.]
 [-0. -0. -0.]
 [ 0. -0. -0.]]
----------------------------------------------------------------------------------------
   Cr2   Cr2   ( -3,  -3,   0)  0.0001   (36.077, -0.000,  0.000) 36.077 
J_iso:  0.0001 
[Testing!] DMI: ( 0.0000 -0.0000 -0.0000)
[Testing!]J_ani:
[[-0. -0. -0.]
 [-0. -0. -0.]
 [-0. -0. -0.]]
----------------------------------------------------------------------------------------
   Cr1   Cr1   (  3,   3,   0)  0.0001   (-36.077,  0.000,  0.000) 36.077 
J_iso:  0.0001 
[Testing!] DMI: ( 0.0000 -0.0000 -0.0000)
[Testing!]J_ani:
[[-0. -0.  0.]
 [-0. -0. -0.]
 [ 0. -0. -0.]]
----------------------------------------------------------------------------------------
   Cr2   Cr2   (  3,   3,   0)  0.0001   (-36.077,  0.000,  0.000) 36.077 
J_iso:  0.0001 
[Testing!] DMI: (-0.0000  0.0000  0.0000)
[Testing!]J_ani:
[[-0. -0. -0.]
 [-0. -0. -0.]
 [-0. -0. -0.]]
----------------------------------------------------------------------------------------
   Cr2   Cr1   ( -3,  -3,   0)  0.0001   (40.085, -0.000, -0.000) 40.085 
J_iso:  0.0001 
[Testing!] DMI: (-0.0000 -0.0000  0.0000)
[Testing!]J_ani:
[[-0.  0. -0.]
 [ 0. -0. -0.]
 [-0. -0. -0.]]
----------------------------------------------------------------------------------------
   Cr1   Cr2   (  3,   3,   0)  0.0001   (-40.085,  0.000,  0.000) 40.085 
J_iso:  0.0001 
[Testing!] DMI: ( 0.0000  0.0000 -0.0000)
[Testing!]J_ani:
[[-0.  0. -0.]
 [ 0. -0. -0.]
 [-0. -0. -0.]]
