==========================================================================================
Information: 
Exchange parameters generated by TB2J 0.9.9.9
Generation time: 25/06/26 15:15:37
 Input from non-collinear Siesta data.
 working directory: /Users/hexu/projects/TB2J_SIESTA_TUTORIAL/CrI3_SIESTA_split_SOC/DFT
 fdf_fname: siesta.fdf.
Warning: The DMI component parallel to the spin orientation, the Jani which has the component of that orientation should be disregarded
 e.g. if the spins are along z, the xz, yz, zz, zx, zy components and the z component of DMI.
 If you need these component, try to do three calculations with spin along x, y, z,  or use structure with z rotated to x, y and z. And then use TB2J_merge.py to get the full set of parameters.

==========================================================================================
Cell (Angstrom):
-6.01281438  3.47150000  0.00000000
-6.01281438  -3.47150000  0.00000000
0.00000000  0.00000000  13.00000000

==========================================================================================
Atoms:  
(Note: charge and magmoms only count the wannier functions.)
Atom_number        x             y             z       w_charge    M(x)      M(y)      M(z)   
Cr1            -4.00854292    0.00000000    6.50000000   14.6642    3.5688    0.0000   -0.0000
Cr2            -8.01708584    0.00000000    6.50000000   14.6641    3.5688    0.0000   -0.0000
I1             -8.08994330   -2.27226905    4.89133207    6.7794   -0.1790   -0.0015    0.0014
I2             -2.07712892   -1.19923094    8.10866793    6.7794   -0.1790    0.0015   -0.0014
I3             -6.01281439    1.07303812    4.89133207    6.7771   -0.1821   -0.0000    0.0000
I4             -6.01281437   -1.07303812    8.10866793    6.7771   -0.1821    0.0000   -0.0000
I5             -9.94849984    1.19923094    4.89133207    6.7794   -0.1790    0.0015   -0.0014
I6             -3.93568546    2.27226905    8.10866793    6.7794   -0.1790   -0.0015    0.0014
Total                                                    70.0000    6.0576    0.0000    0.0000

==========================================================================================
Exchange: 
    i      j          R        J_iso(meV)          vector          distance(A) 
----------------------------------------------------------------------------------------
   Cr1   Cr2   ( -1,   0,   0)  2.4625   ( 2.004, -3.471,  0.000)  4.009 
J_iso:  2.4625 
[Testing!] DMI: ( 0.0000 -0.0000 -0.0000)
[Testing!]J_ani:
[[-9.473 -0.457  0.223]
 [-0.457 -0.453  0.256]
 [ 0.223  0.256 -0.586]]
----------------------------------------------------------------------------------------
   Cr1   Cr2   (  0,  -1,   0)  2.4625   ( 2.004,  3.471,  0.000)  4.009 
J_iso:  2.4625 
[Testing!] DMI: ( 0.0000  0.0000  0.0000)
[Testing!]J_ani:
[[-9.473  0.457 -0.223]
 [ 0.457 -0.453  0.256]
 [-0.223  0.256 -0.586]]
----------------------------------------------------------------------------------------
   Cr2   Cr1   (  0,   1,   0)  2.4625   (-2.004, -3.471, -0.000)  4.009 
J_iso:  2.4625 
[Testing!] DMI: (-0.0000 -0.0000 -0.0000)
[Testing!]J_ani:
[[-9.473  0.457 -0.223]
 [ 0.457 -0.453  0.256]
 [-0.223  0.256 -0.586]]
----------------------------------------------------------------------------------------
   Cr2   Cr1   (  1,   0,   0)  2.4625   (-2.004,  3.471, -0.000)  4.009 
J_iso:  2.4625 
[Testing!] DMI: (-0.0000  0.0000  0.0000)
[Testing!]J_ani:
[[-9.473 -0.457  0.223]
 [-0.457 -0.453  0.256]
 [ 0.223  0.256 -0.586]]
----------------------------------------------------------------------------------------
   Cr1   Cr2   (  0,   0,   0)  2.1322   (-4.009,  0.000,  0.000)  4.009 
J_iso:  2.1322 
[Testing!] DMI: (-0.0000 -0.0000  0.0000)
[Testing!]J_ani:
[[-9.375 -0.     0.   ]
 [-0.    -0.921 -0.512]
 [ 0.    -0.512 -0.249]]
----------------------------------------------------------------------------------------
   Cr2   Cr1   (  0,   0,   0)  2.1322   ( 4.009,  0.000, -0.000)  4.009 
J_iso:  2.1322 
[Testing!] DMI: ( 0.0000  0.0000 -0.0000)
[Testing!]J_ani:
[[-9.375 -0.     0.   ]
 [-0.    -0.921 -0.512]
 [ 0.    -0.512 -0.249]]
----------------------------------------------------------------------------------------
   Cr1   Cr1   ( -1,   1,   0)  0.9167   ( 0.000, -6.943,  0.000)  6.943 
J_iso:  0.9167 
[Testing!] DMI: ( 0.0000 -0.0741  0.0109)
[Testing!]J_ani:
[[-2.508  0.    -0.   ]
 [ 0.    -0.142 -0.058]
 [-0.    -0.058 -0.128]]
----------------------------------------------------------------------------------------
   Cr2   Cr2   ( -1,   1,   0)  0.9167   ( 0.000, -6.943,  0.000)  6.943 
J_iso:  0.9167 
[Testing!] DMI: (-0.0000  0.0741 -0.0109)
[Testing!]J_ani:
[[-2.508 -0.    -0.   ]
 [-0.    -0.142 -0.058]
 [-0.    -0.058 -0.128]]
----------------------------------------------------------------------------------------
   Cr1   Cr1   (  1,  -1,   0)  0.9167   ( 0.000,  6.943,  0.000)  6.943 
J_iso:  0.9167 
[Testing!] DMI: (-0.0000  0.0741 -0.0109)
[Testing!]J_ani:
[[-2.508  0.    -0.   ]
 [ 0.    -0.142 -0.058]
 [-0.    -0.058 -0.128]]
----------------------------------------------------------------------------------------
   Cr2   Cr2   (  1,  -1,   0)  0.9167   ( 0.000,  6.943,  0.000)  6.943 
J_iso:  0.9167 
[Testing!] DMI: ( 0.0000 -0.0741  0.0109)
[Testing!]J_ani:
[[-2.508 -0.    -0.   ]
 [-0.    -0.142 -0.058]
 [-0.    -0.058 -0.128]]
----------------------------------------------------------------------------------------
   Cr2   Cr2   (  0,   1,   0)  0.9526   (-6.013, -3.471,  0.000)  6.943 
J_iso:  0.9526 
[Testing!] DMI: ( 0.0866  0.0331  0.0197)
[Testing!]J_ani:
[[-2.604 -0.057 -0.126]
 [-0.057 -0.072  0.029]
 [-0.126  0.029 -0.161]]
----------------------------------------------------------------------------------------
   Cr2   Cr2   (  1,   0,   0)  0.9526   (-6.013,  3.471,  0.000)  6.943 
J_iso:  0.9526 
[Testing!] DMI: ( 0.0866 -0.0331 -0.0197)
[Testing!]J_ani:
[[-2.604  0.057  0.126]
 [ 0.057 -0.072  0.029]
 [ 0.126  0.029 -0.161]]
----------------------------------------------------------------------------------------
   Cr1   Cr1   ( -1,   0,   0)  0.9526   ( 6.013, -3.471,  0.000)  6.943 
J_iso:  0.9526 
[Testing!] DMI: ( 0.0866 -0.0331 -0.0197)
[Testing!]J_ani:
[[-2.605  0.057  0.126]
 [ 0.057 -0.072  0.029]
 [ 0.126  0.029 -0.161]]
----------------------------------------------------------------------------------------
   Cr2   Cr2   ( -1,   0,   0)  0.9526   ( 6.013, -3.471,  0.000)  6.943 
J_iso:  0.9526 
[Testing!] DMI: (-0.0866  0.0331  0.0197)
[Testing!]J_ani:
[[-2.604  0.057  0.126]
 [ 0.057 -0.072  0.029]
 [ 0.126  0.029 -0.161]]
----------------------------------------------------------------------------------------
   Cr1   Cr1   (  0,  -1,   0)  0.9526   ( 6.013,  3.471,  0.000)  6.943 
J_iso:  0.9526 
[Testing!] DMI: ( 0.0866  0.0331  0.0197)
[Testing!]J_ani:
[[-2.605 -0.057 -0.126]
 [-0.057 -0.072  0.029]
 [-0.126  0.029 -0.161]]
----------------------------------------------------------------------------------------
   Cr2   Cr2   (  0,  -1,   0)  0.9526   ( 6.013,  3.471,  0.000)  6.943 
J_iso:  0.9526 
[Testing!] DMI: (-0.0866 -0.0331 -0.0197)
[Testing!]J_ani:
[[-2.604 -0.057 -0.126]
 [-0.057 -0.072  0.029]
 [-0.126  0.029 -0.161]]
----------------------------------------------------------------------------------------
   Cr1   Cr1   (  0,   1,   0)  0.9526   (-6.013, -3.471,  0.000)  6.943 
J_iso:  0.9526 
[Testing!] DMI: (-0.0866 -0.0331 -0.0197)
[Testing!]J_ani:
[[-2.605 -0.057 -0.126]
 [-0.057 -0.072  0.029]
 [-0.126  0.029 -0.161]]
----------------------------------------------------------------------------------------
   Cr1   Cr1   (  1,   0,   0)  0.9526   (-6.013,  3.471,  0.000)  6.943 
J_iso:  0.9526 
[Testing!] DMI: (-0.0866  0.0331  0.0197)
[Testing!]J_ani:
[[-2.605  0.057  0.126]
 [ 0.057 -0.072  0.029]
 [ 0.126  0.029 -0.161]]
----------------------------------------------------------------------------------------
   Cr1   Cr2   ( -1,   1,   0)  0.1027   (-4.009, -6.943,  0.000)  8.017 
J_iso:  0.1027 
[Testing!] DMI: (-0.0000 -0.0000  0.0000)
[Testing!]J_ani:
[[-0.387  0.032  0.013]
 [ 0.032 -0.054  0.014]
 [ 0.013  0.014 -0.062]]
----------------------------------------------------------------------------------------
   Cr2   Cr1   ( -1,   1,   0)  0.1027   ( 4.009, -6.943, -0.000)  8.017 
J_iso:  0.1027 
[Testing!] DMI: ( 0.0000 -0.0000  0.0000)
[Testing!]J_ani:
[[-0.387 -0.032 -0.013]
 [-0.032 -0.054  0.014]
 [-0.013  0.014 -0.062]]
----------------------------------------------------------------------------------------
   Cr1   Cr2   (  1,  -1,   0)  0.1027   (-4.009,  6.943,  0.000)  8.017 
J_iso:  0.1027 
[Testing!] DMI: (-0.0000  0.0000 -0.0000)
[Testing!]J_ani:
[[-0.387 -0.032 -0.013]
 [-0.032 -0.054  0.014]
 [-0.013  0.014 -0.062]]
----------------------------------------------------------------------------------------
   Cr2   Cr1   (  1,  -1,   0)  0.1027   ( 4.009,  6.943, -0.000)  8.017 
J_iso:  0.1027 
[Testing!] DMI: ( 0.0000  0.0000 -0.0000)
[Testing!]J_ani:
[[-0.387  0.032  0.013]
 [ 0.032 -0.054  0.014]
 [ 0.013  0.014 -0.062]]
----------------------------------------------------------------------------------------
   Cr1   Cr2   ( -1,  -1,   0)  0.0812   ( 8.017,  0.000,  0.000)  8.017 
J_iso:  0.0812 
[Testing!] DMI: ( 0.0000  0.0000 -0.0000)
[Testing!]J_ani:
[[-0.385  0.     0.   ]
 [ 0.    -0.083 -0.022]
 [ 0.    -0.022 -0.046]]
----------------------------------------------------------------------------------------
   Cr2   Cr1   (  1,   1,   0)  0.0812   (-8.017,  0.000, -0.000)  8.017 
J_iso:  0.0812 
[Testing!] DMI: (-0.0000 -0.0000  0.0000)
[Testing!]J_ani:
[[-0.385  0.     0.   ]
 [ 0.    -0.083 -0.022]
 [ 0.    -0.022 -0.046]]
----------------------------------------------------------------------------------------
   Cr1   Cr2   ( -2,   1,   0)  0.0268   ( 2.004, -10.415,  0.000) 10.606 
J_iso:  0.0268 
[Testing!] DMI: ( 0.0000  0.0000  0.0000)
[Testing!]J_ani:
[[-0.175  0.009  0.009]
 [ 0.009 -0.009 -0.   ]
 [ 0.009 -0.    -0.011]]
----------------------------------------------------------------------------------------
   Cr2   Cr1   ( -1,   2,   0)  0.0268   (-2.004, -10.415, -0.000) 10.606 
J_iso:  0.0268 
[Testing!] DMI: (-0.0000  0.0000  0.0000)
[Testing!]J_ani:
[[-0.175 -0.009 -0.009]
 [-0.009 -0.009 -0.   ]
 [-0.009 -0.    -0.011]]
----------------------------------------------------------------------------------------
   Cr1   Cr2   (  1,  -2,   0)  0.0268   ( 2.004, 10.415,  0.000) 10.606 
J_iso:  0.0268 
[Testing!] DMI: ( 0.0000 -0.0000 -0.0000)
[Testing!]J_ani:
[[-0.175 -0.009 -0.009]
 [-0.009 -0.009 -0.   ]
 [-0.009 -0.    -0.011]]
----------------------------------------------------------------------------------------
   Cr2   Cr1   (  2,  -1,   0)  0.0268   (-2.004, 10.415, -0.000) 10.606 
J_iso:  0.0268 
[Testing!] DMI: (-0.0000 -0.0000 -0.0000)
[Testing!]J_ani:
[[-0.175  0.009  0.009]
 [ 0.009 -0.009 -0.   ]
 [ 0.009 -0.    -0.011]]
----------------------------------------------------------------------------------------
   Cr1   Cr2   ( -2,   0,   0)  0.0168   ( 8.017, -6.943,  0.000) 10.606 
J_iso:  0.0168 
[Testing!] DMI: (-0.0000  0.0000 -0.0000)
[Testing!]J_ani:
[[-0.194 -0.011  0.011]
 [-0.011 -0.006  0.   ]
 [ 0.011  0.    -0.008]]
----------------------------------------------------------------------------------------
   Cr1   Cr2   (  0,  -2,   0)  0.0168   ( 8.017,  6.943,  0.000) 10.606 
J_iso:  0.0168 
[Testing!] DMI: (-0.0000 -0.0000  0.0000)
[Testing!]J_ani:
[[-0.194  0.011 -0.011]
 [ 0.011 -0.006  0.   ]
 [-0.011  0.    -0.008]]
----------------------------------------------------------------------------------------
   Cr2   Cr1   (  0,   2,   0)  0.0168   (-8.017, -6.943, -0.000) 10.606 
J_iso:  0.0168 
[Testing!] DMI: ( 0.0000  0.0000 -0.0000)
[Testing!]J_ani:
[[-0.194  0.011 -0.011]
 [ 0.011 -0.006  0.   ]
 [-0.011  0.    -0.008]]
----------------------------------------------------------------------------------------
   Cr2   Cr1   (  2,   0,   0)  0.0168   (-8.017,  6.943, -0.000) 10.606 
J_iso:  0.0168 
[Testing!] DMI: ( 0.0000 -0.0000  0.0000)
[Testing!]J_ani:
[[-0.194 -0.011  0.011]
 [-0.011 -0.006  0.   ]
 [ 0.011  0.    -0.008]]
----------------------------------------------------------------------------------------
   Cr2   Cr1   ( -1,   0,   0)  0.0238   (10.021, -3.471, -0.000) 10.606 
J_iso:  0.0238 
[Testing!] DMI: (-0.0000  0.0000 -0.0000)
[Testing!]J_ani:
[[-0.178  0.019 -0.001]
 [ 0.019 -0.013  0.   ]
 [-0.001  0.    -0.009]]
----------------------------------------------------------------------------------------
   Cr2   Cr1   (  0,  -1,   0)  0.0238   (10.021,  3.471, -0.000) 10.606 
J_iso:  0.0238 
[Testing!] DMI: (-0.0000 -0.0000  0.0000)
[Testing!]J_ani:
[[-0.178 -0.019  0.001]
 [-0.019 -0.013  0.   ]
 [ 0.001  0.    -0.009]]
----------------------------------------------------------------------------------------
   Cr1   Cr2   (  0,   1,   0)  0.0238   (-10.021, -3.471,  0.000) 10.606 
J_iso:  0.0238 
[Testing!] DMI: ( 0.0000  0.0000 -0.0000)
[Testing!]J_ani:
[[-0.178 -0.019  0.001]
 [-0.019 -0.013  0.   ]
 [ 0.001  0.    -0.009]]
----------------------------------------------------------------------------------------
   Cr1   Cr2   (  1,   0,   0)  0.0238   (-10.021,  3.471,  0.000) 10.606 
J_iso:  0.0238 
[Testing!] DMI: ( 0.0000 -0.0000  0.0000)
[Testing!]J_ani:
[[-0.178  0.019 -0.001]
 [ 0.019 -0.013  0.   ]
 [-0.001  0.    -0.009]]
----------------------------------------------------------------------------------------
   Cr1   Cr1   ( -2,   1,   0) -0.0331   ( 6.013, -10.415,  0.000) 12.026 
J_iso: -0.0331 
[Testing!] DMI: (-0.0048  0.0063 -0.0011)
[Testing!]J_ani:
[[-0.099  0.002  0.004]
 [ 0.002 -0.006 -0.002]
 [ 0.004 -0.002 -0.006]]
----------------------------------------------------------------------------------------
   Cr2   Cr2   ( -2,   1,   0) -0.0331   ( 6.013, -10.415,  0.000) 12.026 
J_iso: -0.0331 
[Testing!] DMI: ( 0.0048 -0.0063  0.0011)
[Testing!]J_ani:
[[-0.099  0.002  0.004]
 [ 0.002 -0.006 -0.002]
 [ 0.004 -0.002 -0.006]]
----------------------------------------------------------------------------------------
   Cr1   Cr1   ( -1,   2,   0) -0.0331   (-6.013, -10.415,  0.000) 12.026 
J_iso: -0.0331 
[Testing!] DMI: ( 0.0048  0.0063 -0.0011)
[Testing!]J_ani:
[[-0.099 -0.002 -0.004]
 [-0.002 -0.006 -0.002]
 [-0.004 -0.002 -0.006]]
----------------------------------------------------------------------------------------
   Cr2   Cr2   ( -1,   2,   0) -0.0331   (-6.013, -10.415,  0.000) 12.026 
J_iso: -0.0331 
[Testing!] DMI: (-0.0048 -0.0063  0.0011)
[Testing!]J_ani:
[[-0.099 -0.002 -0.004]
 [-0.002 -0.006 -0.002]
 [-0.004 -0.002 -0.006]]
----------------------------------------------------------------------------------------
   Cr1   Cr1   (  1,  -2,   0) -0.0331   ( 6.013, 10.415,  0.000) 12.026 
J_iso: -0.0331 
[Testing!] DMI: (-0.0048 -0.0063  0.0011)
[Testing!]J_ani:
[[-0.099 -0.002 -0.004]
 [-0.002 -0.006 -0.002]
 [-0.004 -0.002 -0.006]]
----------------------------------------------------------------------------------------
   Cr2   Cr2   (  1,  -2,   0) -0.0331   ( 6.013, 10.415,  0.000) 12.026 
J_iso: -0.0331 
[Testing!] DMI: ( 0.0048  0.0063 -0.0011)
[Testing!]J_ani:
[[-0.099 -0.002 -0.004]
 [-0.002 -0.006 -0.002]
 [-0.004 -0.002 -0.006]]
----------------------------------------------------------------------------------------
   Cr1   Cr1   (  2,  -1,   0) -0.0331   (-6.013, 10.415,  0.000) 12.026 
J_iso: -0.0331 
[Testing!] DMI: ( 0.0048 -0.0063  0.0011)
[Testing!]J_ani:
[[-0.099  0.002  0.004]
 [ 0.002 -0.006 -0.002]
 [ 0.004 -0.002 -0.006]]
----------------------------------------------------------------------------------------
   Cr2   Cr2   (  2,  -1,   0) -0.0331   (-6.013, 10.415,  0.000) 12.026 
J_iso: -0.0331 
[Testing!] DMI: (-0.0048  0.0063 -0.0011)
[Testing!]J_ani:
[[-0.099  0.002  0.004]
 [ 0.002 -0.006 -0.002]
 [ 0.004 -0.002 -0.006]]
----------------------------------------------------------------------------------------
   Cr1   Cr1   ( -1,  -1,   0) -0.0351   (12.026,  0.000,  0.000) 12.026 
J_iso: -0.0351 
[Testing!] DMI: (-0.0074 -0.0000 -0.0000)
[Testing!]J_ani:
[[-0.106 -0.     0.   ]
 [-0.    -0.007  0.004]
 [ 0.     0.004 -0.006]]
----------------------------------------------------------------------------------------
   Cr2   Cr2   ( -1,  -1,   0) -0.0351   (12.026,  0.000,  0.000) 12.026 
J_iso: -0.0351 
[Testing!] DMI: ( 0.0074  0.0000  0.0000)
[Testing!]J_ani:
[[-0.106 -0.    -0.   ]
 [-0.    -0.007  0.004]
 [-0.     0.004 -0.006]]
----------------------------------------------------------------------------------------
   Cr1   Cr1   (  1,   1,   0) -0.0351   (-12.026,  0.000,  0.000) 12.026 
J_iso: -0.0351 
[Testing!] DMI: ( 0.0074  0.0000  0.0000)
[Testing!]J_ani:
[[-0.106 -0.     0.   ]
 [-0.    -0.007  0.004]
 [ 0.     0.004 -0.006]]
----------------------------------------------------------------------------------------
   Cr2   Cr2   (  1,   1,   0) -0.0351   (-12.026,  0.000,  0.000) 12.026 
J_iso: -0.0351 
[Testing!] DMI: (-0.0074 -0.0000 -0.0000)
[Testing!]J_ani:
[[-0.106 -0.    -0.   ]
 [-0.    -0.007  0.004]
 [-0.     0.004 -0.006]]
----------------------------------------------------------------------------------------
   Cr1   Cr1   ( -2,   2,   0) -0.0086   ( 0.000, -13.886,  0.000) 13.886 
J_iso: -0.0086 
[Testing!] DMI: ( 0.0000  0.0010 -0.0031)
[Testing!]J_ani:
[[-0.005 -0.    -0.   ]
 [-0.    -0.003 -0.   ]
 [-0.    -0.    -0.001]]
----------------------------------------------------------------------------------------
   Cr2   Cr2   ( -2,   2,   0) -0.0086   ( 0.000, -13.886,  0.000) 13.886 
J_iso: -0.0086 
[Testing!] DMI: (-0.0000 -0.0010  0.0031)
[Testing!]J_ani:
[[-0.005 -0.    -0.   ]
 [-0.    -0.003 -0.   ]
 [-0.    -0.    -0.001]]
----------------------------------------------------------------------------------------
   Cr1   Cr1   (  2,  -2,   0) -0.0086   ( 0.000, 13.886,  0.000) 13.886 
J_iso: -0.0086 
[Testing!] DMI: (-0.0000 -0.0010  0.0031)
[Testing!]J_ani:
[[-0.005 -0.    -0.   ]
 [-0.    -0.003 -0.   ]
 [-0.    -0.    -0.001]]
----------------------------------------------------------------------------------------
   Cr2   Cr2   (  2,  -2,   0) -0.0086   ( 0.000, 13.886,  0.000) 13.886 
J_iso: -0.0086 
[Testing!] DMI: ( 0.0000  0.0010 -0.0031)
[Testing!]J_ani:
[[-0.005 -0.    -0.   ]
 [-0.    -0.003 -0.   ]
 [-0.    -0.    -0.001]]
----------------------------------------------------------------------------------------
   Cr1   Cr1   ( -2,   0,   0) -0.0082   (12.026, -6.943,  0.000) 13.886 
J_iso: -0.0082 
[Testing!] DMI: ( 0.0042  0.0002  0.0032)
[Testing!]J_ani:
[[-0.009  0.001 -0.001]
 [ 0.001 -0.003 -0.   ]
 [-0.001 -0.    -0.002]]
----------------------------------------------------------------------------------------
   Cr1   Cr1   (  0,  -2,   0) -0.0082   (12.026,  6.943,  0.000) 13.886 
J_iso: -0.0082 
[Testing!] DMI: ( 0.0042 -0.0002 -0.0032)
[Testing!]J_ani:
[[-0.009 -0.001  0.001]
 [-0.001 -0.003 -0.   ]
 [ 0.001 -0.    -0.002]]
----------------------------------------------------------------------------------------
   Cr2   Cr2   ( -2,   0,   0) -0.0082   (12.026, -6.943,  0.000) 13.886 
J_iso: -0.0082 
[Testing!] DMI: (-0.0042 -0.0002 -0.0032)
[Testing!]J_ani:
[[-0.009  0.001 -0.001]
 [ 0.001 -0.003 -0.   ]
 [-0.001 -0.    -0.002]]
----------------------------------------------------------------------------------------
   Cr2   Cr2   (  0,  -2,   0) -0.0082   (12.026,  6.943,  0.000) 13.886 
J_iso: -0.0082 
[Testing!] DMI: (-0.0042  0.0002  0.0032)
[Testing!]J_ani:
[[-0.009 -0.001  0.001]
 [-0.001 -0.003 -0.   ]
 [ 0.001 -0.    -0.002]]
----------------------------------------------------------------------------------------
   Cr1   Cr1   (  0,   2,   0) -0.0082   (-12.026, -6.943,  0.000) 13.886 
J_iso: -0.0082 
[Testing!] DMI: (-0.0042  0.0002  0.0032)
[Testing!]J_ani:
[[-0.009 -0.001  0.001]
 [-0.001 -0.003 -0.   ]
 [ 0.001 -0.    -0.002]]
----------------------------------------------------------------------------------------
   Cr2   Cr2   (  0,   2,   0) -0.0082   (-12.026, -6.943,  0.000) 13.886 
J_iso: -0.0082 
[Testing!] DMI: ( 0.0042 -0.0002 -0.0032)
[Testing!]J_ani:
[[-0.009 -0.001  0.001]
 [-0.001 -0.003 -0.   ]
 [ 0.001 -0.    -0.002]]
----------------------------------------------------------------------------------------
   Cr1   Cr1   (  2,   0,   0) -0.0082   (-12.026,  6.943,  0.000) 13.886 
J_iso: -0.0082 
[Testing!] DMI: (-0.0042 -0.0002 -0.0032)
[Testing!]J_ani:
[[-0.009  0.001 -0.001]
 [ 0.001 -0.003 -0.   ]
 [-0.001 -0.    -0.002]]
----------------------------------------------------------------------------------------
   Cr2   Cr2   (  2,   0,   0) -0.0082   (-12.026,  6.943,  0.000) 13.886 
J_iso: -0.0082 
[Testing!] DMI: ( 0.0042  0.0002  0.0032)
[Testing!]J_ani:
[[-0.009  0.001 -0.001]
 [ 0.001 -0.003 -0.   ]
 [-0.001 -0.    -0.002]]
----------------------------------------------------------------------------------------
   Cr1   Cr2   ( -2,   2,   0)  0.0005   (-4.009, -13.886,  0.000) 14.453 
J_iso:  0.0005 
[Testing!] DMI: (-0.0000  0.0000  0.0000)
[Testing!]J_ani:
[[-0.007 -0.002 -0.   ]
 [-0.002 -0.003 -0.   ]
 [-0.    -0.    -0.   ]]
----------------------------------------------------------------------------------------
   Cr2   Cr1   ( -2,   2,   0)  0.0005   ( 4.009, -13.886, -0.000) 14.453 
J_iso:  0.0005 
[Testing!] DMI: ( 0.0000  0.0000  0.0000)
[Testing!]J_ani:
[[-0.007  0.002  0.   ]
 [ 0.002 -0.003 -0.   ]
 [ 0.    -0.    -0.   ]]
----------------------------------------------------------------------------------------
   Cr1   Cr2   (  2,  -2,   0)  0.0005   (-4.009, 13.886,  0.000) 14.453 
J_iso:  0.0005 
[Testing!] DMI: (-0.0000 -0.0000 -0.0000)
[Testing!]J_ani:
[[-0.007  0.002  0.   ]
 [ 0.002 -0.003 -0.   ]
 [ 0.    -0.    -0.   ]]
----------------------------------------------------------------------------------------
   Cr2   Cr1   (  2,  -2,   0)  0.0005   ( 4.009, 13.886, -0.000) 14.453 
J_iso:  0.0005 
[Testing!] DMI: ( 0.0000 -0.0000 -0.0000)
[Testing!]J_ani:
[[-0.007 -0.002 -0.   ]
 [-0.002 -0.003 -0.   ]
 [-0.    -0.    -0.   ]]
----------------------------------------------------------------------------------------
   Cr2   Cr1   ( -2,   1,   0)  0.0008   (10.021, -10.415, -0.000) 14.453 
J_iso:  0.0008 
[Testing!] DMI: (-0.0000 -0.0000 -0.0000)
[Testing!]J_ani:
[[-0.006 -0.002 -0.   ]
 [-0.002 -0.003  0.001]
 [-0.     0.001 -0.001]]
----------------------------------------------------------------------------------------
   Cr1   Cr2   ( -1,   2,   0)  0.0008   (-10.021, -10.415,  0.000) 14.453 
J_iso:  0.0008 
[Testing!] DMI: ( 0.0000 -0.0000 -0.0000)
[Testing!]J_ani:
[[-0.006  0.002  0.   ]
 [ 0.002 -0.003  0.001]
 [ 0.     0.001 -0.001]]
----------------------------------------------------------------------------------------
   Cr2   Cr1   (  1,  -2,   0)  0.0008   (10.021, 10.415, -0.000) 14.453 
J_iso:  0.0008 
[Testing!] DMI: (-0.0000  0.0000  0.0000)
[Testing!]J_ani:
[[-0.006  0.002  0.   ]
 [ 0.002 -0.003  0.001]
 [ 0.     0.001 -0.001]]
----------------------------------------------------------------------------------------
   Cr1   Cr2   (  2,  -1,   0)  0.0008   (-10.021, 10.415,  0.000) 14.453 
J_iso:  0.0008 
[Testing!] DMI: ( 0.0000  0.0000  0.0000)
[Testing!]J_ani:
[[-0.006 -0.002 -0.   ]
 [-0.002 -0.003  0.001]
 [-0.     0.001 -0.001]]
----------------------------------------------------------------------------------------
   Cr1   Cr2   ( -2,  -1,   0)  0.0010   (14.030, -3.471,  0.000) 14.453 
J_iso:  0.0010 
[Testing!] DMI: ( 0.0000  0.0000 -0.0000)
[Testing!]J_ani:
[[-0.007  0.001 -0.001]
 [ 0.001 -0.003 -0.001]
 [-0.001 -0.001 -0.001]]
----------------------------------------------------------------------------------------
   Cr1   Cr2   ( -1,  -2,   0)  0.0010   (14.030,  3.471,  0.000) 14.453 
J_iso:  0.0010 
[Testing!] DMI: ( 0.0000 -0.0000  0.0000)
[Testing!]J_ani:
[[-0.007 -0.001  0.001]
 [-0.001 -0.003 -0.001]
 [ 0.001 -0.001 -0.001]]
----------------------------------------------------------------------------------------
   Cr2   Cr1   (  1,   2,   0)  0.0010   (-14.030, -3.471, -0.000) 14.453 
J_iso:  0.0010 
[Testing!] DMI: (-0.0000  0.0000 -0.0000)
[Testing!]J_ani:
[[-0.007 -0.001  0.001]
 [-0.001 -0.003 -0.001]
 [ 0.001 -0.001 -0.001]]
----------------------------------------------------------------------------------------
   Cr2   Cr1   (  2,   1,   0)  0.0010   (-14.030,  3.471, -0.000) 14.453 
J_iso:  0.0010 
[Testing!] DMI: (-0.0000 -0.0000  0.0000)
[Testing!]J_ani:
[[-0.007  0.001 -0.001]
 [ 0.001 -0.003 -0.001]
 [-0.001 -0.001 -0.001]]
----------------------------------------------------------------------------------------
   Cr2   Cr1   ( -1,  -1,   0) -0.0070   (16.034,  0.000, -0.000) 16.034 
J_iso: -0.0070 
[Testing!] DMI: ( 0.0000  0.0000  0.0000)
[Testing!]J_ani:
[[-0.018 -0.     0.   ]
 [-0.    -0.001  0.001]
 [ 0.     0.001 -0.001]]
----------------------------------------------------------------------------------------
   Cr1   Cr2   (  1,   1,   0) -0.0070   (-16.034,  0.000,  0.000) 16.034 
J_iso: -0.0070 
[Testing!] DMI: (-0.0000 -0.0000 -0.0000)
[Testing!]J_ani:
[[-0.018 -0.     0.   ]
 [-0.    -0.001  0.001]
 [ 0.     0.001 -0.001]]
----------------------------------------------------------------------------------------
   Cr2   Cr1   ( -2,   0,   0) -0.0040   (16.034, -6.943, -0.000) 17.473 
J_iso: -0.0040 
[Testing!] DMI: ( 0.0000 -0.0000 -0.0000)
[Testing!]J_ani:
[[-0.002  0.     0.   ]
 [ 0.    -0.001 -0.   ]
 [ 0.    -0.    -0.001]]
----------------------------------------------------------------------------------------
   Cr2   Cr1   (  0,  -2,   0) -0.0040   (16.034,  6.943, -0.000) 17.473 
J_iso: -0.0040 
[Testing!] DMI: ( 0.0000  0.0000  0.0000)
[Testing!]J_ani:
[[-0.002 -0.    -0.   ]
 [-0.    -0.001 -0.   ]
 [-0.    -0.    -0.001]]
----------------------------------------------------------------------------------------
   Cr1   Cr2   (  0,   2,   0) -0.0040   (-16.034, -6.943,  0.000) 17.473 
J_iso: -0.0040 
[Testing!] DMI: (-0.0000 -0.0000 -0.0000)
[Testing!]J_ani:
[[-0.002 -0.    -0.   ]
 [-0.    -0.001 -0.   ]
 [-0.    -0.    -0.001]]
----------------------------------------------------------------------------------------
   Cr1   Cr2   (  2,   0,   0) -0.0040   (-16.034,  6.943,  0.000) 17.473 
J_iso: -0.0040 
[Testing!] DMI: (-0.0000  0.0000  0.0000)
[Testing!]J_ani:
[[-0.002  0.     0.   ]
 [ 0.    -0.001 -0.   ]
 [ 0.    -0.    -0.001]]
----------------------------------------------------------------------------------------
   Cr1   Cr1   ( -2,  -1,   0) -0.0014   (18.038, -3.471,  0.000) 18.369 
J_iso: -0.0014 
[Testing!] DMI: ( 0.0000 -0.0001  0.0001)
[Testing!]J_ani:
[[ 0.     0.     0.   ]
 [ 0.    -0.001 -0.   ]
 [ 0.    -0.    -0.001]]
----------------------------------------------------------------------------------------
   Cr2   Cr2   ( -2,  -1,   0) -0.0014   (18.038, -3.471,  0.000) 18.369 
J_iso: -0.0014 
[Testing!] DMI: (-0.0000  0.0001 -0.0001)
[Testing!]J_ani:
[[ 0.     0.     0.   ]
 [ 0.    -0.001 -0.   ]
 [ 0.    -0.    -0.001]]
----------------------------------------------------------------------------------------
   Cr1   Cr1   ( -1,  -2,   0) -0.0014   (18.038,  3.471,  0.000) 18.369 
J_iso: -0.0014 
[Testing!] DMI: ( 0.0000  0.0001 -0.0001)
[Testing!]J_ani:
[[ 0.    -0.    -0.   ]
 [-0.    -0.001 -0.   ]
 [-0.    -0.    -0.001]]
----------------------------------------------------------------------------------------
   Cr2   Cr2   ( -1,  -2,   0) -0.0014   (18.038,  3.471,  0.000) 18.369 
J_iso: -0.0014 
[Testing!] DMI: (-0.0000 -0.0001  0.0001)
[Testing!]J_ani:
[[ 0.    -0.    -0.   ]
 [-0.    -0.001 -0.   ]
 [-0.    -0.    -0.001]]
----------------------------------------------------------------------------------------
   Cr1   Cr1   (  1,   2,   0) -0.0014   (-18.038, -3.471,  0.000) 18.369 
J_iso: -0.0014 
[Testing!] DMI: (-0.0000 -0.0001  0.0001)
[Testing!]J_ani:
[[ 0.    -0.    -0.   ]
 [-0.    -0.001 -0.   ]
 [-0.    -0.    -0.001]]
----------------------------------------------------------------------------------------
   Cr2   Cr2   (  1,   2,   0) -0.0014   (-18.038, -3.471,  0.000) 18.369 
J_iso: -0.0014 
[Testing!] DMI: ( 0.0000  0.0001 -0.0001)
[Testing!]J_ani:
[[ 0.    -0.    -0.   ]
 [-0.    -0.001 -0.   ]
 [-0.    -0.    -0.001]]
----------------------------------------------------------------------------------------
   Cr1   Cr1   (  2,   1,   0) -0.0014   (-18.038,  3.471,  0.000) 18.369 
J_iso: -0.0014 
[Testing!] DMI: (-0.0000  0.0001 -0.0001)
[Testing!]J_ani:
[[ 0.     0.     0.   ]
 [ 0.    -0.001 -0.   ]
 [ 0.    -0.    -0.001]]
----------------------------------------------------------------------------------------
   Cr2   Cr2   (  2,   1,   0) -0.0014   (-18.038,  3.471,  0.000) 18.369 
J_iso: -0.0014 
[Testing!] DMI: ( 0.0000 -0.0001  0.0001)
[Testing!]J_ani:
[[ 0.     0.     0.   ]
 [ 0.    -0.001 -0.   ]
 [ 0.    -0.    -0.001]]
----------------------------------------------------------------------------------------
   Cr1   Cr2   ( -2,  -2,   0)  0.0003   (20.043,  0.000,  0.000) 20.043 
J_iso:  0.0003 
[Testing!] DMI: ( 0.0000  0.0000  0.0000)
[Testing!]J_ani:
[[-0.002  0.     0.   ]
 [ 0.     0.     0.   ]
 [ 0.     0.    -0.   ]]
----------------------------------------------------------------------------------------
   Cr2   Cr1   (  2,   2,   0)  0.0003   (-20.043,  0.000, -0.000) 20.043 
J_iso:  0.0003 
[Testing!] DMI: (-0.0000 -0.0000 -0.0000)
[Testing!]J_ani:
[[-0.002  0.     0.   ]
 [ 0.     0.     0.   ]
 [ 0.     0.    -0.   ]]
----------------------------------------------------------------------------------------
   Cr2   Cr1   ( -2,  -1,   0) -0.0058   (22.047, -3.471, -0.000) 22.319 
J_iso: -0.0058 
[Testing!] DMI: (-0.0000 -0.0000  0.0000)
[Testing!]J_ani:
[[-0.018 -0.     0.001]
 [-0.    -0.001 -0.   ]
 [ 0.001 -0.    -0.002]]
----------------------------------------------------------------------------------------
   Cr2   Cr1   ( -1,  -2,   0) -0.0058   (22.047,  3.471, -0.000) 22.319 
J_iso: -0.0058 
[Testing!] DMI: (-0.0000  0.0000 -0.0000)
[Testing!]J_ani:
[[-0.018  0.    -0.001]
 [ 0.    -0.001 -0.   ]
 [-0.001 -0.    -0.002]]
----------------------------------------------------------------------------------------
   Cr1   Cr2   (  1,   2,   0) -0.0058   (-22.047, -3.471,  0.000) 22.319 
J_iso: -0.0058 
[Testing!] DMI: ( 0.0000 -0.0000  0.0000)
[Testing!]J_ani:
[[-0.018  0.    -0.001]
 [ 0.    -0.001 -0.   ]
 [-0.001 -0.    -0.002]]
----------------------------------------------------------------------------------------
   Cr1   Cr2   (  2,   1,   0) -0.0058   (-22.047,  3.471,  0.000) 22.319 
J_iso: -0.0058 
[Testing!] DMI: ( 0.0000  0.0000 -0.0000)
[Testing!]J_ani:
[[-0.018 -0.     0.001]
 [-0.    -0.001 -0.   ]
 [ 0.001 -0.    -0.002]]
----------------------------------------------------------------------------------------
   Cr1   Cr1   ( -2,  -2,   0) -0.0014   (24.051,  0.000,  0.000) 24.051 
J_iso: -0.0014 
[Testing!] DMI: (-0.0000 -0.0000  0.0000)
[Testing!]J_ani:
[[ 0.001  0.    -0.   ]
 [ 0.    -0.     0.   ]
 [-0.     0.    -0.001]]
----------------------------------------------------------------------------------------
   Cr2   Cr2   ( -2,  -2,   0) -0.0014   (24.051,  0.000,  0.000) 24.051 
J_iso: -0.0014 
[Testing!] DMI: ( 0.0000  0.0000 -0.0000)
[Testing!]J_ani:
[[ 0.001  0.    -0.   ]
 [ 0.    -0.     0.   ]
 [-0.     0.    -0.001]]
----------------------------------------------------------------------------------------
   Cr1   Cr1   (  2,   2,   0) -0.0014   (-24.051,  0.000,  0.000) 24.051 
J_iso: -0.0014 
[Testing!] DMI: ( 0.0000  0.0000 -0.0000)
[Testing!]J_ani:
[[ 0.001  0.    -0.   ]
 [ 0.    -0.     0.   ]
 [-0.     0.    -0.001]]
----------------------------------------------------------------------------------------
   Cr2   Cr2   (  2,   2,   0) -0.0014   (-24.051,  0.000,  0.000) 24.051 
J_iso: -0.0014 
[Testing!] DMI: (-0.0000 -0.0000  0.0000)
[Testing!]J_ani:
[[ 0.001  0.    -0.   ]
 [ 0.    -0.     0.   ]
 [-0.     0.    -0.001]]
----------------------------------------------------------------------------------------
   Cr2   Cr1   ( -2,  -2,   0) -0.0046   (28.060,  0.000, -0.000) 28.060 
J_iso: -0.0046 
[Testing!] DMI: (-0.0000 -0.0000  0.0000)
[Testing!]J_ani:
[[-0.001 -0.     0.   ]
 [-0.    -0.002  0.   ]
 [ 0.     0.    -0.   ]]
----------------------------------------------------------------------------------------
   Cr1   Cr2   (  2,   2,   0) -0.0046   (-28.060,  0.000,  0.000) 28.060 
J_iso: -0.0046 
[Testing!] DMI: ( 0.0000  0.0000 -0.0000)
[Testing!]J_ani:
[[-0.001 -0.     0.   ]
 [-0.    -0.002  0.   ]
 [ 0.     0.    -0.   ]]
