==========================================================================================
Information: 
Exchange parameters generated by TB2J 0.9.9.9
Generation time: 25/06/26 15:15:42
 Input from non-collinear Siesta data.
 working directory: /Users/hexu/projects/TB2J_SIESTA_TUTORIAL/CrI3_SIESTA_split_SOC/DFT
 fdf_fname: siesta.fdf.
Warning: The DMI component parallel to the spin orientation, the Jani which has the component of that orientation should be disregarded
 e.g. if the spins are along z, the xz, yz, zz, zx, zy components and the z component of DMI.
 If you need these component, try to do three calculations with spin along x, y, z,  or use structure with z rotated to x, y and z. And then use TB2J_merge.py to get the full set of parameters.

==========================================================================================
Cell (Angstrom):
-6.01281438  3.47150000  0.00000000
-6.01281438  -3.47150000  0.00000000
0.00000000  0.00000000  13.00000000

==========================================================================================
Atoms:  
(Note: charge and magmoms only count the wannier functions.)
Atom_number        x             y             z       w_charge    M(x)      M(y)      M(z)   
Cr1            -4.00854292    0.00000000    6.50000000   14.6642    0.0000    3.5688   -0.0000
Cr2            -8.01708584    0.00000000    6.50000000   14.6641   -0.0000    3.5688   -0.0000
I1             -8.08994330   -2.27226905    4.89133207    6.7778   -0.0015   -0.1810   -0.0008
I2             -2.07712892   -1.19923094    8.10866793    6.7778    0.0015   -0.1810   -0.0008
I3             -6.01281439    1.07303812    4.89133207    6.7802   -0.0000   -0.1779    0.0016
I4             -6.01281437   -1.07303812    8.10866793    6.7802    0.0000   -0.1779    0.0016
I5             -9.94849984    1.19923094    4.89133207    6.7778    0.0015   -0.1810   -0.0008
I6             -3.93568546    2.27226905    8.10866793    6.7778   -0.0015   -0.1810   -0.0008
Total                                                    70.0000   -0.0000    6.0576   -0.0001

==========================================================================================
Exchange: 
    i      j          R        J_iso(meV)          vector          distance(A) 
----------------------------------------------------------------------------------------
   Cr1   Cr2   ( -1,   0,   0)  2.2413   ( 2.004, -3.471,  0.000)  4.009 
J_iso:  2.2413 
[Testing!] DMI: ( 0.0000 -0.0000  0.0000)
[Testing!]J_ani:
[[-0.765 -0.455  0.443]
 [-0.455 -9.402  0.132]
 [ 0.443  0.132 -0.361]]
----------------------------------------------------------------------------------------
   Cr1   Cr2   (  0,  -1,   0)  2.2413   ( 2.004,  3.471,  0.000)  4.009 
J_iso:  2.2413 
[Testing!] DMI: ( 0.0000  0.0000 -0.0000)
[Testing!]J_ani:
[[-0.765  0.455 -0.443]
 [ 0.455 -9.402  0.132]
 [-0.443  0.132 -0.361]]
----------------------------------------------------------------------------------------
   Cr2   Cr1   (  0,   1,   0)  2.2413   (-2.004, -3.471, -0.000)  4.009 
J_iso:  2.2413 
[Testing!] DMI: (-0.0000 -0.0000  0.0000)
[Testing!]J_ani:
[[-0.765  0.455 -0.443]
 [ 0.455 -9.402  0.132]
 [-0.443  0.132 -0.361]]
----------------------------------------------------------------------------------------
   Cr2   Cr1   (  1,   0,   0)  2.2413   (-2.004,  3.471, -0.000)  4.009 
J_iso:  2.2413 
[Testing!] DMI: (-0.0000  0.0000 -0.0000)
[Testing!]J_ani:
[[-0.765 -0.455  0.443]
 [-0.455 -9.402  0.132]
 [ 0.443  0.132 -0.361]]
----------------------------------------------------------------------------------------
   Cr1   Cr2   (  0,   0,   0)  2.5757   (-4.009,  0.000,  0.000)  4.009 
J_iso:  2.5757 
[Testing!] DMI: (-0.0000 -0.0000 -0.0000)
[Testing!]J_ani:
[[-0.297  0.     0.   ]
 [ 0.    -9.519 -0.255]
 [ 0.    -0.255 -0.701]]
----------------------------------------------------------------------------------------
   Cr2   Cr1   (  0,   0,   0)  2.5757   ( 4.009,  0.000, -0.000)  4.009 
J_iso:  2.5757 
[Testing!] DMI: ( 0.0000  0.0000  0.0000)
[Testing!]J_ani:
[[-0.297  0.     0.   ]
 [ 0.    -9.519 -0.255]
 [ 0.    -0.255 -0.701]]
----------------------------------------------------------------------------------------
   Cr1   Cr1   ( -1,   1,   0)  0.9656   ( 0.000, -6.943,  0.000)  6.943 
J_iso:  0.9656 
[Testing!] DMI: ( 0.0000 -0.0968  0.0209)
[Testing!]J_ani:
[[-0.045 -0.     0.   ]
 [-0.    -2.641  0.143]
 [ 0.     0.143 -0.173]]
----------------------------------------------------------------------------------------
   Cr2   Cr2   ( -1,   1,   0)  0.9655   ( 0.000, -6.943,  0.000)  6.943 
J_iso:  0.9655 
[Testing!] DMI: (-0.0000  0.0968 -0.0209)
[Testing!]J_ani:
[[-0.045  0.    -0.   ]
 [ 0.    -2.641  0.143]
 [-0.     0.143 -0.173]]
----------------------------------------------------------------------------------------
   Cr1   Cr1   (  1,  -1,   0)  0.9656   ( 0.000,  6.943,  0.000)  6.943 
J_iso:  0.9656 
[Testing!] DMI: (-0.0000  0.0968 -0.0209)
[Testing!]J_ani:
[[-0.045 -0.     0.   ]
 [-0.    -2.641  0.143]
 [ 0.     0.143 -0.173]]
----------------------------------------------------------------------------------------
   Cr2   Cr2   (  1,  -1,   0)  0.9655   ( 0.000,  6.943,  0.000)  6.943 
J_iso:  0.9655 
[Testing!] DMI: ( 0.0000 -0.0968  0.0209)
[Testing!]J_ani:
[[-0.045  0.    -0.   ]
 [ 0.    -2.641  0.143]
 [-0.     0.143 -0.173]]
----------------------------------------------------------------------------------------
   Cr2   Cr2   (  0,   1,   0)  0.9283   (-6.013, -3.471,  0.000)  6.943 
J_iso:  0.9283 
[Testing!] DMI: ( 0.0619  0.0531  0.0147)
[Testing!]J_ani:
[[-0.12  -0.054  0.05 ]
 [-0.054 -2.538 -0.076]
 [ 0.05  -0.076 -0.139]]
----------------------------------------------------------------------------------------
   Cr2   Cr2   (  1,   0,   0)  0.9283   (-6.013,  3.471,  0.000)  6.943 
J_iso:  0.9283 
[Testing!] DMI: ( 0.0619 -0.0531 -0.0147)
[Testing!]J_ani:
[[-0.12   0.054 -0.05 ]
 [ 0.054 -2.538 -0.076]
 [-0.05  -0.076 -0.139]]
----------------------------------------------------------------------------------------
   Cr1   Cr1   ( -1,   0,   0)  0.9283   ( 6.013, -3.471,  0.000)  6.943 
J_iso:  0.9283 
[Testing!] DMI: ( 0.0619 -0.0531 -0.0147)
[Testing!]J_ani:
[[-0.12   0.054 -0.05 ]
 [ 0.054 -2.538 -0.076]
 [-0.05  -0.076 -0.139]]
----------------------------------------------------------------------------------------
   Cr2   Cr2   ( -1,   0,   0)  0.9283   ( 6.013, -3.471,  0.000)  6.943 
J_iso:  0.9283 
[Testing!] DMI: (-0.0619  0.0531  0.0147)
[Testing!]J_ani:
[[-0.12   0.054 -0.05 ]
 [ 0.054 -2.538 -0.076]
 [-0.05  -0.076 -0.139]]
----------------------------------------------------------------------------------------
   Cr1   Cr1   (  0,  -1,   0)  0.9283   ( 6.013,  3.471,  0.000)  6.943 
J_iso:  0.9283 
[Testing!] DMI: ( 0.0619  0.0531  0.0147)
[Testing!]J_ani:
[[-0.12  -0.054  0.05 ]
 [-0.054 -2.538 -0.076]
 [ 0.05  -0.076 -0.139]]
----------------------------------------------------------------------------------------
   Cr2   Cr2   (  0,  -1,   0)  0.9283   ( 6.013,  3.471,  0.000)  6.943 
J_iso:  0.9283 
[Testing!] DMI: (-0.0619 -0.0531 -0.0147)
[Testing!]J_ani:
[[-0.12  -0.054  0.05 ]
 [-0.054 -2.538 -0.076]
 [ 0.05  -0.076 -0.139]]
----------------------------------------------------------------------------------------
   Cr1   Cr1   (  0,   1,   0)  0.9283   (-6.013, -3.471,  0.000)  6.943 
J_iso:  0.9283 
[Testing!] DMI: (-0.0619 -0.0531 -0.0147)
[Testing!]J_ani:
[[-0.12  -0.054  0.05 ]
 [-0.054 -2.538 -0.076]
 [ 0.05  -0.076 -0.139]]
----------------------------------------------------------------------------------------
   Cr1   Cr1   (  1,   0,   0)  0.9283   (-6.013,  3.471,  0.000)  6.943 
J_iso:  0.9283 
[Testing!] DMI: (-0.0619  0.0531  0.0147)
[Testing!]J_ani:
[[-0.12   0.054 -0.05 ]
 [ 0.054 -2.538 -0.076]
 [-0.05  -0.076 -0.139]]
----------------------------------------------------------------------------------------
   Cr1   Cr2   ( -1,   1,   0)  0.0884   (-4.009, -6.943,  0.000)  8.017 
J_iso:  0.0884 
[Testing!] DMI: (-0.0000 -0.0000 -0.0000)
[Testing!]J_ani:
[[-0.074  0.031 -0.021]
 [ 0.031 -0.385 -0.009]
 [-0.021 -0.009 -0.052]]
----------------------------------------------------------------------------------------
   Cr2   Cr1   ( -1,   1,   0)  0.0884   ( 4.009, -6.943, -0.000)  8.017 
J_iso:  0.0884 
[Testing!] DMI: ( 0.0000 -0.0000 -0.0000)
[Testing!]J_ani:
[[-0.074 -0.031  0.021]
 [-0.031 -0.385 -0.009]
 [ 0.021 -0.009 -0.052]]
----------------------------------------------------------------------------------------
   Cr1   Cr2   (  1,  -1,   0)  0.0884   (-4.009,  6.943,  0.000)  8.017 
J_iso:  0.0884 
[Testing!] DMI: (-0.0000  0.0000  0.0000)
[Testing!]J_ani:
[[-0.074 -0.031  0.021]
 [-0.031 -0.385 -0.009]
 [ 0.021 -0.009 -0.052]]
----------------------------------------------------------------------------------------
   Cr2   Cr1   (  1,  -1,   0)  0.0884   ( 4.009,  6.943, -0.000)  8.017 
J_iso:  0.0884 
[Testing!] DMI: ( 0.0000  0.0000  0.0000)
[Testing!]J_ani:
[[-0.074  0.031 -0.021]
 [ 0.031 -0.385 -0.009]
 [-0.021 -0.009 -0.052]]
----------------------------------------------------------------------------------------
   Cr1   Cr2   ( -1,  -1,   0)  0.1100   ( 8.017,  0.000,  0.000)  8.017 
J_iso:  0.1100 
[Testing!] DMI: ( 0.0000 -0.0000 -0.0000)
[Testing!]J_ani:
[[-0.043 -0.    -0.   ]
 [-0.    -0.39   0.012]
 [-0.     0.012 -0.067]]
----------------------------------------------------------------------------------------
   Cr2   Cr1   (  1,   1,   0)  0.1100   (-8.017,  0.000, -0.000)  8.017 
J_iso:  0.1100 
[Testing!] DMI: (-0.0000  0.0000  0.0000)
[Testing!]J_ani:
[[-0.043 -0.    -0.   ]
 [-0.    -0.39   0.012]
 [-0.     0.012 -0.067]]
----------------------------------------------------------------------------------------
   Cr1   Cr2   ( -2,   1,   0)  0.0181   ( 2.004, -10.415,  0.000) 10.606 
J_iso:  0.0181 
[Testing!] DMI: ( 0.0000  0.0000  0.0000)
[Testing!]J_ani:
[[-0.009 -0.018  0.001]
 [-0.018 -0.191  0.006]
 [ 0.001  0.006 -0.008]]
----------------------------------------------------------------------------------------
   Cr2   Cr1   ( -1,   2,   0)  0.0181   (-2.004, -10.415, -0.000) 10.606 
J_iso:  0.0181 
[Testing!] DMI: (-0.0000  0.0000  0.0000)
[Testing!]J_ani:
[[-0.009  0.018 -0.001]
 [ 0.018 -0.191  0.006]
 [-0.001  0.006 -0.008]]
----------------------------------------------------------------------------------------
   Cr1   Cr2   (  1,  -2,   0)  0.0181   ( 2.004, 10.415,  0.000) 10.606 
J_iso:  0.0181 
[Testing!] DMI: ( 0.0000 -0.0000 -0.0000)
[Testing!]J_ani:
[[-0.009  0.018 -0.001]
 [ 0.018 -0.191  0.006]
 [-0.001  0.006 -0.008]]
----------------------------------------------------------------------------------------
   Cr2   Cr1   (  2,  -1,   0)  0.0181   (-2.004, 10.415, -0.000) 10.606 
J_iso:  0.0181 
[Testing!] DMI: (-0.0000 -0.0000 -0.0000)
[Testing!]J_ani:
[[-0.009 -0.018  0.001]
 [-0.018 -0.191  0.006]
 [ 0.001  0.006 -0.008]]
----------------------------------------------------------------------------------------
   Cr1   Cr2   ( -2,   0,   0)  0.0281   ( 8.017, -6.943,  0.000) 10.606 
J_iso:  0.0281 
[Testing!] DMI: (-0.0000 -0.0000 -0.0000)
[Testing!]J_ani:
[[-0.012  0.014 -0.001]
 [ 0.014 -0.171  0.007]
 [-0.001  0.007 -0.01 ]]
----------------------------------------------------------------------------------------
   Cr1   Cr2   (  0,  -2,   0)  0.0281   ( 8.017,  6.943,  0.000) 10.606 
J_iso:  0.0281 
[Testing!] DMI: (-0.0000  0.0000  0.0000)
[Testing!]J_ani:
[[-0.012 -0.014  0.001]
 [-0.014 -0.171  0.007]
 [ 0.001  0.007 -0.01 ]]
----------------------------------------------------------------------------------------
   Cr2   Cr1   (  0,   2,   0)  0.0281   (-8.017, -6.943, -0.000) 10.606 
J_iso:  0.0281 
[Testing!] DMI: ( 0.0000 -0.0000 -0.0000)
[Testing!]J_ani:
[[-0.012 -0.014  0.001]
 [-0.014 -0.171  0.007]
 [ 0.001  0.007 -0.01 ]]
----------------------------------------------------------------------------------------
   Cr2   Cr1   (  2,   0,   0)  0.0281   (-8.017,  6.943, -0.000) 10.606 
J_iso:  0.0281 
[Testing!] DMI: ( 0.0000  0.0000  0.0000)
[Testing!]J_ani:
[[-0.012  0.014 -0.001]
 [ 0.014 -0.171  0.007]
 [-0.001  0.007 -0.01 ]]
----------------------------------------------------------------------------------------
   Cr2   Cr1   ( -1,   0,   0)  0.0212   (10.021, -3.471, -0.000) 10.606 
J_iso:  0.0212 
[Testing!] DMI: (-0.0000  0.0000 -0.0000)
[Testing!]J_ani:
[[-0.007 -0.007  0.   ]
 [-0.007 -0.185 -0.011]
 [ 0.    -0.011 -0.01 ]]
----------------------------------------------------------------------------------------
   Cr2   Cr1   (  0,  -1,   0)  0.0212   (10.021,  3.471, -0.000) 10.606 
J_iso:  0.0212 
[Testing!] DMI: (-0.0000 -0.0000  0.0000)
[Testing!]J_ani:
[[-0.007  0.007 -0.   ]
 [ 0.007 -0.185 -0.011]
 [-0.    -0.011 -0.01 ]]
----------------------------------------------------------------------------------------
   Cr1   Cr2   (  0,   1,   0)  0.0212   (-10.021, -3.471,  0.000) 10.606 
J_iso:  0.0212 
[Testing!] DMI: ( 0.0000  0.0000 -0.0000)
[Testing!]J_ani:
[[-0.007  0.007 -0.   ]
 [ 0.007 -0.185 -0.011]
 [-0.    -0.011 -0.01 ]]
----------------------------------------------------------------------------------------
   Cr1   Cr2   (  1,   0,   0)  0.0212   (-10.021,  3.471,  0.000) 10.606 
J_iso:  0.0212 
[Testing!] DMI: ( 0.0000 -0.0000  0.0000)
[Testing!]J_ani:
[[-0.007 -0.007  0.   ]
 [-0.007 -0.185 -0.011]
 [ 0.    -0.011 -0.01 ]]
----------------------------------------------------------------------------------------
   Cr1   Cr1   ( -2,   1,   0) -0.0344   ( 6.013, -10.415,  0.000) 12.026 
J_iso: -0.0344 
[Testing!] DMI: (-0.0029  0.0071  0.0009)
[Testing!]J_ani:
[[-0.007  0.001 -0.003]
 [ 0.001 -0.104  0.002]
 [-0.003  0.002 -0.006]]
----------------------------------------------------------------------------------------
   Cr2   Cr2   ( -2,   1,   0) -0.0344   ( 6.013, -10.415,  0.000) 12.026 
J_iso: -0.0344 
[Testing!] DMI: ( 0.0029 -0.0071 -0.0009)
[Testing!]J_ani:
[[-0.007  0.001 -0.003]
 [ 0.001 -0.104  0.002]
 [-0.003  0.002 -0.006]]
----------------------------------------------------------------------------------------
   Cr1   Cr1   ( -1,   2,   0) -0.0344   (-6.013, -10.415,  0.000) 12.026 
J_iso: -0.0344 
[Testing!] DMI: ( 0.0029  0.0071  0.0009)
[Testing!]J_ani:
[[-0.007 -0.001  0.003]
 [-0.001 -0.104  0.002]
 [ 0.003  0.002 -0.006]]
----------------------------------------------------------------------------------------
   Cr2   Cr2   ( -1,   2,   0) -0.0344   (-6.013, -10.415,  0.000) 12.026 
J_iso: -0.0344 
[Testing!] DMI: (-0.0029 -0.0071 -0.0009)
[Testing!]J_ani:
[[-0.007 -0.001  0.003]
 [-0.001 -0.104  0.002]
 [ 0.003  0.002 -0.006]]
----------------------------------------------------------------------------------------
   Cr1   Cr1   (  1,  -2,   0) -0.0344   ( 6.013, 10.415,  0.000) 12.026 
J_iso: -0.0344 
[Testing!] DMI: (-0.0029 -0.0071 -0.0009)
[Testing!]J_ani:
[[-0.007 -0.001  0.003]
 [-0.001 -0.104  0.002]
 [ 0.003  0.002 -0.006]]
----------------------------------------------------------------------------------------
   Cr2   Cr2   (  1,  -2,   0) -0.0344   ( 6.013, 10.415,  0.000) 12.026 
J_iso: -0.0344 
[Testing!] DMI: ( 0.0029  0.0071  0.0009)
[Testing!]J_ani:
[[-0.007 -0.001  0.003]
 [-0.001 -0.104  0.002]
 [ 0.003  0.002 -0.006]]
----------------------------------------------------------------------------------------
   Cr1   Cr1   (  2,  -1,   0) -0.0344   (-6.013, 10.415,  0.000) 12.026 
J_iso: -0.0344 
[Testing!] DMI: ( 0.0029 -0.0071 -0.0009)
[Testing!]J_ani:
[[-0.007  0.001 -0.003]
 [ 0.001 -0.104  0.002]
 [-0.003  0.002 -0.006]]
----------------------------------------------------------------------------------------
   Cr2   Cr2   (  2,  -1,   0) -0.0344   (-6.013, 10.415,  0.000) 12.026 
J_iso: -0.0344 
[Testing!] DMI: (-0.0029  0.0071  0.0009)
[Testing!]J_ani:
[[-0.007  0.001 -0.003]
 [ 0.001 -0.104  0.002]
 [-0.003  0.002 -0.006]]
----------------------------------------------------------------------------------------
   Cr1   Cr1   ( -1,  -1,   0) -0.0324   (12.026,  0.000,  0.000) 12.026 
J_iso: -0.0324 
[Testing!] DMI: (-0.0080 -0.0000 -0.0000)
[Testing!]J_ani:
[[-0.006 -0.    -0.   ]
 [-0.    -0.097 -0.004]
 [-0.    -0.004 -0.006]]
----------------------------------------------------------------------------------------
   Cr2   Cr2   ( -1,  -1,   0) -0.0324   (12.026,  0.000,  0.000) 12.026 
J_iso: -0.0324 
[Testing!] DMI: ( 0.0080  0.0000  0.0000)
[Testing!]J_ani:
[[-0.006  0.    -0.   ]
 [ 0.    -0.097 -0.004]
 [-0.    -0.004 -0.006]]
----------------------------------------------------------------------------------------
   Cr1   Cr1   (  1,   1,   0) -0.0324   (-12.026,  0.000,  0.000) 12.026 
J_iso: -0.0324 
[Testing!] DMI: ( 0.0080  0.0000  0.0000)
[Testing!]J_ani:
[[-0.006 -0.    -0.   ]
 [-0.    -0.097 -0.004]
 [-0.    -0.004 -0.006]]
----------------------------------------------------------------------------------------
   Cr2   Cr2   (  1,   1,   0) -0.0324   (-12.026,  0.000,  0.000) 12.026 
J_iso: -0.0324 
[Testing!] DMI: (-0.0080 -0.0000 -0.0000)
[Testing!]J_ani:
[[-0.006  0.    -0.   ]
 [ 0.    -0.097 -0.004]
 [-0.    -0.004 -0.006]]
----------------------------------------------------------------------------------------
   Cr1   Cr1   ( -2,   2,   0) -0.0080   ( 0.000, -13.886,  0.000) 13.886 
J_iso: -0.0080 
[Testing!] DMI: (-0.0000 -0.0049 -0.0033)
[Testing!]J_ani:
[[-0.003  0.    -0.   ]
 [ 0.    -0.01  -0.001]
 [-0.    -0.001 -0.002]]
----------------------------------------------------------------------------------------
   Cr2   Cr2   ( -2,   2,   0) -0.0080   ( 0.000, -13.886,  0.000) 13.886 
J_iso: -0.0080 
[Testing!] DMI: ( 0.0000  0.0049  0.0033)
[Testing!]J_ani:
[[-0.003  0.     0.   ]
 [ 0.    -0.01  -0.001]
 [ 0.    -0.001 -0.002]]
----------------------------------------------------------------------------------------
   Cr1   Cr1   (  2,  -2,   0) -0.0080   ( 0.000, 13.886,  0.000) 13.886 
J_iso: -0.0080 
[Testing!] DMI: ( 0.0000  0.0049  0.0033)
[Testing!]J_ani:
[[-0.003  0.    -0.   ]
 [ 0.    -0.01  -0.001]
 [-0.    -0.001 -0.002]]
----------------------------------------------------------------------------------------
   Cr2   Cr2   (  2,  -2,   0) -0.0080   ( 0.000, 13.886,  0.000) 13.886 
J_iso: -0.0080 
[Testing!] DMI: (-0.0000 -0.0049 -0.0033)
[Testing!]J_ani:
[[-0.003  0.     0.   ]
 [ 0.    -0.01  -0.001]
 [ 0.    -0.001 -0.002]]
----------------------------------------------------------------------------------------
   Cr1   Cr1   ( -2,   0,   0) -0.0084   (12.026, -6.943,  0.000) 13.886 
J_iso: -0.0084 
[Testing!] DMI: (-0.0007 -0.0024  0.0031)
[Testing!]J_ani:
[[-0.003  0.001 -0.   ]
 [ 0.001 -0.006  0.001]
 [-0.     0.001 -0.001]]
----------------------------------------------------------------------------------------
   Cr1   Cr1   (  0,  -2,   0) -0.0084   (12.026,  6.943,  0.000) 13.886 
J_iso: -0.0084 
[Testing!] DMI: (-0.0007  0.0024 -0.0031)
[Testing!]J_ani:
[[-0.003 -0.001  0.   ]
 [-0.001 -0.006  0.001]
 [ 0.     0.001 -0.001]]
----------------------------------------------------------------------------------------
   Cr2   Cr2   ( -2,   0,   0) -0.0084   (12.026, -6.943,  0.000) 13.886 
J_iso: -0.0084 
[Testing!] DMI: ( 0.0007  0.0024 -0.0031)
[Testing!]J_ani:
[[-0.003  0.001 -0.   ]
 [ 0.001 -0.006  0.001]
 [-0.     0.001 -0.001]]
----------------------------------------------------------------------------------------
   Cr2   Cr2   (  0,  -2,   0) -0.0084   (12.026,  6.943,  0.000) 13.886 
J_iso: -0.0084 
[Testing!] DMI: ( 0.0007 -0.0024  0.0031)
[Testing!]J_ani:
[[-0.003 -0.001  0.   ]
 [-0.001 -0.006  0.001]
 [ 0.     0.001 -0.001]]
----------------------------------------------------------------------------------------
   Cr1   Cr1   (  0,   2,   0) -0.0084   (-12.026, -6.943,  0.000) 13.886 
J_iso: -0.0084 
[Testing!] DMI: ( 0.0007 -0.0024  0.0031)
[Testing!]J_ani:
[[-0.003 -0.001  0.   ]
 [-0.001 -0.006  0.001]
 [ 0.     0.001 -0.001]]
----------------------------------------------------------------------------------------
   Cr2   Cr2   (  0,   2,   0) -0.0084   (-12.026, -6.943,  0.000) 13.886 
J_iso: -0.0084 
[Testing!] DMI: (-0.0007  0.0024 -0.0031)
[Testing!]J_ani:
[[-0.003 -0.001  0.   ]
 [-0.001 -0.006  0.001]
 [ 0.     0.001 -0.001]]
----------------------------------------------------------------------------------------
   Cr1   Cr1   (  2,   0,   0) -0.0084   (-12.026,  6.943,  0.000) 13.886 
J_iso: -0.0084 
[Testing!] DMI: ( 0.0007  0.0024 -0.0031)
[Testing!]J_ani:
[[-0.003  0.001 -0.   ]
 [ 0.001 -0.006  0.001]
 [-0.     0.001 -0.001]]
----------------------------------------------------------------------------------------
   Cr2   Cr2   (  2,   0,   0) -0.0084   (-12.026,  6.943,  0.000) 13.886 
J_iso: -0.0084 
[Testing!] DMI: (-0.0007 -0.0024  0.0031)
[Testing!]J_ani:
[[-0.003  0.001 -0.   ]
 [ 0.001 -0.006  0.001]
 [-0.     0.001 -0.001]]
----------------------------------------------------------------------------------------
   Cr1   Cr2   ( -2,   2,   0)  0.0011   (-4.009, -13.886,  0.000) 14.453 
J_iso:  0.0011 
[Testing!] DMI: (-0.0000  0.0000  0.0000)
[Testing!]J_ani:
[[-0.003  0.001 -0.001]
 [ 0.001 -0.006 -0.   ]
 [-0.001 -0.    -0.001]]
----------------------------------------------------------------------------------------
   Cr2   Cr1   ( -2,   2,   0)  0.0011   ( 4.009, -13.886, -0.000) 14.453 
J_iso:  0.0011 
[Testing!] DMI: ( 0.0000  0.0000  0.0000)
[Testing!]J_ani:
[[-0.003 -0.001  0.001]
 [-0.001 -0.006 -0.   ]
 [ 0.001 -0.    -0.001]]
----------------------------------------------------------------------------------------
   Cr1   Cr2   (  2,  -2,   0)  0.0011   (-4.009, 13.886,  0.000) 14.453 
J_iso:  0.0011 
[Testing!] DMI: (-0.0000 -0.0000 -0.0000)
[Testing!]J_ani:
[[-0.003 -0.001  0.001]
 [-0.001 -0.006 -0.   ]
 [ 0.001 -0.    -0.001]]
----------------------------------------------------------------------------------------
   Cr2   Cr1   (  2,  -2,   0)  0.0011   ( 4.009, 13.886, -0.000) 14.453 
J_iso:  0.0011 
[Testing!] DMI: ( 0.0000 -0.0000 -0.0000)
[Testing!]J_ani:
[[-0.003  0.001 -0.001]
 [ 0.001 -0.006 -0.   ]
 [-0.001 -0.    -0.001]]
----------------------------------------------------------------------------------------
   Cr2   Cr1   ( -2,   1,   0)  0.0007   (10.021, -10.415, -0.000) 14.453 
J_iso:  0.0007 
[Testing!] DMI: (-0.0000 -0.0000 -0.0000)
[Testing!]J_ani:
[[-0.003  0.002  0.   ]
 [ 0.002 -0.007  0.001]
 [ 0.     0.001 -0.001]]
----------------------------------------------------------------------------------------
   Cr1   Cr2   ( -1,   2,   0)  0.0007   (-10.021, -10.415,  0.000) 14.453 
J_iso:  0.0007 
[Testing!] DMI: ( 0.0000 -0.0000 -0.0000)
[Testing!]J_ani:
[[-0.003 -0.002 -0.   ]
 [-0.002 -0.007  0.001]
 [-0.     0.001 -0.001]]
----------------------------------------------------------------------------------------
   Cr2   Cr1   (  1,  -2,   0)  0.0007   (10.021, 10.415, -0.000) 14.453 
J_iso:  0.0007 
[Testing!] DMI: (-0.0000  0.0000  0.0000)
[Testing!]J_ani:
[[-0.003 -0.002 -0.   ]
 [-0.002 -0.007  0.001]
 [-0.     0.001 -0.001]]
----------------------------------------------------------------------------------------
   Cr1   Cr2   (  2,  -1,   0)  0.0007   (-10.021, 10.415,  0.000) 14.453 
J_iso:  0.0007 
[Testing!] DMI: ( 0.0000  0.0000  0.0000)
[Testing!]J_ani:
[[-0.003  0.002  0.   ]
 [ 0.002 -0.007  0.001]
 [ 0.     0.001 -0.001]]
----------------------------------------------------------------------------------------
   Cr1   Cr2   ( -2,  -1,   0)  0.0005   (14.030, -3.471,  0.000) 14.453 
J_iso:  0.0005 
[Testing!] DMI: ( 0.0000  0.0000 -0.0000)
[Testing!]J_ani:
[[-0.003 -0.002 -0.001]
 [-0.002 -0.007  0.   ]
 [-0.001  0.    -0.001]]
----------------------------------------------------------------------------------------
   Cr1   Cr2   ( -1,  -2,   0)  0.0005   (14.030,  3.471,  0.000) 14.453 
J_iso:  0.0005 
[Testing!] DMI: ( 0.0000 -0.0000  0.0000)
[Testing!]J_ani:
[[-0.003  0.002  0.001]
 [ 0.002 -0.007  0.   ]
 [ 0.001  0.    -0.001]]
----------------------------------------------------------------------------------------
   Cr2   Cr1   (  1,   2,   0)  0.0005   (-14.030, -3.471, -0.000) 14.453 
J_iso:  0.0005 
[Testing!] DMI: (-0.0000  0.0000 -0.0000)
[Testing!]J_ani:
[[-0.003  0.002  0.001]
 [ 0.002 -0.007  0.   ]
 [ 0.001  0.    -0.001]]
----------------------------------------------------------------------------------------
   Cr2   Cr1   (  2,   1,   0)  0.0005   (-14.030,  3.471, -0.000) 14.453 
J_iso:  0.0005 
[Testing!] DMI: (-0.0000 -0.0000  0.0000)
[Testing!]J_ani:
[[-0.003 -0.002 -0.001]
 [-0.002 -0.007  0.   ]
 [-0.001  0.    -0.001]]
----------------------------------------------------------------------------------------
   Cr2   Cr1   ( -1,  -1,   0) -0.0053   (16.034,  0.000, -0.000) 16.034 
J_iso: -0.0053 
[Testing!] DMI: (-0.0000  0.0000  0.0000)
[Testing!]J_ani:
[[-0.001  0.     0.   ]
 [ 0.    -0.018 -0.001]
 [ 0.    -0.001 -0.002]]
----------------------------------------------------------------------------------------
   Cr1   Cr2   (  1,   1,   0) -0.0053   (-16.034,  0.000,  0.000) 16.034 
J_iso: -0.0053 
[Testing!] DMI: ( 0.0000 -0.0000 -0.0000)
[Testing!]J_ani:
[[-0.001  0.     0.   ]
 [ 0.    -0.018 -0.001]
 [ 0.    -0.001 -0.002]]
----------------------------------------------------------------------------------------
   Cr2   Cr1   ( -2,   0,   0) -0.0044   (16.034, -6.943, -0.000) 17.473 
J_iso: -0.0044 
[Testing!] DMI: (-0.0000  0.0000  0.0000)
[Testing!]J_ani:
[[-0.002  0.     0.   ]
 [ 0.    -0.001 -0.   ]
 [ 0.    -0.    -0.   ]]
----------------------------------------------------------------------------------------
   Cr2   Cr1   (  0,  -2,   0) -0.0044   (16.034,  6.943, -0.000) 17.473 
J_iso: -0.0044 
[Testing!] DMI: (-0.0000 -0.0000 -0.0000)
[Testing!]J_ani:
[[-0.002 -0.    -0.   ]
 [-0.    -0.001 -0.   ]
 [-0.    -0.    -0.   ]]
----------------------------------------------------------------------------------------
   Cr1   Cr2   (  0,   2,   0) -0.0044   (-16.034, -6.943,  0.000) 17.473 
J_iso: -0.0044 
[Testing!] DMI: ( 0.0000  0.0000  0.0000)
[Testing!]J_ani:
[[-0.002 -0.    -0.   ]
 [-0.    -0.001 -0.   ]
 [-0.    -0.    -0.   ]]
----------------------------------------------------------------------------------------
   Cr1   Cr2   (  2,   0,   0) -0.0044   (-16.034,  6.943,  0.000) 17.473 
J_iso: -0.0044 
[Testing!] DMI: ( 0.0000 -0.0000 -0.0000)
[Testing!]J_ani:
[[-0.002  0.     0.   ]
 [ 0.    -0.001 -0.   ]
 [ 0.    -0.    -0.   ]]
----------------------------------------------------------------------------------------
   Cr1   Cr1   ( -2,  -1,   0) -0.0014   (18.038, -3.471,  0.000) 18.369 
J_iso: -0.0014 
[Testing!] DMI: (-0.0001  0.0000 -0.0001)
[Testing!]J_ani:
[[-0.001  0.     0.   ]
 [ 0.     0.001 -0.   ]
 [ 0.    -0.    -0.001]]
----------------------------------------------------------------------------------------
   Cr2   Cr2   ( -2,  -1,   0) -0.0014   (18.038, -3.471,  0.000) 18.369 
J_iso: -0.0014 
[Testing!] DMI: ( 0.0001 -0.0000  0.0001)
[Testing!]J_ani:
[[-0.001  0.     0.   ]
 [ 0.     0.001 -0.   ]
 [ 0.    -0.    -0.001]]
----------------------------------------------------------------------------------------
   Cr1   Cr1   ( -1,  -2,   0) -0.0014   (18.038,  3.471,  0.000) 18.369 
J_iso: -0.0014 
[Testing!] DMI: (-0.0001 -0.0000  0.0001)
[Testing!]J_ani:
[[-0.001 -0.    -0.   ]
 [-0.     0.001 -0.   ]
 [-0.    -0.    -0.001]]
----------------------------------------------------------------------------------------
   Cr2   Cr2   ( -1,  -2,   0) -0.0014   (18.038,  3.471,  0.000) 18.369 
J_iso: -0.0014 
[Testing!] DMI: ( 0.0001  0.0000 -0.0001)
[Testing!]J_ani:
[[-0.001 -0.    -0.   ]
 [-0.     0.001 -0.   ]
 [-0.    -0.    -0.001]]
----------------------------------------------------------------------------------------
   Cr1   Cr1   (  1,   2,   0) -0.0014   (-18.038, -3.471,  0.000) 18.369 
J_iso: -0.0014 
[Testing!] DMI: ( 0.0001  0.0000 -0.0001)
[Testing!]J_ani:
[[-0.001 -0.    -0.   ]
 [-0.     0.001 -0.   ]
 [-0.    -0.    -0.001]]
----------------------------------------------------------------------------------------
   Cr2   Cr2   (  1,   2,   0) -0.0014   (-18.038, -3.471,  0.000) 18.369 
J_iso: -0.0014 
[Testing!] DMI: (-0.0001 -0.0000  0.0001)
[Testing!]J_ani:
[[-0.001 -0.    -0.   ]
 [-0.     0.001 -0.   ]
 [-0.    -0.    -0.001]]
----------------------------------------------------------------------------------------
   Cr1   Cr1   (  2,   1,   0) -0.0014   (-18.038,  3.471,  0.000) 18.369 
J_iso: -0.0014 
[Testing!] DMI: ( 0.0001 -0.0000  0.0001)
[Testing!]J_ani:
[[-0.001  0.     0.   ]
 [ 0.     0.001 -0.   ]
 [ 0.    -0.    -0.001]]
----------------------------------------------------------------------------------------
   Cr2   Cr2   (  2,   1,   0) -0.0014   (-18.038,  3.471,  0.000) 18.369 
J_iso: -0.0014 
[Testing!] DMI: (-0.0001  0.0000 -0.0001)
[Testing!]J_ani:
[[-0.001  0.     0.   ]
 [ 0.     0.001 -0.   ]
 [ 0.    -0.    -0.001]]
----------------------------------------------------------------------------------------
   Cr1   Cr2   ( -2,  -2,   0)  0.0003   (20.043,  0.000,  0.000) 20.043 
J_iso:  0.0003 
[Testing!] DMI: ( 0.0000  0.0000  0.0000)
[Testing!]J_ani:
[[ 0.    -0.     0.   ]
 [-0.    -0.002 -0.   ]
 [ 0.    -0.    -0.   ]]
----------------------------------------------------------------------------------------
   Cr2   Cr1   (  2,   2,   0)  0.0003   (-20.043,  0.000, -0.000) 20.043 
J_iso:  0.0003 
[Testing!] DMI: (-0.0000 -0.0000 -0.0000)
[Testing!]J_ani:
[[ 0.    -0.     0.   ]
 [-0.    -0.002 -0.   ]
 [ 0.    -0.    -0.   ]]
----------------------------------------------------------------------------------------
   Cr2   Cr1   ( -2,  -1,   0) -0.0066   (22.047, -3.471, -0.000) 22.319 
J_iso: -0.0066 
[Testing!] DMI: ( 0.0000  0.0000 -0.0000)
[Testing!]J_ani:
[[-0.001 -0.    -0.001]
 [-0.    -0.018  0.   ]
 [-0.001  0.    -0.002]]
----------------------------------------------------------------------------------------
   Cr2   Cr1   ( -1,  -2,   0) -0.0066   (22.047,  3.471, -0.000) 22.319 
J_iso: -0.0066 
[Testing!] DMI: ( 0.0000 -0.0000  0.0000)
[Testing!]J_ani:
[[-0.001  0.     0.001]
 [ 0.    -0.018  0.   ]
 [ 0.001  0.    -0.002]]
----------------------------------------------------------------------------------------
   Cr1   Cr2   (  1,   2,   0) -0.0066   (-22.047, -3.471,  0.000) 22.319 
J_iso: -0.0066 
[Testing!] DMI: (-0.0000  0.0000 -0.0000)
[Testing!]J_ani:
[[-0.001  0.     0.001]
 [ 0.    -0.018  0.   ]
 [ 0.001  0.    -0.002]]
----------------------------------------------------------------------------------------
   Cr1   Cr2   (  2,   1,   0) -0.0066   (-22.047,  3.471,  0.000) 22.319 
J_iso: -0.0066 
[Testing!] DMI: (-0.0000 -0.0000  0.0000)
[Testing!]J_ani:
[[-0.001 -0.    -0.001]
 [-0.    -0.018  0.   ]
 [-0.001  0.    -0.002]]
----------------------------------------------------------------------------------------
   Cr1   Cr1   ( -2,  -2,   0) -0.0014   (24.051,  0.000,  0.000) 24.051 
J_iso: -0.0014 
[Testing!] DMI: ( 0.0001 -0.0000  0.0000)
[Testing!]J_ani:
[[-0.001 -0.     0.   ]
 [-0.     0.     0.   ]
 [ 0.     0.    -0.001]]
----------------------------------------------------------------------------------------
   Cr2   Cr2   ( -2,  -2,   0) -0.0014   (24.051,  0.000,  0.000) 24.051 
J_iso: -0.0014 
[Testing!] DMI: (-0.0001  0.0000 -0.0000)
[Testing!]J_ani:
[[-0.001 -0.    -0.   ]
 [-0.     0.     0.   ]
 [-0.     0.    -0.001]]
----------------------------------------------------------------------------------------
   Cr1   Cr1   (  2,   2,   0) -0.0014   (-24.051,  0.000,  0.000) 24.051 
J_iso: -0.0014 
[Testing!] DMI: (-0.0001  0.0000 -0.0000)
[Testing!]J_ani:
[[-0.001 -0.     0.   ]
 [-0.     0.     0.   ]
 [ 0.     0.    -0.001]]
----------------------------------------------------------------------------------------
   Cr2   Cr2   (  2,   2,   0) -0.0014   (-24.051,  0.000,  0.000) 24.051 
J_iso: -0.0014 
[Testing!] DMI: ( 0.0001 -0.0000  0.0000)
[Testing!]J_ani:
[[-0.001 -0.    -0.   ]
 [-0.     0.     0.   ]
 [-0.     0.    -0.001]]
----------------------------------------------------------------------------------------
   Cr2   Cr1   ( -2,  -2,   0) -0.0038   (28.060,  0.000, -0.000) 28.060 
J_iso: -0.0038 
[Testing!] DMI: ( 0.0000 -0.0000  0.0000)
[Testing!]J_ani:
[[-0.001  0.    -0.   ]
 [ 0.    -0.002  0.001]
 [-0.     0.001 -0.001]]
----------------------------------------------------------------------------------------
   Cr1   Cr2   (  2,   2,   0) -0.0038   (-28.060,  0.000,  0.000) 28.060 
J_iso: -0.0038 
[Testing!] DMI: (-0.0000  0.0000 -0.0000)
[Testing!]J_ani:
[[-0.001  0.    -0.   ]
 [ 0.    -0.002  0.001]
 [-0.     0.001 -0.001]]
