==========================================================================================
Information: 
Exchange parameters generated by TB2J 0.9.9.9
Generation time: 25/06/26 09:04:24
 Input from non-collinear Siesta data.
 working directory: /Users/hexu/projects/TB2J_SIESTA_TUTORIAL/CrI3_SIESTA_split_SOC/DFT
 fdf_fname: siesta.fdf.
Warning: The DMI component parallel to the spin orientation, the Jani which has the component of that orientation should be disregarded
 e.g. if the spins are along z, the xz, yz, zz, zx, zy components and the z component of DMI.
 If you need these component, try to do three calculations with spin along x, y, z,  or use structure with z rotated to x, y and z. And then use TB2J_merge.py to get the full set of parameters.

==========================================================================================
Cell (Angstrom):
-6.01281438  3.47150000  0.00000000
-6.01281438  -3.47150000  0.00000000
0.00000000  0.00000000  13.00000000

==========================================================================================
Atoms:  
(Note: charge and magmoms only count the wannier functions.)
Atom_number        x             y             z       w_charge    M(x)      M(y)      M(z)   
Cr1            -4.00854292    0.00000000    6.50000000   14.6642    0.0000    3.5688   -0.0000
Cr2            -8.01708584    0.00000000    6.50000000   14.6641   -0.0000    3.5688   -0.0000
I1             -8.08994330   -2.27226905    4.89133207    6.7778   -0.0015   -0.1810   -0.0008
I2             -2.07712892   -1.19923094    8.10866793    6.7778    0.0015   -0.1810   -0.0008
I3             -6.01281439    1.07303812    4.89133207    6.7802   -0.0000   -0.1779    0.0016
I4             -6.01281437   -1.07303812    8.10866793    6.7802    0.0000   -0.1779    0.0016
I5             -9.94849984    1.19923094    4.89133207    6.7778    0.0015   -0.1810   -0.0008
I6             -3.93568546    2.27226905    8.10866793    6.7778   -0.0015   -0.1810   -0.0008
Total                                                    70.0000   -0.0000    6.0576   -0.0001

==========================================================================================
Exchange: 
    i      j          R        J_iso(meV)          vector          distance(A) 
----------------------------------------------------------------------------------------
   Cr1   Cr2   ( -1,   0,   0)  2.2392   ( 2.004, -3.471,  0.000)  4.009 
J_iso:  2.2392 
[Testing!] DMI: ( 0.0000 -0.0000  0.0000)
[Testing!]J_ani:
[[-0.765 -0.454  0.443]
 [-0.454 -9.403  0.133]
 [ 0.443  0.133 -0.361]]
----------------------------------------------------------------------------------------
   Cr1   Cr2   (  0,  -1,   0)  2.2392   ( 2.004,  3.471,  0.000)  4.009 
J_iso:  2.2392 
[Testing!] DMI: ( 0.0000  0.0000 -0.0000)
[Testing!]J_ani:
[[-0.765  0.454 -0.443]
 [ 0.454 -9.403  0.133]
 [-0.443  0.133 -0.361]]
----------------------------------------------------------------------------------------
   Cr2   Cr1   (  0,   1,   0)  2.2392   (-2.004, -3.471, -0.000)  4.009 
J_iso:  2.2392 
[Testing!] DMI: (-0.0000 -0.0000  0.0000)
[Testing!]J_ani:
[[-0.765  0.454 -0.443]
 [ 0.454 -9.403  0.133]
 [-0.443  0.133 -0.361]]
----------------------------------------------------------------------------------------
   Cr2   Cr1   (  1,   0,   0)  2.2392   (-2.004,  3.471, -0.000)  4.009 
J_iso:  2.2392 
[Testing!] DMI: (-0.0000  0.0000 -0.0000)
[Testing!]J_ani:
[[-0.765 -0.454  0.443]
 [-0.454 -9.403  0.133]
 [ 0.443  0.133 -0.361]]
----------------------------------------------------------------------------------------
   Cr1   Cr2   (  0,   0,   0)  2.5736   (-4.009,  0.000,  0.000)  4.009 
J_iso:  2.5736 
[Testing!] DMI: (-0.0000 -0.0000 -0.0000)
[Testing!]J_ani:
[[-0.298  0.     0.   ]
 [ 0.    -9.522 -0.257]
 [ 0.    -0.257 -0.701]]
----------------------------------------------------------------------------------------
   Cr2   Cr1   (  0,   0,   0)  2.5736   ( 4.009,  0.000, -0.000)  4.009 
J_iso:  2.5736 
[Testing!] DMI: ( 0.0000  0.0000  0.0000)
[Testing!]J_ani:
[[-0.298  0.     0.   ]
 [ 0.    -9.522 -0.257]
 [ 0.    -0.257 -0.701]]
----------------------------------------------------------------------------------------
   Cr1   Cr1   ( -1,   1,   0)  0.9653   ( 0.000, -6.943,  0.000)  6.943 
J_iso:  0.9653 
[Testing!] DMI: ( 0.0000 -0.0975  0.0214)
[Testing!]J_ani:
[[-0.045 -0.     0.   ]
 [-0.    -2.643  0.144]
 [ 0.     0.144 -0.173]]
----------------------------------------------------------------------------------------
   Cr2   Cr2   ( -1,   1,   0)  0.9653   ( 0.000, -6.943,  0.000)  6.943 
J_iso:  0.9653 
[Testing!] DMI: (-0.0000  0.0975 -0.0214)
[Testing!]J_ani:
[[-0.045  0.    -0.   ]
 [ 0.    -2.643  0.144]
 [-0.     0.144 -0.173]]
----------------------------------------------------------------------------------------
   Cr1   Cr1   (  1,  -1,   0)  0.9653   ( 0.000,  6.943,  0.000)  6.943 
J_iso:  0.9653 
[Testing!] DMI: (-0.0000  0.0975 -0.0214)
[Testing!]J_ani:
[[-0.045 -0.     0.   ]
 [-0.    -2.643  0.144]
 [ 0.     0.144 -0.173]]
----------------------------------------------------------------------------------------
   Cr2   Cr2   (  1,  -1,   0)  0.9653   ( 0.000,  6.943,  0.000)  6.943 
J_iso:  0.9653 
[Testing!] DMI: ( 0.0000 -0.0975  0.0214)
[Testing!]J_ani:
[[-0.045  0.    -0.   ]
 [ 0.    -2.643  0.144]
 [-0.     0.144 -0.173]]
----------------------------------------------------------------------------------------
   Cr2   Cr2   (  0,   1,   0)  0.9278   (-6.013, -3.471,  0.000)  6.943 
J_iso:  0.9278 
[Testing!] DMI: ( 0.0620  0.0534  0.0151)
[Testing!]J_ani:
[[-0.121 -0.054  0.05 ]
 [-0.054 -2.54  -0.077]
 [ 0.05  -0.077 -0.139]]
----------------------------------------------------------------------------------------
   Cr2   Cr2   (  1,   0,   0)  0.9278   (-6.013,  3.471,  0.000)  6.943 
J_iso:  0.9278 
[Testing!] DMI: ( 0.0620 -0.0534 -0.0151)
[Testing!]J_ani:
[[-0.121  0.054 -0.05 ]
 [ 0.054 -2.54  -0.077]
 [-0.05  -0.077 -0.139]]
----------------------------------------------------------------------------------------
   Cr1   Cr1   ( -1,   0,   0)  0.9278   ( 6.013, -3.471,  0.000)  6.943 
J_iso:  0.9278 
[Testing!] DMI: ( 0.0621 -0.0534 -0.0151)
[Testing!]J_ani:
[[-0.121  0.054 -0.05 ]
 [ 0.054 -2.54  -0.077]
 [-0.05  -0.077 -0.139]]
----------------------------------------------------------------------------------------
   Cr2   Cr2   ( -1,   0,   0)  0.9278   ( 6.013, -3.471,  0.000)  6.943 
J_iso:  0.9278 
[Testing!] DMI: (-0.0620  0.0534  0.0151)
[Testing!]J_ani:
[[-0.121  0.054 -0.05 ]
 [ 0.054 -2.54  -0.077]
 [-0.05  -0.077 -0.139]]
----------------------------------------------------------------------------------------
   Cr1   Cr1   (  0,  -1,   0)  0.9278   ( 6.013,  3.471,  0.000)  6.943 
J_iso:  0.9278 
[Testing!] DMI: ( 0.0621  0.0534  0.0151)
[Testing!]J_ani:
[[-0.121 -0.054  0.05 ]
 [-0.054 -2.54  -0.077]
 [ 0.05  -0.077 -0.139]]
----------------------------------------------------------------------------------------
   Cr2   Cr2   (  0,  -1,   0)  0.9278   ( 6.013,  3.471,  0.000)  6.943 
J_iso:  0.9278 
[Testing!] DMI: (-0.0620 -0.0534 -0.0151)
[Testing!]J_ani:
[[-0.121 -0.054  0.05 ]
 [-0.054 -2.54  -0.077]
 [ 0.05  -0.077 -0.139]]
----------------------------------------------------------------------------------------
   Cr1   Cr1   (  0,   1,   0)  0.9278   (-6.013, -3.471,  0.000)  6.943 
J_iso:  0.9278 
[Testing!] DMI: (-0.0621 -0.0534 -0.0151)
[Testing!]J_ani:
[[-0.121 -0.054  0.05 ]
 [-0.054 -2.54  -0.077]
 [ 0.05  -0.077 -0.139]]
----------------------------------------------------------------------------------------
   Cr1   Cr1   (  1,   0,   0)  0.9278   (-6.013,  3.471,  0.000)  6.943 
J_iso:  0.9278 
[Testing!] DMI: (-0.0621  0.0534  0.0151)
[Testing!]J_ani:
[[-0.121  0.054 -0.05 ]
 [ 0.054 -2.54  -0.077]
 [-0.05  -0.077 -0.139]]
----------------------------------------------------------------------------------------
   Cr1   Cr2   ( -1,   1,   0)  0.0877   (-4.009, -6.943,  0.000)  8.017 
J_iso:  0.0877 
[Testing!] DMI: (-0.0000 -0.0000 -0.0000)
[Testing!]J_ani:
[[-0.074  0.031 -0.021]
 [ 0.031 -0.39  -0.01 ]
 [-0.021 -0.01  -0.052]]
----------------------------------------------------------------------------------------
   Cr2   Cr1   ( -1,   1,   0)  0.0877   ( 4.009, -6.943, -0.000)  8.017 
J_iso:  0.0877 
[Testing!] DMI: ( 0.0000 -0.0000 -0.0000)
[Testing!]J_ani:
[[-0.074 -0.031  0.021]
 [-0.031 -0.39  -0.01 ]
 [ 0.021 -0.01  -0.052]]
----------------------------------------------------------------------------------------
   Cr1   Cr2   (  1,  -1,   0)  0.0877   (-4.009,  6.943,  0.000)  8.017 
J_iso:  0.0877 
[Testing!] DMI: (-0.0000  0.0000  0.0000)
[Testing!]J_ani:
[[-0.074 -0.031  0.021]
 [-0.031 -0.39  -0.01 ]
 [ 0.021 -0.01  -0.052]]
----------------------------------------------------------------------------------------
   Cr2   Cr1   (  1,  -1,   0)  0.0877   ( 4.009,  6.943, -0.000)  8.017 
J_iso:  0.0877 
[Testing!] DMI: ( 0.0000  0.0000  0.0000)
[Testing!]J_ani:
[[-0.074  0.031 -0.021]
 [ 0.031 -0.39  -0.01 ]
 [-0.021 -0.01  -0.052]]
----------------------------------------------------------------------------------------
   Cr1   Cr2   ( -1,  -1,   0)  0.1094   ( 8.017,  0.000,  0.000)  8.017 
J_iso:  0.1094 
[Testing!] DMI: ( 0.0000 -0.0000 -0.0000)
[Testing!]J_ani:
[[-0.043 -0.    -0.   ]
 [-0.    -0.394  0.013]
 [-0.     0.013 -0.068]]
----------------------------------------------------------------------------------------
   Cr2   Cr1   (  1,   1,   0)  0.1094   (-8.017,  0.000, -0.000)  8.017 
J_iso:  0.1094 
[Testing!] DMI: (-0.0000  0.0000  0.0000)
[Testing!]J_ani:
[[-0.043 -0.    -0.   ]
 [-0.    -0.394  0.013]
 [-0.     0.013 -0.068]]
----------------------------------------------------------------------------------------
   Cr1   Cr2   ( -2,   1,   0)  0.0168   ( 2.004, -10.415,  0.000) 10.606 
J_iso:  0.0168 
[Testing!] DMI: ( 0.0000  0.0000  0.0000)
[Testing!]J_ani:
[[-0.009 -0.019  0.001]
 [-0.019 -0.19   0.006]
 [ 0.001  0.006 -0.008]]
----------------------------------------------------------------------------------------
   Cr2   Cr1   ( -1,   2,   0)  0.0168   (-2.004, -10.415, -0.000) 10.606 
J_iso:  0.0168 
[Testing!] DMI: (-0.0000  0.0000  0.0000)
[Testing!]J_ani:
[[-0.009  0.019 -0.001]
 [ 0.019 -0.19   0.006]
 [-0.001  0.006 -0.008]]
----------------------------------------------------------------------------------------
   Cr1   Cr2   (  1,  -2,   0)  0.0168   ( 2.004, 10.415,  0.000) 10.606 
J_iso:  0.0168 
[Testing!] DMI: ( 0.0000 -0.0000 -0.0000)
[Testing!]J_ani:
[[-0.009  0.019 -0.001]
 [ 0.019 -0.19   0.006]
 [-0.001  0.006 -0.008]]
----------------------------------------------------------------------------------------
   Cr2   Cr1   (  2,  -1,   0)  0.0168   (-2.004, 10.415, -0.000) 10.606 
J_iso:  0.0168 
[Testing!] DMI: (-0.0000 -0.0000 -0.0000)
[Testing!]J_ani:
[[-0.009 -0.019  0.001]
 [-0.019 -0.19   0.006]
 [ 0.001  0.006 -0.008]]
----------------------------------------------------------------------------------------
   Cr1   Cr2   ( -2,   0,   0)  0.0270   ( 8.017, -6.943,  0.000) 10.606 
J_iso:  0.0270 
[Testing!] DMI: (-0.0000 -0.0000 -0.0000)
[Testing!]J_ani:
[[-0.012  0.014 -0.001]
 [ 0.014 -0.169  0.007]
 [-0.001  0.007 -0.01 ]]
----------------------------------------------------------------------------------------
   Cr1   Cr2   (  0,  -2,   0)  0.0270   ( 8.017,  6.943,  0.000) 10.606 
J_iso:  0.0270 
[Testing!] DMI: (-0.0000  0.0000  0.0000)
[Testing!]J_ani:
[[-0.012 -0.014  0.001]
 [-0.014 -0.169  0.007]
 [ 0.001  0.007 -0.01 ]]
----------------------------------------------------------------------------------------
   Cr2   Cr1   (  0,   2,   0)  0.0270   (-8.017, -6.943, -0.000) 10.606 
J_iso:  0.0270 
[Testing!] DMI: ( 0.0000 -0.0000 -0.0000)
[Testing!]J_ani:
[[-0.012 -0.014  0.001]
 [-0.014 -0.169  0.007]
 [ 0.001  0.007 -0.01 ]]
----------------------------------------------------------------------------------------
   Cr2   Cr1   (  2,   0,   0)  0.0270   (-8.017,  6.943, -0.000) 10.606 
J_iso:  0.0270 
[Testing!] DMI: ( 0.0000  0.0000  0.0000)
[Testing!]J_ani:
[[-0.012  0.014 -0.001]
 [ 0.014 -0.169  0.007]
 [-0.001  0.007 -0.01 ]]
----------------------------------------------------------------------------------------
   Cr2   Cr1   ( -1,   0,   0)  0.0197   (10.021, -3.471, -0.000) 10.606 
J_iso:  0.0197 
[Testing!] DMI: (-0.0000  0.0000 -0.0000)
[Testing!]J_ani:
[[-0.007 -0.008  0.   ]
 [-0.008 -0.184 -0.011]
 [ 0.    -0.011 -0.01 ]]
----------------------------------------------------------------------------------------
   Cr2   Cr1   (  0,  -1,   0)  0.0197   (10.021,  3.471, -0.000) 10.606 
J_iso:  0.0197 
[Testing!] DMI: (-0.0000 -0.0000  0.0000)
[Testing!]J_ani:
[[-0.007  0.008 -0.   ]
 [ 0.008 -0.184 -0.011]
 [-0.    -0.011 -0.01 ]]
----------------------------------------------------------------------------------------
   Cr1   Cr2   (  0,   1,   0)  0.0197   (-10.021, -3.471,  0.000) 10.606 
J_iso:  0.0197 
[Testing!] DMI: ( 0.0000  0.0000 -0.0000)
[Testing!]J_ani:
[[-0.007  0.008 -0.   ]
 [ 0.008 -0.184 -0.011]
 [-0.    -0.011 -0.01 ]]
----------------------------------------------------------------------------------------
   Cr1   Cr2   (  1,   0,   0)  0.0197   (-10.021,  3.471,  0.000) 10.606 
J_iso:  0.0197 
[Testing!] DMI: ( 0.0000 -0.0000  0.0000)
[Testing!]J_ani:
[[-0.007 -0.008  0.   ]
 [-0.008 -0.184 -0.011]
 [ 0.    -0.011 -0.01 ]]
----------------------------------------------------------------------------------------
   Cr1   Cr1   ( -2,   1,   0) -0.0364   ( 6.013, -10.415,  0.000) 12.026 
J_iso: -0.0364 
[Testing!] DMI: (-0.0031  0.0074  0.0009)
[Testing!]J_ani:
[[-0.007  0.001 -0.003]
 [ 0.001 -0.102  0.002]
 [-0.003  0.002 -0.006]]
----------------------------------------------------------------------------------------
   Cr2   Cr2   ( -2,   1,   0) -0.0364   ( 6.013, -10.415,  0.000) 12.026 
J_iso: -0.0364 
[Testing!] DMI: ( 0.0031 -0.0074 -0.0009)
[Testing!]J_ani:
[[-0.007  0.001 -0.003]
 [ 0.001 -0.102  0.002]
 [-0.003  0.002 -0.006]]
----------------------------------------------------------------------------------------
   Cr1   Cr1   ( -1,   2,   0) -0.0364   (-6.013, -10.415,  0.000) 12.026 
J_iso: -0.0364 
[Testing!] DMI: ( 0.0031  0.0074  0.0009)
[Testing!]J_ani:
[[-0.007 -0.001  0.003]
 [-0.001 -0.102  0.002]
 [ 0.003  0.002 -0.006]]
----------------------------------------------------------------------------------------
   Cr2   Cr2   ( -1,   2,   0) -0.0364   (-6.013, -10.415,  0.000) 12.026 
J_iso: -0.0364 
[Testing!] DMI: (-0.0031 -0.0074 -0.0009)
[Testing!]J_ani:
[[-0.007 -0.001  0.003]
 [-0.001 -0.102  0.002]
 [ 0.003  0.002 -0.006]]
----------------------------------------------------------------------------------------
   Cr1   Cr1   (  1,  -2,   0) -0.0364   ( 6.013, 10.415,  0.000) 12.026 
J_iso: -0.0364 
[Testing!] DMI: (-0.0031 -0.0074 -0.0009)
[Testing!]J_ani:
[[-0.007 -0.001  0.003]
 [-0.001 -0.102  0.002]
 [ 0.003  0.002 -0.006]]
----------------------------------------------------------------------------------------
   Cr2   Cr2   (  1,  -2,   0) -0.0364   ( 6.013, 10.415,  0.000) 12.026 
J_iso: -0.0364 
[Testing!] DMI: ( 0.0031  0.0074  0.0009)
[Testing!]J_ani:
[[-0.007 -0.001  0.003]
 [-0.001 -0.102  0.002]
 [ 0.003  0.002 -0.006]]
----------------------------------------------------------------------------------------
   Cr1   Cr1   (  2,  -1,   0) -0.0364   (-6.013, 10.415,  0.000) 12.026 
J_iso: -0.0364 
[Testing!] DMI: ( 0.0031 -0.0074 -0.0009)
[Testing!]J_ani:
[[-0.007  0.001 -0.003]
 [ 0.001 -0.102  0.002]
 [-0.003  0.002 -0.006]]
----------------------------------------------------------------------------------------
   Cr2   Cr2   (  2,  -1,   0) -0.0364   (-6.013, 10.415,  0.000) 12.026 
J_iso: -0.0364 
[Testing!] DMI: (-0.0031  0.0074  0.0009)
[Testing!]J_ani:
[[-0.007  0.001 -0.003]
 [ 0.001 -0.102  0.002]
 [-0.003  0.002 -0.006]]
----------------------------------------------------------------------------------------
   Cr1   Cr1   ( -1,  -1,   0) -0.0340   (12.026,  0.000,  0.000) 12.026 
J_iso: -0.0340 
[Testing!] DMI: (-0.0084 -0.0000 -0.0000)
[Testing!]J_ani:
[[-0.006 -0.    -0.   ]
 [-0.    -0.095 -0.004]
 [-0.    -0.004 -0.005]]
----------------------------------------------------------------------------------------
   Cr2   Cr2   ( -1,  -1,   0) -0.0340   (12.026,  0.000,  0.000) 12.026 
J_iso: -0.0340 
[Testing!] DMI: ( 0.0084  0.0000  0.0000)
[Testing!]J_ani:
[[-0.006  0.    -0.   ]
 [ 0.    -0.095 -0.004]
 [-0.    -0.004 -0.005]]
----------------------------------------------------------------------------------------
   Cr1   Cr1   (  1,   1,   0) -0.0340   (-12.026,  0.000,  0.000) 12.026 
J_iso: -0.0340 
[Testing!] DMI: ( 0.0084  0.0000  0.0000)
[Testing!]J_ani:
[[-0.006 -0.    -0.   ]
 [-0.    -0.095 -0.004]
 [-0.    -0.004 -0.005]]
----------------------------------------------------------------------------------------
   Cr2   Cr2   (  1,   1,   0) -0.0340   (-12.026,  0.000,  0.000) 12.026 
J_iso: -0.0340 
[Testing!] DMI: (-0.0084 -0.0000 -0.0000)
[Testing!]J_ani:
[[-0.006  0.    -0.   ]
 [ 0.    -0.095 -0.004]
 [-0.    -0.004 -0.005]]
----------------------------------------------------------------------------------------
   Cr1   Cr1   ( -2,   2,   0) -0.0067   ( 0.000, -13.886,  0.000) 13.886 
J_iso: -0.0067 
[Testing!] DMI: (-0.0000 -0.0038 -0.0029)
[Testing!]J_ani:
[[-0.002  0.     0.   ]
 [ 0.    -0.009 -0.001]
 [ 0.    -0.001 -0.002]]
----------------------------------------------------------------------------------------
   Cr2   Cr2   ( -2,   2,   0) -0.0067   ( 0.000, -13.886,  0.000) 13.886 
J_iso: -0.0067 
[Testing!] DMI: ( 0.0000  0.0038  0.0029)
[Testing!]J_ani:
[[-0.002  0.     0.   ]
 [ 0.    -0.009 -0.001]
 [ 0.    -0.001 -0.002]]
----------------------------------------------------------------------------------------
   Cr1   Cr1   (  2,  -2,   0) -0.0067   ( 0.000, 13.886,  0.000) 13.886 
J_iso: -0.0067 
[Testing!] DMI: ( 0.0000  0.0038  0.0029)
[Testing!]J_ani:
[[-0.002  0.     0.   ]
 [ 0.    -0.009 -0.001]
 [ 0.    -0.001 -0.002]]
----------------------------------------------------------------------------------------
   Cr2   Cr2   (  2,  -2,   0) -0.0067   ( 0.000, 13.886,  0.000) 13.886 
J_iso: -0.0067 
[Testing!] DMI: (-0.0000 -0.0038 -0.0029)
[Testing!]J_ani:
[[-0.002  0.     0.   ]
 [ 0.    -0.009 -0.001]
 [ 0.    -0.001 -0.002]]
----------------------------------------------------------------------------------------
   Cr1   Cr1   ( -2,   0,   0) -0.0070   (12.026, -6.943,  0.000) 13.886 
J_iso: -0.0070 
[Testing!] DMI: (-0.0008 -0.0018  0.0028)
[Testing!]J_ani:
[[-0.003  0.     0.   ]
 [ 0.    -0.005  0.001]
 [ 0.     0.001 -0.002]]
----------------------------------------------------------------------------------------
   Cr1   Cr1   (  0,  -2,   0) -0.0070   (12.026,  6.943,  0.000) 13.886 
J_iso: -0.0070 
[Testing!] DMI: (-0.0008  0.0018 -0.0028)
[Testing!]J_ani:
[[-0.003 -0.    -0.   ]
 [-0.    -0.005  0.001]
 [-0.     0.001 -0.002]]
----------------------------------------------------------------------------------------
   Cr2   Cr2   ( -2,   0,   0) -0.0070   (12.026, -6.943,  0.000) 13.886 
J_iso: -0.0070 
[Testing!] DMI: ( 0.0008  0.0018 -0.0028)
[Testing!]J_ani:
[[-0.003  0.     0.   ]
 [ 0.    -0.005  0.001]
 [ 0.     0.001 -0.002]]
----------------------------------------------------------------------------------------
   Cr2   Cr2   (  0,  -2,   0) -0.0070   (12.026,  6.943,  0.000) 13.886 
J_iso: -0.0070 
[Testing!] DMI: ( 0.0008 -0.0018  0.0028)
[Testing!]J_ani:
[[-0.003 -0.    -0.   ]
 [-0.    -0.005  0.001]
 [-0.     0.001 -0.002]]
----------------------------------------------------------------------------------------
   Cr1   Cr1   (  0,   2,   0) -0.0070   (-12.026, -6.943,  0.000) 13.886 
J_iso: -0.0070 
[Testing!] DMI: ( 0.0008 -0.0018  0.0028)
[Testing!]J_ani:
[[-0.003 -0.    -0.   ]
 [-0.    -0.005  0.001]
 [-0.     0.001 -0.002]]
----------------------------------------------------------------------------------------
   Cr2   Cr2   (  0,   2,   0) -0.0070   (-12.026, -6.943,  0.000) 13.886 
J_iso: -0.0070 
[Testing!] DMI: (-0.0008  0.0018 -0.0028)
[Testing!]J_ani:
[[-0.003 -0.    -0.   ]
 [-0.    -0.005  0.001]
 [-0.     0.001 -0.002]]
----------------------------------------------------------------------------------------
   Cr1   Cr1   (  2,   0,   0) -0.0070   (-12.026,  6.943,  0.000) 13.886 
J_iso: -0.0070 
[Testing!] DMI: ( 0.0008  0.0018 -0.0028)
[Testing!]J_ani:
[[-0.003  0.     0.   ]
 [ 0.    -0.005  0.001]
 [ 0.     0.001 -0.002]]
----------------------------------------------------------------------------------------
   Cr2   Cr2   (  2,   0,   0) -0.0070   (-12.026,  6.943,  0.000) 13.886 
J_iso: -0.0070 
[Testing!] DMI: (-0.0008 -0.0018  0.0028)
[Testing!]J_ani:
[[-0.003  0.     0.   ]
 [ 0.    -0.005  0.001]
 [ 0.     0.001 -0.002]]
----------------------------------------------------------------------------------------
   Cr1   Cr2   ( -2,   2,   0)  0.0024   (-4.009, -13.886,  0.000) 14.453 
J_iso:  0.0024 
[Testing!] DMI: (-0.0000  0.0000  0.0000)
[Testing!]J_ani:
[[-0.003  0.001 -0.001]
 [ 0.001 -0.008 -0.   ]
 [-0.001 -0.    -0.001]]
----------------------------------------------------------------------------------------
   Cr2   Cr1   ( -2,   2,   0)  0.0024   ( 4.009, -13.886, -0.000) 14.453 
J_iso:  0.0024 
[Testing!] DMI: ( 0.0000  0.0000  0.0000)
[Testing!]J_ani:
[[-0.003 -0.001  0.001]
 [-0.001 -0.008 -0.   ]
 [ 0.001 -0.    -0.001]]
----------------------------------------------------------------------------------------
   Cr1   Cr2   (  2,  -2,   0)  0.0024   (-4.009, 13.886,  0.000) 14.453 
J_iso:  0.0024 
[Testing!] DMI: (-0.0000 -0.0000 -0.0000)
[Testing!]J_ani:
[[-0.003 -0.001  0.001]
 [-0.001 -0.008 -0.   ]
 [ 0.001 -0.    -0.001]]
----------------------------------------------------------------------------------------
   Cr2   Cr1   (  2,  -2,   0)  0.0024   ( 4.009, 13.886, -0.000) 14.453 
J_iso:  0.0024 
[Testing!] DMI: ( 0.0000 -0.0000 -0.0000)
[Testing!]J_ani:
[[-0.003  0.001 -0.001]
 [ 0.001 -0.008 -0.   ]
 [-0.001 -0.    -0.001]]
----------------------------------------------------------------------------------------
   Cr2   Cr1   ( -2,   1,   0)  0.0021   (10.021, -10.415, -0.000) 14.453 
J_iso:  0.0021 
[Testing!] DMI: (-0.0000 -0.0000 -0.0000)
[Testing!]J_ani:
[[-0.003  0.002  0.   ]
 [ 0.002 -0.009  0.001]
 [ 0.     0.001 -0.   ]]
----------------------------------------------------------------------------------------
   Cr1   Cr2   ( -1,   2,   0)  0.0021   (-10.021, -10.415,  0.000) 14.453 
J_iso:  0.0021 
[Testing!] DMI: ( 0.0000 -0.0000 -0.0000)
[Testing!]J_ani:
[[-0.003 -0.002 -0.   ]
 [-0.002 -0.009  0.001]
 [-0.     0.001 -0.   ]]
----------------------------------------------------------------------------------------
   Cr2   Cr1   (  1,  -2,   0)  0.0021   (10.021, 10.415, -0.000) 14.453 
J_iso:  0.0021 
[Testing!] DMI: (-0.0000  0.0000  0.0000)
[Testing!]J_ani:
[[-0.003 -0.002 -0.   ]
 [-0.002 -0.009  0.001]
 [-0.     0.001 -0.   ]]
----------------------------------------------------------------------------------------
   Cr1   Cr2   (  2,  -1,   0)  0.0021   (-10.021, 10.415,  0.000) 14.453 
J_iso:  0.0021 
[Testing!] DMI: ( 0.0000  0.0000  0.0000)
[Testing!]J_ani:
[[-0.003  0.002  0.   ]
 [ 0.002 -0.009  0.001]
 [ 0.     0.001 -0.   ]]
----------------------------------------------------------------------------------------
   Cr1   Cr2   ( -2,  -1,   0)  0.0018   (14.030, -3.471,  0.000) 14.453 
J_iso:  0.0018 
[Testing!] DMI: (-0.0000  0.0000 -0.0000)
[Testing!]J_ani:
[[-0.003 -0.002 -0.001]
 [-0.002 -0.008 -0.   ]
 [-0.001 -0.    -0.001]]
----------------------------------------------------------------------------------------
   Cr1   Cr2   ( -1,  -2,   0)  0.0018   (14.030,  3.471,  0.000) 14.453 
J_iso:  0.0018 
[Testing!] DMI: (-0.0000 -0.0000  0.0000)
[Testing!]J_ani:
[[-0.003  0.002  0.001]
 [ 0.002 -0.008 -0.   ]
 [ 0.001 -0.    -0.001]]
----------------------------------------------------------------------------------------
   Cr2   Cr1   (  1,   2,   0)  0.0018   (-14.030, -3.471, -0.000) 14.453 
J_iso:  0.0018 
[Testing!] DMI: ( 0.0000  0.0000 -0.0000)
[Testing!]J_ani:
[[-0.003  0.002  0.001]
 [ 0.002 -0.008 -0.   ]
 [ 0.001 -0.    -0.001]]
----------------------------------------------------------------------------------------
   Cr2   Cr1   (  2,   1,   0)  0.0018   (-14.030,  3.471, -0.000) 14.453 
J_iso:  0.0018 
[Testing!] DMI: ( 0.0000 -0.0000  0.0000)
[Testing!]J_ani:
[[-0.003 -0.002 -0.001]
 [-0.002 -0.008 -0.   ]
 [-0.001 -0.    -0.001]]
----------------------------------------------------------------------------------------
   Cr1   Cr2   ( -3,   1,   0) -0.0062   ( 8.017, -13.886,  0.000) 16.034 
J_iso: -0.0062 
[Testing!] DMI: ( 0.0000 -0.0000  0.0000)
[Testing!]J_ani:
[[-0.001 -0.    -0.001]
 [-0.    -0.023  0.001]
 [-0.001  0.001 -0.001]]
----------------------------------------------------------------------------------------
   Cr2   Cr1   ( -1,   3,   0) -0.0062   (-8.017, -13.886, -0.000) 16.034 
J_iso: -0.0062 
[Testing!] DMI: (-0.0000 -0.0000  0.0000)
[Testing!]J_ani:
[[-0.001  0.     0.001]
 [ 0.    -0.023  0.001]
 [ 0.001  0.001 -0.001]]
----------------------------------------------------------------------------------------
   Cr1   Cr2   (  1,  -3,   0) -0.0062   ( 8.017, 13.886,  0.000) 16.034 
J_iso: -0.0062 
[Testing!] DMI: ( 0.0000  0.0000 -0.0000)
[Testing!]J_ani:
[[-0.001  0.     0.001]
 [ 0.    -0.023  0.001]
 [ 0.001  0.001 -0.001]]
----------------------------------------------------------------------------------------
   Cr2   Cr1   (  3,  -1,   0) -0.0062   (-8.017, 13.886, -0.000) 16.034 
J_iso: -0.0062 
[Testing!] DMI: (-0.0000  0.0000 -0.0000)
[Testing!]J_ani:
[[-0.001 -0.    -0.001]
 [-0.    -0.023  0.001]
 [-0.001  0.001 -0.001]]
----------------------------------------------------------------------------------------
   Cr2   Cr1   ( -1,  -1,   0) -0.0048   (16.034,  0.000, -0.000) 16.034 
J_iso: -0.0048 
[Testing!] DMI: ( 0.0000  0.0000  0.0000)
[Testing!]J_ani:
[[-0.001  0.     0.   ]
 [ 0.    -0.024 -0.002]
 [ 0.    -0.002 -0.002]]
----------------------------------------------------------------------------------------
   Cr1   Cr2   (  1,   1,   0) -0.0048   (-16.034,  0.000,  0.000) 16.034 
J_iso: -0.0048 
[Testing!] DMI: (-0.0000 -0.0000 -0.0000)
[Testing!]J_ani:
[[-0.001  0.     0.   ]
 [ 0.    -0.024 -0.002]
 [ 0.    -0.002 -0.002]]
----------------------------------------------------------------------------------------
   Cr1   Cr2   ( -3,   2,   0) -0.0003   ( 2.004, -17.358,  0.000) 17.473 
J_iso: -0.0003 
[Testing!] DMI: (-0.0000  0.0000 -0.0000)
[Testing!]J_ani:
[[-0.001 -0.     0.   ]
 [-0.    -0.003  0.   ]
 [ 0.     0.    -0.   ]]
----------------------------------------------------------------------------------------
   Cr2   Cr1   ( -2,   3,   0) -0.0003   (-2.004, -17.358, -0.000) 17.473 
J_iso: -0.0003 
[Testing!] DMI: ( 0.0000  0.0000 -0.0000)
[Testing!]J_ani:
[[-0.001  0.    -0.   ]
 [ 0.    -0.003  0.   ]
 [-0.     0.    -0.   ]]
----------------------------------------------------------------------------------------
   Cr1   Cr2   (  2,  -3,   0) -0.0003   ( 2.004, 17.358,  0.000) 17.473 
J_iso: -0.0003 
[Testing!] DMI: (-0.0000 -0.0000  0.0000)
[Testing!]J_ani:
[[-0.001  0.    -0.   ]
 [ 0.    -0.003  0.   ]
 [-0.     0.    -0.   ]]
----------------------------------------------------------------------------------------
   Cr2   Cr1   (  3,  -2,   0) -0.0003   (-2.004, 17.358, -0.000) 17.473 
J_iso: -0.0003 
[Testing!] DMI: ( 0.0000 -0.0000  0.0000)
[Testing!]J_ani:
[[-0.001 -0.     0.   ]
 [-0.    -0.003  0.   ]
 [ 0.     0.    -0.   ]]
----------------------------------------------------------------------------------------
   Cr1   Cr2   ( -3,   0,   0) -0.0005   (14.030, -10.415,  0.000) 17.473 
J_iso: -0.0005 
[Testing!] DMI: ( 0.0000 -0.0000  0.0000)
[Testing!]J_ani:
[[-0.001  0.001 -0.   ]
 [ 0.001 -0.003 -0.   ]
 [-0.    -0.    -0.   ]]
----------------------------------------------------------------------------------------
   Cr1   Cr2   (  0,  -3,   0) -0.0005   (14.030, 10.415,  0.000) 17.473 
J_iso: -0.0005 
[Testing!] DMI: ( 0.0000  0.0000 -0.0000)
[Testing!]J_ani:
[[-0.001 -0.001  0.   ]
 [-0.001 -0.003 -0.   ]
 [ 0.    -0.    -0.   ]]
----------------------------------------------------------------------------------------
   Cr2   Cr1   (  0,   3,   0) -0.0005   (-14.030, -10.415, -0.000) 17.473 
J_iso: -0.0005 
[Testing!] DMI: (-0.0000 -0.0000  0.0000)
[Testing!]J_ani:
[[-0.001 -0.001  0.   ]
 [-0.001 -0.003 -0.   ]
 [ 0.    -0.    -0.   ]]
----------------------------------------------------------------------------------------
   Cr2   Cr1   (  3,   0,   0) -0.0005   (-14.030, 10.415, -0.000) 17.473 
J_iso: -0.0005 
[Testing!] DMI: (-0.0000  0.0000 -0.0000)
[Testing!]J_ani:
[[-0.001  0.001 -0.   ]
 [ 0.001 -0.003 -0.   ]
 [-0.    -0.    -0.   ]]
----------------------------------------------------------------------------------------
   Cr2   Cr1   ( -2,   0,   0) -0.0004   (16.034, -6.943, -0.000) 17.473 
J_iso: -0.0004 
[Testing!] DMI: ( 0.0000  0.0000  0.0000)
[Testing!]J_ani:
[[-0.001 -0.    -0.   ]
 [-0.    -0.003 -0.   ]
 [-0.    -0.    -0.   ]]
----------------------------------------------------------------------------------------
   Cr2   Cr1   (  0,  -2,   0) -0.0004   (16.034,  6.943, -0.000) 17.473 
J_iso: -0.0004 
[Testing!] DMI: ( 0.0000 -0.0000 -0.0000)
[Testing!]J_ani:
[[-0.001  0.     0.   ]
 [ 0.    -0.003 -0.   ]
 [ 0.    -0.    -0.   ]]
----------------------------------------------------------------------------------------
   Cr1   Cr2   (  0,   2,   0) -0.0004   (-16.034, -6.943,  0.000) 17.473 
J_iso: -0.0004 
[Testing!] DMI: (-0.0000  0.0000  0.0000)
[Testing!]J_ani:
[[-0.001  0.     0.   ]
 [ 0.    -0.003 -0.   ]
 [ 0.    -0.    -0.   ]]
----------------------------------------------------------------------------------------
   Cr1   Cr2   (  2,   0,   0) -0.0004   (-16.034,  6.943,  0.000) 17.473 
J_iso: -0.0004 
[Testing!] DMI: (-0.0000 -0.0000 -0.0000)
[Testing!]J_ani:
[[-0.001 -0.    -0.   ]
 [-0.    -0.003 -0.   ]
 [-0.    -0.    -0.   ]]
----------------------------------------------------------------------------------------
   Cr1   Cr1   ( -3,   2,   0)  0.0007   ( 6.013, -17.358,  0.000) 18.369 
J_iso:  0.0007 
[Testing!] DMI: (-0.0000  0.0000 -0.0002)
[Testing!]J_ani:
[[-0.    -0.     0.   ]
 [-0.    -0.004  0.   ]
 [ 0.     0.    -0.   ]]
----------------------------------------------------------------------------------------
   Cr2   Cr2   ( -3,   2,   0)  0.0007   ( 6.013, -17.358,  0.000) 18.369 
J_iso:  0.0007 
[Testing!] DMI: ( 0.0000 -0.0000  0.0002)
[Testing!]J_ani:
[[-0.    -0.     0.   ]
 [-0.    -0.004  0.   ]
 [ 0.     0.    -0.   ]]
----------------------------------------------------------------------------------------
   Cr1   Cr1   ( -2,   3,   0)  0.0007   (-6.013, -17.358,  0.000) 18.369 
J_iso:  0.0007 
[Testing!] DMI: ( 0.0000  0.0000 -0.0002)
[Testing!]J_ani:
[[-0.     0.    -0.   ]
 [ 0.    -0.004  0.   ]
 [-0.     0.    -0.   ]]
----------------------------------------------------------------------------------------
   Cr2   Cr2   ( -2,   3,   0)  0.0007   (-6.013, -17.358,  0.000) 18.369 
J_iso:  0.0007 
[Testing!] DMI: (-0.0000 -0.0000  0.0002)
[Testing!]J_ani:
[[-0.     0.    -0.   ]
 [ 0.    -0.004  0.   ]
 [-0.     0.    -0.   ]]
----------------------------------------------------------------------------------------
   Cr1   Cr1   (  2,  -3,   0)  0.0007   ( 6.013, 17.358,  0.000) 18.369 
J_iso:  0.0007 
[Testing!] DMI: (-0.0000 -0.0000  0.0002)
[Testing!]J_ani:
[[-0.     0.    -0.   ]
 [ 0.    -0.004  0.   ]
 [-0.     0.    -0.   ]]
----------------------------------------------------------------------------------------
   Cr2   Cr2   (  2,  -3,   0)  0.0007   ( 6.013, 17.358,  0.000) 18.369 
J_iso:  0.0007 
[Testing!] DMI: ( 0.0000  0.0000 -0.0002)
[Testing!]J_ani:
[[-0.     0.    -0.   ]
 [ 0.    -0.004  0.   ]
 [-0.     0.    -0.   ]]
----------------------------------------------------------------------------------------
   Cr1   Cr1   (  3,  -2,   0)  0.0007   (-6.013, 17.358,  0.000) 18.369 
J_iso:  0.0007 
[Testing!] DMI: ( 0.0000 -0.0000  0.0002)
[Testing!]J_ani:
[[-0.    -0.     0.   ]
 [-0.    -0.004  0.   ]
 [ 0.     0.    -0.   ]]
----------------------------------------------------------------------------------------
   Cr2   Cr2   (  3,  -2,   0)  0.0007   (-6.013, 17.358,  0.000) 18.369 
J_iso:  0.0007 
[Testing!] DMI: (-0.0000  0.0000 -0.0002)
[Testing!]J_ani:
[[-0.    -0.     0.   ]
 [-0.    -0.004  0.   ]
 [ 0.     0.    -0.   ]]
----------------------------------------------------------------------------------------
   Cr1   Cr1   ( -3,   1,   0)  0.0006   (12.026, -13.886,  0.000) 18.369 
J_iso:  0.0006 
[Testing!] DMI: (-0.0001  0.0000  0.0002)
[Testing!]J_ani:
[[-0.     0.001  0.   ]
 [ 0.001 -0.004 -0.   ]
 [ 0.    -0.    -0.   ]]
----------------------------------------------------------------------------------------
   Cr2   Cr2   ( -3,   1,   0)  0.0006   (12.026, -13.886,  0.000) 18.369 
J_iso:  0.0006 
[Testing!] DMI: ( 0.0001 -0.0000 -0.0002)
[Testing!]J_ani:
[[-0.     0.001  0.   ]
 [ 0.001 -0.004 -0.   ]
 [ 0.    -0.    -0.   ]]
----------------------------------------------------------------------------------------
   Cr1   Cr1   ( -1,   3,   0)  0.0006   (-12.026, -13.886,  0.000) 18.369 
J_iso:  0.0006 
[Testing!] DMI: ( 0.0001  0.0000  0.0002)
[Testing!]J_ani:
[[-0.    -0.001 -0.   ]
 [-0.001 -0.004 -0.   ]
 [-0.    -0.    -0.   ]]
----------------------------------------------------------------------------------------
   Cr2   Cr2   ( -1,   3,   0)  0.0006   (-12.026, -13.886,  0.000) 18.369 
J_iso:  0.0006 
[Testing!] DMI: (-0.0001 -0.0000 -0.0002)
[Testing!]J_ani:
[[-0.    -0.001 -0.   ]
 [-0.001 -0.004 -0.   ]
 [-0.    -0.    -0.   ]]
----------------------------------------------------------------------------------------
   Cr1   Cr1   (  1,  -3,   0)  0.0006   (12.026, 13.886,  0.000) 18.369 
J_iso:  0.0006 
[Testing!] DMI: (-0.0001 -0.0000 -0.0002)
[Testing!]J_ani:
[[-0.    -0.001 -0.   ]
 [-0.001 -0.004 -0.   ]
 [-0.    -0.    -0.   ]]
----------------------------------------------------------------------------------------
   Cr2   Cr2   (  1,  -3,   0)  0.0006   (12.026, 13.886,  0.000) 18.369 
J_iso:  0.0006 
[Testing!] DMI: ( 0.0001  0.0000  0.0002)
[Testing!]J_ani:
[[-0.    -0.001 -0.   ]
 [-0.001 -0.004 -0.   ]
 [-0.    -0.    -0.   ]]
----------------------------------------------------------------------------------------
   Cr1   Cr1   (  3,  -1,   0)  0.0006   (-12.026, 13.886,  0.000) 18.369 
J_iso:  0.0006 
[Testing!] DMI: ( 0.0001 -0.0000 -0.0002)
[Testing!]J_ani:
[[-0.     0.001  0.   ]
 [ 0.001 -0.004 -0.   ]
 [ 0.    -0.    -0.   ]]
----------------------------------------------------------------------------------------
   Cr2   Cr2   (  3,  -1,   0)  0.0006   (-12.026, 13.886,  0.000) 18.369 
J_iso:  0.0006 
[Testing!] DMI: (-0.0001  0.0000  0.0002)
[Testing!]J_ani:
[[-0.     0.001  0.   ]
 [ 0.001 -0.004 -0.   ]
 [ 0.    -0.    -0.   ]]
----------------------------------------------------------------------------------------
   Cr1   Cr1   ( -2,  -1,   0)  0.0006   (18.038, -3.471,  0.000) 18.369 
J_iso:  0.0006 
[Testing!] DMI: (-0.0002  0.0000  0.0002)
[Testing!]J_ani:
[[-0.    -0.    -0.   ]
 [-0.    -0.003 -0.   ]
 [-0.    -0.    -0.   ]]
----------------------------------------------------------------------------------------
   Cr2   Cr2   ( -2,  -1,   0)  0.0006   (18.038, -3.471,  0.000) 18.369 
J_iso:  0.0006 
[Testing!] DMI: ( 0.0002 -0.0000 -0.0002)
[Testing!]J_ani:
[[-0.    -0.    -0.   ]
 [-0.    -0.003 -0.   ]
 [-0.    -0.    -0.   ]]
----------------------------------------------------------------------------------------
   Cr1   Cr1   ( -1,  -2,   0)  0.0006   (18.038,  3.471,  0.000) 18.369 
J_iso:  0.0006 
[Testing!] DMI: (-0.0002 -0.0000 -0.0002)
[Testing!]J_ani:
[[-0.     0.     0.   ]
 [ 0.    -0.003 -0.   ]
 [ 0.    -0.    -0.   ]]
----------------------------------------------------------------------------------------
   Cr2   Cr2   ( -1,  -2,   0)  0.0006   (18.038,  3.471,  0.000) 18.369 
J_iso:  0.0006 
[Testing!] DMI: ( 0.0002  0.0000  0.0002)
[Testing!]J_ani:
[[-0.     0.     0.   ]
 [ 0.    -0.003 -0.   ]
 [ 0.    -0.    -0.   ]]
----------------------------------------------------------------------------------------
   Cr1   Cr1   (  1,   2,   0)  0.0006   (-18.038, -3.471,  0.000) 18.369 
J_iso:  0.0006 
[Testing!] DMI: ( 0.0002  0.0000  0.0002)
[Testing!]J_ani:
[[-0.     0.     0.   ]
 [ 0.    -0.003 -0.   ]
 [ 0.    -0.    -0.   ]]
----------------------------------------------------------------------------------------
   Cr2   Cr2   (  1,   2,   0)  0.0006   (-18.038, -3.471,  0.000) 18.369 
J_iso:  0.0006 
[Testing!] DMI: (-0.0002 -0.0000 -0.0002)
[Testing!]J_ani:
[[-0.     0.     0.   ]
 [ 0.    -0.003 -0.   ]
 [ 0.    -0.    -0.   ]]
----------------------------------------------------------------------------------------
   Cr1   Cr1   (  2,   1,   0)  0.0006   (-18.038,  3.471,  0.000) 18.369 
J_iso:  0.0006 
[Testing!] DMI: ( 0.0002 -0.0000 -0.0002)
[Testing!]J_ani:
[[-0.    -0.    -0.   ]
 [-0.    -0.003 -0.   ]
 [-0.    -0.    -0.   ]]
----------------------------------------------------------------------------------------
   Cr2   Cr2   (  2,   1,   0)  0.0006   (-18.038,  3.471,  0.000) 18.369 
J_iso:  0.0006 
[Testing!] DMI: (-0.0002  0.0000  0.0002)
[Testing!]J_ani:
[[-0.    -0.    -0.   ]
 [-0.    -0.003 -0.   ]
 [-0.    -0.    -0.   ]]
----------------------------------------------------------------------------------------
   Cr2   Cr1   ( -3,   2,   0)  0.0004   (10.021, -17.358, -0.000) 20.043 
J_iso:  0.0004 
[Testing!] DMI: (-0.0000  0.0000  0.0000)
[Testing!]J_ani:
[[-0.    -0.    -0.   ]
 [-0.    -0.002  0.   ]
 [-0.     0.    -0.   ]]
----------------------------------------------------------------------------------------
   Cr1   Cr2   ( -2,   3,   0)  0.0004   (-10.021, -17.358,  0.000) 20.043 
J_iso:  0.0004 
[Testing!] DMI: ( 0.0000  0.0000  0.0000)
[Testing!]J_ani:
[[-0.     0.     0.   ]
 [ 0.    -0.002  0.   ]
 [ 0.     0.    -0.   ]]
----------------------------------------------------------------------------------------
   Cr2   Cr1   (  2,  -3,   0)  0.0004   (10.021, 17.358, -0.000) 20.043 
J_iso:  0.0004 
[Testing!] DMI: (-0.0000 -0.0000 -0.0000)
[Testing!]J_ani:
[[-0.     0.     0.   ]
 [ 0.    -0.002  0.   ]
 [ 0.     0.    -0.   ]]
----------------------------------------------------------------------------------------
   Cr1   Cr2   (  3,  -2,   0)  0.0004   (-10.021, 17.358,  0.000) 20.043 
J_iso:  0.0004 
[Testing!] DMI: ( 0.0000 -0.0000 -0.0000)
[Testing!]J_ani:
[[-0.    -0.    -0.   ]
 [-0.    -0.002  0.   ]
 [-0.     0.    -0.   ]]
----------------------------------------------------------------------------------------
   Cr1   Cr2   ( -2,  -2,   0)  0.0004   (20.043,  0.000,  0.000) 20.043 
J_iso:  0.0004 
[Testing!] DMI: (-0.0000 -0.0000 -0.0000)
[Testing!]J_ani:
[[-0.    -0.    -0.   ]
 [-0.    -0.002 -0.   ]
 [-0.    -0.    -0.   ]]
----------------------------------------------------------------------------------------
   Cr2   Cr1   (  2,   2,   0)  0.0004   (-20.043,  0.000, -0.000) 20.043 
J_iso:  0.0004 
[Testing!] DMI: ( 0.0000  0.0000  0.0000)
[Testing!]J_ani:
[[-0.    -0.    -0.   ]
 [-0.    -0.002 -0.   ]
 [-0.    -0.    -0.   ]]
----------------------------------------------------------------------------------------
   Cr1   Cr1   ( -3,   3,   0) -0.0001   ( 0.000, -20.829,  0.000) 20.829 
J_iso: -0.0001 
[Testing!] DMI: ( 0.0000  0.0001 -0.0002)
[Testing!]J_ani:
[[-0.     0.     0.   ]
 [ 0.    -0.001  0.   ]
 [ 0.     0.    -0.   ]]
----------------------------------------------------------------------------------------
   Cr2   Cr2   ( -3,   3,   0) -0.0001   ( 0.000, -20.829,  0.000) 20.829 
J_iso: -0.0001 
[Testing!] DMI: ( 0.0000 -0.0001  0.0002)
[Testing!]J_ani:
[[-0.     0.    -0.   ]
 [ 0.    -0.001  0.   ]
 [-0.     0.    -0.   ]]
----------------------------------------------------------------------------------------
   Cr1   Cr1   (  3,  -3,   0) -0.0001   ( 0.000, 20.829,  0.000) 20.829 
J_iso: -0.0001 
[Testing!] DMI: (-0.0000 -0.0001  0.0002)
[Testing!]J_ani:
[[-0.     0.     0.   ]
 [ 0.    -0.001  0.   ]
 [ 0.     0.    -0.   ]]
----------------------------------------------------------------------------------------
   Cr2   Cr2   (  3,  -3,   0) -0.0001   ( 0.000, 20.829,  0.000) 20.829 
J_iso: -0.0001 
[Testing!] DMI: (-0.0000  0.0001 -0.0002)
[Testing!]J_ani:
[[-0.     0.    -0.   ]
 [ 0.    -0.001  0.   ]
 [-0.     0.    -0.   ]]
----------------------------------------------------------------------------------------
   Cr1   Cr1   ( -3,   0,   0) -0.0001   (18.038, -10.415,  0.000) 20.829 
J_iso: -0.0001 
[Testing!] DMI: (-0.0000  0.0001  0.0002)
[Testing!]J_ani:
[[-0.    -0.    -0.   ]
 [-0.    -0.001 -0.   ]
 [-0.    -0.    -0.   ]]
----------------------------------------------------------------------------------------
   Cr2   Cr2   ( -3,   0,   0) -0.0001   (18.038, -10.415,  0.000) 20.829 
J_iso: -0.0001 
[Testing!] DMI: ( 0.0000 -0.0001 -0.0002)
[Testing!]J_ani:
[[-0.    -0.    -0.   ]
 [-0.    -0.001 -0.   ]
 [-0.    -0.    -0.   ]]
----------------------------------------------------------------------------------------
   Cr1   Cr1   (  0,  -3,   0) -0.0001   (18.038, 10.415,  0.000) 20.829 
J_iso: -0.0001 
[Testing!] DMI: (-0.0000 -0.0001 -0.0002)
[Testing!]J_ani:
[[-0.     0.     0.   ]
 [ 0.    -0.001 -0.   ]
 [ 0.    -0.    -0.   ]]
----------------------------------------------------------------------------------------
   Cr2   Cr2   (  0,  -3,   0) -0.0001   (18.038, 10.415,  0.000) 20.829 
J_iso: -0.0001 
[Testing!] DMI: ( 0.0000  0.0001  0.0002)
[Testing!]J_ani:
[[-0.     0.     0.   ]
 [ 0.    -0.001 -0.   ]
 [ 0.    -0.    -0.   ]]
----------------------------------------------------------------------------------------
   Cr1   Cr1   (  0,   3,   0) -0.0001   (-18.038, -10.415,  0.000) 20.829 
J_iso: -0.0001 
[Testing!] DMI: ( 0.0000  0.0001  0.0002)
[Testing!]J_ani:
[[-0.     0.     0.   ]
 [ 0.    -0.001 -0.   ]
 [ 0.    -0.    -0.   ]]
----------------------------------------------------------------------------------------
   Cr2   Cr2   (  0,   3,   0) -0.0001   (-18.038, -10.415,  0.000) 20.829 
J_iso: -0.0001 
[Testing!] DMI: (-0.0000 -0.0001 -0.0002)
[Testing!]J_ani:
[[-0.     0.     0.   ]
 [ 0.    -0.001 -0.   ]
 [ 0.    -0.    -0.   ]]
----------------------------------------------------------------------------------------
   Cr1   Cr1   (  3,   0,   0) -0.0001   (-18.038, 10.415,  0.000) 20.829 
J_iso: -0.0001 
[Testing!] DMI: ( 0.0000 -0.0001 -0.0002)
[Testing!]J_ani:
[[-0.    -0.    -0.   ]
 [-0.    -0.001 -0.   ]
 [-0.    -0.    -0.   ]]
----------------------------------------------------------------------------------------
   Cr2   Cr2   (  3,   0,   0) -0.0001   (-18.038, 10.415,  0.000) 20.829 
J_iso: -0.0001 
[Testing!] DMI: (-0.0000  0.0001  0.0002)
[Testing!]J_ani:
[[-0.    -0.    -0.   ]
 [-0.    -0.001 -0.   ]
 [-0.    -0.    -0.   ]]
----------------------------------------------------------------------------------------
   Cr1   Cr2   ( -3,   3,   0) -0.0001   (-4.009, -20.829,  0.000) 21.211 
J_iso: -0.0001 
[Testing!] DMI: (-0.0000  0.0000  0.0000)
[Testing!]J_ani:
[[-0.  0. -0.]
 [ 0. -0. -0.]
 [-0. -0. -0.]]
----------------------------------------------------------------------------------------
   Cr2   Cr1   ( -3,   3,   0) -0.0001   ( 4.009, -20.829, -0.000) 21.211 
J_iso: -0.0001 
[Testing!] DMI: ( 0.0000  0.0000  0.0000)
[Testing!]J_ani:
[[-0. -0.  0.]
 [-0. -0. -0.]
 [ 0. -0. -0.]]
----------------------------------------------------------------------------------------
   Cr1   Cr2   (  3,  -3,   0) -0.0001   (-4.009, 20.829,  0.000) 21.211 
J_iso: -0.0001 
[Testing!] DMI: (-0.0000 -0.0000 -0.0000)
[Testing!]J_ani:
[[-0. -0.  0.]
 [-0. -0. -0.]
 [ 0. -0. -0.]]
----------------------------------------------------------------------------------------
   Cr2   Cr1   (  3,  -3,   0) -0.0001   ( 4.009, 20.829, -0.000) 21.211 
J_iso: -0.0001 
[Testing!] DMI: ( 0.0000 -0.0000 -0.0000)
[Testing!]J_ani:
[[-0.  0. -0.]
 [ 0. -0. -0.]
 [-0. -0. -0.]]
----------------------------------------------------------------------------------------
   Cr2   Cr1   ( -3,   1,   0) -0.0000   (16.034, -13.886, -0.000) 21.211 
J_iso: -0.0000 
[Testing!] DMI: (-0.0000  0.0000 -0.0000)
[Testing!]J_ani:
[[-0.  0. -0.]
 [ 0. -0.  0.]
 [-0.  0. -0.]]
----------------------------------------------------------------------------------------
   Cr1   Cr2   ( -1,   3,   0) -0.0000   (-16.034, -13.886,  0.000) 21.211 
J_iso: -0.0000 
[Testing!] DMI: ( 0.0000  0.0000 -0.0000)
[Testing!]J_ani:
[[-0. -0.  0.]
 [-0. -0.  0.]
 [ 0.  0. -0.]]
----------------------------------------------------------------------------------------
   Cr2   Cr1   (  1,  -3,   0) -0.0000   (16.034, 13.886, -0.000) 21.211 
J_iso: -0.0000 
[Testing!] DMI: (-0.0000 -0.0000  0.0000)
[Testing!]J_ani:
[[-0. -0.  0.]
 [-0. -0.  0.]
 [ 0.  0. -0.]]
----------------------------------------------------------------------------------------
   Cr1   Cr2   (  3,  -1,   0) -0.0000   (-16.034, 13.886,  0.000) 21.211 
J_iso: -0.0000 
[Testing!] DMI: ( 0.0000 -0.0000  0.0000)
[Testing!]J_ani:
[[-0.  0. -0.]
 [ 0. -0.  0.]
 [-0.  0. -0.]]
----------------------------------------------------------------------------------------
   Cr1   Cr2   ( -3,  -1,   0) -0.0001   (20.043, -6.943,  0.000) 21.211 
J_iso: -0.0001 
[Testing!] DMI: ( 0.0000 -0.0000 -0.0000)
[Testing!]J_ani:
[[-0. -0. -0.]
 [-0. -0.  0.]
 [-0.  0. -0.]]
----------------------------------------------------------------------------------------
   Cr1   Cr2   ( -1,  -3,   0) -0.0001   (20.043,  6.943,  0.000) 21.211 
J_iso: -0.0001 
[Testing!] DMI: ( 0.0000  0.0000  0.0000)
[Testing!]J_ani:
[[-0.  0.  0.]
 [ 0. -0.  0.]
 [ 0.  0. -0.]]
----------------------------------------------------------------------------------------
   Cr2   Cr1   (  1,   3,   0) -0.0001   (-20.043, -6.943, -0.000) 21.211 
J_iso: -0.0001 
[Testing!] DMI: (-0.0000 -0.0000 -0.0000)
[Testing!]J_ani:
[[-0.  0.  0.]
 [ 0. -0.  0.]
 [ 0.  0. -0.]]
----------------------------------------------------------------------------------------
   Cr2   Cr1   (  3,   1,   0) -0.0001   (-20.043,  6.943, -0.000) 21.211 
J_iso: -0.0001 
[Testing!] DMI: (-0.0000  0.0000  0.0000)
[Testing!]J_ani:
[[-0. -0. -0.]
 [-0. -0.  0.]
 [-0.  0. -0.]]
----------------------------------------------------------------------------------------
   Cr2   Cr1   ( -2,  -1,   0) -0.0000   (22.047, -3.471, -0.000) 22.319 
J_iso: -0.0000 
[Testing!] DMI: ( 0.0000 -0.0000  0.0000)
[Testing!]J_ani:
[[-0.    -0.    -0.   ]
 [-0.    -0.001 -0.   ]
 [-0.    -0.    -0.   ]]
----------------------------------------------------------------------------------------
   Cr2   Cr1   ( -1,  -2,   0) -0.0000   (22.047,  3.471, -0.000) 22.319 
J_iso: -0.0000 
[Testing!] DMI: ( 0.0000  0.0000 -0.0000)
[Testing!]J_ani:
[[-0.     0.     0.   ]
 [ 0.    -0.001 -0.   ]
 [ 0.    -0.    -0.   ]]
----------------------------------------------------------------------------------------
   Cr1   Cr2   (  1,   2,   0) -0.0000   (-22.047, -3.471,  0.000) 22.319 
J_iso: -0.0000 
[Testing!] DMI: (-0.0000 -0.0000  0.0000)
[Testing!]J_ani:
[[-0.     0.     0.   ]
 [ 0.    -0.001 -0.   ]
 [ 0.    -0.    -0.   ]]
----------------------------------------------------------------------------------------
   Cr1   Cr2   (  2,   1,   0) -0.0000   (-22.047,  3.471,  0.000) 22.319 
J_iso: -0.0000 
[Testing!] DMI: (-0.0000  0.0000 -0.0000)
[Testing!]J_ani:
[[-0.    -0.    -0.   ]
 [-0.    -0.001 -0.   ]
 [-0.    -0.    -0.   ]]
----------------------------------------------------------------------------------------
   Cr1   Cr1   ( -2,  -2,   0)  0.0000   (24.051,  0.000,  0.000) 24.051 
J_iso:  0.0000 
[Testing!] DMI: (-0.0000  0.0000 -0.0000)
[Testing!]J_ani:
[[-0.    -0.     0.   ]
 [-0.    -0.001 -0.   ]
 [ 0.    -0.    -0.   ]]
----------------------------------------------------------------------------------------
   Cr2   Cr2   ( -2,  -2,   0)  0.0000   (24.051,  0.000,  0.000) 24.051 
J_iso:  0.0000 
[Testing!] DMI: ( 0.0000 -0.0000  0.0000)
[Testing!]J_ani:
[[-0.    -0.     0.   ]
 [-0.    -0.001 -0.   ]
 [ 0.    -0.    -0.   ]]
----------------------------------------------------------------------------------------
   Cr1   Cr1   (  2,   2,   0)  0.0000   (-24.051,  0.000,  0.000) 24.051 
J_iso:  0.0000 
[Testing!] DMI: ( 0.0000 -0.0000  0.0000)
[Testing!]J_ani:
[[-0.    -0.     0.   ]
 [-0.    -0.001 -0.   ]
 [ 0.    -0.    -0.   ]]
----------------------------------------------------------------------------------------
   Cr2   Cr2   (  2,   2,   0)  0.0000   (-24.051,  0.000,  0.000) 24.051 
J_iso:  0.0000 
[Testing!] DMI: (-0.0000  0.0000 -0.0000)
[Testing!]J_ani:
[[-0.    -0.     0.   ]
 [-0.    -0.001 -0.   ]
 [ 0.    -0.    -0.   ]]
----------------------------------------------------------------------------------------
   Cr2   Cr1   ( -3,   0,   0)  0.0001   (22.047, -10.415, -0.000) 24.383 
J_iso:  0.0001 
[Testing!] DMI: (-0.0000  0.0000 -0.0000)
[Testing!]J_ani:
[[-0. -0.  0.]
 [-0. -0. -0.]
 [ 0. -0. -0.]]
----------------------------------------------------------------------------------------
   Cr2   Cr1   (  0,  -3,   0)  0.0001   (22.047, 10.415, -0.000) 24.383 
J_iso:  0.0001 
[Testing!] DMI: (-0.0000 -0.0000  0.0000)
[Testing!]J_ani:
[[-0.  0. -0.]
 [ 0. -0. -0.]
 [-0. -0. -0.]]
----------------------------------------------------------------------------------------
   Cr1   Cr2   (  0,   3,   0)  0.0001   (-22.047, -10.415,  0.000) 24.383 
J_iso:  0.0001 
[Testing!] DMI: ( 0.0000  0.0000 -0.0000)
[Testing!]J_ani:
[[-0.  0. -0.]
 [ 0. -0. -0.]
 [-0. -0. -0.]]
----------------------------------------------------------------------------------------
   Cr1   Cr2   (  3,   0,   0)  0.0001   (-22.047, 10.415,  0.000) 24.383 
J_iso:  0.0001 
[Testing!] DMI: ( 0.0000 -0.0000  0.0000)
[Testing!]J_ani:
[[-0. -0.  0.]
 [-0. -0. -0.]
 [ 0. -0. -0.]]
----------------------------------------------------------------------------------------
   Cr1   Cr1   ( -3,  -1,   0)  0.0001   (24.051, -6.943,  0.000) 25.033 
J_iso:  0.0001 
[Testing!] DMI: ( 0.0000  0.0000  0.0000)
[Testing!]J_ani:
[[-0. -0. -0.]
 [-0. -0. -0.]
 [-0. -0. -0.]]
----------------------------------------------------------------------------------------
   Cr2   Cr2   ( -3,  -1,   0)  0.0001   (24.051, -6.943,  0.000) 25.033 
J_iso:  0.0001 
[Testing!] DMI: (-0.0000 -0.0000 -0.0000)
[Testing!]J_ani:
[[-0. -0. -0.]
 [-0. -0. -0.]
 [-0. -0. -0.]]
----------------------------------------------------------------------------------------
   Cr1   Cr1   ( -1,  -3,   0)  0.0001   (24.051,  6.943,  0.000) 25.033 
J_iso:  0.0001 
[Testing!] DMI: ( 0.0000 -0.0000 -0.0000)
[Testing!]J_ani:
[[-0.  0.  0.]
 [ 0. -0. -0.]
 [ 0. -0. -0.]]
----------------------------------------------------------------------------------------
   Cr2   Cr2   ( -1,  -3,   0)  0.0001   (24.051,  6.943,  0.000) 25.033 
J_iso:  0.0001 
[Testing!] DMI: (-0.0000  0.0000  0.0000)
[Testing!]J_ani:
[[-0.  0.  0.]
 [ 0. -0. -0.]
 [ 0. -0. -0.]]
----------------------------------------------------------------------------------------
   Cr1   Cr1   (  1,   3,   0)  0.0001   (-24.051, -6.943,  0.000) 25.033 
J_iso:  0.0001 
[Testing!] DMI: (-0.0000  0.0000  0.0000)
[Testing!]J_ani:
[[-0.  0.  0.]
 [ 0. -0. -0.]
 [ 0. -0. -0.]]
----------------------------------------------------------------------------------------
   Cr2   Cr2   (  1,   3,   0)  0.0001   (-24.051, -6.943,  0.000) 25.033 
J_iso:  0.0001 
[Testing!] DMI: ( 0.0000 -0.0000 -0.0000)
[Testing!]J_ani:
[[-0.  0.  0.]
 [ 0. -0. -0.]
 [ 0. -0. -0.]]
----------------------------------------------------------------------------------------
   Cr1   Cr1   (  3,   1,   0)  0.0001   (-24.051,  6.943,  0.000) 25.033 
J_iso:  0.0001 
[Testing!] DMI: (-0.0000 -0.0000 -0.0000)
[Testing!]J_ani:
[[-0. -0. -0.]
 [-0. -0. -0.]
 [-0. -0. -0.]]
----------------------------------------------------------------------------------------
   Cr2   Cr2   (  3,   1,   0)  0.0001   (-24.051,  6.943,  0.000) 25.033 
J_iso:  0.0001 
[Testing!] DMI: ( 0.0000  0.0000  0.0000)
[Testing!]J_ani:
[[-0. -0. -0.]
 [-0. -0. -0.]
 [-0. -0. -0.]]
----------------------------------------------------------------------------------------
   Cr1   Cr2   ( -3,  -2,   0)  0.0000   (26.056, -3.472,  0.000) 26.286 
J_iso:  0.0000 
[Testing!] DMI: (-0.0000 -0.0000 -0.0000)
[Testing!]J_ani:
[[ 0.  0. -0.]
 [ 0. -0. -0.]
 [-0. -0. -0.]]
----------------------------------------------------------------------------------------
   Cr1   Cr2   ( -2,  -3,   0)  0.0000   (26.056,  3.472,  0.000) 26.286 
J_iso:  0.0000 
[Testing!] DMI: (-0.0000  0.0000  0.0000)
[Testing!]J_ani:
[[ 0. -0.  0.]
 [-0. -0. -0.]
 [ 0. -0. -0.]]
----------------------------------------------------------------------------------------
   Cr2   Cr1   (  2,   3,   0)  0.0000   (-26.056, -3.472, -0.000) 26.286 
J_iso:  0.0000 
[Testing!] DMI: ( 0.0000 -0.0000 -0.0000)
[Testing!]J_ani:
[[ 0. -0.  0.]
 [-0. -0. -0.]
 [ 0. -0. -0.]]
----------------------------------------------------------------------------------------
   Cr2   Cr1   (  3,   2,   0)  0.0000   (-26.056,  3.472, -0.000) 26.286 
J_iso:  0.0000 
[Testing!] DMI: ( 0.0000  0.0000  0.0000)
[Testing!]J_ani:
[[ 0.  0. -0.]
 [ 0. -0. -0.]
 [-0. -0. -0.]]
----------------------------------------------------------------------------------------
   Cr2   Cr1   ( -2,  -2,   0) -0.0001   (28.060,  0.000, -0.000) 28.060 
J_iso: -0.0001 
[Testing!] DMI: ( 0.0000  0.0000  0.0000)
[Testing!]J_ani:
[[ 0.     0.     0.   ]
 [ 0.    -0.001 -0.   ]
 [ 0.    -0.    -0.   ]]
----------------------------------------------------------------------------------------
   Cr1   Cr2   (  2,   2,   0) -0.0001   (-28.060,  0.000,  0.000) 28.060 
J_iso: -0.0001 
[Testing!] DMI: (-0.0000 -0.0000 -0.0000)
[Testing!]J_ani:
[[ 0.     0.     0.   ]
 [ 0.    -0.001 -0.   ]
 [ 0.    -0.    -0.   ]]
----------------------------------------------------------------------------------------
   Cr2   Cr1   ( -3,  -1,   0) -0.0000   (28.060, -6.943, -0.000) 28.906 
J_iso: -0.0000 
[Testing!] DMI: ( 0.0000 -0.0000 -0.0000)
[Testing!]J_ani:
[[-0.     0.     0.   ]
 [ 0.    -0.001 -0.   ]
 [ 0.    -0.    -0.   ]]
----------------------------------------------------------------------------------------
   Cr2   Cr1   ( -1,  -3,   0) -0.0000   (28.060,  6.943, -0.000) 28.906 
J_iso: -0.0000 
[Testing!] DMI: ( 0.0000  0.0000  0.0000)
[Testing!]J_ani:
[[-0.    -0.    -0.   ]
 [-0.    -0.001 -0.   ]
 [-0.    -0.    -0.   ]]
----------------------------------------------------------------------------------------
   Cr1   Cr2   (  1,   3,   0) -0.0000   (-28.060, -6.943,  0.000) 28.906 
J_iso: -0.0000 
[Testing!] DMI: (-0.0000 -0.0000 -0.0000)
[Testing!]J_ani:
[[-0.    -0.    -0.   ]
 [-0.    -0.001 -0.   ]
 [-0.    -0.    -0.   ]]
----------------------------------------------------------------------------------------
   Cr1   Cr2   (  3,   1,   0) -0.0000   (-28.060,  6.943,  0.000) 28.906 
J_iso: -0.0000 
[Testing!] DMI: (-0.0000  0.0000  0.0000)
[Testing!]J_ani:
[[-0.     0.     0.   ]
 [ 0.    -0.001 -0.   ]
 [ 0.    -0.    -0.   ]]
----------------------------------------------------------------------------------------
   Cr1   Cr1   ( -3,  -2,   0)  0.0000   (30.064, -3.472,  0.000) 30.264 
J_iso:  0.0000 
[Testing!] DMI: ( 0.0000  0.0000  0.0000)
[Testing!]J_ani:
[[-0.    -0.     0.   ]
 [-0.    -0.001  0.   ]
 [ 0.     0.    -0.   ]]
----------------------------------------------------------------------------------------
   Cr2   Cr2   ( -3,  -2,   0)  0.0000   (30.064, -3.472,  0.000) 30.264 
J_iso:  0.0000 
[Testing!] DMI: (-0.0000 -0.0000 -0.0000)
[Testing!]J_ani:
[[-0.    -0.     0.   ]
 [-0.    -0.001  0.   ]
 [ 0.     0.    -0.   ]]
----------------------------------------------------------------------------------------
   Cr1   Cr1   ( -2,  -3,   0)  0.0000   (30.064,  3.472,  0.000) 30.264 
J_iso:  0.0000 
[Testing!] DMI: ( 0.0000 -0.0000 -0.0000)
[Testing!]J_ani:
[[-0.     0.    -0.   ]
 [ 0.    -0.001  0.   ]
 [-0.     0.    -0.   ]]
----------------------------------------------------------------------------------------
   Cr2   Cr2   ( -2,  -3,   0)  0.0000   (30.064,  3.472,  0.000) 30.264 
J_iso:  0.0000 
[Testing!] DMI: (-0.0000  0.0000  0.0000)
[Testing!]J_ani:
[[-0.     0.    -0.   ]
 [ 0.    -0.001  0.   ]
 [-0.     0.    -0.   ]]
----------------------------------------------------------------------------------------
   Cr1   Cr1   (  2,   3,   0)  0.0000   (-30.064, -3.472,  0.000) 30.264 
J_iso:  0.0000 
[Testing!] DMI: (-0.0000  0.0000  0.0000)
[Testing!]J_ani:
[[-0.     0.    -0.   ]
 [ 0.    -0.001  0.   ]
 [-0.     0.    -0.   ]]
----------------------------------------------------------------------------------------
   Cr1   Cr1   (  3,   2,   0)  0.0000   (-30.064,  3.472,  0.000) 30.264 
J_iso:  0.0000 
[Testing!] DMI: (-0.0000 -0.0000 -0.0000)
[Testing!]J_ani:
[[-0.    -0.     0.   ]
 [-0.    -0.001  0.   ]
 [ 0.     0.    -0.   ]]
----------------------------------------------------------------------------------------
   Cr2   Cr2   (  2,   3,   0)  0.0000   (-30.064, -3.472,  0.000) 30.264 
J_iso:  0.0000 
[Testing!] DMI: ( 0.0000 -0.0000 -0.0000)
[Testing!]J_ani:
[[-0.     0.    -0.   ]
 [ 0.    -0.001  0.   ]
 [-0.     0.    -0.   ]]
----------------------------------------------------------------------------------------
   Cr2   Cr2   (  3,   2,   0)  0.0000   (-30.064,  3.472,  0.000) 30.264 
J_iso:  0.0000 
[Testing!] DMI: ( 0.0000  0.0000  0.0000)
[Testing!]J_ani:
[[-0.    -0.     0.   ]
 [-0.    -0.001  0.   ]
 [ 0.     0.    -0.   ]]
----------------------------------------------------------------------------------------
   Cr1   Cr2   ( -3,  -3,   0)  0.0000   (32.068,  0.000,  0.000) 32.068 
J_iso:  0.0000 
[Testing!] DMI: ( 0.0000 -0.0000  0.0000)
[Testing!]J_ani:
[[ 0.  0.  0.]
 [ 0. -0.  0.]
 [ 0.  0. -0.]]
----------------------------------------------------------------------------------------
   Cr2   Cr1   (  3,   3,   0)  0.0000   (-32.068,  0.000, -0.000) 32.068 
J_iso:  0.0000 
[Testing!] DMI: (-0.0000  0.0000 -0.0000)
[Testing!]J_ani:
[[ 0.  0.  0.]
 [ 0. -0.  0.]
 [ 0.  0. -0.]]
----------------------------------------------------------------------------------------
   Cr2   Cr1   ( -3,  -2,   0) -0.0000   (34.073, -3.472, -0.000) 34.249 
J_iso: -0.0000 
[Testing!] DMI: (-0.0000 -0.0000  0.0000)
[Testing!]J_ani:
[[-0.    -0.     0.   ]
 [-0.    -0.001  0.   ]
 [ 0.     0.    -0.   ]]
----------------------------------------------------------------------------------------
   Cr2   Cr1   ( -2,  -3,   0) -0.0000   (34.073,  3.472, -0.000) 34.249 
J_iso: -0.0000 
[Testing!] DMI: (-0.0000  0.0000 -0.0000)
[Testing!]J_ani:
[[-0.     0.    -0.   ]
 [ 0.    -0.001  0.   ]
 [-0.     0.    -0.   ]]
----------------------------------------------------------------------------------------
   Cr1   Cr2   (  2,   3,   0) -0.0000   (-34.073, -3.472,  0.000) 34.249 
J_iso: -0.0000 
[Testing!] DMI: ( 0.0000 -0.0000  0.0000)
[Testing!]J_ani:
[[-0.     0.    -0.   ]
 [ 0.    -0.001  0.   ]
 [-0.     0.    -0.   ]]
----------------------------------------------------------------------------------------
   Cr1   Cr2   (  3,   2,   0) -0.0000   (-34.073,  3.472,  0.000) 34.249 
J_iso: -0.0000 
[Testing!] DMI: ( 0.0000  0.0000 -0.0000)
[Testing!]J_ani:
[[-0.    -0.     0.   ]
 [-0.    -0.001  0.   ]
 [ 0.     0.    -0.   ]]
----------------------------------------------------------------------------------------
   Cr1   Cr1   ( -3,  -3,   0)  0.0001   (36.077,  0.000,  0.000) 36.077 
J_iso:  0.0001 
[Testing!] DMI: (-0.0000  0.0000  0.0000)
[Testing!]J_ani:
[[-0.  0.  0.]
 [ 0. -0.  0.]
 [ 0.  0. -0.]]
----------------------------------------------------------------------------------------
   Cr2   Cr2   ( -3,  -3,   0)  0.0001   (36.077,  0.000,  0.000) 36.077 
J_iso:  0.0001 
[Testing!] DMI: ( 0.0000 -0.0000 -0.0000)
[Testing!]J_ani:
[[-0.  0. -0.]
 [ 0. -0.  0.]
 [-0.  0. -0.]]
----------------------------------------------------------------------------------------
   Cr1   Cr1   (  3,   3,   0)  0.0001   (-36.077,  0.000,  0.000) 36.077 
J_iso:  0.0001 
[Testing!] DMI: ( 0.0000 -0.0000 -0.0000)
[Testing!]J_ani:
[[-0.  0.  0.]
 [ 0. -0.  0.]
 [ 0.  0. -0.]]
----------------------------------------------------------------------------------------
   Cr2   Cr2   (  3,   3,   0)  0.0001   (-36.077,  0.000,  0.000) 36.077 
J_iso:  0.0001 
[Testing!] DMI: (-0.0000  0.0000  0.0000)
[Testing!]J_ani:
[[-0.  0. -0.]
 [ 0. -0.  0.]
 [-0.  0. -0.]]
----------------------------------------------------------------------------------------
   Cr2   Cr1   ( -3,  -3,   0)  0.0001   (40.085,  0.000, -0.000) 40.085 
J_iso:  0.0001 
[Testing!] DMI: ( 0.0000 -0.0000  0.0000)
[Testing!]J_ani:
[[-0.  0. -0.]
 [ 0. -0.  0.]
 [-0.  0. -0.]]
----------------------------------------------------------------------------------------
   Cr1   Cr2   (  3,   3,   0)  0.0001   (-40.085,  0.000,  0.000) 40.085 
J_iso:  0.0001 
[Testing!] DMI: (-0.0000  0.0000 -0.0000)
[Testing!]J_ani:
[[-0.  0. -0.]
 [ 0. -0.  0.]
 [-0.  0. -0.]]
