==========================================================================================
Information: 
Exchange parameters generated by TB2J 0.9.0.1
Generation time: 25/05/09 11:47:50
 Input from non-collinear Wannier90 data.
Tight binding data from ./.
Prefix of wannier function files:wannier90.
Warning: Please check if the noise level of Wannier function Hamiltonian to make sure it is much smaller than the exchange values.
The DMI component parallel to the spin orientation, the Jani which has the component of that orientation should be disregarded
e.g. if the spins are along z, the xz, yz, zz, zx, zy components and the z component of DMI.
If you need these component, try to do three calculations with spin along x, y, z,  or use structure with z rotated to x, y and z. And then use TB2J_merge.py to get the full set of parameters.
==========================================================================================
Cell (Angstrom):
-5.90858298  3.41132197  0.00000000
-5.90858298  -3.41132197  0.00000000
-0.00000000  -0.00000000  13.83830452

==========================================================================================
Atoms:  
(Note: charge and magmoms only count the wannier functions.)
Atom_number        x             y             z       w_charge    M(x)      M(y)      M(z)   
Cr1            -3.93905532   -0.00000000    6.91915226    4.6120   -0.0000    0.0001    3.0897
Cr2            -7.87811063    0.00000000    6.91915226    4.6120   -0.0000    0.0001    3.0897
I1             -2.09119973    1.20735472    5.37074519    5.4624   -0.0001   -0.0002   -0.0276
I2             -7.99978270    2.20396724    8.46755933    5.4624   -0.0003   -0.0002   -0.0276
I3             -5.90858297    0.99661252    5.37074519    5.4625   -0.0002   -0.0000   -0.0274
I4             -5.90858298   -0.99661252    8.46755933    5.4625   -0.0002   -0.0000   -0.0274
I5             -3.81738325   -2.20396724    5.37074519    5.4624   -0.0003   -0.0002   -0.0276
I6             -9.72596622   -1.20735472    8.46755933    5.4624   -0.0001   -0.0002   -0.0276
Total                                                    41.9985   -0.0013   -0.0006    6.0140

==========================================================================================
Exchange: 
    i      j          R        J_iso(meV)          vector          distance(A) 
----------------------------------------------------------------------------------------
   Cr1   Cr2   ( -1,   0,   0)  0.4079   ( 1.970, -3.411,  0.000)  3.939 
J_iso:  0.4079 
[Testing!] DMI: (-0.0000  0.0000 -0.0000)
[Testing!]J_ani:
[[-0.278 -0.027  0.192]
 [-0.027 -0.096  0.038]
 [ 0.192  0.038 -0.133]]
----------------------------------------------------------------------------------------
   Cr1   Cr2   (  0,  -1,   0)  0.3929   ( 1.970,  3.411,  0.000)  3.939 
J_iso:  0.3929 
[Testing!] DMI: ( 0.0000  0.0000 -0.0000)
[Testing!]J_ani:
[[-0.283 -0.031 -0.192]
 [-0.031 -0.047 -0.018]
 [-0.192 -0.018 -0.14 ]]
----------------------------------------------------------------------------------------
   Cr2   Cr1   (  0,   1,   0)  0.3929   (-1.970, -3.411, -0.000)  3.939 
J_iso:  0.3929 
[Testing!] DMI: (-0.0000 -0.0000  0.0000)
[Testing!]J_ani:
[[-0.283 -0.031 -0.192]
 [-0.031 -0.047 -0.018]
 [-0.192 -0.018 -0.14 ]]
----------------------------------------------------------------------------------------
   Cr2   Cr1   (  1,   0,   0)  0.4079   (-1.970,  3.411, -0.000)  3.939 
J_iso:  0.4079 
[Testing!] DMI: ( 0.0000 -0.0000  0.0000)
[Testing!]J_ani:
[[-0.278 -0.027  0.192]
 [-0.027 -0.096  0.038]
 [ 0.192  0.038 -0.133]]
----------------------------------------------------------------------------------------
   Cr1   Cr2   (  0,   0,   0)  0.4140   (-3.939,  0.000,  0.000)  3.939 
J_iso:  0.4140 
[Testing!] DMI: ( 0.0000  0.0000 -0.0000)
[Testing!]J_ani:
[[-0.177 -0.037  0.   ]
 [-0.037 -0.087 -0.052]
 [ 0.    -0.052 -0.281]]
----------------------------------------------------------------------------------------
   Cr2   Cr1   (  0,   0,   0)  0.4140   ( 3.939, -0.000, -0.000)  3.939 
J_iso:  0.4140 
[Testing!] DMI: (-0.0000 -0.0000  0.0000)
[Testing!]J_ani:
[[-0.177 -0.037  0.   ]
 [-0.037 -0.087 -0.052]
 [ 0.    -0.052 -0.281]]
----------------------------------------------------------------------------------------
   Cr1   Cr1   ( -1,   1,   0)  0.7869   ( 0.000, -6.823,  0.000)  6.823 
J_iso:  0.7869 
[Testing!] DMI: (-0.0049 -0.0048 -0.0035)
[Testing!]J_ani:
[[-0.123 -0.021  0.   ]
 [-0.021 -0.119  0.001]
 [ 0.     0.001 -0.058]]
----------------------------------------------------------------------------------------
   Cr2   Cr2   ( -1,   1,   0)  0.7869   ( 0.000, -6.823,  0.000)  6.823 
J_iso:  0.7869 
[Testing!] DMI: ( 0.0049  0.0048  0.0035)
[Testing!]J_ani:
[[-0.123 -0.021  0.   ]
 [-0.021 -0.119  0.001]
 [ 0.     0.001 -0.058]]
----------------------------------------------------------------------------------------
   Cr1   Cr1   (  1,  -1,   0)  0.7869   ( 0.000,  6.823,  0.000)  6.823 
J_iso:  0.7869 
[Testing!] DMI: ( 0.0049  0.0048  0.0035)
[Testing!]J_ani:
[[-0.123 -0.021  0.   ]
 [-0.021 -0.119  0.001]
 [ 0.     0.001 -0.058]]
----------------------------------------------------------------------------------------
   Cr2   Cr2   (  1,  -1,   0)  0.7869   ( 0.000,  6.823,  0.000)  6.823 
J_iso:  0.7869 
[Testing!] DMI: (-0.0049 -0.0048 -0.0035)
[Testing!]J_ani:
[[-0.123 -0.021  0.   ]
 [-0.021 -0.119  0.001]
 [ 0.     0.001 -0.058]]
----------------------------------------------------------------------------------------
   Cr1   Cr1   (  0,   1,   0)  0.8651   (-5.909, -3.411,  0.000)  6.823 
J_iso:  0.8651 
[Testing!] DMI: (-0.0055  0.0108 -0.0338)
[Testing!]J_ani:
[[-0.138 -0.018  0.023]
 [-0.018 -0.237 -0.007]
 [ 0.023 -0.007 -0.156]]
----------------------------------------------------------------------------------------
   Cr1   Cr1   (  1,   0,   0)  0.8807   (-5.909,  3.411,  0.000)  6.823 
J_iso:  0.8807 
[Testing!] DMI: (-0.0153  0.0074 -0.0686)
[Testing!]J_ani:
[[-0.142 -0.019 -0.024]
 [-0.019 -0.273 -0.001]
 [-0.024 -0.001 -0.163]]
----------------------------------------------------------------------------------------
   Cr1   Cr1   ( -1,   0,   0)  0.8807   ( 5.909, -3.411,  0.000)  6.823 
J_iso:  0.8807 
[Testing!] DMI: ( 0.0153 -0.0074  0.0686)
[Testing!]J_ani:
[[-0.142 -0.019 -0.024]
 [-0.019 -0.273 -0.001]
 [-0.024 -0.001 -0.163]]
----------------------------------------------------------------------------------------
   Cr2   Cr2   ( -1,   0,   0)  0.8807   ( 5.909, -3.411,  0.000)  6.823 
J_iso:  0.8807 
[Testing!] DMI: (-0.0153  0.0074 -0.0686)
[Testing!]J_ani:
[[-0.142 -0.019 -0.024]
 [-0.019 -0.273 -0.001]
 [-0.024 -0.001 -0.163]]
----------------------------------------------------------------------------------------
   Cr1   Cr1   (  0,  -1,   0)  0.8651   ( 5.909,  3.411,  0.000)  6.823 
J_iso:  0.8651 
[Testing!] DMI: ( 0.0055 -0.0108  0.0338)
[Testing!]J_ani:
[[-0.138 -0.018  0.023]
 [-0.018 -0.237 -0.007]
 [ 0.023 -0.007 -0.156]]
----------------------------------------------------------------------------------------
   Cr2   Cr2   (  0,  -1,   0)  0.8651   ( 5.909,  3.411,  0.000)  6.823 
J_iso:  0.8651 
[Testing!] DMI: (-0.0055  0.0108 -0.0338)
[Testing!]J_ani:
[[-0.138 -0.018  0.023]
 [-0.018 -0.237 -0.007]
 [ 0.023 -0.007 -0.156]]
----------------------------------------------------------------------------------------
   Cr2   Cr2   (  0,   1,   0)  0.8651   (-5.909, -3.411,  0.000)  6.823 
J_iso:  0.8651 
[Testing!] DMI: ( 0.0055 -0.0108  0.0338)
[Testing!]J_ani:
[[-0.138 -0.018  0.023]
 [-0.018 -0.237 -0.007]
 [ 0.023 -0.007 -0.156]]
----------------------------------------------------------------------------------------
   Cr2   Cr2   (  1,   0,   0)  0.8807   (-5.909,  3.411,  0.000)  6.823 
J_iso:  0.8807 
[Testing!] DMI: ( 0.0153 -0.0074  0.0686)
[Testing!]J_ani:
[[-0.142 -0.019 -0.024]
 [-0.019 -0.273 -0.001]
 [-0.024 -0.001 -0.163]]
----------------------------------------------------------------------------------------
   Cr1   Cr2   ( -1,   1,   0) -0.0981   (-3.939, -6.823,  0.000)  7.878 
J_iso: -0.0981 
[Testing!] DMI: ( 0.0000  0.0000 -0.0000)
[Testing!]J_ani:
[[-0.101 -0.109 -0.008]
 [-0.109 -0.055  0.033]
 [-0.008  0.033 -0.048]]
----------------------------------------------------------------------------------------
   Cr2   Cr1   ( -1,   1,   0) -0.0937   ( 3.939, -6.823, -0.000)  7.878 
J_iso: -0.0937 
[Testing!] DMI: (-0.0000  0.0000 -0.0000)
[Testing!]J_ani:
[[-0.116 -0.12   0.007]
 [-0.12  -0.073  0.046]
 [ 0.007  0.046 -0.037]]
----------------------------------------------------------------------------------------
   Cr1   Cr2   (  1,  -1,   0) -0.0937   (-3.939,  6.823,  0.000)  7.878 
J_iso: -0.0937 
[Testing!] DMI: ( 0.0000 -0.0000  0.0000)
[Testing!]J_ani:
[[-0.116 -0.12   0.007]
 [-0.12  -0.073  0.046]
 [ 0.007  0.046 -0.037]]
----------------------------------------------------------------------------------------
   Cr2   Cr1   (  1,  -1,   0) -0.0981   ( 3.939,  6.823, -0.000)  7.878 
J_iso: -0.0981 
[Testing!] DMI: (-0.0000 -0.0000  0.0000)
[Testing!]J_ani:
[[-0.101 -0.109 -0.008]
 [-0.109 -0.055  0.033]
 [-0.008  0.033 -0.048]]
----------------------------------------------------------------------------------------
   Cr1   Cr2   ( -1,  -1,   0) -0.0784   ( 7.878,  0.000,  0.000)  7.878 
J_iso: -0.0784 
[Testing!] DMI: ( 0.0000  0.0000  0.0000)
[Testing!]J_ani:
[[-0.106 -0.097 -0.   ]
 [-0.097 -0.073 -0.04 ]
 [-0.    -0.04  -0.078]]
----------------------------------------------------------------------------------------
   Cr2   Cr1   (  1,   1,   0) -0.0784   (-7.878, -0.000, -0.000)  7.878 
J_iso: -0.0784 
[Testing!] DMI: (-0.0000 -0.0000 -0.0000)
[Testing!]J_ani:
[[-0.106 -0.097 -0.   ]
 [-0.097 -0.073 -0.04 ]
 [-0.    -0.04  -0.078]]
----------------------------------------------------------------------------------------
   Cr1   Cr2   ( -2,   1,   0)  0.0255   ( 1.970, -10.234,  0.000) 10.422 
J_iso:  0.0255 
[Testing!] DMI: ( 0.0000  0.0000 -0.0000)
[Testing!]J_ani:
[[-0.032  0.004 -0.   ]
 [ 0.004 -0.029  0.007]
 [-0.     0.007 -0.002]]
----------------------------------------------------------------------------------------
   Cr2   Cr1   ( -1,   2,   0)  0.0330   (-1.970, -10.234, -0.000) 10.422 
J_iso:  0.0330 
[Testing!] DMI: (-0.0000  0.0000  0.0000)
[Testing!]J_ani:
[[-0.015 -0.031  0.   ]
 [-0.031 -0.054  0.003]
 [ 0.     0.003 -0.01 ]]
----------------------------------------------------------------------------------------
   Cr1   Cr2   (  1,  -2,   0)  0.0330   ( 1.970, 10.234,  0.000) 10.422 
J_iso:  0.0330 
[Testing!] DMI: ( 0.0000 -0.0000 -0.0000)
[Testing!]J_ani:
[[-0.015 -0.031  0.   ]
 [-0.031 -0.054  0.003]
 [ 0.     0.003 -0.01 ]]
----------------------------------------------------------------------------------------
   Cr2   Cr1   (  2,  -1,   0)  0.0255   (-1.970, 10.234, -0.000) 10.422 
J_iso:  0.0255 
[Testing!] DMI: (-0.0000 -0.0000  0.0000)
[Testing!]J_ani:
[[-0.032  0.004 -0.   ]
 [ 0.004 -0.029  0.007]
 [-0.     0.007 -0.002]]
----------------------------------------------------------------------------------------
   Cr1   Cr2   ( -2,   0,   0)  0.0511   ( 7.878, -6.823,  0.000) 10.422 
J_iso:  0.0511 
[Testing!] DMI: ( 0.0000  0.0000  0.0000)
[Testing!]J_ani:
[[-0.02  -0.033 -0.001]
 [-0.033 -0.074  0.038]
 [-0.001  0.038 -0.045]]
----------------------------------------------------------------------------------------
   Cr1   Cr2   (  0,  -2,   0)  0.0438   ( 7.878,  6.823,  0.000) 10.422 
J_iso:  0.0438 
[Testing!] DMI: ( 0.0000 -0.0000 -0.0000)
[Testing!]J_ani:
[[-0.027  0.006  0.001]
 [ 0.006 -0.048  0.045]
 [ 0.001  0.045 -0.037]]
----------------------------------------------------------------------------------------
   Cr2   Cr1   (  0,   2,   0)  0.0438   (-7.878, -6.823, -0.000) 10.422 
J_iso:  0.0438 
[Testing!] DMI: (-0.0000  0.0000  0.0000)
[Testing!]J_ani:
[[-0.027  0.006  0.001]
 [ 0.006 -0.048  0.045]
 [ 0.001  0.045 -0.037]]
----------------------------------------------------------------------------------------
   Cr2   Cr1   (  2,   0,   0)  0.0511   (-7.878,  6.823, -0.000) 10.422 
J_iso:  0.0511 
[Testing!] DMI: (-0.0000 -0.0000 -0.0000)
[Testing!]J_ani:
[[-0.02  -0.033 -0.001]
 [-0.033 -0.074  0.038]
 [-0.001  0.038 -0.045]]
----------------------------------------------------------------------------------------
   Cr2   Cr1   ( -1,   0,   0)  0.0493   ( 9.848, -3.411, -0.000) 10.422 
J_iso:  0.0493 
[Testing!] DMI: ( 0.0000  0.0000 -0.0000)
[Testing!]J_ani:
[[-0.031  0.013 -0.   ]
 [ 0.013 -0.078 -0.029]
 [-0.    -0.029 -0.025]]
----------------------------------------------------------------------------------------
   Cr2   Cr1   (  0,  -1,   0)  0.0447   ( 9.848,  3.411, -0.000) 10.422 
J_iso:  0.0447 
[Testing!] DMI: ( 0.0000  0.0000  0.0000)
[Testing!]J_ani:
[[-0.014 -0.022  0.   ]
 [-0.022 -0.082 -0.042]
 [ 0.    -0.042 -0.024]]
----------------------------------------------------------------------------------------
   Cr1   Cr2   (  0,   1,   0)  0.0447   (-9.848, -3.411,  0.000) 10.422 
J_iso:  0.0447 
[Testing!] DMI: (-0.0000 -0.0000 -0.0000)
[Testing!]J_ani:
[[-0.014 -0.022  0.   ]
 [-0.022 -0.082 -0.042]
 [ 0.    -0.042 -0.024]]
----------------------------------------------------------------------------------------
   Cr1   Cr2   (  1,   0,   0)  0.0493   (-9.848,  3.411,  0.000) 10.422 
J_iso:  0.0493 
[Testing!] DMI: (-0.0000 -0.0000  0.0000)
[Testing!]J_ani:
[[-0.031  0.013 -0.   ]
 [ 0.013 -0.078 -0.029]
 [-0.    -0.029 -0.025]]
----------------------------------------------------------------------------------------
   Cr1   Cr1   ( -2,   1,   0)  0.0027   ( 5.909, -10.234,  0.000) 11.817 
J_iso:  0.0027 
[Testing!] DMI: (-0.0066  0.0050 -0.0006)
[Testing!]J_ani:
[[-0.013 -0.002 -0.001]
 [-0.002 -0.049 -0.003]
 [-0.001 -0.003 -0.013]]
----------------------------------------------------------------------------------------
   Cr2   Cr2   ( -2,   1,   0)  0.0027   ( 5.909, -10.234,  0.000) 11.817 
J_iso:  0.0027 
[Testing!] DMI: ( 0.0066 -0.0050  0.0006)
[Testing!]J_ani:
[[-0.013 -0.002 -0.001]
 [-0.002 -0.049 -0.003]
 [-0.001 -0.003 -0.013]]
----------------------------------------------------------------------------------------
   Cr1   Cr1   ( -1,   2,   0) -0.0034   (-5.909, -10.234,  0.000) 11.817 
J_iso: -0.0034 
[Testing!] DMI: ( 0.0068 -0.0028 -0.0011)
[Testing!]J_ani:
[[-0.014 -0.003  0.001]
 [-0.003 -0.027  0.001]
 [ 0.001  0.001 -0.018]]
----------------------------------------------------------------------------------------
   Cr2   Cr2   ( -1,   2,   0) -0.0034   (-5.909, -10.234,  0.000) 11.817 
J_iso: -0.0034 
[Testing!] DMI: (-0.0068  0.0028  0.0011)
[Testing!]J_ani:
[[-0.014 -0.003  0.001]
 [-0.003 -0.027  0.001]
 [ 0.001  0.001 -0.018]]
----------------------------------------------------------------------------------------
   Cr1   Cr1   (  1,  -2,   0) -0.0034   ( 5.909, 10.234,  0.000) 11.817 
J_iso: -0.0034 
[Testing!] DMI: (-0.0068  0.0028  0.0011)
[Testing!]J_ani:
[[-0.014 -0.003  0.001]
 [-0.003 -0.027  0.001]
 [ 0.001  0.001 -0.018]]
----------------------------------------------------------------------------------------
   Cr2   Cr2   (  1,  -2,   0) -0.0034   ( 5.909, 10.234,  0.000) 11.817 
J_iso: -0.0034 
[Testing!] DMI: ( 0.0068 -0.0028 -0.0011)
[Testing!]J_ani:
[[-0.014 -0.003  0.001]
 [-0.003 -0.027  0.001]
 [ 0.001  0.001 -0.018]]
----------------------------------------------------------------------------------------
   Cr1   Cr1   (  2,  -1,   0)  0.0027   (-5.909, 10.234,  0.000) 11.817 
J_iso:  0.0027 
[Testing!] DMI: ( 0.0066 -0.0050  0.0006)
[Testing!]J_ani:
[[-0.013 -0.002 -0.001]
 [-0.002 -0.049 -0.003]
 [-0.001 -0.003 -0.013]]
----------------------------------------------------------------------------------------
   Cr2   Cr2   (  2,  -1,   0)  0.0027   (-5.909, 10.234,  0.000) 11.817 
J_iso:  0.0027 
[Testing!] DMI: (-0.0066  0.0050 -0.0006)
[Testing!]J_ani:
[[-0.013 -0.002 -0.001]
 [-0.002 -0.049 -0.003]
 [-0.001 -0.003 -0.013]]
----------------------------------------------------------------------------------------
   Cr2   Cr2   (  1,   1,   0) -0.0041   (-11.817,  0.000,  0.000) 11.817 
J_iso: -0.0041 
[Testing!] DMI: (-0.0005 -0.0070 -0.0014)
[Testing!]J_ani:
[[-0.008 -0.    -0.   ]
 [-0.    -0.021  0.004]
 [-0.     0.004 -0.025]]
----------------------------------------------------------------------------------------
   Cr1   Cr1   ( -1,  -1,   0) -0.0041   (11.817,  0.000,  0.000) 11.817 
J_iso: -0.0041 
[Testing!] DMI: (-0.0005 -0.0070 -0.0014)
[Testing!]J_ani:
[[-0.008 -0.    -0.   ]
 [-0.    -0.021  0.004]
 [-0.     0.004 -0.025]]
----------------------------------------------------------------------------------------
   Cr2   Cr2   ( -1,  -1,   0) -0.0041   (11.817,  0.000,  0.000) 11.817 
J_iso: -0.0041 
[Testing!] DMI: ( 0.0005  0.0070  0.0014)
[Testing!]J_ani:
[[-0.008 -0.    -0.   ]
 [-0.    -0.021  0.004]
 [-0.     0.004 -0.025]]
----------------------------------------------------------------------------------------
   Cr1   Cr1   (  1,   1,   0) -0.0041   (-11.817,  0.000,  0.000) 11.817 
J_iso: -0.0041 
[Testing!] DMI: ( 0.0005  0.0070  0.0014)
[Testing!]J_ani:
[[-0.008 -0.    -0.   ]
 [-0.    -0.021  0.004]
 [-0.     0.004 -0.025]]
----------------------------------------------------------------------------------------
   Cr1   Cr1   ( -2,   2,   0)  0.0033   ( 0.000, -13.645,  0.000) 13.645 
J_iso:  0.0033 
[Testing!] DMI: (-0.0001 -0.0020  0.0004)
[Testing!]J_ani:
[[-0.01  -0.007 -0.   ]
 [-0.007 -0.014  0.   ]
 [-0.     0.    -0.011]]
----------------------------------------------------------------------------------------
   Cr2   Cr2   ( -2,   2,   0)  0.0033   ( 0.000, -13.645,  0.000) 13.645 
J_iso:  0.0033 
[Testing!] DMI: ( 0.0001  0.0020 -0.0004)
[Testing!]J_ani:
[[-0.01  -0.007 -0.   ]
 [-0.007 -0.014  0.   ]
 [-0.     0.    -0.011]]
----------------------------------------------------------------------------------------
   Cr1   Cr1   (  2,  -2,   0)  0.0033   ( 0.000, 13.645,  0.000) 13.645 
J_iso:  0.0033 
[Testing!] DMI: ( 0.0001  0.0020 -0.0004)
[Testing!]J_ani:
[[-0.01  -0.007 -0.   ]
 [-0.007 -0.014  0.   ]
 [-0.     0.    -0.011]]
----------------------------------------------------------------------------------------
   Cr2   Cr2   (  2,  -2,   0)  0.0033   ( 0.000, 13.645,  0.000) 13.645 
J_iso:  0.0033 
[Testing!] DMI: (-0.0001 -0.0020  0.0004)
[Testing!]J_ani:
[[-0.01  -0.007 -0.   ]
 [-0.007 -0.014  0.   ]
 [-0.     0.    -0.011]]
----------------------------------------------------------------------------------------
   Cr2   Cr2   (  0,   2,   0) -0.0019   (-11.817, -6.823,  0.000) 13.645 
J_iso: -0.0019 
[Testing!] DMI: (-0.0004 -0.0005 -0.0032)
[Testing!]J_ani:
[[-0.008 -0.005 -0.   ]
 [-0.005 -0.006  0.002]
 [-0.     0.002 -0.01 ]]
----------------------------------------------------------------------------------------
   Cr2   Cr2   (  2,   0,   0)  0.0079   (-11.817,  6.823,  0.000) 13.645 
J_iso:  0.0079 
[Testing!] DMI: ( 0.0004  0.0010 -0.0059)
[Testing!]J_ani:
[[-0.011 -0.006 -0.   ]
 [-0.006 -0.02   0.005]
 [-0.     0.005 -0.012]]
----------------------------------------------------------------------------------------
   Cr1   Cr1   ( -2,   0,   0)  0.0079   (11.817, -6.823,  0.000) 13.645 
J_iso:  0.0079 
[Testing!] DMI: ( 0.0004  0.0010 -0.0059)
[Testing!]J_ani:
[[-0.011 -0.006 -0.   ]
 [-0.006 -0.02   0.005]
 [-0.     0.005 -0.012]]
----------------------------------------------------------------------------------------
   Cr2   Cr2   ( -2,   0,   0)  0.0079   (11.817, -6.823,  0.000) 13.645 
J_iso:  0.0079 
[Testing!] DMI: (-0.0004 -0.0010  0.0059)
[Testing!]J_ani:
[[-0.011 -0.006 -0.   ]
 [-0.006 -0.02   0.005]
 [-0.     0.005 -0.012]]
----------------------------------------------------------------------------------------
   Cr1   Cr1   (  0,  -2,   0) -0.0019   (11.817,  6.823,  0.000) 13.645 
J_iso: -0.0019 
[Testing!] DMI: (-0.0004 -0.0005 -0.0032)
[Testing!]J_ani:
[[-0.008 -0.005 -0.   ]
 [-0.005 -0.006  0.002]
 [-0.     0.002 -0.01 ]]
----------------------------------------------------------------------------------------
   Cr2   Cr2   (  0,  -2,   0) -0.0019   (11.817,  6.823,  0.000) 13.645 
J_iso: -0.0019 
[Testing!] DMI: ( 0.0004  0.0005  0.0032)
[Testing!]J_ani:
[[-0.008 -0.005 -0.   ]
 [-0.005 -0.006  0.002]
 [-0.     0.002 -0.01 ]]
----------------------------------------------------------------------------------------
   Cr1   Cr1   (  0,   2,   0) -0.0019   (-11.817, -6.823,  0.000) 13.645 
J_iso: -0.0019 
[Testing!] DMI: ( 0.0004  0.0005  0.0032)
[Testing!]J_ani:
[[-0.008 -0.005 -0.   ]
 [-0.005 -0.006  0.002]
 [-0.     0.002 -0.01 ]]
----------------------------------------------------------------------------------------
   Cr1   Cr1   (  2,   0,   0)  0.0079   (-11.817,  6.823,  0.000) 13.645 
J_iso:  0.0079 
[Testing!] DMI: (-0.0004 -0.0010  0.0059)
[Testing!]J_ani:
[[-0.011 -0.006 -0.   ]
 [-0.006 -0.02   0.005]
 [-0.     0.005 -0.012]]
----------------------------------------------------------------------------------------
   Cr1   Cr2   ( -2,   2,   0)  0.0075   (-3.939, -13.645,  0.000) 14.202 
J_iso:  0.0075 
[Testing!] DMI: ( 0.0000  0.0000 -0.0000)
[Testing!]J_ani:
[[-0.009 -0.    -0.001]
 [-0.    -0.007  0.005]
 [-0.001  0.005 -0.006]]
----------------------------------------------------------------------------------------
   Cr2   Cr1   ( -2,   2,   0)  0.0075   ( 3.939, -13.645, -0.000) 14.202 
J_iso:  0.0075 
[Testing!] DMI: (-0.0000  0.0000 -0.0000)
[Testing!]J_ani:
[[-0.007  0.001  0.001]
 [ 0.001 -0.012 -0.003]
 [ 0.001 -0.003 -0.001]]
----------------------------------------------------------------------------------------
   Cr1   Cr2   (  2,  -2,   0)  0.0075   (-3.939, 13.645,  0.000) 14.202 
J_iso:  0.0075 
[Testing!] DMI: ( 0.0000 -0.0000  0.0000)
[Testing!]J_ani:
[[-0.007  0.001  0.001]
 [ 0.001 -0.012 -0.003]
 [ 0.001 -0.003 -0.001]]
----------------------------------------------------------------------------------------
   Cr2   Cr1   (  2,  -2,   0)  0.0075   ( 3.939, 13.645, -0.000) 14.202 
J_iso:  0.0075 
[Testing!] DMI: (-0.0000 -0.0000  0.0000)
[Testing!]J_ani:
[[-0.009 -0.    -0.001]
 [-0.    -0.007  0.005]
 [-0.001  0.005 -0.006]]
----------------------------------------------------------------------------------------
   Cr2   Cr1   ( -2,   1,   0)  0.0116   ( 9.848, -10.234, -0.000) 14.202 
J_iso:  0.0116 
[Testing!] DMI: (-0.0000 -0.0000  0.0000)
[Testing!]J_ani:
[[-0.011  0.005  0.   ]
 [ 0.005 -0.007 -0.005]
 [ 0.    -0.005 -0.016]]
----------------------------------------------------------------------------------------
   Cr1   Cr2   ( -1,   2,   0)  0.0057   (-9.848, -10.234,  0.000) 14.202 
J_iso:  0.0057 
[Testing!] DMI: ( 0.0000  0.0000  0.0000)
[Testing!]J_ani:
[[-0.008 -0.003 -0.   ]
 [-0.003 -0.008 -0.004]
 [-0.    -0.004  0.   ]]
----------------------------------------------------------------------------------------
   Cr2   Cr1   (  1,  -2,   0)  0.0057   ( 9.848, 10.234, -0.000) 14.202 
J_iso:  0.0057 
[Testing!] DMI: (-0.0000 -0.0000 -0.0000)
[Testing!]J_ani:
[[-0.008 -0.003 -0.   ]
 [-0.003 -0.008 -0.004]
 [-0.    -0.004  0.   ]]
----------------------------------------------------------------------------------------
   Cr1   Cr2   (  2,  -1,   0)  0.0116   (-9.848, 10.234,  0.000) 14.202 
J_iso:  0.0116 
[Testing!] DMI: ( 0.0000  0.0000 -0.0000)
[Testing!]J_ani:
[[-0.011  0.005  0.   ]
 [ 0.005 -0.007 -0.005]
 [ 0.    -0.005 -0.016]]
----------------------------------------------------------------------------------------
   Cr1   Cr2   ( -2,  -1,   0)  0.0139   (13.787, -3.411,  0.000) 14.202 
J_iso:  0.0139 
[Testing!] DMI: (-0.0000 -0.0000  0.0000)
[Testing!]J_ani:
[[-0.004  0.001 -0.001]
 [ 0.001 -0.022 -0.009]
 [-0.001 -0.009 -0.014]]
----------------------------------------------------------------------------------------
   Cr1   Cr2   ( -1,  -2,   0)  0.0096   (13.787,  3.411,  0.000) 14.202 
J_iso:  0.0096 
[Testing!] DMI: (-0.0000 -0.0000  0.0000)
[Testing!]J_ani:
[[-0.003  0.001  0.001]
 [ 0.001 -0.01  -0.013]
 [ 0.001 -0.013 -0.012]]
----------------------------------------------------------------------------------------
   Cr2   Cr1   (  1,   2,   0)  0.0096   (-13.787, -3.411, -0.000) 14.202 
J_iso:  0.0096 
[Testing!] DMI: ( 0.0000  0.0000 -0.0000)
[Testing!]J_ani:
[[-0.003  0.001  0.001]
 [ 0.001 -0.01  -0.013]
 [ 0.001 -0.013 -0.012]]
----------------------------------------------------------------------------------------
   Cr2   Cr1   (  2,   1,   0)  0.0139   (-13.787,  3.411, -0.000) 14.202 
J_iso:  0.0139 
[Testing!] DMI: ( 0.0000  0.0000 -0.0000)
[Testing!]J_ani:
[[-0.004  0.001 -0.001]
 [ 0.001 -0.022 -0.009]
 [-0.001 -0.009 -0.014]]
----------------------------------------------------------------------------------------
   Cr1   Cr2   ( -3,   1,   0) -0.0015   ( 7.878, -13.645,  0.000) 15.756 
J_iso: -0.0015 
[Testing!] DMI: ( 0.0000  0.0000 -0.0000)
[Testing!]J_ani:
[[-0.005 -0.004 -0.   ]
 [-0.004 -0.007 -0.001]
 [-0.    -0.001 -0.008]]
----------------------------------------------------------------------------------------
   Cr2   Cr1   ( -1,   3,   0) -0.0001   (-7.878, -13.645, -0.000) 15.756 
J_iso: -0.0001 
[Testing!] DMI: (-0.0000  0.0000 -0.0000)
[Testing!]J_ani:
[[-0.005 -0.003  0.   ]
 [-0.003 -0.01   0.01 ]
 [ 0.     0.01  -0.   ]]
----------------------------------------------------------------------------------------
   Cr1   Cr2   (  1,  -3,   0) -0.0001   ( 7.878, 13.645,  0.000) 15.756 
J_iso: -0.0001 
[Testing!] DMI: ( 0.0000 -0.0000  0.0000)
[Testing!]J_ani:
[[-0.005 -0.003  0.   ]
 [-0.003 -0.01   0.01 ]
 [ 0.     0.01  -0.   ]]
----------------------------------------------------------------------------------------
   Cr2   Cr1   (  3,  -1,   0) -0.0015   (-7.878, 13.645, -0.000) 15.756 
J_iso: -0.0015 
[Testing!] DMI: (-0.0000 -0.0000  0.0000)
[Testing!]J_ani:
[[-0.005 -0.004 -0.   ]
 [-0.004 -0.007 -0.001]
 [-0.    -0.001 -0.008]]
----------------------------------------------------------------------------------------
   Cr1   Cr2   (  1,   1,   0)  0.0043   (-15.756,  0.000,  0.000) 15.756 
J_iso:  0.0043 
[Testing!] DMI: ( 0.0000  0.0000 -0.0000)
[Testing!]J_ani:
[[-0.005 -0.003 -0.   ]
 [-0.003 -0.013 -0.009]
 [-0.    -0.009 -0.014]]
----------------------------------------------------------------------------------------
   Cr2   Cr1   ( -1,  -1,   0)  0.0043   (15.756, -0.000, -0.000) 15.756 
J_iso:  0.0043 
[Testing!] DMI: (-0.0000 -0.0000  0.0000)
[Testing!]J_ani:
[[-0.005 -0.003 -0.   ]
 [-0.003 -0.013 -0.009]
 [-0.    -0.009 -0.014]]
----------------------------------------------------------------------------------------
   Cr1   Cr2   ( -3,   2,   0)  0.0041   ( 1.970, -17.057,  0.000) 17.170 
J_iso:  0.0041 
[Testing!] DMI: ( 0.0000  0.0000  0.0000)
[Testing!]J_ani:
[[-0.003 -0.    -0.   ]
 [-0.    -0.01   0.011]
 [-0.     0.011 -0.003]]
----------------------------------------------------------------------------------------
   Cr2   Cr1   ( -2,   3,   0)  0.0077   (-1.970, -17.057, -0.000) 17.170 
J_iso:  0.0077 
[Testing!] DMI: ( 0.0000  0.0000 -0.0000)
[Testing!]J_ani:
[[-0.003  0.     0.   ]
 [ 0.    -0.009  0.002]
 [ 0.     0.002 -0.009]]
----------------------------------------------------------------------------------------
   Cr1   Cr2   (  2,  -3,   0)  0.0077   ( 1.970, 17.057,  0.000) 17.170 
J_iso:  0.0077 
[Testing!] DMI: (-0.0000 -0.0000  0.0000)
[Testing!]J_ani:
[[-0.003  0.     0.   ]
 [ 0.    -0.009  0.002]
 [ 0.     0.002 -0.009]]
----------------------------------------------------------------------------------------
   Cr2   Cr1   (  3,  -2,   0)  0.0041   (-1.970, 17.057, -0.000) 17.170 
J_iso:  0.0041 
[Testing!] DMI: (-0.0000 -0.0000 -0.0000)
[Testing!]J_ani:
[[-0.003 -0.    -0.   ]
 [-0.    -0.01   0.011]
 [-0.     0.011 -0.003]]
----------------------------------------------------------------------------------------
   Cr1   Cr2   ( -3,   0,   0)  0.0069   (13.787, -10.234,  0.000) 17.170 
J_iso:  0.0069 
[Testing!] DMI: ( 0.0000  0.0000  0.0000)
[Testing!]J_ani:
[[-0.004 -0.    -0.   ]
 [-0.    -0.004 -0.002]
 [-0.    -0.002 -0.015]]
----------------------------------------------------------------------------------------
   Cr1   Cr2   (  0,  -3,   0)  0.0030   (13.787, 10.234,  0.000) 17.170 
J_iso:  0.0030 
[Testing!] DMI: (-0.0000 -0.0000  0.0000)
[Testing!]J_ani:
[[-0.004 -0.002  0.   ]
 [-0.002 -0.004 -0.001]
 [ 0.    -0.001  0.002]]
----------------------------------------------------------------------------------------
   Cr2   Cr1   (  0,   3,   0)  0.0030   (-13.787, -10.234, -0.000) 17.170 
J_iso:  0.0030 
[Testing!] DMI: ( 0.0000  0.0000 -0.0000)
[Testing!]J_ani:
[[-0.004 -0.002  0.   ]
 [-0.002 -0.004 -0.001]
 [ 0.    -0.001  0.002]]
----------------------------------------------------------------------------------------
   Cr2   Cr1   (  3,   0,   0)  0.0069   (-13.787, 10.234, -0.000) 17.170 
J_iso:  0.0069 
[Testing!] DMI: (-0.0000 -0.0000 -0.0000)
[Testing!]J_ani:
[[-0.004 -0.    -0.   ]
 [-0.    -0.004 -0.002]
 [-0.    -0.002 -0.015]]
----------------------------------------------------------------------------------------
   Cr1   Cr2   (  0,   2,   0)  0.0030   (-15.756, -6.823,  0.000) 17.170 
J_iso:  0.0030 
[Testing!] DMI: (-0.0000  0.0000  0.0000)
[Testing!]J_ani:
[[-0.002 -0.    -0.   ]
 [-0.    -0.004  0.005]
 [-0.     0.005 -0.002]]
----------------------------------------------------------------------------------------
   Cr1   Cr2   (  2,   0,   0)  0.0082   (-15.756,  6.823,  0.000) 17.170 
J_iso:  0.0082 
[Testing!] DMI: (-0.0000  0.0000  0.0000)
[Testing!]J_ani:
[[-0.005 -0.002 -0.   ]
 [-0.002 -0.005  0.006]
 [-0.     0.006 -0.017]]
----------------------------------------------------------------------------------------
   Cr2   Cr1   ( -2,   0,   0)  0.0082   (15.756, -6.823, -0.000) 17.170 
J_iso:  0.0082 
[Testing!] DMI: ( 0.0000 -0.0000 -0.0000)
[Testing!]J_ani:
[[-0.005 -0.002 -0.   ]
 [-0.002 -0.005  0.006]
 [-0.     0.006 -0.017]]
----------------------------------------------------------------------------------------
   Cr2   Cr1   (  0,  -2,   0)  0.0030   (15.756,  6.823, -0.000) 17.170 
J_iso:  0.0030 
[Testing!] DMI: ( 0.0000 -0.0000 -0.0000)
[Testing!]J_ani:
[[-0.002 -0.    -0.   ]
 [-0.    -0.004  0.005]
 [-0.     0.005 -0.002]]
----------------------------------------------------------------------------------------
   Cr1   Cr1   ( -3,   2,   0)  0.0056   ( 5.909, -17.057,  0.000) 18.051 
J_iso:  0.0056 
[Testing!] DMI: (-0.0001 -0.0009  0.0007)
[Testing!]J_ani:
[[-0.007  0.     0.   ]
 [ 0.    -0.007 -0.   ]
 [ 0.    -0.    -0.003]]
----------------------------------------------------------------------------------------
   Cr2   Cr2   ( -3,   2,   0)  0.0056   ( 5.909, -17.057,  0.000) 18.051 
J_iso:  0.0056 
[Testing!] DMI: ( 0.0001  0.0009 -0.0007)
[Testing!]J_ani:
[[-0.007  0.     0.   ]
 [ 0.    -0.007 -0.   ]
 [ 0.    -0.    -0.003]]
----------------------------------------------------------------------------------------
   Cr1   Cr1   ( -2,   3,   0)  0.0117   (-5.909, -17.057,  0.000) 18.051 
J_iso:  0.0117 
[Testing!] DMI: (-0.0003  0.0005  0.0007)
[Testing!]J_ani:
[[-0.006 -0.001 -0.   ]
 [-0.001 -0.017 -0.   ]
 [-0.    -0.    -0.02 ]]
----------------------------------------------------------------------------------------
   Cr2   Cr2   ( -2,   3,   0)  0.0117   (-5.909, -17.057,  0.000) 18.051 
J_iso:  0.0117 
[Testing!] DMI: ( 0.0003 -0.0005 -0.0007)
[Testing!]J_ani:
[[-0.006 -0.001 -0.   ]
 [-0.001 -0.017 -0.   ]
 [-0.    -0.    -0.02 ]]
----------------------------------------------------------------------------------------
   Cr1   Cr1   (  2,  -3,   0)  0.0117   ( 5.909, 17.057,  0.000) 18.051 
J_iso:  0.0117 
[Testing!] DMI: ( 0.0003 -0.0005 -0.0007)
[Testing!]J_ani:
[[-0.006 -0.001 -0.   ]
 [-0.001 -0.017 -0.   ]
 [-0.    -0.    -0.02 ]]
----------------------------------------------------------------------------------------
   Cr2   Cr2   (  2,  -3,   0)  0.0117   ( 5.909, 17.057,  0.000) 18.051 
J_iso:  0.0117 
[Testing!] DMI: (-0.0003  0.0005  0.0007)
[Testing!]J_ani:
[[-0.006 -0.001 -0.   ]
 [-0.001 -0.017 -0.   ]
 [-0.    -0.    -0.02 ]]
----------------------------------------------------------------------------------------
   Cr1   Cr1   (  3,  -2,   0)  0.0056   (-5.909, 17.057,  0.000) 18.051 
J_iso:  0.0056 
[Testing!] DMI: ( 0.0001  0.0009 -0.0007)
[Testing!]J_ani:
[[-0.007  0.     0.   ]
 [ 0.    -0.007 -0.   ]
 [ 0.    -0.    -0.003]]
----------------------------------------------------------------------------------------
   Cr2   Cr2   (  3,  -2,   0)  0.0056   (-5.909, 17.057,  0.000) 18.051 
J_iso:  0.0056 
[Testing!] DMI: (-0.0001 -0.0009  0.0007)
[Testing!]J_ani:
[[-0.007  0.     0.   ]
 [ 0.    -0.007 -0.   ]
 [ 0.    -0.    -0.003]]
----------------------------------------------------------------------------------------
   Cr1   Cr1   ( -1,   3,   0)  0.0057   (-11.817, -13.645,  0.000) 18.051 
J_iso:  0.0057 
[Testing!] DMI: (-0.0002  0.0004 -0.0013)
[Testing!]J_ani:
[[-0.016  0.    -0.   ]
 [ 0.    -0.013  0.001]
 [-0.     0.001 -0.001]]
----------------------------------------------------------------------------------------
   Cr1   Cr1   (  3,  -1,   0)  0.0154   (-11.817, 13.645,  0.000) 18.051 
J_iso:  0.0154 
[Testing!] DMI: (-0.0005  0.0009  0.0019)
[Testing!]J_ani:
[[-0.014 -0.001  0.   ]
 [-0.001 -0.021  0.001]
 [ 0.     0.001 -0.007]]
----------------------------------------------------------------------------------------
   Cr1   Cr1   ( -3,   1,   0)  0.0154   (11.817, -13.645,  0.000) 18.051 
J_iso:  0.0154 
[Testing!] DMI: ( 0.0005 -0.0009 -0.0019)
[Testing!]J_ani:
[[-0.014 -0.001  0.   ]
 [-0.001 -0.021  0.001]
 [ 0.     0.001 -0.007]]
----------------------------------------------------------------------------------------
   Cr2   Cr2   ( -3,   1,   0)  0.0154   (11.817, -13.645,  0.000) 18.051 
J_iso:  0.0154 
[Testing!] DMI: (-0.0005  0.0009  0.0019)
[Testing!]J_ani:
[[-0.014 -0.001  0.   ]
 [-0.001 -0.021  0.001]
 [ 0.     0.001 -0.007]]
----------------------------------------------------------------------------------------
   Cr2   Cr2   ( -1,   3,   0)  0.0057   (-11.817, -13.645,  0.000) 18.051 
J_iso:  0.0057 
[Testing!] DMI: ( 0.0002 -0.0004  0.0013)
[Testing!]J_ani:
[[-0.016  0.    -0.   ]
 [ 0.    -0.013  0.001]
 [-0.     0.001 -0.001]]
----------------------------------------------------------------------------------------
   Cr1   Cr1   (  1,  -3,   0)  0.0057   (11.817, 13.645,  0.000) 18.051 
J_iso:  0.0057 
[Testing!] DMI: ( 0.0002 -0.0004  0.0013)
[Testing!]J_ani:
[[-0.016  0.    -0.   ]
 [ 0.    -0.013  0.001]
 [-0.     0.001 -0.001]]
----------------------------------------------------------------------------------------
   Cr2   Cr2   (  1,  -3,   0)  0.0057   (11.817, 13.645,  0.000) 18.051 
J_iso:  0.0057 
[Testing!] DMI: (-0.0002  0.0004 -0.0013)
[Testing!]J_ani:
[[-0.016  0.    -0.   ]
 [ 0.    -0.013  0.001]
 [-0.     0.001 -0.001]]
----------------------------------------------------------------------------------------
   Cr2   Cr2   (  3,  -1,   0)  0.0154   (-11.817, 13.645,  0.000) 18.051 
J_iso:  0.0154 
[Testing!] DMI: ( 0.0005 -0.0009 -0.0019)
[Testing!]J_ani:
[[-0.014 -0.001  0.   ]
 [-0.001 -0.021  0.001]
 [ 0.     0.001 -0.007]]
----------------------------------------------------------------------------------------
   Cr1   Cr1   ( -2,  -1,   0)  0.0190   (17.726, -3.411,  0.000) 18.051 
J_iso:  0.0190 
[Testing!] DMI: (-0.0001  0.0022  0.0010)
[Testing!]J_ani:
[[-0.01   0.    -0.   ]
 [ 0.    -0.034 -0.002]
 [-0.    -0.002 -0.015]]
----------------------------------------------------------------------------------------
   Cr2   Cr2   ( -2,  -1,   0)  0.0190   (17.726, -3.411,  0.000) 18.051 
J_iso:  0.0190 
[Testing!] DMI: ( 0.0001 -0.0022 -0.0010)
[Testing!]J_ani:
[[-0.01   0.    -0.   ]
 [ 0.    -0.034 -0.002]
 [-0.    -0.002 -0.015]]
----------------------------------------------------------------------------------------
   Cr1   Cr1   ( -1,  -2,   0)  0.0089   (17.726,  3.411,  0.000) 18.051 
J_iso:  0.0089 
[Testing!] DMI: (-0.0002  0.0010  0.0017)
[Testing!]J_ani:
[[-0.004  0.    -0.   ]
 [ 0.    -0.014 -0.004]
 [-0.    -0.004 -0.013]]
----------------------------------------------------------------------------------------
   Cr2   Cr2   ( -1,  -2,   0)  0.0089   (17.726,  3.411,  0.000) 18.051 
J_iso:  0.0089 
[Testing!] DMI: ( 0.0002 -0.0010 -0.0017)
[Testing!]J_ani:
[[-0.004  0.    -0.   ]
 [ 0.    -0.014 -0.004]
 [-0.    -0.004 -0.013]]
----------------------------------------------------------------------------------------
   Cr1   Cr1   (  1,   2,   0)  0.0089   (-17.726, -3.411,  0.000) 18.051 
J_iso:  0.0089 
[Testing!] DMI: ( 0.0002 -0.0010 -0.0017)
[Testing!]J_ani:
[[-0.004  0.    -0.   ]
 [ 0.    -0.014 -0.004]
 [-0.    -0.004 -0.013]]
----------------------------------------------------------------------------------------
   Cr2   Cr2   (  1,   2,   0)  0.0089   (-17.726, -3.411,  0.000) 18.051 
J_iso:  0.0089 
[Testing!] DMI: (-0.0002  0.0010  0.0017)
[Testing!]J_ani:
[[-0.004  0.    -0.   ]
 [ 0.    -0.014 -0.004]
 [-0.    -0.004 -0.013]]
----------------------------------------------------------------------------------------
   Cr1   Cr1   (  2,   1,   0)  0.0190   (-17.726,  3.411,  0.000) 18.051 
J_iso:  0.0190 
[Testing!] DMI: ( 0.0001 -0.0022 -0.0010)
[Testing!]J_ani:
[[-0.01   0.    -0.   ]
 [ 0.    -0.034 -0.002]
 [-0.    -0.002 -0.015]]
----------------------------------------------------------------------------------------
   Cr2   Cr2   (  2,   1,   0)  0.0190   (-17.726,  3.411,  0.000) 18.051 
J_iso:  0.0190 
[Testing!] DMI: (-0.0001  0.0022  0.0010)
[Testing!]J_ani:
[[-0.01   0.    -0.   ]
 [ 0.    -0.034 -0.002]
 [-0.    -0.002 -0.015]]
----------------------------------------------------------------------------------------
   Cr2   Cr1   ( -3,   2,   0)  0.0056   ( 9.848, -17.057, -0.000) 19.695 
J_iso:  0.0056 
[Testing!] DMI: ( 0.0000  0.0000 -0.0000)
[Testing!]J_ani:
[[-0.002 -0.002 -0.   ]
 [-0.002 -0.008  0.004]
 [-0.     0.004 -0.005]]
----------------------------------------------------------------------------------------
   Cr1   Cr2   ( -2,   3,   0)  0.0040   (-9.848, -17.057,  0.000) 19.695 
J_iso:  0.0040 
[Testing!] DMI: ( 0.0000  0.0000  0.0000)
[Testing!]J_ani:
[[-0.003 -0.002  0.   ]
 [-0.002 -0.01  -0.006]
 [ 0.    -0.006  0.004]]
----------------------------------------------------------------------------------------
   Cr2   Cr1   (  2,  -3,   0)  0.0040   ( 9.848, 17.057, -0.000) 19.695 
J_iso:  0.0040 
[Testing!] DMI: (-0.0000 -0.0000 -0.0000)
[Testing!]J_ani:
[[-0.003 -0.002  0.   ]
 [-0.002 -0.01  -0.006]
 [ 0.    -0.006  0.004]]
----------------------------------------------------------------------------------------
   Cr1   Cr2   (  3,  -2,   0)  0.0056   (-9.848, 17.057,  0.000) 19.695 
J_iso:  0.0056 
[Testing!] DMI: (-0.0000 -0.0000  0.0000)
[Testing!]J_ani:
[[-0.002 -0.002 -0.   ]
 [-0.002 -0.008  0.004]
 [-0.     0.004 -0.005]]
----------------------------------------------------------------------------------------
   Cr1   Cr2   ( -2,  -2,   0)  0.0106   (19.695,  0.000,  0.000) 19.695 
J_iso:  0.0106 
[Testing!] DMI: (-0.0000 -0.0000 -0.0000)
[Testing!]J_ani:
[[-0.005  0.    -0.   ]
 [ 0.    -0.011 -0.008]
 [-0.    -0.008 -0.011]]
----------------------------------------------------------------------------------------
   Cr2   Cr1   (  2,   2,   0)  0.0106   (-19.695, -0.000, -0.000) 19.695 
J_iso:  0.0106 
[Testing!] DMI: ( 0.0000  0.0000  0.0000)
[Testing!]J_ani:
[[-0.005  0.    -0.   ]
 [ 0.    -0.011 -0.008]
 [-0.    -0.008 -0.011]]
----------------------------------------------------------------------------------------
   Cr1   Cr1   ( -3,   3,   0)  0.0194   ( 0.000, -20.468,  0.000) 20.468 
J_iso:  0.0194 
[Testing!] DMI: (-0.0001 -0.0003  0.0000)
[Testing!]J_ani:
[[-0.001 -0.    -0.   ]
 [-0.    -0.032  0.001]
 [-0.     0.001 -0.033]]
----------------------------------------------------------------------------------------
   Cr2   Cr2   ( -3,   3,   0)  0.0194   ( 0.000, -20.468,  0.000) 20.468 
J_iso:  0.0194 
[Testing!] DMI: ( 0.0001  0.0003 -0.0000)
[Testing!]J_ani:
[[-0.001 -0.    -0.   ]
 [-0.    -0.032  0.001]
 [-0.     0.001 -0.033]]
----------------------------------------------------------------------------------------
   Cr1   Cr1   (  3,  -3,   0)  0.0194   ( 0.000, 20.468,  0.000) 20.468 
J_iso:  0.0194 
[Testing!] DMI: ( 0.0001  0.0003 -0.0000)
[Testing!]J_ani:
[[-0.001 -0.    -0.   ]
 [-0.    -0.032  0.001]
 [-0.     0.001 -0.033]]
----------------------------------------------------------------------------------------
   Cr2   Cr2   (  3,  -3,   0)  0.0194   ( 0.000, 20.468,  0.000) 20.468 
J_iso:  0.0194 
[Testing!] DMI: (-0.0001 -0.0003  0.0000)
[Testing!]J_ani:
[[-0.001 -0.    -0.   ]
 [-0.    -0.032  0.001]
 [-0.     0.001 -0.033]]
----------------------------------------------------------------------------------------
   Cr1   Cr1   ( -3,   0,   0)  0.0100   (17.726, -10.234,  0.000) 20.468 
J_iso:  0.0100 
[Testing!] DMI: ( 0.0002  0.0002 -0.0003)
[Testing!]J_ani:
[[-0.004  0.    -0.   ]
 [ 0.    -0.016 -0.001]
 [-0.    -0.001 -0.008]]
----------------------------------------------------------------------------------------
   Cr2   Cr2   ( -3,   0,   0)  0.0100   (17.726, -10.234,  0.000) 20.468 
J_iso:  0.0100 
[Testing!] DMI: (-0.0002 -0.0002  0.0003)
[Testing!]J_ani:
[[-0.004  0.    -0.   ]
 [ 0.    -0.016 -0.001]
 [-0.    -0.001 -0.008]]
----------------------------------------------------------------------------------------
   Cr1   Cr1   (  0,  -3,   0) -0.0023   (17.726, 10.234,  0.000) 20.468 
J_iso: -0.0023 
[Testing!] DMI: (-0.0001 -0.0002  0.0008)
[Testing!]J_ani:
[[-0.003  0.    -0.   ]
 [ 0.    -0.001 -0.   ]
 [-0.    -0.    -0.001]]
----------------------------------------------------------------------------------------
   Cr2   Cr2   (  0,  -3,   0) -0.0023   (17.726, 10.234,  0.000) 20.468 
J_iso: -0.0023 
[Testing!] DMI: ( 0.0001  0.0002 -0.0008)
[Testing!]J_ani:
[[-0.003  0.    -0.   ]
 [ 0.    -0.001 -0.   ]
 [-0.    -0.    -0.001]]
----------------------------------------------------------------------------------------
   Cr1   Cr1   (  0,   3,   0) -0.0023   (-17.726, -10.234,  0.000) 20.468 
J_iso: -0.0023 
[Testing!] DMI: ( 0.0001  0.0002 -0.0008)
[Testing!]J_ani:
[[-0.003  0.    -0.   ]
 [ 0.    -0.001 -0.   ]
 [-0.    -0.    -0.001]]
----------------------------------------------------------------------------------------
   Cr2   Cr2   (  0,   3,   0) -0.0023   (-17.726, -10.234,  0.000) 20.468 
J_iso: -0.0023 
[Testing!] DMI: (-0.0001 -0.0002  0.0008)
[Testing!]J_ani:
[[-0.003  0.    -0.   ]
 [ 0.    -0.001 -0.   ]
 [-0.    -0.    -0.001]]
----------------------------------------------------------------------------------------
   Cr1   Cr1   (  3,   0,   0)  0.0100   (-17.726, 10.234,  0.000) 20.468 
J_iso:  0.0100 
[Testing!] DMI: (-0.0002 -0.0002  0.0003)
[Testing!]J_ani:
[[-0.004  0.    -0.   ]
 [ 0.    -0.016 -0.001]
 [-0.    -0.001 -0.008]]
----------------------------------------------------------------------------------------
   Cr2   Cr2   (  3,   0,   0)  0.0100   (-17.726, 10.234,  0.000) 20.468 
J_iso:  0.0100 
[Testing!] DMI: ( 0.0002  0.0002 -0.0003)
[Testing!]J_ani:
[[-0.004  0.    -0.   ]
 [ 0.    -0.016 -0.001]
 [-0.    -0.001 -0.008]]
----------------------------------------------------------------------------------------
   Cr1   Cr2   ( -3,   3,   0)  0.0066   (-3.939, -20.468,  0.000) 20.844 
J_iso:  0.0066 
[Testing!] DMI: (-0.0000  0.0000  0.0000)
[Testing!]J_ani:
[[-0.003 -0.004 -0.   ]
 [-0.004 -0.008 -0.009]
 [-0.    -0.009 -0.007]]
----------------------------------------------------------------------------------------
   Cr2   Cr1   ( -3,   3,   0)  0.0049   ( 3.939, -20.468, -0.000) 20.844 
J_iso:  0.0049 
[Testing!] DMI: (-0.0000  0.0000 -0.0000)
[Testing!]J_ani:
[[-0.001 -0.001  0.   ]
 [-0.001 -0.009 -0.01 ]
 [ 0.    -0.01  -0.001]]
----------------------------------------------------------------------------------------
   Cr1   Cr2   (  3,  -3,   0)  0.0049   (-3.939, 20.468,  0.000) 20.844 
J_iso:  0.0049 
[Testing!] DMI: ( 0.0000 -0.0000  0.0000)
[Testing!]J_ani:
[[-0.001 -0.001  0.   ]
 [-0.001 -0.009 -0.01 ]
 [ 0.    -0.01  -0.001]]
----------------------------------------------------------------------------------------
   Cr2   Cr1   (  3,  -3,   0)  0.0066   ( 3.939, 20.468, -0.000) 20.844 
J_iso:  0.0066 
[Testing!] DMI: ( 0.0000 -0.0000 -0.0000)
[Testing!]J_ani:
[[-0.003 -0.004 -0.   ]
 [-0.004 -0.008 -0.009]
 [-0.    -0.009 -0.007]]
----------------------------------------------------------------------------------------
   Cr2   Cr1   ( -3,   1,   0)  0.0078   (15.756, -13.645, -0.000) 20.844 
J_iso:  0.0078 
[Testing!] DMI: ( 0.0000  0.0000 -0.0000)
[Testing!]J_ani:
[[-0.006 -0.007 -0.   ]
 [-0.007 -0.004  0.   ]
 [-0.     0.    -0.014]]
----------------------------------------------------------------------------------------
   Cr1   Cr2   ( -1,   3,   0)  0.0018   (-15.756, -13.645,  0.000) 20.844 
J_iso:  0.0018 
[Testing!] DMI: ( 0.0000  0.0000  0.0000)
[Testing!]J_ani:
[[-0.003  0.     0.   ]
 [ 0.    -0.003  0.   ]
 [ 0.     0.     0.004]]
----------------------------------------------------------------------------------------
   Cr2   Cr1   (  1,  -3,   0)  0.0018   (15.756, 13.645, -0.000) 20.844 
J_iso:  0.0018 
[Testing!] DMI: (-0.0000 -0.0000 -0.0000)
[Testing!]J_ani:
[[-0.003  0.     0.   ]
 [ 0.    -0.003  0.   ]
 [ 0.     0.     0.004]]
----------------------------------------------------------------------------------------
   Cr1   Cr2   (  3,  -1,   0)  0.0078   (-15.756, 13.645,  0.000) 20.844 
J_iso:  0.0078 
[Testing!] DMI: (-0.0000 -0.0000  0.0000)
[Testing!]J_ani:
[[-0.006 -0.007 -0.   ]
 [-0.007 -0.004  0.   ]
 [-0.     0.    -0.014]]
----------------------------------------------------------------------------------------
   Cr1   Cr2   ( -3,  -1,   0)  0.0086   (19.695, -6.823,  0.000) 20.844 
J_iso:  0.0086 
[Testing!] DMI: ( 0.0000 -0.0000  0.0000)
[Testing!]J_ani:
[[-0.005 -0.    -0.   ]
 [-0.    -0.004  0.004]
 [-0.     0.004 -0.016]]
----------------------------------------------------------------------------------------
   Cr1   Cr2   ( -1,  -3,   0)  0.0034   (19.695,  6.823,  0.000) 20.844 
J_iso:  0.0034 
[Testing!] DMI: (-0.0000 -0.0000  0.0000)
[Testing!]J_ani:
[[-0.002 -0.     0.   ]
 [-0.    -0.003  0.004]
 [ 0.     0.004 -0.002]]
----------------------------------------------------------------------------------------
   Cr2   Cr1   (  1,   3,   0)  0.0034   (-19.695, -6.823, -0.000) 20.844 
J_iso:  0.0034 
[Testing!] DMI: ( 0.0000  0.0000 -0.0000)
[Testing!]J_ani:
[[-0.002 -0.     0.   ]
 [-0.    -0.003  0.004]
 [ 0.     0.004 -0.002]]
----------------------------------------------------------------------------------------
   Cr2   Cr1   (  3,   1,   0)  0.0086   (-19.695,  6.823, -0.000) 20.844 
J_iso:  0.0086 
[Testing!] DMI: (-0.0000  0.0000 -0.0000)
[Testing!]J_ani:
[[-0.005 -0.    -0.   ]
 [-0.    -0.004  0.004]
 [-0.     0.004 -0.016]]
----------------------------------------------------------------------------------------
   Cr2   Cr1   ( -2,  -1,   0)  0.0071   (21.665, -3.411, -0.000) 21.932 
J_iso:  0.0071 
[Testing!] DMI: (-0.0000 -0.0000  0.0000)
[Testing!]J_ani:
[[-0.004  0.003 -0.   ]
 [ 0.003 -0.01  -0.004]
 [-0.    -0.004 -0.009]]
----------------------------------------------------------------------------------------
   Cr2   Cr1   ( -1,  -2,   0)  0.0024   (21.665,  3.411, -0.000) 21.932 
J_iso:  0.0024 
[Testing!] DMI: ( 0.0000 -0.0000  0.0000)
[Testing!]J_ani:
[[-0.002  0.    -0.   ]
 [ 0.    -0.004 -0.004]
 [-0.    -0.004 -0.003]]
----------------------------------------------------------------------------------------
   Cr1   Cr2   (  1,   2,   0)  0.0024   (-21.665, -3.411,  0.000) 21.932 
J_iso:  0.0024 
[Testing!] DMI: (-0.0000  0.0000 -0.0000)
[Testing!]J_ani:
[[-0.002  0.    -0.   ]
 [ 0.    -0.004 -0.004]
 [-0.    -0.004 -0.003]]
----------------------------------------------------------------------------------------
   Cr1   Cr2   (  2,   1,   0)  0.0071   (-21.665,  3.411,  0.000) 21.932 
J_iso:  0.0071 
[Testing!] DMI: ( 0.0000  0.0000 -0.0000)
[Testing!]J_ani:
[[-0.004  0.003 -0.   ]
 [ 0.003 -0.01  -0.004]
 [-0.    -0.004 -0.009]]
----------------------------------------------------------------------------------------
   Cr1   Cr1   ( -2,  -2,   0)  0.0045   (23.634,  0.000,  0.000) 23.634 
J_iso:  0.0045 
[Testing!] DMI: (-0.0001  0.0013  0.0003)
[Testing!]J_ani:
[[-0.004 -0.    -0.   ]
 [-0.    -0.01  -0.   ]
 [-0.    -0.    -0.008]]
----------------------------------------------------------------------------------------
   Cr2   Cr2   ( -2,  -2,   0)  0.0045   (23.634,  0.000,  0.000) 23.634 
J_iso:  0.0045 
[Testing!] DMI: ( 0.0001 -0.0013 -0.0003)
[Testing!]J_ani:
[[-0.004 -0.    -0.   ]
 [-0.    -0.01  -0.   ]
 [-0.    -0.    -0.008]]
----------------------------------------------------------------------------------------
   Cr1   Cr1   (  2,   2,   0)  0.0045   (-23.634,  0.000,  0.000) 23.634 
J_iso:  0.0045 
[Testing!] DMI: ( 0.0001 -0.0013 -0.0003)
[Testing!]J_ani:
[[-0.004 -0.    -0.   ]
 [-0.    -0.01  -0.   ]
 [-0.    -0.    -0.008]]
----------------------------------------------------------------------------------------
   Cr2   Cr2   (  2,   2,   0)  0.0045   (-23.634,  0.000,  0.000) 23.634 
J_iso:  0.0045 
[Testing!] DMI: (-0.0001  0.0013  0.0003)
[Testing!]J_ani:
[[-0.004 -0.    -0.   ]
 [-0.    -0.01  -0.   ]
 [-0.    -0.    -0.008]]
----------------------------------------------------------------------------------------
   Cr2   Cr1   ( -3,   0,   0)  0.0067   (21.665, -10.234, -0.000) 23.960 
J_iso:  0.0067 
[Testing!] DMI: ( 0.0000 -0.0000  0.0000)
[Testing!]J_ani:
[[-0.004  0.001 -0.   ]
 [ 0.001 -0.002 -0.001]
 [-0.    -0.001 -0.016]]
----------------------------------------------------------------------------------------
   Cr2   Cr1   (  0,  -3,   0)  0.0010   (21.665, 10.234, -0.000) 23.960 
J_iso:  0.0010 
[Testing!] DMI: (-0.0000 -0.0000 -0.0000)
[Testing!]J_ani:
[[-0.002  0.     0.   ]
 [ 0.    -0.001  0.   ]
 [ 0.     0.     0.003]]
----------------------------------------------------------------------------------------
   Cr1   Cr2   (  0,   3,   0)  0.0010   (-21.665, -10.234,  0.000) 23.960 
J_iso:  0.0010 
[Testing!] DMI: ( 0.0000  0.0000  0.0000)
[Testing!]J_ani:
[[-0.002  0.     0.   ]
 [ 0.    -0.001  0.   ]
 [ 0.     0.     0.003]]
----------------------------------------------------------------------------------------
   Cr1   Cr2   (  3,   0,   0)  0.0067   (-21.665, 10.234,  0.000) 23.960 
J_iso:  0.0067 
[Testing!] DMI: (-0.0000  0.0000 -0.0000)
[Testing!]J_ani:
[[-0.004  0.001 -0.   ]
 [ 0.001 -0.002 -0.001]
 [-0.    -0.001 -0.016]]
----------------------------------------------------------------------------------------
   Cr1   Cr1   ( -3,  -1,   0)  0.0085   (23.634, -6.823,  0.000) 24.599 
J_iso:  0.0085 
[Testing!] DMI: (-0.0001  0.0008  0.0012)
[Testing!]J_ani:
[[-0.005 -0.    -0.   ]
 [-0.    -0.014  0.001]
 [-0.     0.001 -0.006]]
----------------------------------------------------------------------------------------
   Cr2   Cr2   ( -3,  -1,   0)  0.0085   (23.634, -6.823,  0.000) 24.599 
J_iso:  0.0085 
[Testing!] DMI: ( 0.0001 -0.0008 -0.0012)
[Testing!]J_ani:
[[-0.005 -0.    -0.   ]
 [-0.    -0.014  0.001]
 [-0.     0.001 -0.006]]
----------------------------------------------------------------------------------------
   Cr1   Cr1   ( -1,  -3,   0) -0.0013   (23.634,  6.823,  0.000) 24.599 
J_iso: -0.0013 
[Testing!] DMI: ( 0.0000  0.0001  0.0006)
[Testing!]J_ani:
[[-0.003 -0.001 -0.   ]
 [-0.001 -0.001 -0.   ]
 [-0.    -0.    -0.   ]]
----------------------------------------------------------------------------------------
   Cr2   Cr2   ( -1,  -3,   0) -0.0013   (23.634,  6.823,  0.000) 24.599 
J_iso: -0.0013 
[Testing!] DMI: (-0.0000 -0.0001 -0.0006)
[Testing!]J_ani:
[[-0.003 -0.001 -0.   ]
 [-0.001 -0.001 -0.   ]
 [-0.    -0.    -0.   ]]
----------------------------------------------------------------------------------------
   Cr1   Cr1   (  1,   3,   0) -0.0013   (-23.634, -6.823,  0.000) 24.599 
J_iso: -0.0013 
[Testing!] DMI: (-0.0000 -0.0001 -0.0006)
[Testing!]J_ani:
[[-0.003 -0.001 -0.   ]
 [-0.001 -0.001 -0.   ]
 [-0.    -0.    -0.   ]]
----------------------------------------------------------------------------------------
   Cr2   Cr2   (  1,   3,   0) -0.0013   (-23.634, -6.823,  0.000) 24.599 
J_iso: -0.0013 
[Testing!] DMI: ( 0.0000  0.0001  0.0006)
[Testing!]J_ani:
[[-0.003 -0.001 -0.   ]
 [-0.001 -0.001 -0.   ]
 [-0.    -0.    -0.   ]]
----------------------------------------------------------------------------------------
   Cr1   Cr1   (  3,   1,   0)  0.0085   (-23.634,  6.823,  0.000) 24.599 
J_iso:  0.0085 
[Testing!] DMI: ( 0.0001 -0.0008 -0.0012)
[Testing!]J_ani:
[[-0.005 -0.    -0.   ]
 [-0.    -0.014  0.001]
 [-0.     0.001 -0.006]]
----------------------------------------------------------------------------------------
   Cr2   Cr2   (  3,   1,   0)  0.0085   (-23.634,  6.823,  0.000) 24.599 
J_iso:  0.0085 
[Testing!] DMI: (-0.0001  0.0008  0.0012)
[Testing!]J_ani:
[[-0.005 -0.    -0.   ]
 [-0.    -0.014  0.001]
 [-0.     0.001 -0.006]]
----------------------------------------------------------------------------------------
   Cr2   Cr1   (  2,   3,   0)  0.0026   (-25.604, -3.411, -0.000) 25.830 
J_iso:  0.0026 
[Testing!] DMI: (-0.0000  0.0000 -0.0000)
[Testing!]J_ani:
[[-0.002 -0.     0.   ]
 [-0.    -0.002  0.   ]
 [ 0.     0.    -0.   ]]
----------------------------------------------------------------------------------------
   Cr2   Cr1   (  3,   2,   0)  0.0067   (-25.604,  3.411, -0.000) 25.830 
J_iso:  0.0067 
[Testing!] DMI: (-0.0000  0.0000 -0.0000)
[Testing!]J_ani:
[[-0.004 -0.001 -0.   ]
 [-0.001 -0.006 -0.003]
 [-0.    -0.003 -0.007]]
----------------------------------------------------------------------------------------
   Cr1   Cr2   ( -3,  -2,   0)  0.0067   (25.604, -3.411,  0.000) 25.830 
J_iso:  0.0067 
[Testing!] DMI: ( 0.0000 -0.0000  0.0000)
[Testing!]J_ani:
[[-0.004 -0.001 -0.   ]
 [-0.001 -0.006 -0.003]
 [-0.    -0.003 -0.007]]
----------------------------------------------------------------------------------------
   Cr1   Cr2   ( -2,  -3,   0)  0.0026   (25.604,  3.411,  0.000) 25.830 
J_iso:  0.0026 
[Testing!] DMI: ( 0.0000 -0.0000  0.0000)
[Testing!]J_ani:
[[-0.002 -0.     0.   ]
 [-0.    -0.002  0.   ]
 [ 0.     0.    -0.   ]]
----------------------------------------------------------------------------------------
   Cr2   Cr1   ( -2,  -2,   0)  0.0024   (27.573, -0.000, -0.000) 27.573 
J_iso:  0.0024 
[Testing!] DMI: (-0.0000 -0.0000  0.0000)
[Testing!]J_ani:
[[-0.001 -0.002 -0.   ]
 [-0.002 -0.005 -0.001]
 [-0.    -0.001 -0.001]]
----------------------------------------------------------------------------------------
   Cr1   Cr2   (  2,   2,   0)  0.0024   (-27.573,  0.000,  0.000) 27.573 
J_iso:  0.0024 
[Testing!] DMI: ( 0.0000  0.0000 -0.0000)
[Testing!]J_ani:
[[-0.001 -0.002 -0.   ]
 [-0.002 -0.005 -0.001]
 [-0.    -0.001 -0.001]]
----------------------------------------------------------------------------------------
   Cr2   Cr1   ( -3,  -1,   0)  0.0036   (27.573, -6.823, -0.000) 28.405 
J_iso:  0.0036 
[Testing!] DMI: (-0.0000 -0.0000  0.0000)
[Testing!]J_ani:
[[-0.004 -0.001 -0.   ]
 [-0.001 -0.002  0.002]
 [-0.     0.002 -0.009]]
----------------------------------------------------------------------------------------
   Cr2   Cr1   ( -1,  -3,   0)  0.0010   (27.573,  6.823, -0.000) 28.405 
J_iso:  0.0010 
[Testing!] DMI: ( 0.0000 -0.0000 -0.0000)
[Testing!]J_ani:
[[-0.004  0.001 -0.   ]
 [ 0.001 -0.002  0.   ]
 [-0.     0.     0.003]]
----------------------------------------------------------------------------------------
   Cr1   Cr2   (  1,   3,   0)  0.0010   (-27.573, -6.823,  0.000) 28.405 
J_iso:  0.0010 
[Testing!] DMI: (-0.0000  0.0000  0.0000)
[Testing!]J_ani:
[[-0.004  0.001 -0.   ]
 [ 0.001 -0.002  0.   ]
 [-0.     0.     0.003]]
----------------------------------------------------------------------------------------
   Cr1   Cr2   (  3,   1,   0)  0.0036   (-27.573,  6.823,  0.000) 28.405 
J_iso:  0.0036 
[Testing!] DMI: ( 0.0000  0.0000 -0.0000)
[Testing!]J_ani:
[[-0.004 -0.001 -0.   ]
 [-0.001 -0.002  0.002]
 [-0.     0.002 -0.009]]
----------------------------------------------------------------------------------------
   Cr1   Cr1   (  2,   3,   0) -0.0006   (-29.543, -3.411,  0.000) 29.739 
J_iso: -0.0006 
[Testing!] DMI: ( 0.0003 -0.0005  0.0007)
[Testing!]J_ani:
[[-0.003 -0.    -0.   ]
 [-0.    -0.002  0.   ]
 [-0.     0.    -0.   ]]
----------------------------------------------------------------------------------------
   Cr2   Cr2   (  2,   3,   0) -0.0006   (-29.543, -3.411,  0.000) 29.739 
J_iso: -0.0006 
[Testing!] DMI: (-0.0003  0.0005 -0.0007)
[Testing!]J_ani:
[[-0.003 -0.    -0.   ]
 [-0.    -0.002  0.   ]
 [-0.     0.    -0.   ]]
----------------------------------------------------------------------------------------
   Cr1   Cr1   (  3,   2,   0)  0.0029   (-29.543,  3.411,  0.000) 29.739 
J_iso:  0.0029 
[Testing!] DMI: ( 0.0003 -0.0014 -0.0009)
[Testing!]J_ani:
[[-0.001 -0.001 -0.   ]
 [-0.001 -0.01   0.001]
 [-0.     0.001 -0.004]]
----------------------------------------------------------------------------------------
   Cr2   Cr2   (  3,   2,   0)  0.0029   (-29.543,  3.411,  0.000) 29.739 
J_iso:  0.0029 
[Testing!] DMI: (-0.0003  0.0014  0.0009)
[Testing!]J_ani:
[[-0.001 -0.001 -0.   ]
 [-0.001 -0.01   0.001]
 [-0.     0.001 -0.004]]
----------------------------------------------------------------------------------------
   Cr1   Cr1   ( -3,  -2,   0)  0.0029   (29.543, -3.411,  0.000) 29.739 
J_iso:  0.0029 
[Testing!] DMI: (-0.0003  0.0014  0.0009)
[Testing!]J_ani:
[[-0.001 -0.001 -0.   ]
 [-0.001 -0.01   0.001]
 [-0.     0.001 -0.004]]
----------------------------------------------------------------------------------------
   Cr1   Cr1   ( -2,  -3,   0) -0.0006   (29.543,  3.411,  0.000) 29.739 
J_iso: -0.0006 
[Testing!] DMI: (-0.0003  0.0005 -0.0007)
[Testing!]J_ani:
[[-0.003 -0.    -0.   ]
 [-0.    -0.002  0.   ]
 [-0.     0.    -0.   ]]
----------------------------------------------------------------------------------------
   Cr2   Cr2   ( -3,  -2,   0)  0.0029   (29.543, -3.411,  0.000) 29.739 
J_iso:  0.0029 
[Testing!] DMI: ( 0.0003 -0.0014 -0.0009)
[Testing!]J_ani:
[[-0.001 -0.001 -0.   ]
 [-0.001 -0.01   0.001]
 [-0.     0.001 -0.004]]
----------------------------------------------------------------------------------------
   Cr2   Cr2   ( -2,  -3,   0) -0.0006   (29.543,  3.411,  0.000) 29.739 
J_iso: -0.0006 
[Testing!] DMI: ( 0.0003 -0.0005  0.0007)
[Testing!]J_ani:
[[-0.003 -0.    -0.   ]
 [-0.    -0.002  0.   ]
 [-0.     0.    -0.   ]]
----------------------------------------------------------------------------------------
   Cr1   Cr2   ( -3,  -3,   0)  0.0031   (31.512,  0.000,  0.000) 31.512 
J_iso:  0.0031 
[Testing!] DMI: (-0.0000 -0.0000  0.0000)
[Testing!]J_ani:
[[-0.002 -0.001  0.   ]
 [-0.001 -0.005 -0.002]
 [ 0.    -0.002  0.002]]
----------------------------------------------------------------------------------------
   Cr2   Cr1   (  3,   3,   0)  0.0031   (-31.512, -0.000, -0.000) 31.512 
J_iso:  0.0031 
[Testing!] DMI: ( 0.0000  0.0000 -0.0000)
[Testing!]J_ani:
[[-0.002 -0.001  0.   ]
 [-0.001 -0.005 -0.002]
 [ 0.    -0.002  0.002]]
----------------------------------------------------------------------------------------
   Cr2   Cr1   ( -3,  -2,   0)  0.0011   (33.482, -3.411, -0.000) 33.655 
J_iso:  0.0011 
[Testing!] DMI: ( 0.0000 -0.0000 -0.0000)
[Testing!]J_ani:
[[-0.003 -0.     0.   ]
 [-0.    -0.004  0.004]
 [ 0.     0.004  0.002]]
----------------------------------------------------------------------------------------
   Cr2   Cr1   ( -2,  -3,   0)  0.0020   (33.482,  3.411, -0.000) 33.655 
J_iso:  0.0020 
[Testing!] DMI: ( 0.0000 -0.0000 -0.0000)
[Testing!]J_ani:
[[-0.003  0.    -0.   ]
 [ 0.    -0.005  0.007]
 [-0.     0.007  0.001]]
----------------------------------------------------------------------------------------
   Cr1   Cr2   (  2,   3,   0)  0.0020   (-33.482, -3.411,  0.000) 33.655 
J_iso:  0.0020 
[Testing!] DMI: (-0.0000  0.0000  0.0000)
[Testing!]J_ani:
[[-0.003  0.    -0.   ]
 [ 0.    -0.005  0.007]
 [-0.     0.007  0.001]]
----------------------------------------------------------------------------------------
   Cr1   Cr2   (  3,   2,   0)  0.0011   (-33.482,  3.411,  0.000) 33.655 
J_iso:  0.0011 
[Testing!] DMI: (-0.0000  0.0000  0.0000)
[Testing!]J_ani:
[[-0.003 -0.     0.   ]
 [-0.    -0.004  0.004]
 [ 0.     0.004  0.002]]
----------------------------------------------------------------------------------------
   Cr1   Cr1   ( -3,  -3,   0)  0.0032   (35.451,  0.000,  0.000) 35.451 
J_iso:  0.0032 
[Testing!] DMI: ( 0.0000  0.0008 -0.0014)
[Testing!]J_ani:
[[-0.004 -0.001 -0.   ]
 [-0.001 -0.004 -0.   ]
 [-0.    -0.    -0.009]]
----------------------------------------------------------------------------------------
   Cr2   Cr2   ( -3,  -3,   0)  0.0032   (35.451,  0.000,  0.000) 35.451 
J_iso:  0.0032 
[Testing!] DMI: (-0.0000 -0.0008  0.0014)
[Testing!]J_ani:
[[-0.004 -0.001 -0.   ]
 [-0.001 -0.004 -0.   ]
 [-0.    -0.    -0.009]]
----------------------------------------------------------------------------------------
   Cr1   Cr1   (  3,   3,   0)  0.0032   (-35.451,  0.000,  0.000) 35.451 
J_iso:  0.0032 
[Testing!] DMI: (-0.0000 -0.0008  0.0014)
[Testing!]J_ani:
[[-0.004 -0.001 -0.   ]
 [-0.001 -0.004 -0.   ]
 [-0.    -0.    -0.009]]
----------------------------------------------------------------------------------------
   Cr2   Cr2   (  3,   3,   0)  0.0032   (-35.451,  0.000,  0.000) 35.451 
J_iso:  0.0032 
[Testing!] DMI: ( 0.0000  0.0008 -0.0014)
[Testing!]J_ani:
[[-0.004 -0.001 -0.   ]
 [-0.001 -0.004 -0.   ]
 [-0.    -0.    -0.009]]
----------------------------------------------------------------------------------------
   Cr2   Cr1   ( -3,  -3,   0)  0.0084   (39.391, -0.000, -0.000) 39.391 
J_iso:  0.0084 
[Testing!] DMI: (-0.0000 -0.0000 -0.0000)
[Testing!]J_ani:
[[-0.002  0.    -0.   ]
 [ 0.    -0.011  0.022]
 [-0.     0.022 -0.01 ]]
----------------------------------------------------------------------------------------
   Cr1   Cr2   (  3,   3,   0)  0.0084   (-39.391,  0.000,  0.000) 39.391 
J_iso:  0.0084 
[Testing!] DMI: ( 0.0000  0.0000  0.0000)
[Testing!]J_ani:
[[-0.002  0.    -0.   ]
 [ 0.    -0.011  0.022]
 [-0.     0.022 -0.01 ]]
