==========================================================================================
Information: 
Exchange parameters generated by TB2J 0.9.9.9
Generation time: 25/06/26 09:04:35
 Input from non-collinear Siesta data.
 working directory: /Users/hexu/projects/TB2J_SIESTA_TUTORIAL/CrI3_SIESTA_split_SOC/DFT
 fdf_fname: siesta.fdf.
Warning: The DMI component parallel to the spin orientation, the Jani which has the component of that orientation should be disregarded
 e.g. if the spins are along z, the xz, yz, zz, zx, zy components and the z component of DMI.
 If you need these component, try to do three calculations with spin along x, y, z,  or use structure with z rotated to x, y and z. And then use TB2J_merge.py to get the full set of parameters.

==========================================================================================
Cell (Angstrom):
-6.01281438  3.47150000  0.00000000
-6.01281438  -3.47150000  0.00000000
0.00000000  0.00000000  13.00000000

==========================================================================================
Atoms:  
(Note: charge and magmoms only count the wannier functions.)
Atom_number        x             y             z       w_charge    M(x)      M(y)      M(z)   
Cr1            -4.00854292    0.00000000    6.50000000   14.6649    0.0000   -0.0000    3.5696
Cr2            -8.01708584    0.00000000    6.50000000   14.6648    0.0000   -0.0000    3.5696
I1             -8.08994330   -2.27226905    4.89133207    6.7784    0.0023   -0.0013   -0.1803
I2             -2.07712892   -1.19923094    8.10866793    6.7784   -0.0023   -0.0013   -0.1803
I3             -6.01281439    1.07303812    4.89133207    6.7784    0.0000    0.0027   -0.1803
I4             -6.01281437   -1.07303812    8.10866793    6.7784   -0.0000    0.0027   -0.1803
I5             -9.94849984    1.19923094    4.89133207    6.7784   -0.0023   -0.0013   -0.1803
I6             -3.93568546    2.27226905    8.10866793    6.7784    0.0023   -0.0013   -0.1803
Total                                                    70.0000    0.0000   -0.0000    6.0577

==========================================================================================
Exchange: 
    i      j          R        J_iso(meV)          vector          distance(A) 
----------------------------------------------------------------------------------------
   Cr1   Cr2   ( -1,   0,   0)  2.3422   ( 2.004, -3.471,  0.000)  4.009 
J_iso:  2.3422 
[Testing!] DMI: (-0.0000  0.0000  0.0000)
[Testing!]J_ani:
[[-0.868 -0.486  0.465]
 [-0.486 -0.307  0.268]
 [ 0.465  0.268 -9.323]]
----------------------------------------------------------------------------------------
   Cr1   Cr2   (  0,  -1,   0)  2.3422   ( 2.004,  3.471,  0.000)  4.009 
J_iso:  2.3422 
[Testing!] DMI: (-0.0000 -0.0000  0.0000)
[Testing!]J_ani:
[[-0.868  0.486 -0.465]
 [ 0.486 -0.307  0.268]
 [-0.465  0.268 -9.323]]
----------------------------------------------------------------------------------------
   Cr2   Cr1   (  0,   1,   0)  2.3422   (-2.004, -3.471, -0.000)  4.009 
J_iso:  2.3422 
[Testing!] DMI: ( 0.0000  0.0000 -0.0000)
[Testing!]J_ani:
[[-0.868  0.486 -0.465]
 [ 0.486 -0.307  0.268]
 [-0.465  0.268 -9.323]]
----------------------------------------------------------------------------------------
   Cr2   Cr1   (  1,   0,   0)  2.3422   (-2.004,  3.471, -0.000)  4.009 
J_iso:  2.3422 
[Testing!] DMI: ( 0.0000 -0.0000 -0.0000)
[Testing!]J_ani:
[[-0.868 -0.486  0.465]
 [-0.486 -0.307  0.268]
 [ 0.465  0.268 -9.323]]
----------------------------------------------------------------------------------------
   Cr1   Cr2   (  0,   0,   0)  2.3427   (-4.009,  0.000,  0.000)  4.009 
J_iso:  2.3427 
[Testing!] DMI: ( 0.0000 -0.0000  0.0000)
[Testing!]J_ani:
[[-0.027  0.    -0.   ]
 [ 0.    -1.148 -0.536]
 [-0.    -0.536 -9.324]]
----------------------------------------------------------------------------------------
   Cr2   Cr1   (  0,   0,   0)  2.3427   ( 4.009,  0.000, -0.000)  4.009 
J_iso:  2.3427 
[Testing!] DMI: (-0.0000  0.0000 -0.0000)
[Testing!]J_ani:
[[-0.027  0.    -0.   ]
 [ 0.    -1.148 -0.536]
 [-0.    -0.536 -9.324]]
----------------------------------------------------------------------------------------
   Cr1   Cr1   ( -1,   1,   0)  0.9569   ( 0.000, -6.943,  0.000)  6.943 
J_iso:  0.9569 
[Testing!] DMI: ( 0.0000 -0.0274  0.0702)
[Testing!]J_ani:
[[-0.037 -0.     0.   ]
 [-0.    -0.182 -0.262]
 [ 0.    -0.262 -2.628]]
----------------------------------------------------------------------------------------
   Cr2   Cr2   ( -1,   1,   0)  0.9568   ( 0.000, -6.943,  0.000)  6.943 
J_iso:  0.9568 
[Testing!] DMI: (-0.0000  0.0274 -0.0702)
[Testing!]J_ani:
[[-0.037  0.     0.   ]
 [ 0.    -0.182 -0.262]
 [ 0.    -0.262 -2.628]]
----------------------------------------------------------------------------------------
   Cr1   Cr1   (  1,  -1,   0)  0.9569   ( 0.000,  6.943,  0.000)  6.943 
J_iso:  0.9569 
[Testing!] DMI: (-0.0000  0.0274 -0.0702)
[Testing!]J_ani:
[[-0.037 -0.     0.   ]
 [-0.    -0.182 -0.262]
 [ 0.    -0.262 -2.628]]
----------------------------------------------------------------------------------------
   Cr2   Cr2   (  1,  -1,   0)  0.9568   ( 0.000,  6.943,  0.000)  6.943 
J_iso:  0.9568 
[Testing!] DMI: ( 0.0000 -0.0274  0.0702)
[Testing!]J_ani:
[[-0.037  0.     0.   ]
 [ 0.    -0.182 -0.262]
 [ 0.    -0.262 -2.628]]
----------------------------------------------------------------------------------------
   Cr2   Cr2   (  0,   1,   0)  0.9567   (-6.013, -3.471,  0.000)  6.943 
J_iso:  0.9567 
[Testing!] DMI: ( 0.0237  0.0137  0.0702)
[Testing!]J_ani:
[[-0.146 -0.063  0.227]
 [-0.063 -0.074  0.131]
 [ 0.227  0.131 -2.628]]
----------------------------------------------------------------------------------------
   Cr2   Cr2   (  1,   0,   0)  0.9567   (-6.013,  3.471,  0.000)  6.943 
J_iso:  0.9567 
[Testing!] DMI: ( 0.0237 -0.0137 -0.0702)
[Testing!]J_ani:
[[-0.146  0.063 -0.227]
 [ 0.063 -0.074  0.131]
 [-0.227  0.131 -2.628]]
----------------------------------------------------------------------------------------
   Cr1   Cr1   ( -1,   0,   0)  0.9568   ( 6.013, -3.471,  0.000)  6.943 
J_iso:  0.9568 
[Testing!] DMI: ( 0.0237 -0.0137 -0.0702)
[Testing!]J_ani:
[[-0.146  0.063 -0.227]
 [ 0.063 -0.074  0.131]
 [-0.227  0.131 -2.628]]
----------------------------------------------------------------------------------------
   Cr2   Cr2   ( -1,   0,   0)  0.9567   ( 6.013, -3.471,  0.000)  6.943 
J_iso:  0.9567 
[Testing!] DMI: (-0.0237  0.0137  0.0702)
[Testing!]J_ani:
[[-0.146  0.063 -0.227]
 [ 0.063 -0.074  0.131]
 [-0.227  0.131 -2.628]]
----------------------------------------------------------------------------------------
   Cr1   Cr1   (  0,  -1,   0)  0.9568   ( 6.013,  3.471,  0.000)  6.943 
J_iso:  0.9568 
[Testing!] DMI: ( 0.0237  0.0137  0.0702)
[Testing!]J_ani:
[[-0.146 -0.063  0.227]
 [-0.063 -0.074  0.131]
 [ 0.227  0.131 -2.628]]
----------------------------------------------------------------------------------------
   Cr2   Cr2   (  0,  -1,   0)  0.9567   ( 6.013,  3.471,  0.000)  6.943 
J_iso:  0.9567 
[Testing!] DMI: (-0.0237 -0.0137 -0.0702)
[Testing!]J_ani:
[[-0.146 -0.063  0.227]
 [-0.063 -0.074  0.131]
 [ 0.227  0.131 -2.628]]
----------------------------------------------------------------------------------------
   Cr1   Cr1   (  0,   1,   0)  0.9568   (-6.013, -3.471,  0.000)  6.943 
J_iso:  0.9568 
[Testing!] DMI: (-0.0237 -0.0137 -0.0702)
[Testing!]J_ani:
[[-0.146 -0.063  0.227]
 [-0.063 -0.074  0.131]
 [ 0.227  0.131 -2.628]]
----------------------------------------------------------------------------------------
   Cr1   Cr1   (  1,   0,   0)  0.9568   (-6.013,  3.471,  0.000)  6.943 
J_iso:  0.9568 
[Testing!] DMI: (-0.0237  0.0137  0.0702)
[Testing!]J_ani:
[[-0.146  0.063 -0.227]
 [ 0.063 -0.074  0.131]
 [-0.227  0.131 -2.628]]
----------------------------------------------------------------------------------------
   Cr1   Cr2   ( -1,   1,   0)  0.0909   (-4.009, -6.943,  0.000)  8.017 
J_iso:  0.0909 
[Testing!] DMI: ( 0.0000  0.0000 -0.0000)
[Testing!]J_ani:
[[-0.059  0.023 -0.068]
 [ 0.023 -0.032  0.039]
 [-0.068  0.039 -0.373]]
----------------------------------------------------------------------------------------
   Cr2   Cr1   ( -1,   1,   0)  0.0909   ( 4.009, -6.943, -0.000)  8.017 
J_iso:  0.0909 
[Testing!] DMI: (-0.0000  0.0000  0.0000)
[Testing!]J_ani:
[[-0.059 -0.023  0.068]
 [-0.023 -0.032  0.039]
 [ 0.068  0.039 -0.373]]
----------------------------------------------------------------------------------------
   Cr1   Cr2   (  1,  -1,   0)  0.0909   (-4.009,  6.943,  0.000)  8.017 
J_iso:  0.0909 
[Testing!] DMI: ( 0.0000 -0.0000 -0.0000)
[Testing!]J_ani:
[[-0.059 -0.023  0.068]
 [-0.023 -0.032  0.039]
 [ 0.068  0.039 -0.373]]
----------------------------------------------------------------------------------------
   Cr2   Cr1   (  1,  -1,   0)  0.0909   ( 4.009,  6.943, -0.000)  8.017 
J_iso:  0.0909 
[Testing!] DMI: (-0.0000 -0.0000  0.0000)
[Testing!]J_ani:
[[-0.059  0.023 -0.068]
 [ 0.023 -0.032  0.039]
 [-0.068  0.039 -0.373]]
----------------------------------------------------------------------------------------
   Cr1   Cr2   ( -1,  -1,   0)  0.0910   ( 8.017,  0.000,  0.000)  8.017 
J_iso:  0.0910 
[Testing!] DMI: (-0.0000 -0.0000 -0.0000)
[Testing!]J_ani:
[[-0.019 -0.    -0.   ]
 [-0.    -0.072 -0.078]
 [-0.    -0.078 -0.373]]
----------------------------------------------------------------------------------------
   Cr2   Cr1   (  1,   1,   0)  0.0910   (-8.017,  0.000, -0.000)  8.017 
J_iso:  0.0910 
[Testing!] DMI: ( 0.0000  0.0000  0.0000)
[Testing!]J_ani:
[[-0.019 -0.    -0.   ]
 [-0.    -0.072 -0.078]
 [-0.    -0.078 -0.373]]
----------------------------------------------------------------------------------------
   Cr1   Cr2   ( -2,   1,   0)  0.0250   ( 2.004, -10.415,  0.000) 10.606 
J_iso:  0.0250 
[Testing!] DMI: (-0.0000  0.0000 -0.0000)
[Testing!]J_ani:
[[-0.012  0.    -0.006]
 [ 0.    -0.006 -0.001]
 [-0.006 -0.001 -0.195]]
----------------------------------------------------------------------------------------
   Cr2   Cr1   ( -1,   2,   0)  0.0250   (-2.004, -10.415, -0.000) 10.606 
J_iso:  0.0250 
[Testing!] DMI: ( 0.0000  0.0000 -0.0000)
[Testing!]J_ani:
[[-0.012 -0.     0.006]
 [-0.    -0.006 -0.001]
 [ 0.006 -0.001 -0.195]]
----------------------------------------------------------------------------------------
   Cr1   Cr2   (  1,  -2,   0)  0.0250   ( 2.004, 10.415,  0.000) 10.606 
J_iso:  0.0250 
[Testing!] DMI: (-0.0000 -0.0000  0.0000)
[Testing!]J_ani:
[[-0.012 -0.     0.006]
 [-0.    -0.006 -0.001]
 [ 0.006 -0.001 -0.195]]
----------------------------------------------------------------------------------------
   Cr2   Cr1   (  2,  -1,   0)  0.0250   (-2.004, 10.415, -0.000) 10.606 
J_iso:  0.0250 
[Testing!] DMI: ( 0.0000 -0.0000  0.0000)
[Testing!]J_ani:
[[-0.012  0.    -0.006]
 [ 0.    -0.006 -0.001]
 [-0.006 -0.001 -0.195]]
----------------------------------------------------------------------------------------
   Cr1   Cr2   ( -2,   0,   0)  0.0250   ( 8.017, -6.943,  0.000) 10.606 
J_iso:  0.0250 
[Testing!] DMI: (-0.0000  0.0000  0.0000)
[Testing!]J_ani:
[[-0.007 -0.003 -0.004]
 [-0.003 -0.01  -0.004]
 [-0.004 -0.004 -0.195]]
----------------------------------------------------------------------------------------
   Cr1   Cr2   (  0,  -2,   0)  0.0250   ( 8.017,  6.943,  0.000) 10.606 
J_iso:  0.0250 
[Testing!] DMI: (-0.0000 -0.0000 -0.0000)
[Testing!]J_ani:
[[-0.007  0.003  0.004]
 [ 0.003 -0.01  -0.004]
 [ 0.004 -0.004 -0.195]]
----------------------------------------------------------------------------------------
   Cr2   Cr1   (  0,   2,   0)  0.0250   (-8.017, -6.943, -0.000) 10.606 
J_iso:  0.0250 
[Testing!] DMI: ( 0.0000  0.0000  0.0000)
[Testing!]J_ani:
[[-0.007  0.003  0.004]
 [ 0.003 -0.01  -0.004]
 [ 0.004 -0.004 -0.195]]
----------------------------------------------------------------------------------------
   Cr2   Cr1   (  2,   0,   0)  0.0250   (-8.017,  6.943, -0.000) 10.606 
J_iso:  0.0250 
[Testing!] DMI: ( 0.0000 -0.0000 -0.0000)
[Testing!]J_ani:
[[-0.007 -0.003 -0.004]
 [-0.003 -0.01  -0.004]
 [-0.004 -0.004 -0.195]]
----------------------------------------------------------------------------------------
   Cr2   Cr1   ( -1,   0,   0)  0.0250   (10.021, -3.471, -0.000) 10.606 
J_iso:  0.0250 
[Testing!] DMI: (-0.0000  0.0000  0.0000)
[Testing!]J_ani:
[[-0.007 -0.003  0.002]
 [-0.003 -0.01   0.006]
 [ 0.002  0.006 -0.195]]
----------------------------------------------------------------------------------------
   Cr2   Cr1   (  0,  -1,   0)  0.0250   (10.021,  3.471, -0.000) 10.606 
J_iso:  0.0250 
[Testing!] DMI: (-0.0000 -0.0000 -0.0000)
[Testing!]J_ani:
[[-0.007  0.003 -0.002]
 [ 0.003 -0.01   0.006]
 [-0.002  0.006 -0.195]]
----------------------------------------------------------------------------------------
   Cr1   Cr2   (  0,   1,   0)  0.0250   (-10.021, -3.471,  0.000) 10.606 
J_iso:  0.0250 
[Testing!] DMI: ( 0.0000  0.0000  0.0000)
[Testing!]J_ani:
[[-0.007  0.003 -0.002]
 [ 0.003 -0.01   0.006]
 [-0.002  0.006 -0.195]]
----------------------------------------------------------------------------------------
   Cr1   Cr2   (  1,   0,   0)  0.0250   (-10.021,  3.471,  0.000) 10.606 
J_iso:  0.0250 
[Testing!] DMI: ( 0.0000 -0.0000 -0.0000)
[Testing!]J_ani:
[[-0.007 -0.003  0.002]
 [-0.003 -0.01   0.006]
 [ 0.002  0.006 -0.195]]
----------------------------------------------------------------------------------------
   Cr1   Cr1   ( -2,   1,   0) -0.0390   ( 6.013, -10.415,  0.000) 12.026 
J_iso: -0.0390 
[Testing!] DMI: (-0.0109  0.0189  0.0000)
[Testing!]J_ani:
[[-0.004 -0.001 -0.005]
 [-0.001 -0.004 -0.003]
 [-0.005 -0.003 -0.105]]
----------------------------------------------------------------------------------------
   Cr2   Cr2   ( -2,   1,   0) -0.0390   ( 6.013, -10.415,  0.000) 12.026 
J_iso: -0.0390 
[Testing!] DMI: ( 0.0109 -0.0189 -0.0000)
[Testing!]J_ani:
[[-0.004 -0.001 -0.005]
 [-0.001 -0.004 -0.003]
 [-0.005 -0.003 -0.105]]
----------------------------------------------------------------------------------------
   Cr1   Cr1   ( -1,   2,   0) -0.0390   (-6.013, -10.415,  0.000) 12.026 
J_iso: -0.0390 
[Testing!] DMI: ( 0.0109  0.0189  0.0000)
[Testing!]J_ani:
[[-0.004  0.001  0.005]
 [ 0.001 -0.004 -0.003]
 [ 0.005 -0.003 -0.105]]
----------------------------------------------------------------------------------------
   Cr2   Cr2   ( -1,   2,   0) -0.0390   (-6.013, -10.415,  0.000) 12.026 
J_iso: -0.0390 
[Testing!] DMI: (-0.0109 -0.0189 -0.0000)
[Testing!]J_ani:
[[-0.004  0.001  0.005]
 [ 0.001 -0.004 -0.003]
 [ 0.005 -0.003 -0.105]]
----------------------------------------------------------------------------------------
   Cr1   Cr1   (  1,  -2,   0) -0.0390   ( 6.013, 10.415,  0.000) 12.026 
J_iso: -0.0390 
[Testing!] DMI: (-0.0109 -0.0189 -0.0000)
[Testing!]J_ani:
[[-0.004  0.001  0.005]
 [ 0.001 -0.004 -0.003]
 [ 0.005 -0.003 -0.105]]
----------------------------------------------------------------------------------------
   Cr2   Cr2   (  1,  -2,   0) -0.0390   ( 6.013, 10.415,  0.000) 12.026 
J_iso: -0.0390 
[Testing!] DMI: ( 0.0109  0.0189  0.0000)
[Testing!]J_ani:
[[-0.004  0.001  0.005]
 [ 0.001 -0.004 -0.003]
 [ 0.005 -0.003 -0.105]]
----------------------------------------------------------------------------------------
   Cr1   Cr1   (  2,  -1,   0) -0.0390   (-6.013, 10.415,  0.000) 12.026 
J_iso: -0.0390 
[Testing!] DMI: ( 0.0109 -0.0189 -0.0000)
[Testing!]J_ani:
[[-0.004 -0.001 -0.005]
 [-0.001 -0.004 -0.003]
 [-0.005 -0.003 -0.105]]
----------------------------------------------------------------------------------------
   Cr2   Cr2   (  2,  -1,   0) -0.0390   (-6.013, 10.415,  0.000) 12.026 
J_iso: -0.0390 
[Testing!] DMI: (-0.0109  0.0189  0.0000)
[Testing!]J_ani:
[[-0.004 -0.001 -0.005]
 [-0.001 -0.004 -0.003]
 [-0.005 -0.003 -0.105]]
----------------------------------------------------------------------------------------
   Cr1   Cr1   ( -1,  -1,   0) -0.0390   (12.026,  0.000,  0.000) 12.026 
J_iso: -0.0390 
[Testing!] DMI: (-0.0219 -0.0000 -0.0000)
[Testing!]J_ani:
[[-0.003 -0.    -0.   ]
 [-0.    -0.005  0.006]
 [-0.     0.006 -0.105]]
----------------------------------------------------------------------------------------
   Cr2   Cr2   ( -1,  -1,   0) -0.0390   (12.026,  0.000,  0.000) 12.026 
J_iso: -0.0390 
[Testing!] DMI: ( 0.0219  0.0000  0.0000)
[Testing!]J_ani:
[[-0.003 -0.    -0.   ]
 [-0.    -0.005  0.006]
 [-0.     0.006 -0.105]]
----------------------------------------------------------------------------------------
   Cr1   Cr1   (  1,   1,   0) -0.0390   (-12.026,  0.000,  0.000) 12.026 
J_iso: -0.0390 
[Testing!] DMI: ( 0.0219  0.0000  0.0000)
[Testing!]J_ani:
[[-0.003 -0.    -0.   ]
 [-0.    -0.005  0.006]
 [-0.     0.006 -0.105]]
----------------------------------------------------------------------------------------
   Cr2   Cr2   (  1,   1,   0) -0.0390   (-12.026,  0.000,  0.000) 12.026 
J_iso: -0.0390 
[Testing!] DMI: (-0.0219 -0.0000 -0.0000)
[Testing!]J_ani:
[[-0.003 -0.    -0.   ]
 [-0.    -0.005  0.006]
 [-0.     0.006 -0.105]]
----------------------------------------------------------------------------------------
   Cr1   Cr1   ( -2,   2,   0) -0.0077   ( 0.000, -13.886,  0.000) 13.886 
J_iso: -0.0077 
[Testing!] DMI: (-0.0000 -0.0013  0.0015)
[Testing!]J_ani:
[[-0.001  0.     0.   ]
 [ 0.    -0.001 -0.001]
 [ 0.    -0.001 -0.008]]
----------------------------------------------------------------------------------------
   Cr2   Cr2   ( -2,   2,   0) -0.0077   ( 0.000, -13.886,  0.000) 13.886 
J_iso: -0.0077 
[Testing!] DMI: ( 0.0000  0.0013 -0.0015)
[Testing!]J_ani:
[[-0.001  0.     0.   ]
 [ 0.    -0.001 -0.001]
 [ 0.    -0.001 -0.008]]
----------------------------------------------------------------------------------------
   Cr1   Cr1   (  2,  -2,   0) -0.0077   ( 0.000, 13.886,  0.000) 13.886 
J_iso: -0.0077 
[Testing!] DMI: ( 0.0000  0.0013 -0.0015)
[Testing!]J_ani:
[[-0.001  0.     0.   ]
 [ 0.    -0.001 -0.001]
 [ 0.    -0.001 -0.008]]
----------------------------------------------------------------------------------------
   Cr2   Cr2   (  2,  -2,   0) -0.0077   ( 0.000, 13.886,  0.000) 13.886 
J_iso: -0.0077 
[Testing!] DMI: (-0.0000 -0.0013  0.0015)
[Testing!]J_ani:
[[-0.001  0.     0.   ]
 [ 0.    -0.001 -0.001]
 [ 0.    -0.001 -0.008]]
----------------------------------------------------------------------------------------
   Cr1   Cr1   ( -2,   0,   0) -0.0077   (12.026, -6.943,  0.000) 13.886 
J_iso: -0.0077 
[Testing!] DMI: ( 0.0012 -0.0007 -0.0015)
[Testing!]J_ani:
[[-0.001  0.    -0.001]
 [ 0.    -0.001  0.   ]
 [-0.001  0.    -0.008]]
----------------------------------------------------------------------------------------
   Cr1   Cr1   (  0,  -2,   0) -0.0077   (12.026,  6.943,  0.000) 13.886 
J_iso: -0.0077 
[Testing!] DMI: ( 0.0012  0.0007  0.0015)
[Testing!]J_ani:
[[-0.001 -0.     0.001]
 [-0.    -0.001  0.   ]
 [ 0.001  0.    -0.008]]
----------------------------------------------------------------------------------------
   Cr2   Cr2   ( -2,   0,   0) -0.0077   (12.026, -6.943,  0.000) 13.886 
J_iso: -0.0077 
[Testing!] DMI: (-0.0012  0.0007  0.0015)
[Testing!]J_ani:
[[-0.001  0.    -0.001]
 [ 0.    -0.001  0.   ]
 [-0.001  0.    -0.008]]
----------------------------------------------------------------------------------------
   Cr2   Cr2   (  0,  -2,   0) -0.0077   (12.026,  6.943,  0.000) 13.886 
J_iso: -0.0077 
[Testing!] DMI: (-0.0012 -0.0007 -0.0015)
[Testing!]J_ani:
[[-0.001 -0.     0.001]
 [-0.    -0.001  0.   ]
 [ 0.001  0.    -0.008]]
----------------------------------------------------------------------------------------
   Cr1   Cr1   (  0,   2,   0) -0.0077   (-12.026, -6.943,  0.000) 13.886 
J_iso: -0.0077 
[Testing!] DMI: (-0.0012 -0.0007 -0.0015)
[Testing!]J_ani:
[[-0.001 -0.     0.001]
 [-0.    -0.001  0.   ]
 [ 0.001  0.    -0.008]]
----------------------------------------------------------------------------------------
   Cr2   Cr2   (  0,   2,   0) -0.0077   (-12.026, -6.943,  0.000) 13.886 
J_iso: -0.0077 
[Testing!] DMI: ( 0.0012  0.0007  0.0015)
[Testing!]J_ani:
[[-0.001 -0.     0.001]
 [-0.    -0.001  0.   ]
 [ 0.001  0.    -0.008]]
----------------------------------------------------------------------------------------
   Cr1   Cr1   (  2,   0,   0) -0.0077   (-12.026,  6.943,  0.000) 13.886 
J_iso: -0.0077 
[Testing!] DMI: (-0.0012  0.0007  0.0015)
[Testing!]J_ani:
[[-0.001  0.    -0.001]
 [ 0.    -0.001  0.   ]
 [-0.001  0.    -0.008]]
----------------------------------------------------------------------------------------
   Cr2   Cr2   (  2,   0,   0) -0.0077   (-12.026,  6.943,  0.000) 13.886 
J_iso: -0.0077 
[Testing!] DMI: ( 0.0012 -0.0007 -0.0015)
[Testing!]J_ani:
[[-0.001  0.    -0.001]
 [ 0.    -0.001  0.   ]
 [-0.001  0.    -0.008]]
----------------------------------------------------------------------------------------
   Cr1   Cr2   ( -2,   2,   0)  0.0001   (-4.009, -13.886,  0.000) 14.453 
J_iso:  0.0001 
[Testing!] DMI: (-0.0000 -0.0000  0.0000)
[Testing!]J_ani:
[[-0.001  0.     0.   ]
 [ 0.    -0.001  0.001]
 [ 0.     0.001 -0.011]]
----------------------------------------------------------------------------------------
   Cr2   Cr1   ( -2,   2,   0)  0.0001   ( 4.009, -13.886, -0.000) 14.453 
J_iso:  0.0001 
[Testing!] DMI: ( 0.0000 -0.0000  0.0000)
[Testing!]J_ani:
[[-0.001 -0.    -0.   ]
 [-0.    -0.001  0.001]
 [-0.     0.001 -0.011]]
----------------------------------------------------------------------------------------
   Cr1   Cr2   (  2,  -2,   0)  0.0001   (-4.009, 13.886,  0.000) 14.453 
J_iso:  0.0001 
[Testing!] DMI: (-0.0000  0.0000 -0.0000)
[Testing!]J_ani:
[[-0.001 -0.    -0.   ]
 [-0.    -0.001  0.001]
 [-0.     0.001 -0.011]]
----------------------------------------------------------------------------------------
   Cr2   Cr1   (  2,  -2,   0)  0.0001   ( 4.009, 13.886, -0.000) 14.453 
J_iso:  0.0001 
[Testing!] DMI: ( 0.0000  0.0000 -0.0000)
[Testing!]J_ani:
[[-0.001  0.     0.   ]
 [ 0.    -0.001  0.001]
 [ 0.     0.001 -0.011]]
----------------------------------------------------------------------------------------
   Cr2   Cr1   ( -2,   1,   0)  0.0001   (10.021, -10.415, -0.000) 14.453 
J_iso:  0.0001 
[Testing!] DMI: ( 0.0000 -0.0000 -0.0000)
[Testing!]J_ani:
[[-0.001  0.     0.001]
 [ 0.    -0.001 -0.   ]
 [ 0.001 -0.    -0.011]]
----------------------------------------------------------------------------------------
   Cr1   Cr2   ( -1,   2,   0)  0.0001   (-10.021, -10.415,  0.000) 14.453 
J_iso:  0.0001 
[Testing!] DMI: (-0.0000 -0.0000 -0.0000)
[Testing!]J_ani:
[[-0.001 -0.    -0.001]
 [-0.    -0.001 -0.   ]
 [-0.001 -0.    -0.011]]
----------------------------------------------------------------------------------------
   Cr2   Cr1   (  1,  -2,   0)  0.0001   (10.021, 10.415, -0.000) 14.453 
J_iso:  0.0001 
[Testing!] DMI: ( 0.0000  0.0000  0.0000)
[Testing!]J_ani:
[[-0.001 -0.    -0.001]
 [-0.    -0.001 -0.   ]
 [-0.001 -0.    -0.011]]
----------------------------------------------------------------------------------------
   Cr1   Cr2   (  2,  -1,   0)  0.0001   (-10.021, 10.415,  0.000) 14.453 
J_iso:  0.0001 
[Testing!] DMI: (-0.0000  0.0000  0.0000)
[Testing!]J_ani:
[[-0.001  0.     0.001]
 [ 0.    -0.001 -0.   ]
 [ 0.001 -0.    -0.011]]
----------------------------------------------------------------------------------------
   Cr1   Cr2   ( -2,  -1,   0)  0.0001   (14.030, -3.471,  0.000) 14.453 
J_iso:  0.0001 
[Testing!] DMI: ( 0.0000 -0.0000 -0.0000)
[Testing!]J_ani:
[[-0.001  0.     0.001]
 [ 0.    -0.001 -0.   ]
 [ 0.001 -0.    -0.011]]
----------------------------------------------------------------------------------------
   Cr1   Cr2   ( -1,  -2,   0)  0.0001   (14.030,  3.471,  0.000) 14.453 
J_iso:  0.0001 
[Testing!] DMI: ( 0.0000  0.0000  0.0000)
[Testing!]J_ani:
[[-0.001 -0.    -0.001]
 [-0.    -0.001 -0.   ]
 [-0.001 -0.    -0.011]]
----------------------------------------------------------------------------------------
   Cr2   Cr1   (  1,   2,   0)  0.0001   (-14.030, -3.471, -0.000) 14.453 
J_iso:  0.0001 
[Testing!] DMI: (-0.0000 -0.0000 -0.0000)
[Testing!]J_ani:
[[-0.001 -0.    -0.001]
 [-0.    -0.001 -0.   ]
 [-0.001 -0.    -0.011]]
----------------------------------------------------------------------------------------
   Cr2   Cr1   (  2,   1,   0)  0.0001   (-14.030,  3.471, -0.000) 14.453 
J_iso:  0.0001 
[Testing!] DMI: (-0.0000  0.0000  0.0000)
[Testing!]J_ani:
[[-0.001  0.     0.001]
 [ 0.    -0.001 -0.   ]
 [ 0.001 -0.    -0.011]]
----------------------------------------------------------------------------------------
   Cr1   Cr2   ( -3,   1,   0) -0.0061   ( 8.017, -13.886,  0.000) 16.034 
J_iso: -0.0061 
[Testing!] DMI: ( 0.0000 -0.0000 -0.0000)
[Testing!]J_ani:
[[-0.001 -0.    -0.001]
 [-0.    -0.001 -0.001]
 [-0.001 -0.001 -0.024]]
----------------------------------------------------------------------------------------
   Cr2   Cr1   ( -1,   3,   0) -0.0061   (-8.017, -13.886, -0.000) 16.034 
J_iso: -0.0061 
[Testing!] DMI: (-0.0000 -0.0000  0.0000)
[Testing!]J_ani:
[[-0.001  0.     0.001]
 [ 0.    -0.001 -0.001]
 [ 0.001 -0.001 -0.024]]
----------------------------------------------------------------------------------------
   Cr1   Cr2   (  1,  -3,   0) -0.0061   ( 8.017, 13.886,  0.000) 16.034 
J_iso: -0.0061 
[Testing!] DMI: ( 0.0000  0.0000 -0.0000)
[Testing!]J_ani:
[[-0.001  0.     0.001]
 [ 0.    -0.001 -0.001]
 [ 0.001 -0.001 -0.024]]
----------------------------------------------------------------------------------------
   Cr2   Cr1   (  3,  -1,   0) -0.0061   (-8.017, 13.886, -0.000) 16.034 
J_iso: -0.0061 
[Testing!] DMI: (-0.0000  0.0000  0.0000)
[Testing!]J_ani:
[[-0.001 -0.    -0.001]
 [-0.    -0.001 -0.001]
 [-0.001 -0.001 -0.024]]
----------------------------------------------------------------------------------------
   Cr2   Cr1   ( -1,  -1,   0) -0.0061   (16.034,  0.000, -0.000) 16.034 
J_iso: -0.0061 
[Testing!] DMI: ( 0.0000  0.0000  0.0000)
[Testing!]J_ani:
[[-0.001  0.    -0.   ]
 [ 0.    -0.001  0.001]
 [-0.     0.001 -0.024]]
----------------------------------------------------------------------------------------
   Cr1   Cr2   (  1,   1,   0) -0.0061   (-16.034,  0.000,  0.000) 16.034 
J_iso: -0.0061 
[Testing!] DMI: (-0.0000 -0.0000 -0.0000)
[Testing!]J_ani:
[[-0.001  0.    -0.   ]
 [ 0.    -0.001  0.001]
 [-0.     0.001 -0.024]]
----------------------------------------------------------------------------------------
   Cr1   Cr2   ( -3,   2,   0) -0.0005   ( 2.004, -17.358,  0.000) 17.473 
J_iso: -0.0005 
[Testing!] DMI: (-0.0000  0.0000  0.0000)
[Testing!]J_ani:
[[-0.     0.    -0.   ]
 [ 0.    -0.    -0.   ]
 [-0.    -0.    -0.003]]
----------------------------------------------------------------------------------------
   Cr2   Cr1   ( -2,   3,   0) -0.0005   (-2.004, -17.358, -0.000) 17.473 
J_iso: -0.0005 
[Testing!] DMI: ( 0.0000  0.0000  0.0000)
[Testing!]J_ani:
[[-0.    -0.     0.   ]
 [-0.    -0.    -0.   ]
 [ 0.    -0.    -0.003]]
----------------------------------------------------------------------------------------
   Cr1   Cr2   (  2,  -3,   0) -0.0005   ( 2.004, 17.358,  0.000) 17.473 
J_iso: -0.0005 
[Testing!] DMI: (-0.0000 -0.0000 -0.0000)
[Testing!]J_ani:
[[-0.    -0.     0.   ]
 [-0.    -0.    -0.   ]
 [ 0.    -0.    -0.003]]
----------------------------------------------------------------------------------------
   Cr2   Cr1   (  3,  -2,   0) -0.0005   (-2.004, 17.358, -0.000) 17.473 
J_iso: -0.0005 
[Testing!] DMI: ( 0.0000 -0.0000 -0.0000)
[Testing!]J_ani:
[[-0.     0.    -0.   ]
 [ 0.    -0.    -0.   ]
 [-0.    -0.    -0.003]]
----------------------------------------------------------------------------------------
   Cr1   Cr2   ( -3,   0,   0) -0.0005   (14.030, -10.415,  0.000) 17.473 
J_iso: -0.0005 
[Testing!] DMI: ( 0.0000  0.0000 -0.0000)
[Testing!]J_ani:
[[-0.     0.    -0.   ]
 [ 0.    -0.    -0.   ]
 [-0.    -0.    -0.003]]
----------------------------------------------------------------------------------------
   Cr1   Cr2   (  0,  -3,   0) -0.0005   (14.030, 10.415,  0.000) 17.473 
J_iso: -0.0005 
[Testing!] DMI: ( 0.0000 -0.0000  0.0000)
[Testing!]J_ani:
[[-0.    -0.     0.   ]
 [-0.    -0.    -0.   ]
 [ 0.    -0.    -0.003]]
----------------------------------------------------------------------------------------
   Cr2   Cr1   (  0,   3,   0) -0.0005   (-14.030, -10.415, -0.000) 17.473 
J_iso: -0.0005 
[Testing!] DMI: (-0.0000  0.0000 -0.0000)
[Testing!]J_ani:
[[-0.    -0.     0.   ]
 [-0.    -0.    -0.   ]
 [ 0.    -0.    -0.003]]
----------------------------------------------------------------------------------------
   Cr2   Cr1   (  3,   0,   0) -0.0005   (-14.030, 10.415, -0.000) 17.473 
J_iso: -0.0005 
[Testing!] DMI: (-0.0000 -0.0000  0.0000)
[Testing!]J_ani:
[[-0.     0.    -0.   ]
 [ 0.    -0.    -0.   ]
 [-0.    -0.    -0.003]]
----------------------------------------------------------------------------------------
   Cr2   Cr1   ( -2,   0,   0) -0.0005   (16.034, -6.943, -0.000) 17.473 
J_iso: -0.0005 
[Testing!] DMI: (-0.0000 -0.0000 -0.0000)
[Testing!]J_ani:
[[-0.     0.     0.   ]
 [ 0.    -0.     0.   ]
 [ 0.     0.    -0.003]]
----------------------------------------------------------------------------------------
   Cr2   Cr1   (  0,  -2,   0) -0.0005   (16.034,  6.943, -0.000) 17.473 
J_iso: -0.0005 
[Testing!] DMI: (-0.0000  0.0000  0.0000)
[Testing!]J_ani:
[[-0.    -0.    -0.   ]
 [-0.    -0.     0.   ]
 [-0.     0.    -0.003]]
----------------------------------------------------------------------------------------
   Cr1   Cr2   (  0,   2,   0) -0.0005   (-16.034, -6.943,  0.000) 17.473 
J_iso: -0.0005 
[Testing!] DMI: ( 0.0000 -0.0000 -0.0000)
[Testing!]J_ani:
[[-0.    -0.    -0.   ]
 [-0.    -0.     0.   ]
 [-0.     0.    -0.003]]
----------------------------------------------------------------------------------------
   Cr1   Cr2   (  2,   0,   0) -0.0005   (-16.034,  6.943,  0.000) 17.473 
J_iso: -0.0005 
[Testing!] DMI: ( 0.0000  0.0000  0.0000)
[Testing!]J_ani:
[[-0.     0.     0.   ]
 [ 0.    -0.     0.   ]
 [ 0.     0.    -0.003]]
----------------------------------------------------------------------------------------
   Cr1   Cr1   ( -3,   2,   0)  0.0005   ( 6.013, -17.358,  0.000) 18.369 
J_iso:  0.0005 
[Testing!] DMI: (-0.0002 -0.0000 -0.0000)
[Testing!]J_ani:
[[-0.    -0.    -0.   ]
 [-0.    -0.    -0.   ]
 [-0.    -0.    -0.004]]
----------------------------------------------------------------------------------------
   Cr2   Cr2   ( -3,   2,   0)  0.0005   ( 6.013, -17.358,  0.000) 18.369 
J_iso:  0.0005 
[Testing!] DMI: ( 0.0002  0.0000  0.0000)
[Testing!]J_ani:
[[-0.    -0.    -0.   ]
 [-0.    -0.    -0.   ]
 [-0.    -0.    -0.004]]
----------------------------------------------------------------------------------------
   Cr1   Cr1   ( -2,   3,   0)  0.0005   (-6.013, -17.358,  0.000) 18.369 
J_iso:  0.0005 
[Testing!] DMI: ( 0.0002 -0.0000 -0.0000)
[Testing!]J_ani:
[[-0.     0.     0.   ]
 [ 0.    -0.    -0.   ]
 [ 0.    -0.    -0.004]]
----------------------------------------------------------------------------------------
   Cr2   Cr2   ( -2,   3,   0)  0.0005   (-6.013, -17.358,  0.000) 18.369 
J_iso:  0.0005 
[Testing!] DMI: (-0.0002  0.0000  0.0000)
[Testing!]J_ani:
[[-0.     0.     0.   ]
 [ 0.    -0.    -0.   ]
 [ 0.    -0.    -0.004]]
----------------------------------------------------------------------------------------
   Cr1   Cr1   (  2,  -3,   0)  0.0005   ( 6.013, 17.358,  0.000) 18.369 
J_iso:  0.0005 
[Testing!] DMI: (-0.0002  0.0000  0.0000)
[Testing!]J_ani:
[[-0.     0.     0.   ]
 [ 0.    -0.    -0.   ]
 [ 0.    -0.    -0.004]]
----------------------------------------------------------------------------------------
   Cr2   Cr2   (  2,  -3,   0)  0.0005   ( 6.013, 17.358,  0.000) 18.369 
J_iso:  0.0005 
[Testing!] DMI: ( 0.0002 -0.0000 -0.0000)
[Testing!]J_ani:
[[-0.     0.     0.   ]
 [ 0.    -0.    -0.   ]
 [ 0.    -0.    -0.004]]
----------------------------------------------------------------------------------------
   Cr1   Cr1   (  3,  -2,   0)  0.0005   (-6.013, 17.358,  0.000) 18.369 
J_iso:  0.0005 
[Testing!] DMI: ( 0.0002  0.0000  0.0000)
[Testing!]J_ani:
[[-0.    -0.    -0.   ]
 [-0.    -0.    -0.   ]
 [-0.    -0.    -0.004]]
----------------------------------------------------------------------------------------
   Cr2   Cr2   (  3,  -2,   0)  0.0005   (-6.013, 17.358,  0.000) 18.369 
J_iso:  0.0005 
[Testing!] DMI: (-0.0002 -0.0000 -0.0000)
[Testing!]J_ani:
[[-0.    -0.    -0.   ]
 [-0.    -0.    -0.   ]
 [-0.    -0.    -0.004]]
----------------------------------------------------------------------------------------
   Cr1   Cr1   ( -3,   1,   0)  0.0005   (12.026, -13.886,  0.000) 18.369 
J_iso:  0.0005 
[Testing!] DMI: ( 0.0001  0.0001  0.0000)
[Testing!]J_ani:
[[-0.    -0.    -0.   ]
 [-0.    -0.    -0.   ]
 [-0.    -0.    -0.004]]
----------------------------------------------------------------------------------------
   Cr2   Cr2   ( -3,   1,   0)  0.0005   (12.026, -13.886,  0.000) 18.369 
J_iso:  0.0005 
[Testing!] DMI: (-0.0001 -0.0001 -0.0000)
[Testing!]J_ani:
[[-0.    -0.    -0.   ]
 [-0.    -0.    -0.   ]
 [-0.    -0.    -0.004]]
----------------------------------------------------------------------------------------
   Cr1   Cr1   ( -1,   3,   0)  0.0005   (-12.026, -13.886,  0.000) 18.369 
J_iso:  0.0005 
[Testing!] DMI: (-0.0001  0.0001  0.0000)
[Testing!]J_ani:
[[-0.     0.     0.   ]
 [ 0.    -0.    -0.   ]
 [ 0.    -0.    -0.004]]
----------------------------------------------------------------------------------------
   Cr2   Cr2   ( -1,   3,   0)  0.0005   (-12.026, -13.886,  0.000) 18.369 
J_iso:  0.0005 
[Testing!] DMI: ( 0.0001 -0.0001 -0.0000)
[Testing!]J_ani:
[[-0.     0.     0.   ]
 [ 0.    -0.    -0.   ]
 [ 0.    -0.    -0.004]]
----------------------------------------------------------------------------------------
   Cr1   Cr1   (  1,  -3,   0)  0.0005   (12.026, 13.886,  0.000) 18.369 
J_iso:  0.0005 
[Testing!] DMI: ( 0.0001 -0.0001 -0.0000)
[Testing!]J_ani:
[[-0.     0.     0.   ]
 [ 0.    -0.    -0.   ]
 [ 0.    -0.    -0.004]]
----------------------------------------------------------------------------------------
   Cr2   Cr2   (  1,  -3,   0)  0.0005   (12.026, 13.886,  0.000) 18.369 
J_iso:  0.0005 
[Testing!] DMI: (-0.0001  0.0001  0.0000)
[Testing!]J_ani:
[[-0.     0.     0.   ]
 [ 0.    -0.    -0.   ]
 [ 0.    -0.    -0.004]]
----------------------------------------------------------------------------------------
   Cr1   Cr1   (  3,  -1,   0)  0.0005   (-12.026, 13.886,  0.000) 18.369 
J_iso:  0.0005 
[Testing!] DMI: (-0.0001 -0.0001 -0.0000)
[Testing!]J_ani:
[[-0.    -0.    -0.   ]
 [-0.    -0.    -0.   ]
 [-0.    -0.    -0.004]]
----------------------------------------------------------------------------------------
   Cr2   Cr2   (  3,  -1,   0)  0.0005   (-12.026, 13.886,  0.000) 18.369 
J_iso:  0.0005 
[Testing!] DMI: ( 0.0001  0.0001  0.0000)
[Testing!]J_ani:
[[-0.    -0.    -0.   ]
 [-0.    -0.    -0.   ]
 [-0.    -0.    -0.004]]
----------------------------------------------------------------------------------------
   Cr1   Cr1   ( -2,  -1,   0)  0.0005   (18.038, -3.471,  0.000) 18.369 
J_iso:  0.0005 
[Testing!] DMI: (-0.0001 -0.0002  0.0000)
[Testing!]J_ani:
[[-0.     0.    -0.   ]
 [ 0.    -0.     0.   ]
 [-0.     0.    -0.004]]
----------------------------------------------------------------------------------------
   Cr2   Cr2   ( -2,  -1,   0)  0.0005   (18.038, -3.471,  0.000) 18.369 
J_iso:  0.0005 
[Testing!] DMI: ( 0.0001  0.0002 -0.0000)
[Testing!]J_ani:
[[-0.     0.    -0.   ]
 [ 0.    -0.     0.   ]
 [-0.     0.    -0.004]]
----------------------------------------------------------------------------------------
   Cr1   Cr1   ( -1,  -2,   0)  0.0005   (18.038,  3.471,  0.000) 18.369 
J_iso:  0.0005 
[Testing!] DMI: (-0.0001  0.0002 -0.0000)
[Testing!]J_ani:
[[-0.    -0.     0.   ]
 [-0.    -0.     0.   ]
 [ 0.     0.    -0.004]]
----------------------------------------------------------------------------------------
   Cr2   Cr2   ( -1,  -2,   0)  0.0005   (18.038,  3.471,  0.000) 18.369 
J_iso:  0.0005 
[Testing!] DMI: ( 0.0001 -0.0002  0.0000)
[Testing!]J_ani:
[[-0.    -0.     0.   ]
 [-0.    -0.     0.   ]
 [ 0.     0.    -0.004]]
----------------------------------------------------------------------------------------
   Cr1   Cr1   (  1,   2,   0)  0.0005   (-18.038, -3.471,  0.000) 18.369 
J_iso:  0.0005 
[Testing!] DMI: ( 0.0001 -0.0002  0.0000)
[Testing!]J_ani:
[[-0.    -0.     0.   ]
 [-0.    -0.     0.   ]
 [ 0.     0.    -0.004]]
----------------------------------------------------------------------------------------
   Cr2   Cr2   (  1,   2,   0)  0.0005   (-18.038, -3.471,  0.000) 18.369 
J_iso:  0.0005 
[Testing!] DMI: (-0.0001  0.0002 -0.0000)
[Testing!]J_ani:
[[-0.    -0.     0.   ]
 [-0.    -0.     0.   ]
 [ 0.     0.    -0.004]]
----------------------------------------------------------------------------------------
   Cr1   Cr1   (  2,   1,   0)  0.0005   (-18.038,  3.471,  0.000) 18.369 
J_iso:  0.0005 
[Testing!] DMI: ( 0.0001  0.0002 -0.0000)
[Testing!]J_ani:
[[-0.     0.    -0.   ]
 [ 0.    -0.     0.   ]
 [-0.     0.    -0.004]]
----------------------------------------------------------------------------------------
   Cr2   Cr2   (  2,   1,   0)  0.0005   (-18.038,  3.471,  0.000) 18.369 
J_iso:  0.0005 
[Testing!] DMI: (-0.0001 -0.0002  0.0000)
[Testing!]J_ani:
[[-0.     0.    -0.   ]
 [ 0.    -0.     0.   ]
 [-0.     0.    -0.004]]
----------------------------------------------------------------------------------------
   Cr2   Cr1   ( -3,   2,   0)  0.0005   (10.021, -17.358, -0.000) 20.043 
J_iso:  0.0005 
[Testing!] DMI: ( 0.0000 -0.0000  0.0000)
[Testing!]J_ani:
[[-0.     0.     0.   ]
 [ 0.    -0.     0.   ]
 [ 0.     0.    -0.003]]
----------------------------------------------------------------------------------------
   Cr1   Cr2   ( -2,   3,   0)  0.0005   (-10.021, -17.358,  0.000) 20.043 
J_iso:  0.0005 
[Testing!] DMI: (-0.0000 -0.0000  0.0000)
[Testing!]J_ani:
[[-0.    -0.    -0.   ]
 [-0.    -0.     0.   ]
 [-0.     0.    -0.003]]
----------------------------------------------------------------------------------------
   Cr2   Cr1   (  2,  -3,   0)  0.0005   (10.021, 17.358, -0.000) 20.043 
J_iso:  0.0005 
[Testing!] DMI: ( 0.0000  0.0000 -0.0000)
[Testing!]J_ani:
[[-0.    -0.    -0.   ]
 [-0.    -0.     0.   ]
 [-0.     0.    -0.003]]
----------------------------------------------------------------------------------------
   Cr1   Cr2   (  3,  -2,   0)  0.0005   (-10.021, 17.358,  0.000) 20.043 
J_iso:  0.0005 
[Testing!] DMI: (-0.0000  0.0000 -0.0000)
[Testing!]J_ani:
[[-0.     0.     0.   ]
 [ 0.    -0.     0.   ]
 [ 0.     0.    -0.003]]
----------------------------------------------------------------------------------------
   Cr1   Cr2   ( -2,  -2,   0)  0.0005   (20.043,  0.000,  0.000) 20.043 
J_iso:  0.0005 
[Testing!] DMI: ( 0.0000 -0.0000 -0.0000)
[Testing!]J_ani:
[[-0.     0.     0.   ]
 [ 0.    -0.    -0.   ]
 [ 0.    -0.    -0.003]]
----------------------------------------------------------------------------------------
   Cr2   Cr1   (  2,   2,   0)  0.0005   (-20.043,  0.000, -0.000) 20.043 
J_iso:  0.0005 
[Testing!] DMI: (-0.0000  0.0000  0.0000)
[Testing!]J_ani:
[[-0.     0.     0.   ]
 [ 0.    -0.    -0.   ]
 [ 0.    -0.    -0.003]]
----------------------------------------------------------------------------------------
   Cr1   Cr1   ( -3,   3,   0) -0.0001   ( 0.000, -20.829,  0.000) 20.829 
J_iso: -0.0001 
[Testing!] DMI: (-0.0000  0.0000  0.0001)
[Testing!]J_ani:
[[-0.     0.    -0.   ]
 [ 0.    -0.    -0.   ]
 [-0.    -0.    -0.001]]
----------------------------------------------------------------------------------------
   Cr2   Cr2   ( -3,   3,   0) -0.0001   ( 0.000, -20.829,  0.000) 20.829 
J_iso: -0.0001 
[Testing!] DMI: (-0.0000 -0.0000 -0.0001)
[Testing!]J_ani:
[[-0.     0.     0.   ]
 [ 0.    -0.    -0.   ]
 [ 0.    -0.    -0.001]]
----------------------------------------------------------------------------------------
   Cr1   Cr1   (  3,  -3,   0) -0.0001   ( 0.000, 20.829,  0.000) 20.829 
J_iso: -0.0001 
[Testing!] DMI: ( 0.0000 -0.0000 -0.0001)
[Testing!]J_ani:
[[-0.     0.    -0.   ]
 [ 0.    -0.    -0.   ]
 [-0.    -0.    -0.001]]
----------------------------------------------------------------------------------------
   Cr2   Cr2   (  3,  -3,   0) -0.0001   ( 0.000, 20.829,  0.000) 20.829 
J_iso: -0.0001 
[Testing!] DMI: ( 0.0000  0.0000  0.0001)
[Testing!]J_ani:
[[-0.     0.     0.   ]
 [ 0.    -0.    -0.   ]
 [ 0.    -0.    -0.001]]
----------------------------------------------------------------------------------------
   Cr1   Cr1   ( -3,   0,   0) -0.0001   (18.038, -10.415,  0.000) 20.829 
J_iso: -0.0001 
[Testing!] DMI: (-0.0000  0.0000 -0.0001)
[Testing!]J_ani:
[[-0.     0.    -0.   ]
 [ 0.    -0.     0.   ]
 [-0.     0.    -0.001]]
----------------------------------------------------------------------------------------
   Cr2   Cr2   ( -3,   0,   0) -0.0001   (18.038, -10.415,  0.000) 20.829 
J_iso: -0.0001 
[Testing!] DMI: ( 0.0000 -0.0000  0.0001)
[Testing!]J_ani:
[[-0.     0.    -0.   ]
 [ 0.    -0.     0.   ]
 [-0.     0.    -0.001]]
----------------------------------------------------------------------------------------
   Cr1   Cr1   (  0,  -3,   0) -0.0001   (18.038, 10.415,  0.000) 20.829 
J_iso: -0.0001 
[Testing!] DMI: (-0.0000 -0.0000  0.0001)
[Testing!]J_ani:
[[-0.    -0.     0.   ]
 [-0.    -0.     0.   ]
 [ 0.     0.    -0.001]]
----------------------------------------------------------------------------------------
   Cr2   Cr2   (  0,  -3,   0) -0.0001   (18.038, 10.415,  0.000) 20.829 
J_iso: -0.0001 
[Testing!] DMI: ( 0.0000  0.0000 -0.0001)
[Testing!]J_ani:
[[-0.    -0.     0.   ]
 [-0.    -0.     0.   ]
 [ 0.     0.    -0.001]]
----------------------------------------------------------------------------------------
   Cr1   Cr1   (  0,   3,   0) -0.0001   (-18.038, -10.415,  0.000) 20.829 
J_iso: -0.0001 
[Testing!] DMI: ( 0.0000  0.0000 -0.0001)
[Testing!]J_ani:
[[-0.    -0.     0.   ]
 [-0.    -0.     0.   ]
 [ 0.     0.    -0.001]]
----------------------------------------------------------------------------------------
   Cr2   Cr2   (  0,   3,   0) -0.0001   (-18.038, -10.415,  0.000) 20.829 
J_iso: -0.0001 
[Testing!] DMI: (-0.0000 -0.0000  0.0001)
[Testing!]J_ani:
[[-0.    -0.     0.   ]
 [-0.    -0.     0.   ]
 [ 0.     0.    -0.001]]
----------------------------------------------------------------------------------------
   Cr1   Cr1   (  3,   0,   0) -0.0001   (-18.038, 10.415,  0.000) 20.829 
J_iso: -0.0001 
[Testing!] DMI: ( 0.0000 -0.0000  0.0001)
[Testing!]J_ani:
[[-0.     0.    -0.   ]
 [ 0.    -0.     0.   ]
 [-0.     0.    -0.001]]
----------------------------------------------------------------------------------------
   Cr2   Cr2   (  3,   0,   0) -0.0001   (-18.038, 10.415,  0.000) 20.829 
J_iso: -0.0001 
[Testing!] DMI: (-0.0000  0.0000 -0.0001)
[Testing!]J_ani:
[[-0.     0.    -0.   ]
 [ 0.    -0.     0.   ]
 [-0.     0.    -0.001]]
----------------------------------------------------------------------------------------
   Cr1   Cr2   ( -3,   3,   0) -0.0001   (-4.009, -20.829,  0.000) 21.211 
J_iso: -0.0001 
[Testing!] DMI: ( 0.0000 -0.0000 -0.0000)
[Testing!]J_ani:
[[-0. -0.  0.]
 [-0. -0. -0.]
 [ 0. -0. -0.]]
----------------------------------------------------------------------------------------
   Cr2   Cr1   ( -3,   3,   0) -0.0001   ( 4.009, -20.829, -0.000) 21.211 
J_iso: -0.0001 
[Testing!] DMI: (-0.0000 -0.0000 -0.0000)
[Testing!]J_ani:
[[-0.  0. -0.]
 [ 0. -0. -0.]
 [-0. -0. -0.]]
----------------------------------------------------------------------------------------
   Cr1   Cr2   (  3,  -3,   0) -0.0001   (-4.009, 20.829,  0.000) 21.211 
J_iso: -0.0001 
[Testing!] DMI: ( 0.0000  0.0000  0.0000)
[Testing!]J_ani:
[[-0.  0. -0.]
 [ 0. -0. -0.]
 [-0. -0. -0.]]
----------------------------------------------------------------------------------------
   Cr2   Cr1   (  3,  -3,   0) -0.0001   ( 4.009, 20.829, -0.000) 21.211 
J_iso: -0.0001 
[Testing!] DMI: (-0.0000  0.0000  0.0000)
[Testing!]J_ani:
[[-0. -0.  0.]
 [-0. -0. -0.]
 [ 0. -0. -0.]]
----------------------------------------------------------------------------------------
   Cr2   Cr1   ( -3,   1,   0) -0.0001   (16.034, -13.886, -0.000) 21.211 
J_iso: -0.0001 
[Testing!] DMI: ( 0.0000  0.0000  0.0000)
[Testing!]J_ani:
[[-0.  0. -0.]
 [ 0. -0. -0.]
 [-0. -0. -0.]]
----------------------------------------------------------------------------------------
   Cr1   Cr2   ( -1,   3,   0) -0.0001   (-16.034, -13.886,  0.000) 21.211 
J_iso: -0.0001 
[Testing!] DMI: (-0.0000  0.0000  0.0000)
[Testing!]J_ani:
[[-0. -0.  0.]
 [-0. -0. -0.]
 [ 0. -0. -0.]]
----------------------------------------------------------------------------------------
   Cr2   Cr1   (  1,  -3,   0) -0.0001   (16.034, 13.886, -0.000) 21.211 
J_iso: -0.0001 
[Testing!] DMI: ( 0.0000 -0.0000 -0.0000)
[Testing!]J_ani:
[[-0. -0.  0.]
 [-0. -0. -0.]
 [ 0. -0. -0.]]
----------------------------------------------------------------------------------------
   Cr1   Cr2   (  3,  -1,   0) -0.0001   (-16.034, 13.886,  0.000) 21.211 
J_iso: -0.0001 
[Testing!] DMI: (-0.0000 -0.0000 -0.0000)
[Testing!]J_ani:
[[-0.  0. -0.]
 [ 0. -0. -0.]
 [-0. -0. -0.]]
----------------------------------------------------------------------------------------
   Cr1   Cr2   ( -3,  -1,   0) -0.0001   (20.043, -6.943,  0.000) 21.211 
J_iso: -0.0001 
[Testing!] DMI: (-0.0000 -0.0000  0.0000)
[Testing!]J_ani:
[[-0. -0. -0.]
 [-0. -0.  0.]
 [-0.  0. -0.]]
----------------------------------------------------------------------------------------
   Cr1   Cr2   ( -1,  -3,   0) -0.0001   (20.043,  6.943,  0.000) 21.211 
J_iso: -0.0001 
[Testing!] DMI: (-0.0000  0.0000 -0.0000)
[Testing!]J_ani:
[[-0.  0.  0.]
 [ 0. -0.  0.]
 [ 0.  0. -0.]]
----------------------------------------------------------------------------------------
   Cr2   Cr1   (  1,   3,   0) -0.0001   (-20.043, -6.943, -0.000) 21.211 
J_iso: -0.0001 
[Testing!] DMI: ( 0.0000 -0.0000  0.0000)
[Testing!]J_ani:
[[-0.  0.  0.]
 [ 0. -0.  0.]
 [ 0.  0. -0.]]
----------------------------------------------------------------------------------------
   Cr2   Cr1   (  3,   1,   0) -0.0001   (-20.043,  6.943, -0.000) 21.211 
J_iso: -0.0001 
[Testing!] DMI: ( 0.0000  0.0000 -0.0000)
[Testing!]J_ani:
[[-0. -0. -0.]
 [-0. -0.  0.]
 [-0.  0. -0.]]
----------------------------------------------------------------------------------------
   Cr2   Cr1   ( -2,  -1,   0)  0.0000   (22.047, -3.471, -0.000) 22.319 
J_iso:  0.0000 
[Testing!] DMI: (-0.0000  0.0000 -0.0000)
[Testing!]J_ani:
[[-0.     0.    -0.   ]
 [ 0.    -0.     0.   ]
 [-0.     0.    -0.001]]
----------------------------------------------------------------------------------------
   Cr2   Cr1   ( -1,  -2,   0)  0.0000   (22.047,  3.471, -0.000) 22.319 
J_iso:  0.0000 
[Testing!] DMI: (-0.0000 -0.0000  0.0000)
[Testing!]J_ani:
[[-0.    -0.     0.   ]
 [-0.    -0.     0.   ]
 [ 0.     0.    -0.001]]
----------------------------------------------------------------------------------------
   Cr1   Cr2   (  1,   2,   0)  0.0000   (-22.047, -3.471,  0.000) 22.319 
J_iso:  0.0000 
[Testing!] DMI: ( 0.0000  0.0000 -0.0000)
[Testing!]J_ani:
[[-0.    -0.     0.   ]
 [-0.    -0.     0.   ]
 [ 0.     0.    -0.001]]
----------------------------------------------------------------------------------------
   Cr1   Cr2   (  2,   1,   0)  0.0000   (-22.047,  3.471,  0.000) 22.319 
J_iso:  0.0000 
[Testing!] DMI: ( 0.0000 -0.0000  0.0000)
[Testing!]J_ani:
[[-0.     0.    -0.   ]
 [ 0.    -0.     0.   ]
 [-0.     0.    -0.001]]
----------------------------------------------------------------------------------------
   Cr1   Cr1   ( -2,  -2,   0)  0.0001   (24.051,  0.000,  0.000) 24.051 
J_iso:  0.0001 
[Testing!] DMI: (-0.0000 -0.0000  0.0000)
[Testing!]J_ani:
[[-0.     0.     0.   ]
 [ 0.    -0.     0.   ]
 [ 0.     0.    -0.001]]
----------------------------------------------------------------------------------------
   Cr2   Cr2   ( -2,  -2,   0)  0.0001   (24.051,  0.000,  0.000) 24.051 
J_iso:  0.0001 
[Testing!] DMI: ( 0.0000  0.0000  0.0000)
[Testing!]J_ani:
[[-0.     0.     0.   ]
 [ 0.    -0.     0.   ]
 [ 0.     0.    -0.001]]
----------------------------------------------------------------------------------------
   Cr1   Cr1   (  2,   2,   0)  0.0001   (-24.051,  0.000,  0.000) 24.051 
J_iso:  0.0001 
[Testing!] DMI: ( 0.0000  0.0000 -0.0000)
[Testing!]J_ani:
[[-0.     0.     0.   ]
 [ 0.    -0.     0.   ]
 [ 0.     0.    -0.001]]
----------------------------------------------------------------------------------------
   Cr2   Cr2   (  2,   2,   0)  0.0001   (-24.051,  0.000,  0.000) 24.051 
J_iso:  0.0001 
[Testing!] DMI: (-0.0000 -0.0000 -0.0000)
[Testing!]J_ani:
[[-0.     0.     0.   ]
 [ 0.    -0.     0.   ]
 [ 0.     0.    -0.001]]
----------------------------------------------------------------------------------------
   Cr2   Cr1   ( -3,   0,   0)  0.0001   (22.047, -10.415, -0.000) 24.383 
J_iso:  0.0001 
[Testing!] DMI: ( 0.0000  0.0000 -0.0000)
[Testing!]J_ani:
[[-0.  0. -0.]
 [ 0. -0.  0.]
 [-0.  0. -0.]]
----------------------------------------------------------------------------------------
   Cr2   Cr1   (  0,  -3,   0)  0.0001   (22.047, 10.415, -0.000) 24.383 
J_iso:  0.0001 
[Testing!] DMI: ( 0.0000 -0.0000  0.0000)
[Testing!]J_ani:
[[-0. -0.  0.]
 [-0. -0.  0.]
 [ 0.  0. -0.]]
----------------------------------------------------------------------------------------
   Cr1   Cr2   (  0,   3,   0)  0.0001   (-22.047, -10.415,  0.000) 24.383 
J_iso:  0.0001 
[Testing!] DMI: (-0.0000  0.0000 -0.0000)
[Testing!]J_ani:
[[-0. -0.  0.]
 [-0. -0.  0.]
 [ 0.  0. -0.]]
----------------------------------------------------------------------------------------
   Cr1   Cr2   (  3,   0,   0)  0.0001   (-22.047, 10.415,  0.000) 24.383 
J_iso:  0.0001 
[Testing!] DMI: (-0.0000 -0.0000  0.0000)
[Testing!]J_ani:
[[-0.  0. -0.]
 [ 0. -0.  0.]
 [-0.  0. -0.]]
----------------------------------------------------------------------------------------
   Cr1   Cr1   ( -3,  -1,   0)  0.0001   (24.051, -6.943,  0.000) 25.033 
J_iso:  0.0001 
[Testing!] DMI: (-0.0000 -0.0000 -0.0000)
[Testing!]J_ani:
[[-0. -0.  0.]
 [-0. -0. -0.]
 [ 0. -0. -0.]]
----------------------------------------------------------------------------------------
   Cr2   Cr2   ( -3,  -1,   0)  0.0001   (24.051, -6.943,  0.000) 25.033 
J_iso:  0.0001 
[Testing!] DMI: ( 0.0000  0.0000  0.0000)
[Testing!]J_ani:
[[-0. -0.  0.]
 [-0. -0. -0.]
 [ 0. -0. -0.]]
----------------------------------------------------------------------------------------
   Cr1   Cr1   ( -1,  -3,   0)  0.0001   (24.051,  6.943,  0.000) 25.033 
J_iso:  0.0001 
[Testing!] DMI: (-0.0000  0.0000  0.0000)
[Testing!]J_ani:
[[-0.  0. -0.]
 [ 0. -0. -0.]
 [-0. -0. -0.]]
----------------------------------------------------------------------------------------
   Cr2   Cr2   ( -1,  -3,   0)  0.0001   (24.051,  6.943,  0.000) 25.033 
J_iso:  0.0001 
[Testing!] DMI: ( 0.0000 -0.0000 -0.0000)
[Testing!]J_ani:
[[-0.  0. -0.]
 [ 0. -0. -0.]
 [-0. -0. -0.]]
----------------------------------------------------------------------------------------
   Cr1   Cr1   (  1,   3,   0)  0.0001   (-24.051, -6.943,  0.000) 25.033 
J_iso:  0.0001 
[Testing!] DMI: ( 0.0000 -0.0000 -0.0000)
[Testing!]J_ani:
[[-0.  0. -0.]
 [ 0. -0. -0.]
 [-0. -0. -0.]]
----------------------------------------------------------------------------------------
   Cr2   Cr2   (  1,   3,   0)  0.0001   (-24.051, -6.943,  0.000) 25.033 
J_iso:  0.0001 
[Testing!] DMI: (-0.0000  0.0000  0.0000)
[Testing!]J_ani:
[[-0.  0. -0.]
 [ 0. -0. -0.]
 [-0. -0. -0.]]
----------------------------------------------------------------------------------------
   Cr1   Cr1   (  3,   1,   0)  0.0001   (-24.051,  6.943,  0.000) 25.033 
J_iso:  0.0001 
[Testing!] DMI: ( 0.0000  0.0000  0.0000)
[Testing!]J_ani:
[[-0. -0.  0.]
 [-0. -0. -0.]
 [ 0. -0. -0.]]
----------------------------------------------------------------------------------------
   Cr2   Cr2   (  3,   1,   0)  0.0001   (-24.051,  6.943,  0.000) 25.033 
J_iso:  0.0001 
[Testing!] DMI: (-0.0000 -0.0000 -0.0000)
[Testing!]J_ani:
[[-0. -0.  0.]
 [-0. -0. -0.]
 [ 0. -0. -0.]]
----------------------------------------------------------------------------------------
   Cr1   Cr2   ( -3,  -2,   0)  0.0000   (26.056, -3.472,  0.000) 26.286 
J_iso:  0.0000 
[Testing!] DMI: (-0.0000 -0.0000 -0.0000)
[Testing!]J_ani:
[[-0.  0. -0.]
 [ 0. -0.  0.]
 [-0.  0. -0.]]
----------------------------------------------------------------------------------------
   Cr1   Cr2   ( -2,  -3,   0)  0.0000   (26.056,  3.472,  0.000) 26.286 
J_iso:  0.0000 
[Testing!] DMI: (-0.0000  0.0000 -0.0000)
[Testing!]J_ani:
[[-0. -0.  0.]
 [-0. -0.  0.]
 [ 0.  0. -0.]]
----------------------------------------------------------------------------------------
   Cr2   Cr1   (  2,   3,   0)  0.0000   (-26.056, -3.472, -0.000) 26.286 
J_iso:  0.0000 
[Testing!] DMI: ( 0.0000 -0.0000  0.0000)
[Testing!]J_ani:
[[-0. -0.  0.]
 [-0. -0.  0.]
 [ 0.  0. -0.]]
----------------------------------------------------------------------------------------
   Cr2   Cr1   (  3,   2,   0)  0.0000   (-26.056,  3.472, -0.000) 26.286 
J_iso:  0.0000 
[Testing!] DMI: ( 0.0000  0.0000  0.0000)
[Testing!]J_ani:
[[-0.  0. -0.]
 [ 0. -0.  0.]
 [-0.  0. -0.]]
----------------------------------------------------------------------------------------
   Cr2   Cr1   ( -2,  -2,   0) -0.0001   (28.060,  0.000, -0.000) 28.060 
J_iso: -0.0001 
[Testing!] DMI: (-0.0000 -0.0000  0.0000)
[Testing!]J_ani:
[[-0.     0.     0.   ]
 [ 0.    -0.    -0.   ]
 [ 0.    -0.    -0.001]]
----------------------------------------------------------------------------------------
   Cr1   Cr2   (  2,   2,   0) -0.0001   (-28.060,  0.000,  0.000) 28.060 
J_iso: -0.0001 
[Testing!] DMI: ( 0.0000  0.0000 -0.0000)
[Testing!]J_ani:
[[-0.     0.     0.   ]
 [ 0.    -0.    -0.   ]
 [ 0.    -0.    -0.001]]
----------------------------------------------------------------------------------------
   Cr2   Cr1   ( -3,  -1,   0)  0.0000   (28.060, -6.943, -0.000) 28.906 
J_iso:  0.0000 
[Testing!] DMI: ( 0.0000 -0.0000  0.0000)
[Testing!]J_ani:
[[-0.     0.    -0.   ]
 [ 0.    -0.     0.   ]
 [-0.     0.    -0.001]]
----------------------------------------------------------------------------------------
   Cr2   Cr1   ( -1,  -3,   0)  0.0000   (28.060,  6.943, -0.000) 28.906 
J_iso:  0.0000 
[Testing!] DMI: ( 0.0000  0.0000 -0.0000)
[Testing!]J_ani:
[[-0.    -0.     0.   ]
 [-0.    -0.     0.   ]
 [ 0.     0.    -0.001]]
----------------------------------------------------------------------------------------
   Cr1   Cr2   (  1,   3,   0)  0.0000   (-28.060, -6.943,  0.000) 28.906 
J_iso:  0.0000 
[Testing!] DMI: (-0.0000 -0.0000  0.0000)
[Testing!]J_ani:
[[-0.    -0.     0.   ]
 [-0.    -0.     0.   ]
 [ 0.     0.    -0.001]]
----------------------------------------------------------------------------------------
   Cr1   Cr2   (  3,   1,   0)  0.0000   (-28.060,  6.943,  0.000) 28.906 
J_iso:  0.0000 
[Testing!] DMI: (-0.0000  0.0000 -0.0000)
[Testing!]J_ani:
[[-0.     0.    -0.   ]
 [ 0.    -0.     0.   ]
 [-0.     0.    -0.001]]
----------------------------------------------------------------------------------------
   Cr1   Cr1   ( -3,  -2,   0)  0.0001   (30.064, -3.472,  0.000) 30.264 
J_iso:  0.0001 
[Testing!] DMI: ( 0.0000 -0.0000  0.0000)
[Testing!]J_ani:
[[-0.    -0.    -0.   ]
 [-0.    -0.    -0.   ]
 [-0.    -0.    -0.001]]
----------------------------------------------------------------------------------------
   Cr2   Cr2   ( -3,  -2,   0)  0.0001   (30.064, -3.472,  0.000) 30.264 
J_iso:  0.0001 
[Testing!] DMI: (-0.0000  0.0000 -0.0000)
[Testing!]J_ani:
[[-0.    -0.    -0.   ]
 [-0.    -0.    -0.   ]
 [-0.    -0.    -0.001]]
----------------------------------------------------------------------------------------
   Cr1   Cr1   ( -2,  -3,   0)  0.0001   (30.064,  3.472,  0.000) 30.264 
J_iso:  0.0001 
[Testing!] DMI: ( 0.0000  0.0000 -0.0000)
[Testing!]J_ani:
[[-0.     0.     0.   ]
 [ 0.    -0.    -0.   ]
 [ 0.    -0.    -0.001]]
----------------------------------------------------------------------------------------
   Cr2   Cr2   ( -2,  -3,   0)  0.0001   (30.064,  3.472,  0.000) 30.264 
J_iso:  0.0001 
[Testing!] DMI: (-0.0000 -0.0000  0.0000)
[Testing!]J_ani:
[[-0.     0.     0.   ]
 [ 0.    -0.    -0.   ]
 [ 0.    -0.    -0.001]]
----------------------------------------------------------------------------------------
   Cr1   Cr1   (  2,   3,   0)  0.0001   (-30.064, -3.472,  0.000) 30.264 
J_iso:  0.0001 
[Testing!] DMI: (-0.0000 -0.0000  0.0000)
[Testing!]J_ani:
[[-0.     0.     0.   ]
 [ 0.    -0.    -0.   ]
 [ 0.    -0.    -0.001]]
----------------------------------------------------------------------------------------
   Cr1   Cr1   (  3,   2,   0)  0.0001   (-30.064,  3.472,  0.000) 30.264 
J_iso:  0.0001 
[Testing!] DMI: (-0.0000  0.0000 -0.0000)
[Testing!]J_ani:
[[-0.    -0.    -0.   ]
 [-0.    -0.    -0.   ]
 [-0.    -0.    -0.001]]
----------------------------------------------------------------------------------------
   Cr2   Cr2   (  2,   3,   0)  0.0001   (-30.064, -3.472,  0.000) 30.264 
J_iso:  0.0001 
[Testing!] DMI: ( 0.0000  0.0000 -0.0000)
[Testing!]J_ani:
[[-0.     0.     0.   ]
 [ 0.    -0.    -0.   ]
 [ 0.    -0.    -0.001]]
----------------------------------------------------------------------------------------
   Cr2   Cr2   (  3,   2,   0)  0.0001   (-30.064,  3.472,  0.000) 30.264 
J_iso:  0.0001 
[Testing!] DMI: ( 0.0000 -0.0000  0.0000)
[Testing!]J_ani:
[[-0.    -0.    -0.   ]
 [-0.    -0.    -0.   ]
 [-0.    -0.    -0.001]]
----------------------------------------------------------------------------------------
   Cr1   Cr2   ( -3,  -3,   0)  0.0000   (32.068,  0.000,  0.000) 32.068 
J_iso:  0.0000 
[Testing!] DMI: ( 0.0000 -0.0000  0.0000)
[Testing!]J_ani:
[[-0.  0.  0.]
 [ 0. -0. -0.]
 [ 0. -0. -0.]]
----------------------------------------------------------------------------------------
   Cr2   Cr1   (  3,   3,   0)  0.0000   (-32.068,  0.000, -0.000) 32.068 
J_iso:  0.0000 
[Testing!] DMI: (-0.0000  0.0000 -0.0000)
[Testing!]J_ani:
[[-0.  0.  0.]
 [ 0. -0. -0.]
 [ 0. -0. -0.]]
----------------------------------------------------------------------------------------
   Cr2   Cr1   ( -3,  -2,   0)  0.0000   (34.073, -3.472, -0.000) 34.249 
J_iso:  0.0000 
[Testing!] DMI: (-0.0000 -0.0000 -0.0000)
[Testing!]J_ani:
[[-0.    -0.    -0.   ]
 [-0.    -0.    -0.   ]
 [-0.    -0.    -0.001]]
----------------------------------------------------------------------------------------
   Cr2   Cr1   ( -2,  -3,   0)  0.0000   (34.073,  3.472, -0.000) 34.249 
J_iso:  0.0000 
[Testing!] DMI: (-0.0000  0.0000  0.0000)
[Testing!]J_ani:
[[-0.     0.     0.   ]
 [ 0.    -0.    -0.   ]
 [ 0.    -0.    -0.001]]
----------------------------------------------------------------------------------------
   Cr1   Cr2   (  2,   3,   0)  0.0000   (-34.073, -3.472,  0.000) 34.249 
J_iso:  0.0000 
[Testing!] DMI: ( 0.0000 -0.0000 -0.0000)
[Testing!]J_ani:
[[-0.     0.     0.   ]
 [ 0.    -0.    -0.   ]
 [ 0.    -0.    -0.001]]
----------------------------------------------------------------------------------------
   Cr1   Cr2   (  3,   2,   0)  0.0000   (-34.073,  3.472,  0.000) 34.249 
J_iso:  0.0000 
[Testing!] DMI: ( 0.0000  0.0000  0.0000)
[Testing!]J_ani:
[[-0.    -0.    -0.   ]
 [-0.    -0.    -0.   ]
 [-0.    -0.    -0.001]]
----------------------------------------------------------------------------------------
   Cr1   Cr1   ( -3,  -3,   0)  0.0001   (36.077,  0.000,  0.000) 36.077 
J_iso:  0.0001 
[Testing!] DMI: ( 0.0000  0.0000 -0.0000)
[Testing!]J_ani:
[[-0. -0.  0.]
 [-0. -0.  0.]
 [ 0.  0. -0.]]
----------------------------------------------------------------------------------------
   Cr2   Cr2   ( -3,  -3,   0)  0.0001   (36.077,  0.000,  0.000) 36.077 
J_iso:  0.0001 
[Testing!] DMI: (-0.0000 -0.0000 -0.0000)
[Testing!]J_ani:
[[-0. -0. -0.]
 [-0. -0.  0.]
 [-0.  0. -0.]]
----------------------------------------------------------------------------------------
   Cr1   Cr1   (  3,   3,   0)  0.0001   (-36.077,  0.000,  0.000) 36.077 
J_iso:  0.0001 
[Testing!] DMI: (-0.0000 -0.0000  0.0000)
[Testing!]J_ani:
[[-0. -0.  0.]
 [-0. -0.  0.]
 [ 0.  0. -0.]]
----------------------------------------------------------------------------------------
   Cr2   Cr2   (  3,   3,   0)  0.0001   (-36.077,  0.000,  0.000) 36.077 
J_iso:  0.0001 
[Testing!] DMI: ( 0.0000  0.0000  0.0000)
[Testing!]J_ani:
[[-0. -0. -0.]
 [-0. -0.  0.]
 [-0.  0. -0.]]
----------------------------------------------------------------------------------------
   Cr2   Cr1   ( -3,  -3,   0)  0.0001   (40.085,  0.000, -0.000) 40.085 
J_iso:  0.0001 
[Testing!] DMI: (-0.0000 -0.0000  0.0000)
[Testing!]J_ani:
[[-0.  0.  0.]
 [ 0. -0. -0.]
 [ 0. -0. -0.]]
----------------------------------------------------------------------------------------
   Cr1   Cr2   (  3,   3,   0)  0.0001   (-40.085,  0.000,  0.000) 40.085 
J_iso:  0.0001 
[Testing!] DMI: ( 0.0000  0.0000 -0.0000)
[Testing!]J_ani:
[[-0.  0.  0.]
 [ 0. -0. -0.]
 [ 0. -0. -0.]]
