==========================================================================================
Information: 
Exchange parameters generated by TB2J 0.9.0.1
Generation time: 25/06/03 01:11:37
==========================================================================================
Cell (Angstrom):
-6.01281438  3.47150000  0.00000000
-6.01281438  -3.47150000  0.00000000
0.00000000  0.00000000  13.00000000

==========================================================================================
Atoms:  
(Note: charge and magmoms only count the wannier functions.)
Atom number        x             y             z       w_charge  w_magmom 
Cr1            -4.00854292    0.00000000    6.50000000   14.6008    3.5456
Cr2            -8.01708584    0.00000000    6.50000000   14.6008    3.5456
I1             -8.08994330   -2.27226905    4.89133207    6.7997   -0.1819
I2             -2.07712892   -1.19923094    8.10866793    6.7997   -0.1819
I3             -6.01281439    1.07303812    4.89133207    6.7997   -0.1819
I4             -6.01281437   -1.07303812    8.10866793    6.7997   -0.1819
I5             -9.94849984    1.19923094    4.89133207    6.7997   -0.1819
I6             -3.93568546    2.27226905    8.10866793    6.7997   -0.1819
Total                                                    70.0000    6.0000

==========================================================================================
Exchange: 
    i      j          R        J_iso(meV)          vector          distance(A) 
----------------------------------------------------------------------------------------
   Cr2   Cr1   (  0,   1,   0)  1.8357   (-2.004, -3.471, -0.000)  4.009 
J_iso:  1.8357 
----------------------------------------------------------------------------------------
   Cr1   Cr2   (  0,  -1,   0)  1.8357   ( 2.004,  3.471,  0.000)  4.009 
J_iso:  1.8357 
----------------------------------------------------------------------------------------
   Cr2   Cr1   (  1,   0,   0)  1.8357   (-2.004,  3.471, -0.000)  4.009 
J_iso:  1.8357 
----------------------------------------------------------------------------------------
   Cr1   Cr2   ( -1,   0,   0)  1.8357   ( 2.004, -3.471,  0.000)  4.009 
J_iso:  1.8357 
----------------------------------------------------------------------------------------
   Cr1   Cr2   (  0,   0,   0)  1.8364   (-4.009,  0.000,  0.000)  4.009 
J_iso:  1.8364 
----------------------------------------------------------------------------------------
   Cr2   Cr1   (  0,   0,   0)  1.8364   ( 4.009,  0.000, -0.000)  4.009 
J_iso:  1.8364 
----------------------------------------------------------------------------------------
   Cr1   Cr1   ( -1,   1,   0)  0.8216   ( 0.000, -6.943,  0.000)  6.943 
J_iso:  0.8216 
----------------------------------------------------------------------------------------
   Cr2   Cr2   ( -1,   1,   0)  0.8216   ( 0.000, -6.943,  0.000)  6.943 
J_iso:  0.8216 
----------------------------------------------------------------------------------------
   Cr1   Cr1   (  1,  -1,   0)  0.8216   ( 0.000,  6.943,  0.000)  6.943 
J_iso:  0.8216 
----------------------------------------------------------------------------------------
   Cr2   Cr2   (  1,  -1,   0)  0.8216   ( 0.000,  6.943,  0.000)  6.943 
J_iso:  0.8216 
----------------------------------------------------------------------------------------
   Cr2   Cr2   (  0,   1,   0)  0.8215   (-6.013, -3.471,  0.000)  6.943 
J_iso:  0.8215 
----------------------------------------------------------------------------------------
   Cr2   Cr2   (  1,   0,   0)  0.8215   (-6.013,  3.471,  0.000)  6.943 
J_iso:  0.8215 
----------------------------------------------------------------------------------------
   Cr1   Cr1   (  0,   1,   0)  0.8215   (-6.013, -3.471,  0.000)  6.943 
J_iso:  0.8215 
----------------------------------------------------------------------------------------
   Cr1   Cr1   (  0,  -1,   0)  0.8215   ( 6.013,  3.471,  0.000)  6.943 
J_iso:  0.8215 
----------------------------------------------------------------------------------------
   Cr2   Cr2   (  0,  -1,   0)  0.8215   ( 6.013,  3.471,  0.000)  6.943 
J_iso:  0.8215 
----------------------------------------------------------------------------------------
   Cr1   Cr1   (  1,   0,   0)  0.8215   (-6.013,  3.471,  0.000)  6.943 
J_iso:  0.8215 
----------------------------------------------------------------------------------------
   Cr1   Cr1   ( -1,   0,   0)  0.8215   ( 6.013, -3.471,  0.000)  6.943 
J_iso:  0.8215 
----------------------------------------------------------------------------------------
   Cr2   Cr2   ( -1,   0,   0)  0.8215   ( 6.013, -3.471,  0.000)  6.943 
J_iso:  0.8215 
----------------------------------------------------------------------------------------
   Cr1   Cr2   ( -1,   1,   0) -0.0240   (-4.009, -6.943,  0.000)  8.017 
J_iso: -0.0240 
----------------------------------------------------------------------------------------
   Cr2   Cr1   ( -1,   1,   0) -0.0240   ( 4.009, -6.943, -0.000)  8.017 
J_iso: -0.0240 
----------------------------------------------------------------------------------------
   Cr1   Cr2   (  1,  -1,   0) -0.0240   (-4.009,  6.943,  0.000)  8.017 
J_iso: -0.0240 
----------------------------------------------------------------------------------------
   Cr2   Cr1   (  1,  -1,   0) -0.0240   ( 4.009,  6.943, -0.000)  8.017 
J_iso: -0.0240 
----------------------------------------------------------------------------------------
   Cr2   Cr1   (  1,   1,   0) -0.0239   (-8.017,  0.000, -0.000)  8.017 
J_iso: -0.0239 
----------------------------------------------------------------------------------------
   Cr1   Cr2   ( -1,  -1,   0) -0.0239   ( 8.017,  0.000,  0.000)  8.017 
J_iso: -0.0239 
----------------------------------------------------------------------------------------
   Cr1   Cr2   ( -2,   1,   0)  0.0143   ( 2.004, -10.415,  0.000) 10.606 
J_iso:  0.0143 
----------------------------------------------------------------------------------------
   Cr1   Cr2   (  1,  -2,   0)  0.0143   ( 2.004, 10.415,  0.000) 10.606 
J_iso:  0.0143 
----------------------------------------------------------------------------------------
   Cr2   Cr1   (  2,  -1,   0)  0.0143   (-2.004, 10.415, -0.000) 10.606 
J_iso:  0.0143 
----------------------------------------------------------------------------------------
   Cr2   Cr1   ( -1,   2,   0)  0.0143   (-2.004, -10.415, -0.000) 10.606 
J_iso:  0.0143 
----------------------------------------------------------------------------------------
   Cr1   Cr2   (  0,  -2,   0)  0.0143   ( 8.017,  6.943,  0.000) 10.606 
J_iso:  0.0143 
----------------------------------------------------------------------------------------
   Cr2   Cr1   (  0,   2,   0)  0.0143   (-8.017, -6.943, -0.000) 10.606 
J_iso:  0.0143 
----------------------------------------------------------------------------------------
   Cr2   Cr1   (  2,   0,   0)  0.0143   (-8.017,  6.943, -0.000) 10.606 
J_iso:  0.0143 
----------------------------------------------------------------------------------------
   Cr1   Cr2   ( -2,   0,   0)  0.0143   ( 8.017, -6.943,  0.000) 10.606 
J_iso:  0.0143 
----------------------------------------------------------------------------------------
   Cr1   Cr2   (  0,   1,   0)  0.0143   (-10.021, -3.471,  0.000) 10.606 
J_iso:  0.0143 
----------------------------------------------------------------------------------------
   Cr2   Cr1   (  0,  -1,   0)  0.0143   (10.021,  3.471, -0.000) 10.606 
J_iso:  0.0143 
----------------------------------------------------------------------------------------
   Cr1   Cr2   (  1,   0,   0)  0.0143   (-10.021,  3.471,  0.000) 10.606 
J_iso:  0.0143 
----------------------------------------------------------------------------------------
   Cr2   Cr1   ( -1,   0,   0)  0.0143   (10.021, -3.471, -0.000) 10.606 
J_iso:  0.0143 
----------------------------------------------------------------------------------------
   Cr1   Cr1   ( -2,   1,   0) -0.0433   ( 6.013, -10.415,  0.000) 12.026 
J_iso: -0.0433 
----------------------------------------------------------------------------------------
   Cr2   Cr2   ( -2,   1,   0) -0.0433   ( 6.013, -10.415,  0.000) 12.026 
J_iso: -0.0433 
----------------------------------------------------------------------------------------
   Cr1   Cr1   (  1,  -2,   0) -0.0433   ( 6.013, 10.415,  0.000) 12.026 
J_iso: -0.0433 
----------------------------------------------------------------------------------------
   Cr2   Cr2   (  1,  -2,   0) -0.0433   ( 6.013, 10.415,  0.000) 12.026 
J_iso: -0.0433 
----------------------------------------------------------------------------------------
   Cr1   Cr1   (  2,  -1,   0) -0.0433   (-6.013, 10.415,  0.000) 12.026 
J_iso: -0.0433 
----------------------------------------------------------------------------------------
   Cr2   Cr2   (  2,  -1,   0) -0.0433   (-6.013, 10.415,  0.000) 12.026 
J_iso: -0.0433 
----------------------------------------------------------------------------------------
   Cr1   Cr1   ( -1,   2,   0) -0.0433   (-6.013, -10.415,  0.000) 12.026 
J_iso: -0.0433 
----------------------------------------------------------------------------------------
   Cr2   Cr2   ( -1,   2,   0) -0.0433   (-6.013, -10.415,  0.000) 12.026 
J_iso: -0.0433 
----------------------------------------------------------------------------------------
   Cr1   Cr1   ( -1,  -1,   0) -0.0433   (12.026,  0.000,  0.000) 12.026 
J_iso: -0.0433 
----------------------------------------------------------------------------------------
   Cr2   Cr2   ( -1,  -1,   0) -0.0433   (12.026,  0.000,  0.000) 12.026 
J_iso: -0.0433 
----------------------------------------------------------------------------------------
   Cr1   Cr1   (  1,   1,   0) -0.0433   (-12.026,  0.000,  0.000) 12.026 
J_iso: -0.0433 
----------------------------------------------------------------------------------------
   Cr2   Cr2   (  1,   1,   0) -0.0433   (-12.026,  0.000,  0.000) 12.026 
J_iso: -0.0433 
----------------------------------------------------------------------------------------
   Cr1   Cr1   (  2,  -2,   0) -0.0070   ( 0.000, 13.886,  0.000) 13.886 
J_iso: -0.0070 
----------------------------------------------------------------------------------------
   Cr2   Cr2   (  2,  -2,   0) -0.0070   ( 0.000, 13.886,  0.000) 13.886 
J_iso: -0.0070 
----------------------------------------------------------------------------------------
   Cr1   Cr1   ( -2,   2,   0) -0.0070   ( 0.000, -13.886,  0.000) 13.886 
J_iso: -0.0070 
----------------------------------------------------------------------------------------
   Cr2   Cr2   ( -2,   2,   0) -0.0070   ( 0.000, -13.886,  0.000) 13.886 
J_iso: -0.0070 
----------------------------------------------------------------------------------------
   Cr1   Cr1   (  0,  -2,   0) -0.0070   (12.026,  6.943,  0.000) 13.886 
J_iso: -0.0070 
----------------------------------------------------------------------------------------
   Cr1   Cr1   ( -2,   0,   0) -0.0070   (12.026, -6.943,  0.000) 13.886 
J_iso: -0.0070 
----------------------------------------------------------------------------------------
   Cr2   Cr2   (  0,  -2,   0) -0.0070   (12.026,  6.943,  0.000) 13.886 
J_iso: -0.0070 
----------------------------------------------------------------------------------------
   Cr2   Cr2   ( -2,   0,   0) -0.0070   (12.026, -6.943,  0.000) 13.886 
J_iso: -0.0070 
----------------------------------------------------------------------------------------
   Cr1   Cr1   (  0,   2,   0) -0.0070   (-12.026, -6.943,  0.000) 13.886 
J_iso: -0.0070 
----------------------------------------------------------------------------------------
   Cr2   Cr2   (  0,   2,   0) -0.0070   (-12.026, -6.943,  0.000) 13.886 
J_iso: -0.0070 
----------------------------------------------------------------------------------------
   Cr1   Cr1   (  2,   0,   0) -0.0070   (-12.026,  6.943,  0.000) 13.886 
J_iso: -0.0070 
----------------------------------------------------------------------------------------
   Cr2   Cr2   (  2,   0,   0) -0.0070   (-12.026,  6.943,  0.000) 13.886 
J_iso: -0.0070 
----------------------------------------------------------------------------------------
   Cr1   Cr2   (  2,  -2,   0)  0.0000   (-4.009, 13.886,  0.000) 14.453 
J_iso:  0.0000 
----------------------------------------------------------------------------------------
   Cr2   Cr1   (  2,  -2,   0)  0.0000   ( 4.009, 13.886, -0.000) 14.453 
J_iso:  0.0000 
----------------------------------------------------------------------------------------
   Cr1   Cr2   ( -2,   2,   0)  0.0000   (-4.009, -13.886,  0.000) 14.453 
J_iso:  0.0000 
----------------------------------------------------------------------------------------
   Cr2   Cr1   ( -2,   2,   0)  0.0000   ( 4.009, -13.886, -0.000) 14.453 
J_iso:  0.0000 
----------------------------------------------------------------------------------------
   Cr2   Cr1   ( -2,   1,   0)  0.0000   (10.021, -10.415, -0.000) 14.453 
J_iso:  0.0000 
----------------------------------------------------------------------------------------
   Cr2   Cr1   (  1,  -2,   0)  0.0000   (10.021, 10.415, -0.000) 14.453 
J_iso:  0.0000 
----------------------------------------------------------------------------------------
   Cr1   Cr2   (  2,  -1,   0)  0.0000   (-10.021, 10.415,  0.000) 14.453 
J_iso:  0.0000 
----------------------------------------------------------------------------------------
   Cr1   Cr2   ( -1,   2,   0)  0.0000   (-10.021, -10.415,  0.000) 14.453 
J_iso:  0.0000 
----------------------------------------------------------------------------------------
   Cr2   Cr1   (  2,   1,   0)  0.0000   (-14.030,  3.471, -0.000) 14.453 
J_iso:  0.0000 
----------------------------------------------------------------------------------------
   Cr1   Cr2   ( -2,  -1,   0)  0.0000   (14.030, -3.471,  0.000) 14.453 
J_iso:  0.0000 
----------------------------------------------------------------------------------------
   Cr1   Cr2   ( -1,  -2,   0)  0.0000   (14.030,  3.471,  0.000) 14.453 
J_iso:  0.0000 
----------------------------------------------------------------------------------------
   Cr2   Cr1   (  1,   2,   0)  0.0000   (-14.030, -3.471, -0.000) 14.453 
J_iso:  0.0000 
----------------------------------------------------------------------------------------
   Cr1   Cr2   (  1,  -3,   0) -0.0075   ( 8.017, 13.886,  0.000) 16.034 
J_iso: -0.0075 
----------------------------------------------------------------------------------------
   Cr2   Cr1   (  3,  -1,   0) -0.0075   (-8.017, 13.886, -0.000) 16.034 
J_iso: -0.0075 
----------------------------------------------------------------------------------------
   Cr2   Cr1   ( -1,   3,   0) -0.0075   (-8.017, -13.886, -0.000) 16.034 
J_iso: -0.0075 
----------------------------------------------------------------------------------------
   Cr1   Cr2   ( -3,   1,   0) -0.0075   ( 8.017, -13.886,  0.000) 16.034 
J_iso: -0.0075 
----------------------------------------------------------------------------------------
   Cr2   Cr1   ( -1,  -1,   0) -0.0075   (16.034,  0.000, -0.000) 16.034 
J_iso: -0.0075 
----------------------------------------------------------------------------------------
   Cr1   Cr2   (  1,   1,   0) -0.0075   (-16.034,  0.000,  0.000) 16.034 
J_iso: -0.0075 
----------------------------------------------------------------------------------------
   Cr2   Cr1   ( -2,   3,   0) -0.0006   (-2.004, -17.357, -0.000) 17.473 
J_iso: -0.0006 
----------------------------------------------------------------------------------------
   Cr1   Cr2   (  2,  -3,   0) -0.0006   ( 2.004, 17.357,  0.000) 17.473 
J_iso: -0.0006 
----------------------------------------------------------------------------------------
   Cr2   Cr1   (  3,  -2,   0) -0.0006   (-2.004, 17.358, -0.000) 17.473 
J_iso: -0.0006 
----------------------------------------------------------------------------------------
   Cr1   Cr2   ( -3,   2,   0) -0.0006   ( 2.004, -17.358,  0.000) 17.473 
J_iso: -0.0006 
----------------------------------------------------------------------------------------
   Cr1   Cr2   (  0,  -3,   0) -0.0006   (14.030, 10.415,  0.000) 17.473 
J_iso: -0.0006 
----------------------------------------------------------------------------------------
   Cr2   Cr1   (  0,   3,   0) -0.0006   (-14.030, -10.415, -0.000) 17.473 
J_iso: -0.0006 
----------------------------------------------------------------------------------------
   Cr1   Cr2   ( -3,   0,   0) -0.0006   (14.030, -10.415,  0.000) 17.473 
J_iso: -0.0006 
----------------------------------------------------------------------------------------
   Cr2   Cr1   (  3,   0,   0) -0.0006   (-14.030, 10.415, -0.000) 17.473 
J_iso: -0.0006 
----------------------------------------------------------------------------------------
   Cr2   Cr1   (  0,  -2,   0) -0.0006   (16.034,  6.943, -0.000) 17.473 
J_iso: -0.0006 
----------------------------------------------------------------------------------------
   Cr2   Cr1   ( -2,   0,   0) -0.0006   (16.034, -6.943, -0.000) 17.473 
J_iso: -0.0006 
----------------------------------------------------------------------------------------
   Cr1   Cr2   (  0,   2,   0) -0.0006   (-16.034, -6.943,  0.000) 17.473 
J_iso: -0.0006 
----------------------------------------------------------------------------------------
   Cr1   Cr2   (  2,   0,   0) -0.0006   (-16.034,  6.943,  0.000) 17.473 
J_iso: -0.0006 
----------------------------------------------------------------------------------------
   Cr1   Cr1   ( -2,   3,   0)  0.0002   (-6.013, -17.357,  0.000) 18.369 
J_iso:  0.0002 
----------------------------------------------------------------------------------------
   Cr2   Cr2   ( -2,   3,   0)  0.0002   (-6.013, -17.357,  0.000) 18.369 
J_iso:  0.0002 
----------------------------------------------------------------------------------------
   Cr1   Cr1   (  2,  -3,   0)  0.0002   ( 6.013, 17.357,  0.000) 18.369 
J_iso:  0.0002 
----------------------------------------------------------------------------------------
   Cr2   Cr2   (  2,  -3,   0)  0.0002   ( 6.013, 17.357,  0.000) 18.369 
J_iso:  0.0002 
----------------------------------------------------------------------------------------
   Cr1   Cr1   (  3,  -2,   0)  0.0002   (-6.013, 17.358,  0.000) 18.369 
J_iso:  0.0002 
----------------------------------------------------------------------------------------
   Cr2   Cr2   (  3,  -2,   0)  0.0002   (-6.013, 17.358,  0.000) 18.369 
J_iso:  0.0002 
----------------------------------------------------------------------------------------
   Cr1   Cr1   ( -3,   2,   0)  0.0002   ( 6.013, -17.358,  0.000) 18.369 
J_iso:  0.0002 
----------------------------------------------------------------------------------------
   Cr2   Cr2   ( -3,   2,   0)  0.0002   ( 6.013, -17.358,  0.000) 18.369 
J_iso:  0.0002 
----------------------------------------------------------------------------------------
   Cr1   Cr1   (  1,  -3,   0)  0.0002   (12.026, 13.886,  0.000) 18.369 
J_iso:  0.0002 
----------------------------------------------------------------------------------------
   Cr2   Cr2   (  1,  -3,   0)  0.0002   (12.026, 13.886,  0.000) 18.369 
J_iso:  0.0002 
----------------------------------------------------------------------------------------
   Cr1   Cr1   (  3,  -1,   0)  0.0002   (-12.026, 13.886,  0.000) 18.369 
J_iso:  0.0002 
----------------------------------------------------------------------------------------
   Cr2   Cr2   (  3,  -1,   0)  0.0002   (-12.026, 13.886,  0.000) 18.369 
J_iso:  0.0002 
----------------------------------------------------------------------------------------
   Cr1   Cr1   ( -1,   3,   0)  0.0002   (-12.026, -13.886,  0.000) 18.369 
J_iso:  0.0002 
----------------------------------------------------------------------------------------
   Cr2   Cr2   ( -1,   3,   0)  0.0002   (-12.026, -13.886,  0.000) 18.369 
J_iso:  0.0002 
----------------------------------------------------------------------------------------
   Cr1   Cr1   ( -3,   1,   0)  0.0002   (12.026, -13.886,  0.000) 18.369 
J_iso:  0.0002 
----------------------------------------------------------------------------------------
   Cr2   Cr2   ( -3,   1,   0)  0.0002   (12.026, -13.886,  0.000) 18.369 
J_iso:  0.0002 
----------------------------------------------------------------------------------------
   Cr1   Cr1   (  2,   1,   0)  0.0002   (-18.038,  3.471,  0.000) 18.369 
J_iso:  0.0002 
----------------------------------------------------------------------------------------
   Cr2   Cr2   (  2,   1,   0)  0.0002   (-18.038,  3.471,  0.000) 18.369 
J_iso:  0.0002 
----------------------------------------------------------------------------------------
   Cr1   Cr1   ( -2,  -1,   0)  0.0002   (18.038, -3.471,  0.000) 18.369 
J_iso:  0.0002 
----------------------------------------------------------------------------------------
   Cr2   Cr2   ( -2,  -1,   0)  0.0002   (18.038, -3.471,  0.000) 18.369 
J_iso:  0.0002 
----------------------------------------------------------------------------------------
   Cr1   Cr1   ( -1,  -2,   0)  0.0002   (18.038,  3.471,  0.000) 18.369 
J_iso:  0.0002 
----------------------------------------------------------------------------------------
   Cr2   Cr2   ( -1,  -2,   0)  0.0002   (18.038,  3.471,  0.000) 18.369 
J_iso:  0.0002 
----------------------------------------------------------------------------------------
   Cr1   Cr1   (  1,   2,   0)  0.0002   (-18.038, -3.471,  0.000) 18.369 
J_iso:  0.0002 
----------------------------------------------------------------------------------------
   Cr2   Cr2   (  1,   2,   0)  0.0002   (-18.038, -3.471,  0.000) 18.369 
J_iso:  0.0002 
----------------------------------------------------------------------------------------
   Cr1   Cr2   ( -2,   3,   0)  0.0004   (-10.021, -17.357,  0.000) 20.043 
J_iso:  0.0004 
----------------------------------------------------------------------------------------
   Cr2   Cr1   (  2,  -3,   0)  0.0004   (10.021, 17.357, -0.000) 20.043 
J_iso:  0.0004 
----------------------------------------------------------------------------------------
   Cr1   Cr2   (  3,  -2,   0)  0.0004   (-10.021, 17.358,  0.000) 20.043 
J_iso:  0.0004 
----------------------------------------------------------------------------------------
   Cr2   Cr1   ( -3,   2,   0)  0.0004   (10.021, -17.358, -0.000) 20.043 
J_iso:  0.0004 
----------------------------------------------------------------------------------------
   Cr1   Cr2   ( -2,  -2,   0)  0.0004   (20.043,  0.000,  0.000) 20.043 
J_iso:  0.0004 
----------------------------------------------------------------------------------------
   Cr2   Cr1   (  2,   2,   0)  0.0004   (-20.043,  0.000, -0.000) 20.043 
J_iso:  0.0004 
----------------------------------------------------------------------------------------
   Cr1   Cr1   (  3,  -3,   0) -0.0001   (-0.000, 20.829,  0.000) 20.829 
J_iso: -0.0001 
----------------------------------------------------------------------------------------
   Cr2   Cr2   (  3,  -3,   0) -0.0001   ( 0.000, 20.829,  0.000) 20.829 
J_iso: -0.0001 
----------------------------------------------------------------------------------------
   Cr1   Cr1   ( -3,   3,   0) -0.0001   ( 0.000, -20.829,  0.000) 20.829 
J_iso: -0.0001 
----------------------------------------------------------------------------------------
   Cr2   Cr2   ( -3,   3,   0) -0.0001   ( 0.000, -20.829,  0.000) 20.829 
J_iso: -0.0001 
----------------------------------------------------------------------------------------
   Cr1   Cr1   (  0,  -3,   0) -0.0001   (18.038, 10.415,  0.000) 20.829 
J_iso: -0.0001 
----------------------------------------------------------------------------------------
   Cr2   Cr2   (  0,  -3,   0) -0.0001   (18.038, 10.415,  0.000) 20.829 
J_iso: -0.0001 
----------------------------------------------------------------------------------------
   Cr1   Cr1   (  0,   3,   0) -0.0001   (-18.038, -10.415,  0.000) 20.829 
J_iso: -0.0001 
----------------------------------------------------------------------------------------
   Cr2   Cr2   (  0,   3,   0) -0.0001   (-18.038, -10.415,  0.000) 20.829 
J_iso: -0.0001 
----------------------------------------------------------------------------------------
   Cr1   Cr1   ( -3,   0,   0) -0.0001   (18.038, -10.415,  0.000) 20.829 
J_iso: -0.0001 
----------------------------------------------------------------------------------------
   Cr2   Cr2   ( -3,   0,   0) -0.0001   (18.038, -10.415,  0.000) 20.829 
J_iso: -0.0001 
----------------------------------------------------------------------------------------
   Cr1   Cr1   (  3,   0,   0) -0.0001   (-18.038, 10.415,  0.000) 20.829 
J_iso: -0.0001 
----------------------------------------------------------------------------------------
   Cr2   Cr2   (  3,   0,   0) -0.0001   (-18.038, 10.415,  0.000) 20.829 
J_iso: -0.0001 
----------------------------------------------------------------------------------------
   Cr1   Cr2   (  3,  -3,   0) -0.0001   (-4.009, 20.829,  0.000) 21.211 
J_iso: -0.0001 
----------------------------------------------------------------------------------------
   Cr2   Cr1   (  3,  -3,   0) -0.0001   ( 4.009, 20.829, -0.000) 21.211 
J_iso: -0.0001 
----------------------------------------------------------------------------------------
   Cr1   Cr2   ( -3,   3,   0) -0.0001   (-4.009, -20.829,  0.000) 21.211 
J_iso: -0.0001 
----------------------------------------------------------------------------------------
   Cr2   Cr1   ( -3,   3,   0) -0.0001   ( 4.009, -20.829, -0.000) 21.211 
J_iso: -0.0001 
----------------------------------------------------------------------------------------
   Cr2   Cr1   (  1,  -3,   0) -0.0001   (16.034, 13.886, -0.000) 21.211 
J_iso: -0.0001 
----------------------------------------------------------------------------------------
   Cr1   Cr2   (  3,  -1,   0) -0.0001   (-16.034, 13.886,  0.000) 21.211 
J_iso: -0.0001 
----------------------------------------------------------------------------------------
   Cr1   Cr2   ( -1,   3,   0) -0.0001   (-16.034, -13.886,  0.000) 21.211 
J_iso: -0.0001 
----------------------------------------------------------------------------------------
   Cr2   Cr1   ( -3,   1,   0) -0.0001   (16.034, -13.886, -0.000) 21.211 
J_iso: -0.0001 
----------------------------------------------------------------------------------------
   Cr2   Cr1   (  1,   3,   0) -0.0001   (-20.043, -6.943, -0.000) 21.211 
J_iso: -0.0001 
----------------------------------------------------------------------------------------
   Cr1   Cr2   ( -1,  -3,   0) -0.0001   (20.043,  6.943,  0.000) 21.211 
J_iso: -0.0001 
----------------------------------------------------------------------------------------
   Cr1   Cr2   ( -3,  -1,   0) -0.0001   (20.043, -6.943,  0.000) 21.211 
J_iso: -0.0001 
----------------------------------------------------------------------------------------
   Cr2   Cr1   (  3,   1,   0) -0.0001   (-20.043,  6.943, -0.000) 21.211 
J_iso: -0.0001 
----------------------------------------------------------------------------------------
   Cr1   Cr2   (  2,   1,   0) -0.0000   (-22.047,  3.471,  0.000) 22.319 
J_iso: -0.0000 
----------------------------------------------------------------------------------------
   Cr2   Cr1   ( -2,  -1,   0) -0.0000   (22.047, -3.471, -0.000) 22.319 
J_iso: -0.0000 
----------------------------------------------------------------------------------------
   Cr2   Cr1   ( -1,  -2,   0) -0.0000   (22.047,  3.471, -0.000) 22.319 
J_iso: -0.0000 
----------------------------------------------------------------------------------------
   Cr1   Cr2   (  1,   2,   0) -0.0000   (-22.047, -3.471,  0.000) 22.319 
J_iso: -0.0000 
----------------------------------------------------------------------------------------
   Cr1   Cr1   ( -2,  -2,   0)  0.0000   (24.051,  0.000,  0.000) 24.051 
J_iso:  0.0000 
----------------------------------------------------------------------------------------
   Cr2   Cr2   ( -2,  -2,   0)  0.0000   (24.051,  0.000,  0.000) 24.051 
J_iso:  0.0000 
----------------------------------------------------------------------------------------
   Cr1   Cr1   (  2,   2,   0)  0.0000   (-24.051,  0.000,  0.000) 24.051 
J_iso:  0.0000 
----------------------------------------------------------------------------------------
   Cr2   Cr2   (  2,   2,   0)  0.0000   (-24.051,  0.000,  0.000) 24.051 
J_iso:  0.0000 
----------------------------------------------------------------------------------------
   Cr2   Cr1   (  0,  -3,   0)  0.0000   (22.047, 10.415, -0.000) 24.383 
J_iso:  0.0000 
----------------------------------------------------------------------------------------
   Cr1   Cr2   (  0,   3,   0)  0.0000   (-22.047, -10.415,  0.000) 24.383 
J_iso:  0.0000 
----------------------------------------------------------------------------------------
   Cr2   Cr1   ( -3,   0,   0)  0.0000   (22.047, -10.415, -0.000) 24.383 
J_iso:  0.0000 
----------------------------------------------------------------------------------------
   Cr1   Cr2   (  3,   0,   0)  0.0000   (-22.047, 10.415,  0.000) 24.383 
J_iso:  0.0000 
----------------------------------------------------------------------------------------
   Cr1   Cr1   ( -3,  -1,   0)  0.0000   (24.051, -6.943,  0.000) 25.033 
J_iso:  0.0000 
----------------------------------------------------------------------------------------
   Cr2   Cr2   ( -3,  -1,   0)  0.0000   (24.051, -6.943,  0.000) 25.033 
J_iso:  0.0000 
----------------------------------------------------------------------------------------
   Cr1   Cr1   (  1,   3,   0)  0.0000   (-24.051, -6.943,  0.000) 25.033 
J_iso:  0.0000 
----------------------------------------------------------------------------------------
   Cr2   Cr2   (  1,   3,   0)  0.0000   (-24.051, -6.943,  0.000) 25.033 
J_iso:  0.0000 
----------------------------------------------------------------------------------------
   Cr1   Cr1   ( -1,  -3,   0)  0.0000   (24.051,  6.943,  0.000) 25.033 
J_iso:  0.0000 
----------------------------------------------------------------------------------------
   Cr2   Cr2   ( -1,  -3,   0)  0.0000   (24.051,  6.943,  0.000) 25.033 
J_iso:  0.0000 
----------------------------------------------------------------------------------------
   Cr1   Cr1   (  3,   1,   0)  0.0000   (-24.051,  6.943,  0.000) 25.033 
J_iso:  0.0000 
----------------------------------------------------------------------------------------
   Cr2   Cr2   (  3,   1,   0)  0.0000   (-24.051,  6.943,  0.000) 25.033 
J_iso:  0.0000 
----------------------------------------------------------------------------------------
   Cr1   Cr2   ( -2,  -3,   0)  0.0000   (26.056,  3.471,  0.000) 26.286 
J_iso:  0.0000 
----------------------------------------------------------------------------------------
   Cr1   Cr2   ( -3,  -2,   0)  0.0000   (26.056, -3.472,  0.000) 26.286 
J_iso:  0.0000 
----------------------------------------------------------------------------------------
   Cr2   Cr1   (  2,   3,   0)  0.0000   (-26.056, -3.471, -0.000) 26.286 
J_iso:  0.0000 
----------------------------------------------------------------------------------------
   Cr2   Cr1   (  3,   2,   0)  0.0000   (-26.056,  3.472, -0.000) 26.286 
J_iso:  0.0000 
----------------------------------------------------------------------------------------
   Cr2   Cr1   ( -2,  -2,   0) -0.0000   (28.060,  0.000, -0.000) 28.060 
J_iso: -0.0000 
----------------------------------------------------------------------------------------
   Cr1   Cr2   (  2,   2,   0) -0.0000   (-28.060,  0.000,  0.000) 28.060 
J_iso: -0.0000 
----------------------------------------------------------------------------------------
   Cr2   Cr1   ( -3,  -1,   0) -0.0000   (28.060, -6.943, -0.000) 28.906 
J_iso: -0.0000 
----------------------------------------------------------------------------------------
   Cr1   Cr2   (  1,   3,   0) -0.0000   (-28.060, -6.943,  0.000) 28.906 
J_iso: -0.0000 
----------------------------------------------------------------------------------------
   Cr2   Cr1   ( -1,  -3,   0) -0.0000   (28.060,  6.943, -0.000) 28.906 
J_iso: -0.0000 
----------------------------------------------------------------------------------------
   Cr1   Cr2   (  3,   1,   0) -0.0000   (-28.060,  6.943,  0.000) 28.906 
J_iso: -0.0000 
----------------------------------------------------------------------------------------
   Cr2   Cr2   (  2,   3,   0)  0.0000   (-30.064, -3.471,  0.000) 30.264 
J_iso:  0.0000 
----------------------------------------------------------------------------------------
   Cr1   Cr1   ( -2,  -3,   0)  0.0000   (30.064,  3.471,  0.000) 30.264 
J_iso:  0.0000 
----------------------------------------------------------------------------------------
   Cr2   Cr2   ( -2,  -3,   0)  0.0000   (30.064,  3.471,  0.000) 30.264 
J_iso:  0.0000 
----------------------------------------------------------------------------------------
   Cr1   Cr1   ( -3,  -2,   0)  0.0000   (30.064, -3.472,  0.000) 30.264 
J_iso:  0.0000 
----------------------------------------------------------------------------------------
   Cr2   Cr2   ( -3,  -2,   0)  0.0000   (30.064, -3.472,  0.000) 30.264 
J_iso:  0.0000 
----------------------------------------------------------------------------------------
   Cr1   Cr1   (  2,   3,   0)  0.0000   (-30.064, -3.471,  0.000) 30.264 
J_iso:  0.0000 
----------------------------------------------------------------------------------------
   Cr1   Cr1   (  3,   2,   0)  0.0000   (-30.064,  3.472,  0.000) 30.264 
J_iso:  0.0000 
----------------------------------------------------------------------------------------
   Cr2   Cr2   (  3,   2,   0)  0.0000   (-30.064,  3.472,  0.000) 30.264 
J_iso:  0.0000 
----------------------------------------------------------------------------------------
   Cr1   Cr2   ( -3,  -3,   0)  0.0000   (32.068, -0.000,  0.000) 32.068 
J_iso:  0.0000 
----------------------------------------------------------------------------------------
   Cr2   Cr1   (  3,   3,   0)  0.0000   (-32.068,  0.000, -0.000) 32.068 
J_iso:  0.0000 
----------------------------------------------------------------------------------------
   Cr2   Cr1   ( -3,  -2,   0) -0.0000   (34.073, -3.472, -0.000) 34.249 
J_iso: -0.0000 
----------------------------------------------------------------------------------------
   Cr1   Cr2   (  2,   3,   0) -0.0000   (-34.073, -3.471,  0.000) 34.249 
J_iso: -0.0000 
----------------------------------------------------------------------------------------
   Cr2   Cr1   ( -2,  -3,   0) -0.0000   (34.073,  3.471, -0.000) 34.249 
J_iso: -0.0000 
----------------------------------------------------------------------------------------
   Cr1   Cr2   (  3,   2,   0) -0.0000   (-34.073,  3.472,  0.000) 34.249 
J_iso: -0.0000 
----------------------------------------------------------------------------------------
   Cr1   Cr1   ( -3,  -3,   0)  0.0000   (36.077, -0.000,  0.000) 36.077 
J_iso:  0.0000 
----------------------------------------------------------------------------------------
   Cr2   Cr2   ( -3,  -3,   0)  0.0000   (36.077, -0.000,  0.000) 36.077 
J_iso:  0.0000 
----------------------------------------------------------------------------------------
   Cr1   Cr1   (  3,   3,   0)  0.0000   (-36.077,  0.000,  0.000) 36.077 
J_iso:  0.0000 
----------------------------------------------------------------------------------------
   Cr2   Cr2   (  3,   3,   0)  0.0000   (-36.077,  0.000,  0.000) 36.077 
J_iso:  0.0000 
----------------------------------------------------------------------------------------
   Cr2   Cr1   ( -3,  -3,   0)  0.0000   (40.085, -0.000, -0.000) 40.085 
J_iso:  0.0000 
----------------------------------------------------------------------------------------
   Cr1   Cr2   (  3,   3,   0)  0.0000   (-40.085,  0.000,  0.000) 40.085 
J_iso:  0.0000 
