==========================================================================================
Information: 
Exchange parameters generated by TB2J 0.9.9.9
Generation time: 25/06/26 15:15:47
 Input from non-collinear Siesta data.
 working directory: /Users/hexu/projects/TB2J_SIESTA_TUTORIAL/CrI3_SIESTA_split_SOC/DFT
 fdf_fname: siesta.fdf.
Warning: The DMI component parallel to the spin orientation, the Jani which has the component of that orientation should be disregarded
 e.g. if the spins are along z, the xz, yz, zz, zx, zy components and the z component of DMI.
 If you need these component, try to do three calculations with spin along x, y, z,  or use structure with z rotated to x, y and z. And then use TB2J_merge.py to get the full set of parameters.

==========================================================================================
Cell (Angstrom):
-6.01281438  3.47150000  0.00000000
-6.01281438  -3.47150000  0.00000000
0.00000000  0.00000000  13.00000000

==========================================================================================
Atoms:  
(Note: charge and magmoms only count the wannier functions.)
Atom_number        x             y             z       w_charge    M(x)      M(y)      M(z)   
Cr1            -4.00854292    0.00000000    6.50000000   14.6649    0.0000   -0.0000    3.5697
Cr2            -8.01708584    0.00000000    6.50000000   14.6648    0.0000   -0.0000    3.5697
I1             -8.08994330   -2.27226905    4.89133207    6.7784    0.0023   -0.0013   -0.1803
I2             -2.07712892   -1.19923094    8.10866793    6.7784   -0.0023   -0.0013   -0.1803
I3             -6.01281439    1.07303812    4.89133207    6.7784    0.0000    0.0027   -0.1803
I4             -6.01281437   -1.07303812    8.10866793    6.7784   -0.0000    0.0027   -0.1803
I5             -9.94849984    1.19923094    4.89133207    6.7784   -0.0023   -0.0013   -0.1803
I6             -3.93568546    2.27226905    8.10866793    6.7784    0.0023   -0.0013   -0.1803
Total                                                    70.0000    0.0000   -0.0000    6.0577

==========================================================================================
Exchange: 
    i      j          R        J_iso(meV)          vector          distance(A) 
----------------------------------------------------------------------------------------
   Cr1   Cr2   ( -1,   0,   0)  2.3431   ( 2.004, -3.471,  0.000)  4.009 
J_iso:  2.3431 
[Testing!] DMI: (-0.0000  0.0000  0.0000)
[Testing!]J_ani:
[[-0.868 -0.486  0.463]
 [-0.486 -0.307  0.267]
 [ 0.463  0.267 -9.306]]
----------------------------------------------------------------------------------------
   Cr1   Cr2   (  0,  -1,   0)  2.3431   ( 2.004,  3.471,  0.000)  4.009 
J_iso:  2.3431 
[Testing!] DMI: (-0.0000 -0.0000  0.0000)
[Testing!]J_ani:
[[-0.868  0.486 -0.463]
 [ 0.486 -0.307  0.267]
 [-0.463  0.267 -9.306]]
----------------------------------------------------------------------------------------
   Cr2   Cr1   (  0,   1,   0)  2.3431   (-2.004, -3.471, -0.000)  4.009 
J_iso:  2.3431 
[Testing!] DMI: ( 0.0000  0.0000 -0.0000)
[Testing!]J_ani:
[[-0.868  0.486 -0.463]
 [ 0.486 -0.307  0.267]
 [-0.463  0.267 -9.306]]
----------------------------------------------------------------------------------------
   Cr2   Cr1   (  1,   0,   0)  2.3431   (-2.004,  3.471, -0.000)  4.009 
J_iso:  2.3431 
[Testing!] DMI: ( 0.0000 -0.0000 -0.0000)
[Testing!]J_ani:
[[-0.868 -0.486  0.463]
 [-0.486 -0.307  0.267]
 [ 0.463  0.267 -9.306]]
----------------------------------------------------------------------------------------
   Cr1   Cr2   (  0,   0,   0)  2.3436   (-4.009,  0.000,  0.000)  4.009 
J_iso:  2.3436 
[Testing!] DMI: ( 0.0000 -0.0000  0.0000)
[Testing!]J_ani:
[[-0.026  0.    -0.   ]
 [ 0.    -1.148 -0.535]
 [-0.    -0.535 -9.307]]
----------------------------------------------------------------------------------------
   Cr2   Cr1   (  0,   0,   0)  2.3436   ( 4.009,  0.000, -0.000)  4.009 
J_iso:  2.3436 
[Testing!] DMI: (-0.0000  0.0000 -0.0000)
[Testing!]J_ani:
[[-0.026  0.    -0.   ]
 [ 0.    -1.148 -0.535]
 [-0.    -0.535 -9.307]]
----------------------------------------------------------------------------------------
   Cr1   Cr1   ( -1,   1,   0)  0.9573   ( 0.000, -6.943,  0.000)  6.943 
J_iso:  0.9573 
[Testing!] DMI: ( 0.0000 -0.0271  0.0702)
[Testing!]J_ani:
[[-0.037 -0.     0.   ]
 [-0.    -0.182 -0.262]
 [ 0.    -0.262 -2.626]]
----------------------------------------------------------------------------------------
   Cr2   Cr2   ( -1,   1,   0)  0.9572   ( 0.000, -6.943,  0.000)  6.943 
J_iso:  0.9572 
[Testing!] DMI: (-0.0000  0.0271 -0.0702)
[Testing!]J_ani:
[[-0.037  0.     0.   ]
 [ 0.    -0.182 -0.262]
 [ 0.    -0.262 -2.626]]
----------------------------------------------------------------------------------------
   Cr1   Cr1   (  1,  -1,   0)  0.9573   ( 0.000,  6.943,  0.000)  6.943 
J_iso:  0.9573 
[Testing!] DMI: (-0.0000  0.0271 -0.0702)
[Testing!]J_ani:
[[-0.037 -0.     0.   ]
 [-0.    -0.182 -0.262]
 [ 0.    -0.262 -2.626]]
----------------------------------------------------------------------------------------
   Cr2   Cr2   (  1,  -1,   0)  0.9572   ( 0.000,  6.943,  0.000)  6.943 
J_iso:  0.9572 
[Testing!] DMI: ( 0.0000 -0.0271  0.0702)
[Testing!]J_ani:
[[-0.037  0.     0.   ]
 [ 0.    -0.182 -0.262]
 [ 0.    -0.262 -2.626]]
----------------------------------------------------------------------------------------
   Cr2   Cr2   (  0,   1,   0)  0.9571   (-6.013, -3.471,  0.000)  6.943 
J_iso:  0.9571 
[Testing!] DMI: ( 0.0235  0.0136  0.0702)
[Testing!]J_ani:
[[-0.146 -0.063  0.227]
 [-0.063 -0.074  0.131]
 [ 0.227  0.131 -2.626]]
----------------------------------------------------------------------------------------
   Cr2   Cr2   (  1,   0,   0)  0.9571   (-6.013,  3.471,  0.000)  6.943 
J_iso:  0.9571 
[Testing!] DMI: ( 0.0235 -0.0136 -0.0702)
[Testing!]J_ani:
[[-0.146  0.063 -0.227]
 [ 0.063 -0.074  0.131]
 [-0.227  0.131 -2.626]]
----------------------------------------------------------------------------------------
   Cr1   Cr1   ( -1,   0,   0)  0.9571   ( 6.013, -3.471,  0.000)  6.943 
J_iso:  0.9571 
[Testing!] DMI: ( 0.0235 -0.0136 -0.0702)
[Testing!]J_ani:
[[-0.146  0.063 -0.227]
 [ 0.063 -0.074  0.131]
 [-0.227  0.131 -2.626]]
----------------------------------------------------------------------------------------
   Cr2   Cr2   ( -1,   0,   0)  0.9571   ( 6.013, -3.471,  0.000)  6.943 
J_iso:  0.9571 
[Testing!] DMI: (-0.0235  0.0136  0.0702)
[Testing!]J_ani:
[[-0.146  0.063 -0.227]
 [ 0.063 -0.074  0.131]
 [-0.227  0.131 -2.626]]
----------------------------------------------------------------------------------------
   Cr1   Cr1   (  0,  -1,   0)  0.9571   ( 6.013,  3.471,  0.000)  6.943 
J_iso:  0.9571 
[Testing!] DMI: ( 0.0235  0.0136  0.0702)
[Testing!]J_ani:
[[-0.146 -0.063  0.227]
 [-0.063 -0.074  0.131]
 [ 0.227  0.131 -2.626]]
----------------------------------------------------------------------------------------
   Cr2   Cr2   (  0,  -1,   0)  0.9571   ( 6.013,  3.471,  0.000)  6.943 
J_iso:  0.9571 
[Testing!] DMI: (-0.0235 -0.0136 -0.0702)
[Testing!]J_ani:
[[-0.146 -0.063  0.227]
 [-0.063 -0.074  0.131]
 [ 0.227  0.131 -2.626]]
----------------------------------------------------------------------------------------
   Cr1   Cr1   (  0,   1,   0)  0.9571   (-6.013, -3.471,  0.000)  6.943 
J_iso:  0.9571 
[Testing!] DMI: (-0.0235 -0.0136 -0.0702)
[Testing!]J_ani:
[[-0.146 -0.063  0.227]
 [-0.063 -0.074  0.131]
 [ 0.227  0.131 -2.626]]
----------------------------------------------------------------------------------------
   Cr1   Cr1   (  1,   0,   0)  0.9571   (-6.013,  3.471,  0.000)  6.943 
J_iso:  0.9571 
[Testing!] DMI: (-0.0235  0.0136  0.0702)
[Testing!]J_ani:
[[-0.146  0.063 -0.227]
 [ 0.063 -0.074  0.131]
 [-0.227  0.131 -2.626]]
----------------------------------------------------------------------------------------
   Cr1   Cr2   ( -1,   1,   0)  0.0908   (-4.009, -6.943,  0.000)  8.017 
J_iso:  0.0908 
[Testing!] DMI: ( 0.0000  0.0000 -0.0000)
[Testing!]J_ani:
[[-0.059  0.023 -0.067]
 [ 0.023 -0.032  0.038]
 [-0.067  0.038 -0.367]]
----------------------------------------------------------------------------------------
   Cr2   Cr1   ( -1,   1,   0)  0.0908   ( 4.009, -6.943, -0.000)  8.017 
J_iso:  0.0908 
[Testing!] DMI: (-0.0000  0.0000  0.0000)
[Testing!]J_ani:
[[-0.059 -0.023  0.067]
 [-0.023 -0.032  0.038]
 [ 0.067  0.038 -0.367]]
----------------------------------------------------------------------------------------
   Cr1   Cr2   (  1,  -1,   0)  0.0908   (-4.009,  6.943,  0.000)  8.017 
J_iso:  0.0908 
[Testing!] DMI: ( 0.0000 -0.0000 -0.0000)
[Testing!]J_ani:
[[-0.059 -0.023  0.067]
 [-0.023 -0.032  0.038]
 [ 0.067  0.038 -0.367]]
----------------------------------------------------------------------------------------
   Cr2   Cr1   (  1,  -1,   0)  0.0908   ( 4.009,  6.943, -0.000)  8.017 
J_iso:  0.0908 
[Testing!] DMI: (-0.0000 -0.0000  0.0000)
[Testing!]J_ani:
[[-0.059  0.023 -0.067]
 [ 0.023 -0.032  0.038]
 [-0.067  0.038 -0.367]]
----------------------------------------------------------------------------------------
   Cr1   Cr2   ( -1,  -1,   0)  0.0909   ( 8.017,  0.000,  0.000)  8.017 
J_iso:  0.0909 
[Testing!] DMI: (-0.0000 -0.0000 -0.0000)
[Testing!]J_ani:
[[-0.019 -0.    -0.   ]
 [-0.    -0.072 -0.077]
 [-0.    -0.077 -0.367]]
----------------------------------------------------------------------------------------
   Cr2   Cr1   (  1,   1,   0)  0.0909   (-8.017,  0.000, -0.000)  8.017 
J_iso:  0.0909 
[Testing!] DMI: ( 0.0000  0.0000  0.0000)
[Testing!]J_ani:
[[-0.019 -0.    -0.   ]
 [-0.    -0.072 -0.077]
 [-0.    -0.077 -0.367]]
----------------------------------------------------------------------------------------
   Cr1   Cr2   ( -2,   1,   0)  0.0261   ( 2.004, -10.415,  0.000) 10.606 
J_iso:  0.0261 
[Testing!] DMI: (-0.0000  0.0000 -0.0000)
[Testing!]J_ani:
[[-0.012 -0.    -0.006]
 [-0.    -0.006 -0.002]
 [-0.006 -0.002 -0.196]]
----------------------------------------------------------------------------------------
   Cr2   Cr1   ( -1,   2,   0)  0.0261   (-2.004, -10.415, -0.000) 10.606 
J_iso:  0.0261 
[Testing!] DMI: ( 0.0000  0.0000 -0.0000)
[Testing!]J_ani:
[[-0.012  0.     0.006]
 [ 0.    -0.006 -0.002]
 [ 0.006 -0.002 -0.196]]
----------------------------------------------------------------------------------------
   Cr1   Cr2   (  1,  -2,   0)  0.0261   ( 2.004, 10.415,  0.000) 10.606 
J_iso:  0.0261 
[Testing!] DMI: (-0.0000 -0.0000  0.0000)
[Testing!]J_ani:
[[-0.012  0.     0.006]
 [ 0.    -0.006 -0.002]
 [ 0.006 -0.002 -0.196]]
----------------------------------------------------------------------------------------
   Cr2   Cr1   (  2,  -1,   0)  0.0261   (-2.004, 10.415, -0.000) 10.606 
J_iso:  0.0261 
[Testing!] DMI: ( 0.0000 -0.0000  0.0000)
[Testing!]J_ani:
[[-0.012 -0.    -0.006]
 [-0.    -0.006 -0.002]
 [-0.006 -0.002 -0.196]]
----------------------------------------------------------------------------------------
   Cr1   Cr2   ( -2,   0,   0)  0.0260   ( 8.017, -6.943,  0.000) 10.606 
J_iso:  0.0260 
[Testing!] DMI: (-0.0000  0.0000  0.0000)
[Testing!]J_ani:
[[-0.008 -0.002 -0.005]
 [-0.002 -0.01  -0.004]
 [-0.005 -0.004 -0.196]]
----------------------------------------------------------------------------------------
   Cr1   Cr2   (  0,  -2,   0)  0.0260   ( 8.017,  6.943,  0.000) 10.606 
J_iso:  0.0260 
[Testing!] DMI: (-0.0000 -0.0000 -0.0000)
[Testing!]J_ani:
[[-0.008  0.002  0.005]
 [ 0.002 -0.01  -0.004]
 [ 0.005 -0.004 -0.196]]
----------------------------------------------------------------------------------------
   Cr2   Cr1   (  0,   2,   0)  0.0260   (-8.017, -6.943, -0.000) 10.606 
J_iso:  0.0260 
[Testing!] DMI: ( 0.0000  0.0000  0.0000)
[Testing!]J_ani:
[[-0.008  0.002  0.005]
 [ 0.002 -0.01  -0.004]
 [ 0.005 -0.004 -0.196]]
----------------------------------------------------------------------------------------
   Cr2   Cr1   (  2,   0,   0)  0.0260   (-8.017,  6.943, -0.000) 10.606 
J_iso:  0.0260 
[Testing!] DMI: ( 0.0000 -0.0000 -0.0000)
[Testing!]J_ani:
[[-0.008 -0.002 -0.005]
 [-0.002 -0.01  -0.004]
 [-0.005 -0.004 -0.196]]
----------------------------------------------------------------------------------------
   Cr2   Cr1   ( -1,   0,   0)  0.0261   (10.021, -3.471, -0.000) 10.606 
J_iso:  0.0261 
[Testing!] DMI: (-0.0000  0.0000  0.0000)
[Testing!]J_ani:
[[-0.008 -0.002  0.001]
 [-0.002 -0.01   0.006]
 [ 0.001  0.006 -0.196]]
----------------------------------------------------------------------------------------
   Cr2   Cr1   (  0,  -1,   0)  0.0261   (10.021,  3.471, -0.000) 10.606 
J_iso:  0.0261 
[Testing!] DMI: (-0.0000 -0.0000 -0.0000)
[Testing!]J_ani:
[[-0.008  0.002 -0.001]
 [ 0.002 -0.01   0.006]
 [-0.001  0.006 -0.196]]
----------------------------------------------------------------------------------------
   Cr1   Cr2   (  0,   1,   0)  0.0261   (-10.021, -3.471,  0.000) 10.606 
J_iso:  0.0261 
[Testing!] DMI: ( 0.0000  0.0000  0.0000)
[Testing!]J_ani:
[[-0.008  0.002 -0.001]
 [ 0.002 -0.01   0.006]
 [-0.001  0.006 -0.196]]
----------------------------------------------------------------------------------------
   Cr1   Cr2   (  1,   0,   0)  0.0261   (-10.021,  3.471,  0.000) 10.606 
J_iso:  0.0261 
[Testing!] DMI: ( 0.0000 -0.0000 -0.0000)
[Testing!]J_ani:
[[-0.008 -0.002  0.001]
 [-0.002 -0.01   0.006]
 [ 0.001  0.006 -0.196]]
----------------------------------------------------------------------------------------
   Cr1   Cr1   ( -2,   1,   0) -0.0374   ( 6.013, -10.415,  0.000) 12.026 
J_iso: -0.0374 
[Testing!] DMI: (-0.0109  0.0189  0.0000)
[Testing!]J_ani:
[[-0.005 -0.001 -0.005]
 [-0.001 -0.004 -0.003]
 [-0.005 -0.003 -0.108]]
----------------------------------------------------------------------------------------
   Cr2   Cr2   ( -2,   1,   0) -0.0374   ( 6.013, -10.415,  0.000) 12.026 
J_iso: -0.0374 
[Testing!] DMI: ( 0.0109 -0.0189 -0.0000)
[Testing!]J_ani:
[[-0.005 -0.001 -0.005]
 [-0.001 -0.004 -0.003]
 [-0.005 -0.003 -0.108]]
----------------------------------------------------------------------------------------
   Cr1   Cr1   ( -1,   2,   0) -0.0374   (-6.013, -10.415,  0.000) 12.026 
J_iso: -0.0374 
[Testing!] DMI: ( 0.0109  0.0189  0.0000)
[Testing!]J_ani:
[[-0.005  0.001  0.005]
 [ 0.001 -0.004 -0.003]
 [ 0.005 -0.003 -0.108]]
----------------------------------------------------------------------------------------
   Cr2   Cr2   ( -1,   2,   0) -0.0374   (-6.013, -10.415,  0.000) 12.026 
J_iso: -0.0374 
[Testing!] DMI: (-0.0109 -0.0189 -0.0000)
[Testing!]J_ani:
[[-0.005  0.001  0.005]
 [ 0.001 -0.004 -0.003]
 [ 0.005 -0.003 -0.108]]
----------------------------------------------------------------------------------------
   Cr1   Cr1   (  1,  -2,   0) -0.0374   ( 6.013, 10.415,  0.000) 12.026 
J_iso: -0.0374 
[Testing!] DMI: (-0.0109 -0.0189 -0.0000)
[Testing!]J_ani:
[[-0.005  0.001  0.005]
 [ 0.001 -0.004 -0.003]
 [ 0.005 -0.003 -0.108]]
----------------------------------------------------------------------------------------
   Cr2   Cr2   (  1,  -2,   0) -0.0374   ( 6.013, 10.415,  0.000) 12.026 
J_iso: -0.0374 
[Testing!] DMI: ( 0.0109  0.0189  0.0000)
[Testing!]J_ani:
[[-0.005  0.001  0.005]
 [ 0.001 -0.004 -0.003]
 [ 0.005 -0.003 -0.108]]
----------------------------------------------------------------------------------------
   Cr1   Cr1   (  2,  -1,   0) -0.0374   (-6.013, 10.415,  0.000) 12.026 
J_iso: -0.0374 
[Testing!] DMI: ( 0.0109 -0.0189 -0.0000)
[Testing!]J_ani:
[[-0.005 -0.001 -0.005]
 [-0.001 -0.004 -0.003]
 [-0.005 -0.003 -0.108]]
----------------------------------------------------------------------------------------
   Cr2   Cr2   (  2,  -1,   0) -0.0374   (-6.013, 10.415,  0.000) 12.026 
J_iso: -0.0374 
[Testing!] DMI: (-0.0109  0.0189  0.0000)
[Testing!]J_ani:
[[-0.005 -0.001 -0.005]
 [-0.001 -0.004 -0.003]
 [-0.005 -0.003 -0.108]]
----------------------------------------------------------------------------------------
   Cr1   Cr1   ( -1,  -1,   0) -0.0374   (12.026,  0.000,  0.000) 12.026 
J_iso: -0.0374 
[Testing!] DMI: (-0.0218 -0.0000 -0.0000)
[Testing!]J_ani:
[[-0.004 -0.    -0.   ]
 [-0.    -0.005  0.006]
 [-0.     0.006 -0.108]]
----------------------------------------------------------------------------------------
   Cr2   Cr2   ( -1,  -1,   0) -0.0373   (12.026,  0.000,  0.000) 12.026 
J_iso: -0.0373 
[Testing!] DMI: ( 0.0218  0.0000  0.0000)
[Testing!]J_ani:
[[-0.004 -0.    -0.   ]
 [-0.    -0.005  0.006]
 [-0.     0.006 -0.108]]
----------------------------------------------------------------------------------------
   Cr1   Cr1   (  1,   1,   0) -0.0374   (-12.026,  0.000,  0.000) 12.026 
J_iso: -0.0374 
[Testing!] DMI: ( 0.0218  0.0000  0.0000)
[Testing!]J_ani:
[[-0.004 -0.    -0.   ]
 [-0.    -0.005  0.006]
 [-0.     0.006 -0.108]]
----------------------------------------------------------------------------------------
   Cr2   Cr2   (  1,   1,   0) -0.0373   (-12.026,  0.000,  0.000) 12.026 
J_iso: -0.0373 
[Testing!] DMI: (-0.0218 -0.0000 -0.0000)
[Testing!]J_ani:
[[-0.004 -0.    -0.   ]
 [-0.    -0.005  0.006]
 [-0.     0.006 -0.108]]
----------------------------------------------------------------------------------------
   Cr1   Cr1   ( -2,   2,   0) -0.0091   ( 0.000, -13.886,  0.000) 13.886 
J_iso: -0.0091 
[Testing!] DMI: (-0.0000 -0.0022  0.0005)
[Testing!]J_ani:
[[-0.001  0.     0.   ]
 [ 0.    -0.001 -0.001]
 [ 0.    -0.001 -0.01 ]]
----------------------------------------------------------------------------------------
   Cr2   Cr2   ( -2,   2,   0) -0.0091   ( 0.000, -13.886,  0.000) 13.886 
J_iso: -0.0091 
[Testing!] DMI: ( 0.0000  0.0022 -0.0005)
[Testing!]J_ani:
[[-0.001  0.     0.   ]
 [ 0.    -0.001 -0.001]
 [ 0.    -0.001 -0.01 ]]
----------------------------------------------------------------------------------------
   Cr1   Cr1   (  2,  -2,   0) -0.0091   ( 0.000, 13.886,  0.000) 13.886 
J_iso: -0.0091 
[Testing!] DMI: ( 0.0000  0.0022 -0.0005)
[Testing!]J_ani:
[[-0.001  0.     0.   ]
 [ 0.    -0.001 -0.001]
 [ 0.    -0.001 -0.01 ]]
----------------------------------------------------------------------------------------
   Cr2   Cr2   (  2,  -2,   0) -0.0091   ( 0.000, 13.886,  0.000) 13.886 
J_iso: -0.0091 
[Testing!] DMI: (-0.0000 -0.0022  0.0005)
[Testing!]J_ani:
[[-0.001  0.     0.   ]
 [ 0.    -0.001 -0.001]
 [ 0.    -0.001 -0.01 ]]
----------------------------------------------------------------------------------------
   Cr1   Cr1   ( -2,   0,   0) -0.0091   (12.026, -6.943,  0.000) 13.886 
J_iso: -0.0091 
[Testing!] DMI: ( 0.0019 -0.0011 -0.0005)
[Testing!]J_ani:
[[-0.001  0.    -0.001]
 [ 0.    -0.001  0.001]
 [-0.001  0.001 -0.01 ]]
----------------------------------------------------------------------------------------
   Cr1   Cr1   (  0,  -2,   0) -0.0091   (12.026,  6.943,  0.000) 13.886 
J_iso: -0.0091 
[Testing!] DMI: ( 0.0019  0.0011  0.0005)
[Testing!]J_ani:
[[-0.001 -0.     0.001]
 [-0.    -0.001  0.001]
 [ 0.001  0.001 -0.01 ]]
----------------------------------------------------------------------------------------
   Cr2   Cr2   ( -2,   0,   0) -0.0091   (12.026, -6.943,  0.000) 13.886 
J_iso: -0.0091 
[Testing!] DMI: (-0.0019  0.0011  0.0005)
[Testing!]J_ani:
[[-0.001  0.    -0.001]
 [ 0.    -0.001  0.001]
 [-0.001  0.001 -0.01 ]]
----------------------------------------------------------------------------------------
   Cr2   Cr2   (  0,  -2,   0) -0.0091   (12.026,  6.943,  0.000) 13.886 
J_iso: -0.0091 
[Testing!] DMI: (-0.0019 -0.0011 -0.0005)
[Testing!]J_ani:
[[-0.001 -0.     0.001]
 [-0.    -0.001  0.001]
 [ 0.001  0.001 -0.01 ]]
----------------------------------------------------------------------------------------
   Cr1   Cr1   (  0,   2,   0) -0.0091   (-12.026, -6.943,  0.000) 13.886 
J_iso: -0.0091 
[Testing!] DMI: (-0.0019 -0.0011 -0.0005)
[Testing!]J_ani:
[[-0.001 -0.     0.001]
 [-0.    -0.001  0.001]
 [ 0.001  0.001 -0.01 ]]
----------------------------------------------------------------------------------------
   Cr2   Cr2   (  0,   2,   0) -0.0091   (-12.026, -6.943,  0.000) 13.886 
J_iso: -0.0091 
[Testing!] DMI: ( 0.0019  0.0011  0.0005)
[Testing!]J_ani:
[[-0.001 -0.     0.001]
 [-0.    -0.001  0.001]
 [ 0.001  0.001 -0.01 ]]
----------------------------------------------------------------------------------------
   Cr1   Cr1   (  2,   0,   0) -0.0091   (-12.026,  6.943,  0.000) 13.886 
J_iso: -0.0091 
[Testing!] DMI: (-0.0019  0.0011  0.0005)
[Testing!]J_ani:
[[-0.001  0.    -0.001]
 [ 0.    -0.001  0.001]
 [-0.001  0.001 -0.01 ]]
----------------------------------------------------------------------------------------
   Cr2   Cr2   (  2,   0,   0) -0.0091   (-12.026,  6.943,  0.000) 13.886 
J_iso: -0.0091 
[Testing!] DMI: ( 0.0019 -0.0011 -0.0005)
[Testing!]J_ani:
[[-0.001  0.    -0.001]
 [ 0.    -0.001  0.001]
 [-0.001  0.001 -0.01 ]]
----------------------------------------------------------------------------------------
   Cr1   Cr2   ( -2,   2,   0) -0.0013   (-4.009, -13.886,  0.000) 14.453 
J_iso: -0.0013 
[Testing!] DMI: (-0.0000 -0.0000 -0.0000)
[Testing!]J_ani:
[[-0.001  0.     0.   ]
 [ 0.    -0.001  0.001]
 [ 0.     0.001 -0.009]]
----------------------------------------------------------------------------------------
   Cr2   Cr1   ( -2,   2,   0) -0.0013   ( 4.009, -13.886, -0.000) 14.453 
J_iso: -0.0013 
[Testing!] DMI: ( 0.0000 -0.0000 -0.0000)
[Testing!]J_ani:
[[-0.001 -0.    -0.   ]
 [-0.    -0.001  0.001]
 [-0.     0.001 -0.009]]
----------------------------------------------------------------------------------------
   Cr1   Cr2   (  2,  -2,   0) -0.0013   (-4.009, 13.886,  0.000) 14.453 
J_iso: -0.0013 
[Testing!] DMI: (-0.0000  0.0000  0.0000)
[Testing!]J_ani:
[[-0.001 -0.    -0.   ]
 [-0.    -0.001  0.001]
 [-0.     0.001 -0.009]]
----------------------------------------------------------------------------------------
   Cr2   Cr1   (  2,  -2,   0) -0.0013   ( 4.009, 13.886, -0.000) 14.453 
J_iso: -0.0013 
[Testing!] DMI: ( 0.0000  0.0000  0.0000)
[Testing!]J_ani:
[[-0.001  0.     0.   ]
 [ 0.    -0.001  0.001]
 [ 0.     0.001 -0.009]]
----------------------------------------------------------------------------------------
   Cr2   Cr1   ( -2,   1,   0) -0.0013   (10.021, -10.415, -0.000) 14.453 
J_iso: -0.0013 
[Testing!] DMI: ( 0.0000 -0.0000  0.0000)
[Testing!]J_ani:
[[-0.001  0.     0.001]
 [ 0.    -0.001 -0.001]
 [ 0.001 -0.001 -0.009]]
----------------------------------------------------------------------------------------
   Cr1   Cr2   ( -1,   2,   0) -0.0013   (-10.021, -10.415,  0.000) 14.453 
J_iso: -0.0013 
[Testing!] DMI: (-0.0000 -0.0000  0.0000)
[Testing!]J_ani:
[[-0.001 -0.    -0.001]
 [-0.    -0.001 -0.001]
 [-0.001 -0.001 -0.009]]
----------------------------------------------------------------------------------------
   Cr2   Cr1   (  1,  -2,   0) -0.0013   (10.021, 10.415, -0.000) 14.453 
J_iso: -0.0013 
[Testing!] DMI: ( 0.0000  0.0000 -0.0000)
[Testing!]J_ani:
[[-0.001 -0.    -0.001]
 [-0.    -0.001 -0.001]
 [-0.001 -0.001 -0.009]]
----------------------------------------------------------------------------------------
   Cr1   Cr2   (  2,  -1,   0) -0.0013   (-10.021, 10.415,  0.000) 14.453 
J_iso: -0.0013 
[Testing!] DMI: (-0.0000  0.0000 -0.0000)
[Testing!]J_ani:
[[-0.001  0.     0.001]
 [ 0.    -0.001 -0.001]
 [ 0.001 -0.001 -0.009]]
----------------------------------------------------------------------------------------
   Cr1   Cr2   ( -2,  -1,   0) -0.0013   (14.030, -3.471,  0.000) 14.453 
J_iso: -0.0013 
[Testing!] DMI: ( 0.0000 -0.0000  0.0000)
[Testing!]J_ani:
[[-0.001  0.     0.001]
 [ 0.    -0.001 -0.   ]
 [ 0.001 -0.    -0.009]]
----------------------------------------------------------------------------------------
   Cr1   Cr2   ( -1,  -2,   0) -0.0013   (14.030,  3.471,  0.000) 14.453 
J_iso: -0.0013 
[Testing!] DMI: ( 0.0000  0.0000 -0.0000)
[Testing!]J_ani:
[[-0.001 -0.    -0.001]
 [-0.    -0.001 -0.   ]
 [-0.001 -0.    -0.009]]
----------------------------------------------------------------------------------------
   Cr2   Cr1   (  1,   2,   0) -0.0013   (-14.030, -3.471, -0.000) 14.453 
J_iso: -0.0013 
[Testing!] DMI: (-0.0000 -0.0000  0.0000)
[Testing!]J_ani:
[[-0.001 -0.    -0.001]
 [-0.    -0.001 -0.   ]
 [-0.001 -0.    -0.009]]
----------------------------------------------------------------------------------------
   Cr2   Cr1   (  2,   1,   0) -0.0013   (-14.030,  3.471, -0.000) 14.453 
J_iso: -0.0013 
[Testing!] DMI: (-0.0000  0.0000 -0.0000)
[Testing!]J_ani:
[[-0.001  0.     0.001]
 [ 0.    -0.001 -0.   ]
 [ 0.001 -0.    -0.009]]
----------------------------------------------------------------------------------------
   Cr2   Cr1   ( -1,  -1,   0) -0.0061   (16.034,  0.000, -0.000) 16.034 
J_iso: -0.0061 
[Testing!] DMI: ( 0.0000  0.0000  0.0000)
[Testing!]J_ani:
[[-0.001  0.    -0.   ]
 [ 0.    -0.002  0.   ]
 [-0.     0.    -0.018]]
----------------------------------------------------------------------------------------
   Cr1   Cr2   (  1,   1,   0) -0.0061   (-16.034,  0.000,  0.000) 16.034 
J_iso: -0.0061 
[Testing!] DMI: (-0.0000 -0.0000 -0.0000)
[Testing!]J_ani:
[[-0.001  0.    -0.   ]
 [ 0.    -0.002  0.   ]
 [-0.     0.    -0.018]]
----------------------------------------------------------------------------------------
   Cr2   Cr1   ( -2,   0,   0) -0.0041   (16.034, -6.943, -0.000) 17.473 
J_iso: -0.0041 
[Testing!] DMI: (-0.0000 -0.0000 -0.0000)
[Testing!]J_ani:
[[-0.001  0.     0.   ]
 [ 0.    -0.    -0.   ]
 [ 0.    -0.    -0.004]]
----------------------------------------------------------------------------------------
   Cr2   Cr1   (  0,  -2,   0) -0.0041   (16.034,  6.943, -0.000) 17.473 
J_iso: -0.0041 
[Testing!] DMI: (-0.0000  0.0000  0.0000)
[Testing!]J_ani:
[[-0.001 -0.    -0.   ]
 [-0.    -0.    -0.   ]
 [-0.    -0.    -0.004]]
----------------------------------------------------------------------------------------
   Cr1   Cr2   (  0,   2,   0) -0.0041   (-16.034, -6.943,  0.000) 17.473 
J_iso: -0.0041 
[Testing!] DMI: ( 0.0000 -0.0000 -0.0000)
[Testing!]J_ani:
[[-0.001 -0.    -0.   ]
 [-0.    -0.    -0.   ]
 [-0.    -0.    -0.004]]
----------------------------------------------------------------------------------------
   Cr1   Cr2   (  2,   0,   0) -0.0041   (-16.034,  6.943,  0.000) 17.473 
J_iso: -0.0041 
[Testing!] DMI: ( 0.0000  0.0000  0.0000)
[Testing!]J_ani:
[[-0.001  0.     0.   ]
 [ 0.    -0.    -0.   ]
 [ 0.    -0.    -0.004]]
----------------------------------------------------------------------------------------
   Cr1   Cr1   ( -2,  -1,   0) -0.0009   (18.038, -3.471,  0.000) 18.369 
J_iso: -0.0009 
[Testing!] DMI: (-0.0002 -0.0003  0.0000)
[Testing!]J_ani:
[[-0.     0.    -0.   ]
 [ 0.    -0.     0.   ]
 [-0.     0.    -0.001]]
----------------------------------------------------------------------------------------
   Cr2   Cr2   ( -2,  -1,   0) -0.0009   (18.038, -3.471,  0.000) 18.369 
J_iso: -0.0009 
[Testing!] DMI: ( 0.0002  0.0003 -0.0000)
[Testing!]J_ani:
[[-0.     0.    -0.   ]
 [ 0.    -0.     0.   ]
 [-0.     0.    -0.001]]
----------------------------------------------------------------------------------------
   Cr1   Cr1   ( -1,  -2,   0) -0.0009   (18.038,  3.471,  0.000) 18.369 
J_iso: -0.0009 
[Testing!] DMI: (-0.0002  0.0003 -0.0000)
[Testing!]J_ani:
[[-0.    -0.     0.   ]
 [-0.    -0.     0.   ]
 [ 0.     0.    -0.001]]
----------------------------------------------------------------------------------------
   Cr2   Cr2   ( -1,  -2,   0) -0.0009   (18.038,  3.471,  0.000) 18.369 
J_iso: -0.0009 
[Testing!] DMI: ( 0.0002 -0.0003  0.0000)
[Testing!]J_ani:
[[-0.    -0.     0.   ]
 [-0.    -0.     0.   ]
 [ 0.     0.    -0.001]]
----------------------------------------------------------------------------------------
   Cr1   Cr1   (  1,   2,   0) -0.0009   (-18.038, -3.471,  0.000) 18.369 
J_iso: -0.0009 
[Testing!] DMI: ( 0.0002 -0.0003  0.0000)
[Testing!]J_ani:
[[-0.    -0.     0.   ]
 [-0.    -0.     0.   ]
 [ 0.     0.    -0.001]]
----------------------------------------------------------------------------------------
   Cr2   Cr2   (  1,   2,   0) -0.0009   (-18.038, -3.471,  0.000) 18.369 
J_iso: -0.0009 
[Testing!] DMI: (-0.0002  0.0003 -0.0000)
[Testing!]J_ani:
[[-0.    -0.     0.   ]
 [-0.    -0.     0.   ]
 [ 0.     0.    -0.001]]
----------------------------------------------------------------------------------------
   Cr1   Cr1   (  2,   1,   0) -0.0009   (-18.038,  3.471,  0.000) 18.369 
J_iso: -0.0009 
[Testing!] DMI: ( 0.0002  0.0003 -0.0000)
[Testing!]J_ani:
[[-0.     0.    -0.   ]
 [ 0.    -0.     0.   ]
 [-0.     0.    -0.001]]
----------------------------------------------------------------------------------------
   Cr2   Cr2   (  2,   1,   0) -0.0009   (-18.038,  3.471,  0.000) 18.369 
J_iso: -0.0009 
[Testing!] DMI: (-0.0002 -0.0003  0.0000)
[Testing!]J_ani:
[[-0.     0.    -0.   ]
 [ 0.    -0.     0.   ]
 [-0.     0.    -0.001]]
----------------------------------------------------------------------------------------
   Cr1   Cr2   ( -2,  -2,   0)  0.0018   (20.043,  0.000,  0.000) 20.043 
J_iso:  0.0018 
[Testing!] DMI: (-0.0000  0.0000  0.0000)
[Testing!]J_ani:
[[-0.    -0.     0.   ]
 [-0.    -0.     0.   ]
 [ 0.     0.    -0.006]]
----------------------------------------------------------------------------------------
   Cr2   Cr1   (  2,   2,   0)  0.0018   (-20.043,  0.000, -0.000) 20.043 
J_iso:  0.0018 
[Testing!] DMI: ( 0.0000 -0.0000 -0.0000)
[Testing!]J_ani:
[[-0.    -0.     0.   ]
 [-0.    -0.     0.   ]
 [ 0.     0.    -0.006]]
----------------------------------------------------------------------------------------
   Cr2   Cr1   ( -2,  -1,   0) -0.0061   (22.047, -3.471, -0.000) 22.319 
J_iso: -0.0061 
[Testing!] DMI: (-0.0000  0.0000  0.0000)
[Testing!]J_ani:
[[-0.001 -0.    -0.   ]
 [-0.    -0.001 -0.   ]
 [-0.    -0.    -0.018]]
----------------------------------------------------------------------------------------
   Cr2   Cr1   ( -1,  -2,   0) -0.0061   (22.047,  3.471, -0.000) 22.319 
J_iso: -0.0061 
[Testing!] DMI: (-0.0000 -0.0000  0.0000)
[Testing!]J_ani:
[[-0.001  0.     0.   ]
 [ 0.    -0.001 -0.   ]
 [ 0.    -0.    -0.018]]
----------------------------------------------------------------------------------------
   Cr1   Cr2   (  1,   2,   0) -0.0061   (-22.047, -3.471,  0.000) 22.319 
J_iso: -0.0061 
[Testing!] DMI: ( 0.0000  0.0000 -0.0000)
[Testing!]J_ani:
[[-0.001  0.     0.   ]
 [ 0.    -0.001 -0.   ]
 [ 0.    -0.    -0.018]]
----------------------------------------------------------------------------------------
   Cr1   Cr2   (  2,   1,   0) -0.0061   (-22.047,  3.471,  0.000) 22.319 
J_iso: -0.0061 
[Testing!] DMI: ( 0.0000 -0.0000 -0.0000)
[Testing!]J_ani:
[[-0.001 -0.    -0.   ]
 [-0.    -0.001 -0.   ]
 [-0.    -0.    -0.018]]
----------------------------------------------------------------------------------------
   Cr1   Cr1   ( -2,  -2,   0) -0.0009   (24.051,  0.000,  0.000) 24.051 
J_iso: -0.0009 
[Testing!] DMI: ( 0.0003 -0.0000 -0.0000)
[Testing!]J_ani:
[[-0.    -0.     0.   ]
 [-0.    -0.    -0.   ]
 [ 0.    -0.    -0.001]]
----------------------------------------------------------------------------------------
   Cr2   Cr2   ( -2,  -2,   0) -0.0009   (24.051,  0.000,  0.000) 24.051 
J_iso: -0.0009 
[Testing!] DMI: (-0.0003  0.0000 -0.0000)
[Testing!]J_ani:
[[-0.    -0.     0.   ]
 [-0.    -0.    -0.   ]
 [ 0.    -0.    -0.001]]
----------------------------------------------------------------------------------------
   Cr1   Cr1   (  2,   2,   0) -0.0009   (-24.051,  0.000,  0.000) 24.051 
J_iso: -0.0009 
[Testing!] DMI: (-0.0003  0.0000  0.0000)
[Testing!]J_ani:
[[-0.    -0.     0.   ]
 [-0.    -0.    -0.   ]
 [ 0.    -0.    -0.001]]
----------------------------------------------------------------------------------------
   Cr2   Cr2   (  2,   2,   0) -0.0009   (-24.051,  0.000,  0.000) 24.051 
J_iso: -0.0009 
[Testing!] DMI: ( 0.0003 -0.0000  0.0000)
[Testing!]J_ani:
[[-0.    -0.     0.   ]
 [-0.    -0.    -0.   ]
 [ 0.    -0.    -0.001]]
----------------------------------------------------------------------------------------
   Cr2   Cr1   ( -2,  -2,   0) -0.0041   (28.060,  0.000, -0.000) 28.060 
J_iso: -0.0041 
[Testing!] DMI: ( 0.0000 -0.0000  0.0000)
[Testing!]J_ani:
[[-0.    -0.    -0.   ]
 [-0.    -0.001  0.   ]
 [-0.     0.    -0.004]]
----------------------------------------------------------------------------------------
   Cr1   Cr2   (  2,   2,   0) -0.0041   (-28.060,  0.000,  0.000) 28.060 
J_iso: -0.0041 
[Testing!] DMI: (-0.0000  0.0000 -0.0000)
[Testing!]J_ani:
[[-0.    -0.    -0.   ]
 [-0.    -0.001  0.   ]
 [-0.     0.    -0.004]]
